        Memory Map for Chip (0, 0)
        ==========================

Generated: Sat Nov  8 17:55:18 2014 for target machine 'spinn-3'

Processor 1:     (Start address 0x70000000)
 Region    Rel.Addr  (Abs.Addr)          Size(bytes)
==========================================================
   0       0x     0 (0x70000000)         80 (0x    50)
   1       0x    50 (0x70000050)         16 (0x    10)

Processor 2:     (Start address 0x70000060)
 Region    Rel.Addr  (Abs.Addr)          Size(bytes)
==========================================================
   0       0x     0 (0x70000060)         80 (0x    50)
   1       0x    50 (0x700000B0)         16 (0x    10)
   2       0x    60 (0x700000C0)      10252 (0x  280C)
   3       0x  286C (0x700028CC)       4080 (0x   FF0)
   4       0x  385C (0x700038BC)         32 (0x    20)
   5       0x  387C (0x700038DC)       2304 (0x   900)
   6       0x  417C (0x700041DC)     212992 (0x 34000)
   8       0x 3817C (0x700381DC)     320004 (0x 4E204)

Processor 3:     (Start address 0x700863E0)
 Region    Rel.Addr  (Abs.Addr)          Size(bytes)
==========================================================
   0       0x     0 (0x700863E0)         80 (0x    50)
   1       0x    50 (0x70086430)         16 (0x    10)
   2       0x    60 (0x70086440)      10252 (0x  280C)
   3       0x  286C (0x70088C4C)       4080 (0x   FF0)
   4       0x  385C (0x70089C3C)         32 (0x    20)
   5       0x  387C (0x70089C5C)       2304 (0x   900)
   6       0x  417C (0x7008A55C)     215040 (0x 34800)
   8       0x 3897C (0x700BED5C)     320004 (0x 4E204)

Processor 4:     (Start address 0x7010CF60)
 Region    Rel.Addr  (Abs.Addr)          Size(bytes)
==========================================================
   0       0x     0 (0x7010CF60)         80 (0x    50)
   1       0x    50 (0x7010CFB0)         16 (0x    10)
   2       0x    60 (0x7010CFC0)      10252 (0x  280C)
   3       0x  286C (0x7010F7CC)       4080 (0x   FF0)
   4       0x  385C (0x701107BC)         32 (0x    20)
   5       0x  387C (0x701107DC)       2304 (0x   900)
   6       0x  417C (0x701110DC)     215040 (0x 34800)
   8       0x 3897C (0x701458DC)     320004 (0x 4E204)

Processor 5:     (Start address 0x70193AE0)
 Region    Rel.Addr  (Abs.Addr)          Size(bytes)
==========================================================
   0       0x     0 (0x70193AE0)         80 (0x    50)
   1       0x    50 (0x70193B30)         16 (0x    10)
   2       0x    60 (0x70193B40)      10252 (0x  280C)
   3       0x  286C (0x7019634C)       4080 (0x   FF0)
   4       0x  385C (0x7019733C)         32 (0x    20)
   5       0x  387C (0x7019735C)       2304 (0x   900)
   6       0x  417C (0x70197C5C)     215040 (0x 34800)
   8       0x 3897C (0x701CC45C)     320004 (0x 4E204)

Processor 6:     (Start address 0x7021A660)
 Region    Rel.Addr  (Abs.Addr)          Size(bytes)
==========================================================
   0       0x     0 (0x7021A660)         80 (0x    50)
   1       0x    50 (0x7021A6B0)         16 (0x    10)
   2       0x    60 (0x7021A6C0)        212 (0x    D4)
   3       0x   134 (0x7021A794)         64 (0x    40)
   4       0x   174 (0x7021A7D4)         32 (0x    20)
   5       0x   194 (0x7021A7F4)       2304 (0x   900)
   6       0x   A94 (0x7021B0F4)     198656 (0x 30800)
   8       0x 31294 (0x7024B8F4)     320004 (0x 4E204)

Processor 7:     (Start address 0x70299AF8)
 Region    Rel.Addr  (Abs.Addr)          Size(bytes)
==========================================================
   0       0x     0 (0x70299AF8)         80 (0x    50)
   1       0x    50 (0x70299B48)         16 (0x    10)
   2       0x    60 (0x70299B58)      10252 (0x  280C)
   3       0x  286C (0x7029C364)       4080 (0x   FF0)
   4       0x  385C (0x7029D354)         32 (0x    20)
   5       0x  387C (0x7029D374)       2304 (0x   900)
   6       0x  417C (0x7029DC74)      77872 (0x 13030)

Processor 8:     (Start address 0x702B0CA4)
 Region    Rel.Addr  (Abs.Addr)          Size(bytes)
==========================================================
   0       0x     0 (0x702B0CA4)         80 (0x    50)
   1       0x    50 (0x702B0CF4)         16 (0x    10)
   2       0x    60 (0x702B0D04)      10252 (0x  280C)
   3       0x  286C (0x702B3510)       4080 (0x   FF0)
   4       0x  385C (0x702B4500)         32 (0x    20)
   5       0x  387C (0x702B4520)       2304 (0x   900)
   6       0x  417C (0x702B4E20)      77872 (0x 13030)

Processor 9:     (Start address 0x702C7E50)
 Region    Rel.Addr  (Abs.Addr)          Size(bytes)
==========================================================
   0       0x     0 (0x702C7E50)         80 (0x    50)
   1       0x    50 (0x702C7EA0)         16 (0x    10)
   2       0x    60 (0x702C7EB0)      10252 (0x  280C)
   3       0x  286C (0x702CA6BC)       4080 (0x   FF0)
   4       0x  385C (0x702CB6AC)         32 (0x    20)
   5       0x  387C (0x702CB6CC)       2304 (0x   900)
   6       0x  417C (0x702CBFCC)      77872 (0x 13030)

Processor 10:     (Start address 0x702DEFFC)
 Region    Rel.Addr  (Abs.Addr)          Size(bytes)
==========================================================
   0       0x     0 (0x702DEFFC)         80 (0x    50)
   1       0x    50 (0x702DF04C)         16 (0x    10)
   2       0x    60 (0x702DF05C)        812 (0x   32C)
   3       0x   38C (0x702DF388)        304 (0x   130)
   4       0x   4BC (0x702DF4B8)         32 (0x    20)
   5       0x   4DC (0x702DF4D8)       2304 (0x   900)
   6       0x   DDC (0x702DFDD8)      20656 (0x  50B0)

Processor 11:     (Start address 0x702E4E88)
 Region    Rel.Addr  (Abs.Addr)          Size(bytes)
==========================================================
   0       0x     0 (0x702E4E88)         80 (0x    50)
   1       0x    50 (0x702E4ED8)         16 (0x    10)
   2       0x    60 (0x702E4EE8)      10252 (0x  280C)
   3       0x  286C (0x702E76F4)       4080 (0x   FF0)
   4       0x  385C (0x702E86E4)         32 (0x    20)
   5       0x  387C (0x702E8704)       2304 (0x   900)
   6       0x  417C (0x702E9004)      77872 (0x 13030)

Processor 12:     (Start address 0x702FC034)
 Region    Rel.Addr  (Abs.Addr)          Size(bytes)
==========================================================
   0       0x     0 (0x702FC034)         80 (0x    50)
   1       0x    50 (0x702FC084)         16 (0x    10)
   2       0x    60 (0x702FC094)      10252 (0x  280C)
   3       0x  286C (0x702FE8A0)       4080 (0x   FF0)
   4       0x  385C (0x702FF890)         32 (0x    20)
   5       0x  387C (0x702FF8B0)       2304 (0x   900)
   6       0x  417C (0x703001B0)      77872 (0x 13030)

Processor 13:     (Start address 0x703131E0)
 Region    Rel.Addr  (Abs.Addr)          Size(bytes)
==========================================================
   0       0x     0 (0x703131E0)         80 (0x    50)
   1       0x    50 (0x70313230)         16 (0x    10)
   2       0x    60 (0x70313240)      10252 (0x  280C)
   3       0x  286C (0x70315A4C)       4080 (0x   FF0)
   4       0x  385C (0x70316A3C)         32 (0x    20)
   5       0x  387C (0x70316A5C)       2304 (0x   900)
   6       0x  417C (0x7031735C)      77872 (0x 13030)

Processor 14:     (Start address 0x7032A38C)
 Region    Rel.Addr  (Abs.Addr)          Size(bytes)
==========================================================
   0       0x     0 (0x7032A38C)         80 (0x    50)
   1       0x    50 (0x7032A3DC)         16 (0x    10)
   2       0x    60 (0x7032A3EC)        812 (0x   32C)
   3       0x   38C (0x7032A718)        304 (0x   130)
   4       0x   4BC (0x7032A848)         32 (0x    20)
   5       0x   4DC (0x7032A868)       2304 (0x   900)
   6       0x   DDC (0x7032B168)      20656 (0x  50B0)

Processor 15:     (Start address 0x70330218)
 Region    Rel.Addr  (Abs.Addr)          Size(bytes)
==========================================================
   0       0x     0 (0x70330218)         80 (0x    50)
   1       0x    50 (0x70330268)         16 (0x    10)
   2       0x    60 (0x70330278)      10252 (0x  280C)
   3       0x  286C (0x70332A84)       4080 (0x   FF0)
   4       0x  385C (0x70333A74)         32 (0x    20)
   5       0x  387C (0x70333A94)       2304 (0x   900)
   6       0x  417C (0x70334394)      77872 (0x 13030)

Processor 16:     (Start address 0x703473C4)
 Region    Rel.Addr  (Abs.Addr)          Size(bytes)
==========================================================
   0       0x     0 (0x703473C4)         80 (0x    50)
   1       0x    50 (0x70347414)         16 (0x    10)
   2       0x    60 (0x70347424)      10252 (0x  280C)
   3       0x  286C (0x70349C30)       4080 (0x   FF0)
   4       0x  385C (0x7034AC20)         32 (0x    20)
   5       0x  387C (0x7034AC40)       2304 (0x   900)
   6       0x  417C (0x7034B540)      77872 (0x 13030)

