        Memory Map for Chip (2, 0)
        ==========================

Generated: Sat Nov  8 17:55:18 2014 for target machine 'spinn-3'

Processor 1:     (Start address 0x70000000)
 Region    Rel.Addr  (Abs.Addr)          Size(bytes)
==========================================================
   0       0x     0 (0x70000000)         80 (0x    50)
   1       0x    50 (0x70000050)         16 (0x    10)
   2       0x    60 (0x70000060)      23876 (0x  5D44)
   3       0x  5DA4 (0x70005DA4)      95456 (0x 174E0)

Processor 2:     (Start address 0x7001D284)
 Region    Rel.Addr  (Abs.Addr)          Size(bytes)
==========================================================
   0       0x     0 (0x7001D284)         80 (0x    50)
   1       0x    50 (0x7001D2D4)         16 (0x    10)
   2       0x    60 (0x7001D2E4)      23868 (0x  5D3C)
   3       0x  5D9C (0x70023020)      95424 (0x 174C0)

Processor 3:     (Start address 0x7003A4E0)
 Region    Rel.Addr  (Abs.Addr)          Size(bytes)
==========================================================
   0       0x     0 (0x7003A4E0)         80 (0x    50)
   1       0x    50 (0x7003A530)         16 (0x    10)
   2       0x    60 (0x7003A540)      23772 (0x  5CDC)
   3       0x  5D3C (0x7004021C)      95040 (0x 17340)

Processor 4:     (Start address 0x7005755C)
 Region    Rel.Addr  (Abs.Addr)          Size(bytes)
==========================================================
   0       0x     0 (0x7005755C)         80 (0x    50)
   1       0x    50 (0x700575AC)         16 (0x    10)
   2       0x    60 (0x700575BC)      23572 (0x  5C14)
   3       0x  5C74 (0x7005D1D0)      94240 (0x 17020)

Processor 5:     (Start address 0x700741F0)
 Region    Rel.Addr  (Abs.Addr)          Size(bytes)
==========================================================
   0       0x     0 (0x700741F0)         80 (0x    50)
   1       0x    50 (0x70074240)         16 (0x    10)
   2       0x    60 (0x70074250)      23804 (0x  5CFC)
   3       0x  5D5C (0x70079F4C)      95168 (0x 173C0)

Processor 6:     (Start address 0x7009130C)
 Region    Rel.Addr  (Abs.Addr)          Size(bytes)
==========================================================
   0       0x     0 (0x7009130C)         80 (0x    50)
   1       0x    50 (0x7009135C)         16 (0x    10)
   2       0x    60 (0x7009136C)      23940 (0x  5D84)
   3       0x  5DE4 (0x700970F0)      95712 (0x 175E0)

Processor 7:     (Start address 0x700AE6D0)
 Region    Rel.Addr  (Abs.Addr)          Size(bytes)
==========================================================
   0       0x     0 (0x700AE6D0)         80 (0x    50)
   1       0x    50 (0x700AE720)         16 (0x    10)
   2       0x    60 (0x700AE730)      22124 (0x  566C)
   3       0x  56CC (0x700B3D9C)      88448 (0x 15980)

Processor 8:     (Start address 0x700C971C)
 Region    Rel.Addr  (Abs.Addr)          Size(bytes)
==========================================================
   0       0x     0 (0x700C971C)         80 (0x    50)
   1       0x    50 (0x700C976C)         16 (0x    10)
   2       0x    60 (0x700C977C)      22348 (0x  574C)
   3       0x  57AC (0x700CEEC8)      89344 (0x 15D00)

Processor 9:     (Start address 0x700E4BC8)
 Region    Rel.Addr  (Abs.Addr)          Size(bytes)
==========================================================
   0       0x     0 (0x700E4BC8)         80 (0x    50)
   1       0x    50 (0x700E4C18)         16 (0x    10)
   2       0x    60 (0x700E4C28)      23628 (0x  5C4C)
   3       0x  5CAC (0x700EA874)      94464 (0x 17100)

Processor 10:     (Start address 0x70101974)
 Region    Rel.Addr  (Abs.Addr)          Size(bytes)
==========================================================
   0       0x     0 (0x70101974)         80 (0x    50)
   1       0x    50 (0x701019C4)         16 (0x    10)
   2       0x    60 (0x701019D4)      23284 (0x  5AF4)
   3       0x  5B54 (0x701074C8)      93088 (0x 16BA0)

Processor 11:     (Start address 0x7011E068)
 Region    Rel.Addr  (Abs.Addr)          Size(bytes)
==========================================================
   0       0x     0 (0x7011E068)         80 (0x    50)
   1       0x    50 (0x7011E0B8)         16 (0x    10)
   2       0x    60 (0x7011E0C8)      22164 (0x  5694)
   3       0x  56F4 (0x7012375C)      88608 (0x 15A20)

Processor 12:     (Start address 0x7013917C)
 Region    Rel.Addr  (Abs.Addr)          Size(bytes)
==========================================================
   0       0x     0 (0x7013917C)         80 (0x    50)
   1       0x    50 (0x701391CC)         16 (0x    10)
   2       0x    60 (0x701391DC)      20916 (0x  51B4)
   3       0x  5214 (0x7013E390)      83616 (0x 146A0)

Processor 13:     (Start address 0x70152A30)
 Region    Rel.Addr  (Abs.Addr)          Size(bytes)
==========================================================
   0       0x     0 (0x70152A30)         80 (0x    50)
   1       0x    50 (0x70152A80)         16 (0x    10)
   2       0x    60 (0x70152A90)      21748 (0x  54F4)
   3       0x  5554 (0x70157F84)      86944 (0x 153A0)

Processor 14:     (Start address 0x7016D324)
 Region    Rel.Addr  (Abs.Addr)          Size(bytes)
==========================================================
   0       0x     0 (0x7016D324)         80 (0x    50)
   1       0x    50 (0x7016D374)         16 (0x    10)
   2       0x    60 (0x7016D384)      18660 (0x  48E4)
   3       0x  4944 (0x70171C68)      74592 (0x 12360)

Processor 15:     (Start address 0x70183FC8)
 Region    Rel.Addr  (Abs.Addr)          Size(bytes)
==========================================================
   0       0x     0 (0x70183FC8)         80 (0x    50)
   1       0x    50 (0x70184018)         16 (0x    10)
   2       0x    60 (0x70184028)      14972 (0x  3A7C)
   3       0x  3ADC (0x70187AA4)      59840 (0x  E9C0)

Processor 16:     (Start address 0x70196464)
 Region    Rel.Addr  (Abs.Addr)          Size(bytes)
==========================================================
   0       0x     0 (0x70196464)         80 (0x    50)
   1       0x    50 (0x701964B4)         16 (0x    10)
   2       0x    60 (0x701964C4)      13788 (0x  35DC)
   3       0x  363C (0x70199AA0)      55104 (0x  D740)

