        Memory Map for Chip (1, 1)
        ==========================

Generated: Sat Nov  8 17:55:18 2014 for target machine 'spinn-3'

Processor 1:     (Start address 0x70000000)
 Region    Rel.Addr  (Abs.Addr)          Size(bytes)
==========================================================
   0       0x     0 (0x70000000)         80 (0x    50)
   1       0x    50 (0x70000050)         16 (0x    10)
   2       0x    60 (0x70000060)        244 (0x    F4)
   3       0x   154 (0x70000154)        928 (0x   3A0)

Processor 2:     (Start address 0x700004F4)
 Region    Rel.Addr  (Abs.Addr)          Size(bytes)
==========================================================
   0       0x     0 (0x700004F4)         80 (0x    50)
   1       0x    50 (0x70000544)         16 (0x    10)
   2       0x    60 (0x70000554)        316 (0x   13C)
   3       0x   19C (0x70000690)       1216 (0x   4C0)

Processor 3:     (Start address 0x70000B50)
 Region    Rel.Addr  (Abs.Addr)          Size(bytes)
==========================================================
   0       0x     0 (0x70000B50)         80 (0x    50)
   1       0x    50 (0x70000BA0)         16 (0x    10)
   2       0x    60 (0x70000BB0)        308 (0x   134)
   3       0x   194 (0x70000CE4)       1184 (0x   4A0)

Processor 4:     (Start address 0x70001184)
 Region    Rel.Addr  (Abs.Addr)          Size(bytes)
==========================================================
   0       0x     0 (0x70001184)         80 (0x    50)
   1       0x    50 (0x700011D4)         16 (0x    10)
   2       0x    60 (0x700011E4)        484 (0x   1E4)
   3       0x   244 (0x700013C8)       1888 (0x   760)

Processor 5:     (Start address 0x70001B28)
 Region    Rel.Addr  (Abs.Addr)          Size(bytes)
==========================================================
   0       0x     0 (0x70001B28)         80 (0x    50)
   1       0x    50 (0x70001B78)         16 (0x    10)
   2       0x    60 (0x70001B88)       1108 (0x   454)
   3       0x   4B4 (0x70001FDC)       4384 (0x  1120)

Processor 6:     (Start address 0x700030FC)
 Region    Rel.Addr  (Abs.Addr)          Size(bytes)
==========================================================
   0       0x     0 (0x700030FC)         80 (0x    50)
   1       0x    50 (0x7000314C)         16 (0x    10)
   2       0x    60 (0x7000315C)        308 (0x   134)
   3       0x   194 (0x70003290)       1184 (0x   4A0)

Processor 7:     (Start address 0x70003730)
 Region    Rel.Addr  (Abs.Addr)          Size(bytes)
==========================================================
   0       0x     0 (0x70003730)         80 (0x    50)
   1       0x    50 (0x70003780)         16 (0x    10)
   2       0x    60 (0x70003790)        204 (0x    CC)
   3       0x   12C (0x7000385C)        768 (0x   300)

Processor 8:     (Start address 0x70003B5C)
 Region    Rel.Addr  (Abs.Addr)          Size(bytes)
==========================================================
   0       0x     0 (0x70003B5C)         80 (0x    50)
   1       0x    50 (0x70003BAC)         16 (0x    10)
   2       0x    60 (0x70003BBC)        452 (0x   1C4)
   3       0x   224 (0x70003D80)       1760 (0x   6E0)

Processor 9:     (Start address 0x70004460)
 Region    Rel.Addr  (Abs.Addr)          Size(bytes)
==========================================================
   0       0x     0 (0x70004460)         80 (0x    50)
   1       0x    50 (0x700044B0)         16 (0x    10)
   2       0x    60 (0x700044C0)       1292 (0x   50C)
   3       0x   56C (0x700049CC)       5120 (0x  1400)

Processor 10:     (Start address 0x70005DCC)
 Region    Rel.Addr  (Abs.Addr)          Size(bytes)
==========================================================
   0       0x     0 (0x70005DCC)         80 (0x    50)
   1       0x    50 (0x70005E1C)         16 (0x    10)
   2       0x    60 (0x70005E2C)       2644 (0x   A54)
   3       0x   AB4 (0x70006880)      10528 (0x  2920)

Processor 11:     (Start address 0x700091A0)
 Region    Rel.Addr  (Abs.Addr)          Size(bytes)
==========================================================
   0       0x     0 (0x700091A0)         80 (0x    50)
   1       0x    50 (0x700091F0)         16 (0x    10)
   2       0x    60 (0x70009200)       4108 (0x  100C)
   3       0x  106C (0x7000A20C)      16384 (0x  4000)

Processor 12:     (Start address 0x7000E20C)
 Region    Rel.Addr  (Abs.Addr)          Size(bytes)
==========================================================
   0       0x     0 (0x7000E20C)         80 (0x    50)
   1       0x    50 (0x7000E25C)         16 (0x    10)
   2       0x    60 (0x7000E26C)       6956 (0x  1B2C)
   3       0x  1B8C (0x7000FD98)      27776 (0x  6C80)

Processor 13:     (Start address 0x70016A18)
 Region    Rel.Addr  (Abs.Addr)          Size(bytes)
==========================================================
   0       0x     0 (0x70016A18)         80 (0x    50)
   1       0x    50 (0x70016A68)         16 (0x    10)
   2       0x    60 (0x70016A78)      10868 (0x  2A74)
   3       0x  2AD4 (0x700194EC)      43424 (0x  A9A0)

Processor 14:     (Start address 0x70023E8C)
 Region    Rel.Addr  (Abs.Addr)          Size(bytes)
==========================================================
   0       0x     0 (0x70023E8C)         80 (0x    50)
   1       0x    50 (0x70023EDC)         16 (0x    10)
   2       0x    60 (0x70023EEC)       9916 (0x  26BC)
   3       0x  271C (0x700265A8)      39616 (0x  9AC0)

Processor 15:     (Start address 0x70030068)
 Region    Rel.Addr  (Abs.Addr)          Size(bytes)
==========================================================
   0       0x     0 (0x70030068)         80 (0x    50)
   1       0x    50 (0x700300B8)         16 (0x    10)
   2       0x    60 (0x700300C8)      12300 (0x  300C)
   3       0x  306C (0x700330D4)      49152 (0x  C000)

Processor 16:     (Start address 0x7003F0D4)
 Region    Rel.Addr  (Abs.Addr)          Size(bytes)
==========================================================
   0       0x     0 (0x7003F0D4)         80 (0x    50)
   1       0x    50 (0x7003F124)         16 (0x    10)
   2       0x    60 (0x7003F134)      12188 (0x  2F9C)
   3       0x  2FFC (0x700420D0)      48704 (0x  BE40)

