        Memory Map for Chip (1, 0)
        ==========================

Generated: Sat Nov  8 17:55:18 2014 for target machine 'spinn-3'

Processor 1:     (Start address 0x70000000)
 Region    Rel.Addr  (Abs.Addr)          Size(bytes)
==========================================================
   0       0x     0 (0x70000000)         80 (0x    50)
   1       0x    50 (0x70000050)         16 (0x    10)
   2       0x    60 (0x70000060)      10252 (0x  280C)
   3       0x  286C (0x7000286C)       4080 (0x   FF0)
   4       0x  385C (0x7000385C)         32 (0x    20)
   5       0x  387C (0x7000387C)       2304 (0x   900)
   6       0x  417C (0x7000417C)      77872 (0x 13030)

Processor 2:     (Start address 0x700171AC)
 Region    Rel.Addr  (Abs.Addr)          Size(bytes)
==========================================================
   0       0x     0 (0x700171AC)         80 (0x    50)
   1       0x    50 (0x700171FC)         16 (0x    10)
   2       0x    60 (0x7001720C)        812 (0x   32C)
   3       0x   38C (0x70017538)        304 (0x   130)
   4       0x   4BC (0x70017668)         32 (0x    20)
   5       0x   4DC (0x70017688)       2304 (0x   900)
   6       0x   DDC (0x70017F88)      20656 (0x  50B0)

Processor 3:     (Start address 0x7001D038)
 Region    Rel.Addr  (Abs.Addr)          Size(bytes)
==========================================================
   0       0x     0 (0x7001D038)         80 (0x    50)
   1       0x    50 (0x7001D088)         16 (0x    10)
   2       0x    60 (0x7001D098)      10252 (0x  280C)
   3       0x  286C (0x7001F8A4)       4080 (0x   FF0)
   4       0x  385C (0x70020894)         32 (0x    20)
   5       0x  387C (0x700208B4)       2304 (0x   900)
   6       0x  417C (0x700211B4)      77872 (0x 13030)

Processor 4:     (Start address 0x700341E4)
 Region    Rel.Addr  (Abs.Addr)          Size(bytes)
==========================================================
   0       0x     0 (0x700341E4)         80 (0x    50)
   1       0x    50 (0x70034234)         16 (0x    10)
   2       0x    60 (0x70034244)      10252 (0x  280C)
   3       0x  286C (0x70036A50)       4080 (0x   FF0)
   4       0x  385C (0x70037A40)         32 (0x    20)
   5       0x  387C (0x70037A60)       2304 (0x   900)
   6       0x  417C (0x70038360)      77872 (0x 13030)

Processor 5:     (Start address 0x7004B390)
 Region    Rel.Addr  (Abs.Addr)          Size(bytes)
==========================================================
   0       0x     0 (0x7004B390)         80 (0x    50)
   1       0x    50 (0x7004B3E0)         16 (0x    10)
   2       0x    60 (0x7004B3F0)      10252 (0x  280C)
   3       0x  286C (0x7004DBFC)       4080 (0x   FF0)
   4       0x  385C (0x7004EBEC)         32 (0x    20)
   5       0x  387C (0x7004EC0C)       2304 (0x   900)
   6       0x  417C (0x7004F50C)      77872 (0x 13030)

Processor 6:     (Start address 0x7006253C)
 Region    Rel.Addr  (Abs.Addr)          Size(bytes)
==========================================================
   0       0x     0 (0x7006253C)         80 (0x    50)
   1       0x    50 (0x7006258C)         16 (0x    10)
   2       0x    60 (0x7006259C)        812 (0x   32C)
   3       0x   38C (0x700628C8)        304 (0x   130)
   4       0x   4BC (0x700629F8)         32 (0x    20)
   5       0x   4DC (0x70062A18)       2304 (0x   900)
   6       0x   DDC (0x70063318)      20656 (0x  50B0)

Processor 7:     (Start address 0x700683C8)
 Region    Rel.Addr  (Abs.Addr)          Size(bytes)
==========================================================
   0       0x     0 (0x700683C8)         80 (0x    50)
   1       0x    50 (0x70068418)         16 (0x    10)
   2       0x    60 (0x70068428)      10252 (0x  280C)
   3       0x  286C (0x7006AC34)       4080 (0x   FF0)
   4       0x  385C (0x7006BC24)         32 (0x    20)
   5       0x  387C (0x7006BC44)       2304 (0x   900)
   6       0x  417C (0x7006C544)      44260 (0x  ACE4)
   8       0x  EE60 (0x70077228)     320004 (0x 4E204)

Processor 8:     (Start address 0x700C542C)
 Region    Rel.Addr  (Abs.Addr)          Size(bytes)
==========================================================
   0       0x     0 (0x700C542C)         80 (0x    50)
   1       0x    50 (0x700C547C)         16 (0x    10)
   2       0x    60 (0x700C548C)      10252 (0x  280C)
   3       0x  286C (0x700C7C98)       4080 (0x   FF0)
   4       0x  385C (0x700C8C88)         32 (0x    20)
   5       0x  387C (0x700C8CA8)       2304 (0x   900)
   6       0x  417C (0x700C95A8)      44260 (0x  ACE4)
   8       0x  EE60 (0x700D428C)     320004 (0x 4E204)

Processor 9:     (Start address 0x70122490)
 Region    Rel.Addr  (Abs.Addr)          Size(bytes)
==========================================================
   0       0x     0 (0x70122490)         80 (0x    50)
   1       0x    50 (0x701224E0)         16 (0x    10)
   2       0x    60 (0x701224F0)      10252 (0x  280C)
   3       0x  286C (0x70124CFC)       4080 (0x   FF0)
   4       0x  385C (0x70125CEC)         32 (0x    20)
   5       0x  387C (0x70125D0C)       2304 (0x   900)
   6       0x  417C (0x7012660C)      44260 (0x  ACE4)
   8       0x  EE60 (0x701312F0)     320004 (0x 4E204)

Processor 10:     (Start address 0x7017F4F4)
 Region    Rel.Addr  (Abs.Addr)          Size(bytes)
==========================================================
   0       0x     0 (0x7017F4F4)         80 (0x    50)
   1       0x    50 (0x7017F544)         16 (0x    10)
   2       0x    60 (0x7017F554)        812 (0x   32C)
   3       0x   38C (0x7017F880)        304 (0x   130)
   4       0x   4BC (0x7017F9B0)         32 (0x    20)
   5       0x   4DC (0x7017F9D0)       2304 (0x   900)
   6       0x   DDC (0x701802D0)      40240 (0x  9D30)
   8       0x  AB0C (0x7018A000)     320004 (0x 4E204)

Processor 11:     (Start address 0x701D8204)
 Region    Rel.Addr  (Abs.Addr)          Size(bytes)
==========================================================
   0       0x     0 (0x701D8204)         80 (0x    50)
   1       0x    50 (0x701D8254)         16 (0x    10)
   2       0x    60 (0x701D8264)       7892 (0x  1ED4)
   3       0x  1F34 (0x701DA138)       3136 (0x   C40)
   4       0x  2B74 (0x701DAD78)         32 (0x    20)
   5       0x  2B94 (0x701DAD98)       2304 (0x   900)
   6       0x  3494 (0x701DB698)     663972 (0x A21A4)

Processor 12:     (Start address 0x7027D83C)
 Region    Rel.Addr  (Abs.Addr)          Size(bytes)
==========================================================
   0       0x     0 (0x7027D83C)         80 (0x    50)
   1       0x    50 (0x7027D88C)         16 (0x    10)
   2       0x    60 (0x7027D89C)       7892 (0x  1ED4)
   3       0x  1F34 (0x7027F770)       3136 (0x   C40)
   4       0x  2B74 (0x702803B0)         32 (0x    20)
   5       0x  2B94 (0x702803D0)       2304 (0x   900)
   6       0x  3494 (0x70280CD0)     663972 (0x A21A4)

Processor 13:     (Start address 0x70322E74)
 Region    Rel.Addr  (Abs.Addr)          Size(bytes)
==========================================================
   0       0x     0 (0x70322E74)         80 (0x    50)
   1       0x    50 (0x70322EC4)         16 (0x    10)
   2       0x    60 (0x70322ED4)       7892 (0x  1ED4)
   3       0x  1F34 (0x70324DA8)       3136 (0x   C40)
   4       0x  2B74 (0x703259E8)         32 (0x    20)
   5       0x  2B94 (0x70325A08)       2304 (0x   900)
   6       0x  3494 (0x70326308)     663972 (0x A21A4)

Processor 14:     (Start address 0x703C84AC)
 Region    Rel.Addr  (Abs.Addr)          Size(bytes)
==========================================================
   0       0x     0 (0x703C84AC)         80 (0x    50)
   1       0x    50 (0x703C84FC)         16 (0x    10)
   2       0x    60 (0x703C850C)       7892 (0x  1ED4)
   3       0x  1F34 (0x703CA3E0)       3136 (0x   C40)
   4       0x  2B74 (0x703CB020)         32 (0x    20)
   5       0x  2B94 (0x703CB040)       2304 (0x   900)
   6       0x  3494 (0x703CB940)     663972 (0x A21A4)

Processor 15:     (Start address 0x7046DAE4)
 Region    Rel.Addr  (Abs.Addr)          Size(bytes)
==========================================================
   0       0x     0 (0x7046DAE4)         80 (0x    50)
   1       0x    50 (0x7046DB34)         16 (0x    10)
   2       0x    60 (0x7046DB44)       7892 (0x  1ED4)
   3       0x  1F34 (0x7046FA18)       3136 (0x   C40)
   4       0x  2B74 (0x70470658)         32 (0x    20)
   5       0x  2B94 (0x70470678)       2304 (0x   900)
   6       0x  3494 (0x70470F78)     663972 (0x A21A4)

Processor 16:     (Start address 0x7051311C)
 Region    Rel.Addr  (Abs.Addr)          Size(bytes)
==========================================================
   0       0x     0 (0x7051311C)         80 (0x    50)
   1       0x    50 (0x7051316C)         16 (0x    10)
   2       0x    60 (0x7051317C)        452 (0x   1C4)
   3       0x   224 (0x70513340)       1760 (0x   6E0)

