        Network Specification
        =====================

Generated: Sat Nov  8 17:54:17 2014 for target machine 'spinn-3'

*** Vertices:
Vertex 'Monitor', size: 1, flags: 0
  Model: AppMonitor
  Placement constraint: (x: 0, y: 0)

Vertex 'Input', size: 1024, flags: 0
  Model: IF_curr_exp

Vertex 'Convolutoin_0', size: 784, flags: 0
  Model: IF_curr_exp

Vertex 'Convolutoin_1', size: 784, flags: 0
  Model: IF_curr_exp

Vertex 'Convolutoin_2', size: 784, flags: 0
  Model: IF_curr_exp

Vertex 'Convolutoin_3', size: 784, flags: 0
  Model: IF_curr_exp

Vertex 'pool_integrate', size: 784, flags: 0
  Model: IF_curr_exp

Vertex 'recognition_0', size: 196, flags: 0
  Model: IF_curr_exp

Vertex 'recognition_1', size: 196, flags: 0
  Model: IF_curr_exp

Vertex 'recognition_2', size: 196, flags: 0
  Model: IF_curr_exp

Vertex 'recognition_3', size: 196, flags: 0
  Model: IF_curr_exp

Vertex 'recognition_4', size: 196, flags: 0
  Model: IF_curr_exp

Vertex 'retina_pop', size: 16384, flags: 0
  Model: SpikeSourceArray

*** Edges:
Edge (NoName) from vertex: 'Input' (1024 atoms) to vertex: 'Convolutoin_0' (784 atoms)
  Model: NoneType

Edge (NoName) from vertex: 'Input' (1024 atoms) to vertex: 'Convolutoin_1' (784 atoms)
  Model: NoneType

Edge (NoName) from vertex: 'Input' (1024 atoms) to vertex: 'Convolutoin_2' (784 atoms)
  Model: NoneType

Edge (NoName) from vertex: 'Input' (1024 atoms) to vertex: 'Convolutoin_3' (784 atoms)
  Model: NoneType

Edge (NoName) from vertex: 'Convolutoin_0' (784 atoms) to vertex: 'pool_integrate' (784 atoms)
  Model: NoneType

Edge (NoName) from vertex: 'Convolutoin_1' (784 atoms) to vertex: 'pool_integrate' (784 atoms)
  Model: NoneType

Edge (NoName) from vertex: 'Convolutoin_2' (784 atoms) to vertex: 'pool_integrate' (784 atoms)
  Model: NoneType

Edge (NoName) from vertex: 'Convolutoin_3' (784 atoms) to vertex: 'pool_integrate' (784 atoms)
  Model: NoneType

Edge (NoName) from vertex: 'pool_integrate' (784 atoms) to vertex: 'recognition_0' (196 atoms)
  Model: NoneType

Edge (NoName) from vertex: 'pool_integrate' (784 atoms) to vertex: 'recognition_1' (196 atoms)
  Model: NoneType

Edge (NoName) from vertex: 'pool_integrate' (784 atoms) to vertex: 'recognition_2' (196 atoms)
  Model: NoneType

Edge (NoName) from vertex: 'pool_integrate' (784 atoms) to vertex: 'recognition_3' (196 atoms)
  Model: NoneType

Edge (NoName) from vertex: 'pool_integrate' (784 atoms) to vertex: 'recognition_4' (196 atoms)
  Model: NoneType

Edge 'input projection' from vertex: 'retina_pop' (16384 atoms) to vertex: 'Input' (1024 atoms)
  Model: NoneType

Edge (NoName) from vertex: 'Input' (1024 atoms) to vertex: 'Monitor' (1 atoms)
  Model: No Model

Edge (NoName) from vertex: 'pool_integrate' (784 atoms) to vertex: 'Monitor' (1 atoms)
  Model: No Model

