router contains 57 entries 
 
  Index   Key(hex)    Mask(hex)    Route(hex)    Src. Core -> [Cores][Links]
------------------------------------------------------------------------------
    0        1000      FFFFF800         200       (0, 0, 2)    [3] []
    1        1800      FFFFF800         600       (0, 0, 3)    [3, 4] []
    2     1001000      FFFFF800       1           (1, 0, 2)    [10] []
    3     1002800      FFFFF800        8000       (1, 0, 5)    [9] []
    4     201 800      FFFFF800           8       (2, 1, 1)    [] [W]
    5     1005000      FFFFF800      3E   8       (1, 0, 10)    [11, 12, 13, 14, 15] [W]
    6     2006000      FFFFF800           8       (2, 0, 12)    [] [W]
    7     2004000      FFFFF800           8       (2, 0, 8)    [] [W]
    8     2016800      FFFFF800           8       (2, 1, 13)    [] [W]
    9     2005000      FFFFF800           8       (2, 0, 10)    [] [W]
    10     2003800      FFFFF800           8       (2, 0, 7)    [] [W]
    11     2001000      FFFFF800           8       (2, 0, 2)    [] [W]
    12     2011800      FFFFF800           8       (2, 1, 3)    [] [W]
    13     1002000      FFFFF800        4000       (1, 0, 4)    [8] []
    14     2007000      FFFFF800           8       (2, 0, 14)    [] [W]
    15     2012800      FFFFF800           8       (2, 1, 5)    [] [W]
    16        3000      FFFFF800        1100       (0, 0, 6)    [2, 6] []
    17     2013800      FFFFF800           8       (2, 1, 7)    [] [W]
    18        4000      FFFFF800        4000       (0, 0, 8)    [8] []
    19     2014800      FFFFF800           8       (2, 1, 9)    [] [W]
    20     2012000      FFFFF800           8       (2, 1, 4)    [] [W]
    21        5000      FFFFF800       1           (0, 0, 10)    [10] []
    22     2017800      FFFFF800           8       (2, 1, 15)    [] [W]
    23     2015800      FFFFF800           8       (2, 1, 11)    [] [W]
    24     1004800      FFFFF800      3E   8       (1, 0, 9)    [11, 12, 13, 14, 15] [W]
    25        6000      FFFFF800        4000       (0, 0, 12)    [8] []
    26     2004800      FFFFF800           8       (2, 0, 9)    [] [W]
    27        7000      FFFFF800       1           (0, 0, 14)    [10] []
    28     1008000      FFFFF800           8       (1, 0, 0)    [] [W]
    29        8000      FFFFF800        4000       (0, 0, 0)    [8] []
    30        2000      FFFFF800         C80       (0, 0, 4)    [1, 4, 5] []
    31     1003800      FFFFF800      3E   8       (1, 0, 7)    [11, 12, 13, 14, 15] [W]
    32     2005800      FFFFF800           8       (2, 0, 11)    [] [W]
    33     2002000      FFFFF800           8       (2, 0, 4)    [] [W]
    34     2008000      FFFFF800           8       (2, 0, 0)    [] [W]
    35     1003000      FFFFF800       1           (1, 0, 6)    [10] []
    36     2003000      FFFFF800           8       (2, 0, 6)    [] [W]
    37     2006800      FFFFF800           8       (2, 0, 13)    [] [W]
    38     100 800      FFFFF800        8000       (1, 0, 1)    [9] []
    39     2011000      FFFFF800           8       (2, 1, 2)    [] [W]
    40     1001800      FFFFF800        2000       (1, 0, 3)    [7] []
    41     200 800      FFFFF800           8       (2, 0, 1)    [] [W]
    42     2002800      FFFFF800           8       (2, 0, 5)    [] [W]
    43        2800      FFFFF800        1980       (0, 0, 5)    [1, 2, 5, 6] []
    44     2013000      FFFFF800           8       (2, 1, 6)    [] [W]
    45     1004000      FFFFF800      3E   8       (1, 0, 8)    [11, 12, 13, 14, 15] [W]
    46        3800      FFFFF800        2000       (0, 0, 7)    [7] []
    47     2014000      FFFFF800           8       (2, 1, 8)    [] [W]
    48        4800      FFFFF800        8000       (0, 0, 9)    [9] []
    49     2007800      FFFFF800           8       (2, 0, 15)    [] [W]
    50     2015000      FFFFF800           8       (2, 1, 10)    [] [W]
    51        5800      FFFFF800        2000       (0, 0, 11)    [7] []
    52     2016000      FFFFF800           8       (2, 1, 12)    [] [W]
    53        6800      FFFFF800        8000       (0, 0, 13)    [9] []
    54     2001800      FFFFF800           8       (2, 0, 3)    [] [W]
    55     2017000      FFFFF800           8       (2, 1, 14)    [] [W]
    56        7800      FFFFF800        2000       (0, 0, 15)    [7] []
