router contains 83 entries 
 
  Index   Key(hex)    Mask(hex)    Route(hex)    Src. Core -> [Cores][Links]
------------------------------------------------------------------------------
    0        1000      FFFFF800      222081       (0, 0, 2)    [1, 7, 11, 15] [E]
    1        1800      FFFFF800      666081       (0, 0, 3)    [1, 7, 8, 11, 12, 15] [E]
    2       17800      FFFFF800         600       (0, 1, 15)    [3, 4] []
    3     1011000      FFFFF800         100       (1, 1, 2)    [2] []
    4     2014000      FFFFF800         800       (2, 1, 8)    [5] []
    5       15800      FFFFF800         200       (0, 1, 11)    [3] []
    6     2004000      FFFFF800         400       (2, 0, 8)    [4] []
    7     2002800      FFFFF800         400       (2, 0, 5)    [4] []
    8     2007000      FFFFF800         C00       (2, 0, 14)    [4, 5] []
    9     2006000      FFFFF800         400       (2, 0, 12)    [4] []
    10     2013800      FFFFF800         800       (2, 1, 7)    [5] []
    11     2015000      FFFFF800         800       (2, 1, 10)    [5] []
    12       13000      FFFFF800         200       (0, 1, 6)    [3] []
    13       12000      FFFFF800         200       (0, 1, 4)    [3] []
    14     2004800      FFFFF800         400       (2, 0, 9)    [4] []
    15        5000      FFFFF800           1       (0, 0, 10)    [] [E]
    16       16800      FFFFF800         200       (0, 1, 13)    [3] []
    17     101 800      FFFFF800         100       (1, 1, 1)    [2] []
    18     2003800      FFFFF800         400       (2, 0, 7)    [4] []
    19     2001000      FFFFF800         400       (2, 0, 2)    [4] []
    20     1011800      FFFFF800         100       (1, 1, 3)    [2] []
    21        2000      FFFFF800      4CC081       (0, 0, 4)    [1, 8, 9, 12, 13] [E]
    22       1 800      FFFFF800         200       (0, 1, 1)    [3] []
    23     1012800      FFFFF800         100       (1, 1, 5)    [2] []
    24        3000      FFFFF800      11  81       (0, 0, 6)    [1, 10, 14] [E]
    25     1013800      FFFFF800         100       (1, 1, 7)    [2] []
    26       14000      FFFFF800         200       (0, 1, 8)    [3] []
    27     1004000      FFFFF800          80       (1, 0, 8)    [1] []
    28     1014800      FFFFF800         100       (1, 1, 9)    [2] []
    29     2012000      FFFFF800         800       (2, 1, 4)    [5] []
    30     1005000      FFFFF800          80       (1, 0, 10)    [1] []
    31     1017800      FFFFF800         300       (1, 1, 15)    [2, 3] []
    32     1015800      FFFFF800         100       (1, 1, 11)    [2] []
    33     1004800      FFFFF800          80       (1, 0, 9)    [1] []
    34        6000      FFFFF800           1       (0, 0, 12)    [] [E]
    35     1016800      FFFFF800         100       (1, 1, 13)    [2] []
    36        7000      FFFFF800           1       (0, 0, 14)    [] [E]
    37       11800      FFFFF800         200       (0, 1, 3)    [3] []
    38        8000      FFFFF800           1       (0, 0, 0)    [] [E]
    39     1008000      FFFFF800         100       (1, 0, 0)    [2] []
    40     2016800      FFFFF800         800       (2, 1, 13)    [5] []
    41       15000      FFFFF800         200       (0, 1, 10)    [3] []
    42     2002000      FFFFF800         400       (2, 0, 4)    [4] []
    43     1003800      FFFFF800          80       (1, 0, 7)    [1] []
    44     2017800      FFFFF800        1800       (2, 1, 15)    [5, 6] []
    45     2005800      FFFFF800         400       (2, 0, 11)    [4] []
    46     2017000      FFFFF800        1800       (2, 1, 14)    [5, 6] []
    47     201 800      FFFFF800         800       (2, 1, 1)    [5] []
    48     2011800      FFFFF800         800       (2, 1, 3)    [5] []
    49     2016000      FFFFF800         800       (2, 1, 12)    [5] []
    50       12800      FFFFF800         200       (0, 1, 5)    [3] []
    51     2008000      FFFFF800         800       (2, 0, 0)    [5] []
    52     2012800      FFFFF800         800       (2, 1, 5)    [5] []
    53     2005000      FFFFF800         400       (2, 0, 10)    [4] []
    54       16000      FFFFF800         200       (0, 1, 12)    [3] []
    55     2003000      FFFFF800         400       (2, 0, 6)    [4] []
    56     2011000      FFFFF800         800       (2, 1, 2)    [5] []
    57     2015800      FFFFF800         800       (2, 1, 11)    [5] []
    58     2006800      FFFFF800         400       (2, 0, 13)    [4] []
    59     2014800      FFFFF800         800       (2, 1, 9)    [5] []
    60     200 800      FFFFF800         400       (2, 0, 1)    [4] []
    61       11000      FFFFF800         200       (0, 1, 2)    [3] []
    62       13800      FFFFF800         200       (0, 1, 7)    [3] []
    63     2001800      FFFFF800         400       (2, 0, 3)    [4] []
    64     1012000      FFFFF800         100       (1, 1, 4)    [2] []
    65        2800      FFFFF800      198081       (0, 0, 5)    [1, 9, 10, 13, 14] [E]
    66       17000      FFFFF800         600       (0, 1, 14)    [3, 4] []
    67     1013000      FFFFF800         100       (1, 1, 6)    [2] []
    68        4000      FFFFF800           1       (0, 0, 8)    [] [E]
    69        3800      FFFFF800           1       (0, 0, 7)    [] [E]
    70     1014000      FFFFF800         100       (1, 1, 8)    [2] []
    71        4800      FFFFF800           1       (0, 0, 9)    [] [E]
    72     2007800      FFFFF800         C00       (2, 0, 15)    [4, 5] []
    73     1015000      FFFFF800         100       (1, 1, 10)    [2] []
    74        5800      FFFFF800           1       (0, 0, 11)    [] [E]
    75     2013000      FFFFF800         800       (2, 1, 6)    [5] []
    76     1016000      FFFFF800         100       (1, 1, 12)    [2] []
    77       14800      FFFFF800         200       (0, 1, 9)    [3] []
    78        6800      FFFFF800           1       (0, 0, 13)    [] [E]
    79     1017000      FFFFF800         300       (1, 1, 14)    [2, 3] []
    80       18000      FFFFF800         400       (0, 1, 0)    [4] []
    81        7800      FFFFF800           1       (0, 0, 15)    [] [E]
    82     1018000      FFFFF800         200       (1, 1, 0)    [3] []
