This is pdfTeX, Version 3.1415926-2.5-1.40.14 (TeX Live 2013/Debian) (format=pdflatex 2014.10.6)  10 OCT 2014 16:35
entering extended mode
 restricted \write18 enabled.
 %&-line parsing enabled.
**icann2015.tex
(./icann2015.tex
LaTeX2e <2011/06/27>
Babel <3.9h> and hyphenation patterns for 2 languages loaded.
(./journal.cls

LaTeX Warning: You have requested document class `journal',
               but the document class provides `IEEEtran'.

Document Class: IEEEtran 2007/03/05 V1.7a by Michael Shell
-- See the "IEEEtran_HOWTO" manual for usage information.
-- http://www.michaelshell.org/tex/ieeetran/
\@IEEEtrantmpdimenA=\dimen102
\@IEEEtrantmpdimenB=\dimen103
\@IEEEtrantmpcountA=\count79
\@IEEEtrantmpcountB=\count80
\@IEEEtrantmptoksA=\toks14
LaTeX Font Info:    Try loading font information for OT1+ptm on input line 366.

(/usr/share/texlive/texmf-dist/tex/latex/psnfss/ot1ptm.fd
File: ot1ptm.fd 2001/06/04 font definitions for OT1/ptm.
)
-- Using 8.5in x 11in (letter) paper.
-- Using PDF output.
\@IEEEnormalsizeunitybaselineskip=\dimen104
-- This is a 10 point document.
\CLASSINFOnormalsizebaselineskip=\dimen105
\CLASSINFOnormalsizeunitybaselineskip=\dimen106
\IEEEnormaljot=\dimen107
LaTeX Font Info:    Font shape `OT1/ptm/bx/n' in size <5> not available
(Font)              Font shape `OT1/ptm/b/n' tried instead on input line 724.
LaTeX Font Info:    Font shape `OT1/ptm/bx/it' in size <5> not available
(Font)              Font shape `OT1/ptm/b/it' tried instead on input line 724.
LaTeX Font Info:    Font shape `OT1/ptm/bx/n' in size <7> not available
(Font)              Font shape `OT1/ptm/b/n' tried instead on input line 724.
LaTeX Font Info:    Font shape `OT1/ptm/bx/it' in size <7> not available
(Font)              Font shape `OT1/ptm/b/it' tried instead on input line 724.
LaTeX Font Info:    Font shape `OT1/ptm/bx/n' in size <8> not available
(Font)              Font shape `OT1/ptm/b/n' tried instead on input line 724.
LaTeX Font Info:    Font shape `OT1/ptm/bx/it' in size <8> not available
(Font)              Font shape `OT1/ptm/b/it' tried instead on input line 724.
LaTeX Font Info:    Font shape `OT1/ptm/bx/n' in size <9> not available
(Font)              Font shape `OT1/ptm/b/n' tried instead on input line 724.
LaTeX Font Info:    Font shape `OT1/ptm/bx/it' in size <9> not available
(Font)              Font shape `OT1/ptm/b/it' tried instead on input line 724.
LaTeX Font Info:    Font shape `OT1/ptm/bx/n' in size <10> not available
(Font)              Font shape `OT1/ptm/b/n' tried instead on input line 724.
LaTeX Font Info:    Font shape `OT1/ptm/bx/it' in size <10> not available
(Font)              Font shape `OT1/ptm/b/it' tried instead on input line 724.
LaTeX Font Info:    Font shape `OT1/ptm/bx/n' in size <11> not available
(Font)              Font shape `OT1/ptm/b/n' tried instead on input line 724.
LaTeX Font Info:    Font shape `OT1/ptm/bx/it' in size <11> not available
(Font)              Font shape `OT1/ptm/b/it' tried instead on input line 724.
LaTeX Font Info:    Font shape `OT1/ptm/bx/n' in size <12> not available
(Font)              Font shape `OT1/ptm/b/n' tried instead on input line 724.
LaTeX Font Info:    Font shape `OT1/ptm/bx/it' in size <12> not available
(Font)              Font shape `OT1/ptm/b/it' tried instead on input line 724.
LaTeX Font Info:    Font shape `OT1/ptm/bx/n' in size <17> not available
(Font)              Font shape `OT1/ptm/b/n' tried instead on input line 724.
LaTeX Font Info:    Font shape `OT1/ptm/bx/it' in size <17> not available
(Font)              Font shape `OT1/ptm/b/it' tried instead on input line 724.
LaTeX Font Info:    Font shape `OT1/ptm/bx/n' in size <20> not available
(Font)              Font shape `OT1/ptm/b/n' tried instead on input line 724.
LaTeX Font Info:    Font shape `OT1/ptm/bx/it' in size <20> not available
(Font)              Font shape `OT1/ptm/b/it' tried instead on input line 724.
LaTeX Font Info:    Font shape `OT1/ptm/bx/n' in size <24> not available
(Font)              Font shape `OT1/ptm/b/n' tried instead on input line 724.
LaTeX Font Info:    Font shape `OT1/ptm/bx/it' in size <24> not available
(Font)              Font shape `OT1/ptm/b/it' tried instead on input line 724.
\IEEEilabelindentA=\dimen108
\IEEEilabelindentB=\dimen109
\IEEEilabelindent=\dimen110
\IEEEelabelindent=\dimen111
\IEEEdlabelindent=\dimen112
\IEEElabelindent=\dimen113
\IEEEiednormlabelsep=\dimen114
\IEEEiedmathlabelsep=\dimen115
\IEEEiedtopsep=\skip41
\c@section=\count81
\c@subsection=\count82
\c@subsubsection=\count83
\c@paragraph=\count84
\c@IEEEsubequation=\count85
\abovecaptionskip=\skip42
\belowcaptionskip=\skip43
\c@figure=\count86
\c@table=\count87
\@IEEEeqnnumcols=\count88
\@IEEEeqncolcnt=\count89
\@IEEEtmpitemindent=\dimen116
\c@IEEEbiography=\count90
\@IEEEtranrubishbin=\box26
) (/usr/share/texlive/texmf-dist/tex/latex/caption/subcaption.sty
Package: subcaption 2013/02/03 v1.1-62 Sub-captions (AR)

(/usr/share/texlive/texmf-dist/tex/latex/caption/caption.sty
Package: caption 2013/05/02 v3.3-89 Customizing captions (AR)

(/usr/share/texlive/texmf-dist/tex/latex/caption/caption3.sty
Package: caption3 2013/05/02 v1.6-88 caption3 kernel (AR)
Package caption3 Info: TeX engine: e-TeX on input line 57.

(/usr/share/texlive/texmf-dist/tex/latex/graphics/keyval.sty
Package: keyval 1999/03/16 v1.13 key=value parser (DPC)
\KV@toks@=\toks15
)
\captionmargin=\dimen117
\captionmargin@=\dimen118
\captionwidth=\dimen119
\caption@tempdima=\dimen120
\caption@indent=\dimen121
\caption@parindent=\dimen122
\caption@hangindent=\dimen123
Package caption Info: Unknown document class (or package),
(caption)             standard defaults will be used.
)

Package caption Warning: Unsupported document class (or package) detected,
(caption)                usage of the caption package is not recommended.
See the caption package documentation for explanation.

Package caption Info: \@makecaption = \long macro:#1#2->\ifx \@captype \@IEEEta
blestring \footnotesize \begin {center}{\normalfont \footnotesize #1}\\{\normal
font \footnotesize \scshape #2}\end {center}\@IEEEtablecaptionsepspace \else \@
IEEEfigurecaptionsepspace \setbox \@tempboxa \hbox {\normalfont \footnotesize {
#1.}~~ #2}\ifdim \wd \@tempboxa >\hsize \setbox \@tempboxa \hbox {\normalfont \
footnotesize {#1.}~~ }\parbox [t]{\hsize }{\normalfont \footnotesize \noindent 
\unhbox \@tempboxa #2}\else \ifCLASSOPTIONconference \hbox to\hsize {\normalfon
t \footnotesize \hfil \box \@tempboxa \hfil }\else \hbox to\hsize {\normalfont 
\footnotesize \box \@tempboxa \hfil }\fi \fi \fi .
\c@ContinuedFloat=\count91
)
\c@subfigure=\count92
\c@subtable=\count93
) (/usr/share/texlive/texmf-dist/tex/latex/graphics/graphicx.sty
Package: graphicx 1999/02/16 v1.0f Enhanced LaTeX Graphics (DPC,SPQR)

(/usr/share/texlive/texmf-dist/tex/latex/graphics/graphics.sty
Package: graphics 2009/02/05 v1.0o Standard LaTeX Graphics (DPC,SPQR)

(/usr/share/texlive/texmf-dist/tex/latex/graphics/trig.sty
Package: trig 1999/03/16 v1.09 sin cos tan (DPC)
)
(/usr/share/texlive/texmf-dist/tex/latex/latexconfig/graphics.cfg
File: graphics.cfg 2010/04/23 v1.9 graphics configuration of TeX Live
)
Package graphics Info: Driver file: pdftex.def on input line 91.

(/usr/share/texlive/texmf-dist/tex/latex/pdftex-def/pdftex.def
File: pdftex.def 2011/05/27 v0.06d Graphics/color for pdfTeX

(/usr/share/texlive/texmf-dist/tex/generic/oberdiek/infwarerr.sty
Package: infwarerr 2010/04/08 v1.3 Providing info/warning/error messages (HO)
)
(/usr/share/texlive/texmf-dist/tex/generic/oberdiek/ltxcmds.sty
Package: ltxcmds 2011/11/09 v1.22 LaTeX kernel commands for general use (HO)
)
\Gread@gobject=\count94
))
\Gin@req@height=\dimen124
\Gin@req@width=\dimen125
)
(/usr/share/texlive/texmf-dist/tex/latex/url/url.sty
\Urlmuskip=\muskip10
Package: url 2013/09/16  ver 3.4  Verb mode for urls, etc.
)
(/usr/share/texlive/texmf-dist/tex/latex/graphics/color.sty
Package: color 2005/11/14 v1.0j Standard LaTeX Color (DPC)

(/usr/share/texlive/texmf-dist/tex/latex/latexconfig/color.cfg
File: color.cfg 2007/01/18 v1.5 color configuration of teTeX/TeXLive
)
Package color Info: Driver file: pdftex.def on input line 130.
)
(/usr/share/texlive/texmf-dist/tex/latex/multirow/multirow.sty
\bigstrutjot=\dimen126
)
(/usr/share/texlive/texmf-dist/tex/latex/makecell/makecell.sty
Package: makecell 2009/08/03 V0.1e Managing of Tab Column Heads and Cells

(/usr/share/texlive/texmf-dist/tex/latex/tools/array.sty
Package: array 2008/09/09 v2.4c Tabular extension package (FMi)
\col@sep=\dimen127
\extrarowheight=\dimen128
\NC@list=\toks16
\extratabsurround=\skip44
\backup@length=\skip45
)
\rotheadsize=\dimen129
\c@nlinenum=\count95
\TeXr@lab=\toks17
) (./icann2015.aux)
\openout1 = `icann2015.aux'.

LaTeX Font Info:    Checking defaults for OML/cmm/m/it on input line 15.
LaTeX Font Info:    ... okay on input line 15.
LaTeX Font Info:    Checking defaults for T1/cmr/m/n on input line 15.
LaTeX Font Info:    ... okay on input line 15.
LaTeX Font Info:    Checking defaults for OT1/cmr/m/n on input line 15.
LaTeX Font Info:    ... okay on input line 15.
LaTeX Font Info:    Checking defaults for OMS/cmsy/m/n on input line 15.
LaTeX Font Info:    ... okay on input line 15.
LaTeX Font Info:    Checking defaults for OMX/cmex/m/n on input line 15.
LaTeX Font Info:    ... okay on input line 15.
LaTeX Font Info:    Checking defaults for U/cmr/m/n on input line 15.
LaTeX Font Info:    ... okay on input line 15.
Package caption Info: Begin \AtBeginDocument code.
Package caption Info: End \AtBeginDocument code.

(/usr/share/texlive/texmf-dist/tex/context/base/supp-pdf.mkii
[Loading MPS to PDF converter (version 2006.09.02).]
\scratchcounter=\count96
\scratchdimen=\dimen130
\scratchbox=\box27
\nofMPsegments=\count97
\nofMParguments=\count98
\everyMPshowfont=\toks18
\MPscratchCnt=\count99
\MPscratchDim=\dimen131
\MPnumerator=\count100
\makeMPintoPDFobject=\count101
\everyMPtoPDFconversion=\toks19
) (/usr/share/texlive/texmf-dist/tex/generic/oberdiek/pdftexcmds.sty
Package: pdftexcmds 2011/11/29 v0.20 Utility functions of pdfTeX for LuaTeX (HO
)

(/usr/share/texlive/texmf-dist/tex/generic/oberdiek/ifluatex.sty
Package: ifluatex 2010/03/01 v1.3 Provides the ifluatex switch (HO)
Package ifluatex Info: LuaTeX not detected.
)
(/usr/share/texlive/texmf-dist/tex/generic/oberdiek/ifpdf.sty
Package: ifpdf 2011/01/30 v2.3 Provides the ifpdf switch (HO)
Package ifpdf Info: pdfTeX in PDF mode is detected.
)
Package pdftexcmds Info: LuaTeX not detected.
Package pdftexcmds Info: \pdf@primitive is available.
Package pdftexcmds Info: \pdf@ifprimitive is available.
Package pdftexcmds Info: \pdfdraftmode found.
)
(/usr/share/texlive/texmf-dist/tex/latex/oberdiek/epstopdf-base.sty
Package: epstopdf-base 2010/02/09 v2.5 Base part for package epstopdf

(/usr/share/texlive/texmf-dist/tex/latex/oberdiek/grfext.sty
Package: grfext 2010/08/19 v1.1 Manage graphics extensions (HO)

(/usr/share/texlive/texmf-dist/tex/generic/oberdiek/kvdefinekeys.sty
Package: kvdefinekeys 2011/04/07 v1.3 Define keys (HO)
))
(/usr/share/texlive/texmf-dist/tex/latex/oberdiek/kvoptions.sty
Package: kvoptions 2011/06/30 v3.11 Key value format for package options (HO)

(/usr/share/texlive/texmf-dist/tex/generic/oberdiek/kvsetkeys.sty
Package: kvsetkeys 2012/04/25 v1.16 Key value parser (HO)

(/usr/share/texlive/texmf-dist/tex/generic/oberdiek/etexcmds.sty
Package: etexcmds 2011/02/16 v1.5 Avoid name clashes with e-TeX commands (HO)
Package etexcmds Info: Could not find \expanded.
(etexcmds)             That can mean that you are not using pdfTeX 1.50 or
(etexcmds)             that some package has redefined \expanded.
(etexcmds)             In the latter case, load this package earlier.
)))
Package grfext Info: Graphics extension search list:
(grfext)             [.png,.pdf,.jpg,.mps,.jpeg,.jbig2,.jb2,.PNG,.PDF,.JPG,.JPE
G,.JBIG2,.JB2,.eps]
(grfext)             \AppendGraphicsExtensions on input line 452.

(/usr/share/texlive/texmf-dist/tex/latex/latexconfig/epstopdf-sys.cfg
File: epstopdf-sys.cfg 2010/07/13 v1.3 Configuration of (r)epstopdf for TeX Liv
e
))
Underfull \hbox (badness 1708) in paragraph at lines 27--27
[][][]\OT1/ptm/m/n/8 The au-thors are with the School of Com-puter Sci-ence, Un
i-ver-sity
 []


Underfull \hbox (badness 1383) in paragraph at lines 27--27
\OT1/ptm/m/n/8 of Manch-ester, Manch-ester M13 9PL, U.K. (e-mail:liuq@cs.man.ac
.uk;
 []

LaTeX Font Info:    External font `cmex10' loaded for size
(Font)              <7> on input line 81.
LaTeX Font Info:    External font `cmex10' loaded for size
(Font)              <5> on input line 81.
LaTeX Font Info:    External font `cmex10' loaded for size
(Font)              <8> on input line 81.
LaTeX Font Info:    External font `cmex10' loaded for size
(Font)              <6> on input line 81.
[1{/var/lib/texmf/fonts/map/pdftex/updmap/pdftex.map}


]
<pics/outline.jpg, id=9, 308.95425pt x 158.39175pt>
File: pics/outline.jpg Graphic file (type jpg)
 <use pics/outline.jpg>
Package pdftex.def Info: pics/outline.jpg used on input line 86.
(pdftex.def)             Requested size: 216.71906pt x 111.10548pt.

<pics/dvs_spinnaker.png, id=10, 642.4pt x 271.0125pt>
File: pics/dvs_spinnaker.png Graphic file (type png)

<use pics/dvs_spinnaker.png>
Package pdftex.def Info: pics/dvs_spinnaker.png used on input line 92.
(pdftex.def)             Requested size: 216.71906pt x 91.42761pt.
 <pics/mesh_ctiff.jpg, id=12, 642.4pt x 642.4pt>
File: pics/mesh_ctiff.jpg Graphic file (type jpg)

<use pics/mesh_ctiff.jpg>
Package pdftex.def Info: pics/mesh_ctiff.jpg used on input line 127.
(pdftex.def)             Requested size: 216.71906pt x 216.71733pt.
 [2 <./pics/outline.jpg> <./pics/dvs_spinnaker.png> <./pics/mesh_ctiff.jpg>]
<pics/48node_pcb_resolution-white.pdf, id=18, 948.54375pt x 899.36pt>
File: pics/48node_pcb_resolution-white.pdf Graphic file (type pdf)

<use pics/48node_pcb_resolution-white.pdf>
Package pdftex.def Info: pics/48node_pcb_resolution-white.pdf used on input lin
e 147.
(pdftex.def)             Requested size: 216.71906pt x 205.47614pt.

<pics/convolution.png, id=19, 273.02pt x 137.313pt>
File: pics/convolution.png Graphic file (type png)
 <use pics/convolution.png>
Package pdftex.def Info: pics/convolution.png used on input line 165.
(pdftex.def)             Requested size: 216.71906pt x 108.99777pt.

<pics/model1.pdf, id=20, 392.46625pt x 84.315pt>
File: pics/model1.pdf Graphic file (type pdf)
 <use pics/model1.pdf>
Package pdftex.def Info: pics/model1.pdf used on input line 178.
(pdftex.def)             Requested size: 216.71906pt x 46.55992pt.
Missing character: There is no ‚ in font ptmr7t!
Missing character: There is no Ä in font ptmr7t!
Missing character: There is no ú in font ptmr7t!
Missing character: There is no ‚ in font ptmr7t!
Missing character: There is no Ä in font ptmr7t!
Missing character: There is no ù in font ptmr7t!

<pics/gabor.png, id=21, 1226.984pt x 274.626pt>
File: pics/gabor.png Graphic file (type png)
 <use pics/gabor.png>
Package pdftex.def Info: pics/gabor.png used on input line 216.
(pdftex.def)             Requested size: 490.19843pt x 109.71436pt.
 [3 <./pics/48node_pcb_resolution-white.pdf> <./pics/convolution.png> <./pics/m
odel1.pdf>] <pics/guesture.png, id=96, 1314.511pt x 216.007pt>
File: pics/guesture.png Graphic file (type png)
 <use pics/guesture.png>
Package pdftex.def Info: pics/guesture.png used on input line 228.
(pdftex.def)             Requested size: 490.19843pt x 80.55087pt.

<pics/model2.pdf, id=97, 463.7325pt x 84.315pt>
File: pics/model2.pdf Graphic file (type pdf)
 <use pics/model2.pdf>
Package pdftex.def Info: pics/model2.pdf used on input line 240.
(pdftex.def)             Requested size: 216.71906pt x 39.40417pt.

Overfull \hbox (6.45836pt too wide) in paragraph at lines 274--275
 []|[]| 
 []


Overfull \hbox (6.45836pt too wide) in paragraph at lines 276--277
 []|[]| 
 []


Overfull \hbox (2.52399pt too wide) in paragraph at lines 284--284
 []|\OT1/ptm/m/n/8 112$\OMS/cmsy/m/n/8 ^^B$\OT1/ptm/m/n/8 112$\OMS/cmsy/m/n/8 ^
^B$\OT1/ptm/m/n/8 4| 
 []


Overfull \hbox (5.12236pt too wide) in paragraph at lines 291--292
[]|[]| 
 []


Overfull \hbox (3.2926pt too wide) in paragraph at lines 300--300
 []|$\OT1/cmr/m/n/8 15 216 512$| 
 []


Overfull \hbox (6.0pt too wide) in paragraph at lines 262--305
[]$[]$ 
 []


Overfull \hbox (6.45836pt too wide) in paragraph at lines 318--319
 []|[]| 
 []


Overfull \hbox (6.45836pt too wide) in paragraph at lines 320--321
 []|[]| 
 []


Overfull \hbox (3.68115pt too wide) in paragraph at lines 328--328
 []|\OT1/ptm/m/n/8 21$\OMS/cmsy/m/n/8 ^^B$\OT1/ptm/m/n/8 21$\OMS/cmsy/m/n/8 ^^B
$\OT1/ptm/m/n/8 10| 
 []


Overfull \hbox (3.68115pt too wide) in paragraph at lines 328--329
 []|\OT1/ptm/m/n/8 15$\OMS/cmsy/m/n/8 ^^B$\OT1/ptm/m/n/8 15$\OMS/cmsy/m/n/8 ^^B
$\OT1/ptm/m/n/8 10| 
 []


Overfull \hbox (7.34636pt too wide) in paragraph at lines 331--332
[]|[]| 
 []


Overfull \hbox (6.0pt too wide) in paragraph at lines 306--342
[]$[]$
 []

<pics/4.png, id=98, 845.0772pt x 537.6888pt>
File: pics/4.png Graphic file (type png)
 <use pics/4.png>
Package pdftex.def Info: pics/4.png used on input line 349.
(pdftex.def)             Requested size: 464.39685pt x 295.47542pt.
Missing character: There is no ‚ in font ptmr7t!
Missing character: There is no Ä in font ptmr7t!
Missing character: There is no ô in font ptmr7t!
 [4 <./pics/gabor.png (PNG copy)> <./pics/model2.pdf>]
Overfull \hbox (6.29536pt too wide) in paragraph at lines 385--386
 []|[]| 
 []


Overfull \hbox (6.29536pt too wide) in paragraph at lines 386--387
 []|[]| 
 []


Overfull \hbox (6.29536pt too wide) in paragraph at lines 387--388
 []|[]| 
 []


Overfull \hbox (6.29536pt too wide) in paragraph at lines 388--389
 []|[]| 
 []


Overfull \hbox (4.98126pt too wide) in paragraph at lines 391--392
[]|[]| 
 []


Overfull \hbox (4.98126pt too wide) in paragraph at lines 397--398
[]|[]| 
 []


Overfull \hbox (4.98126pt too wide) in paragraph at lines 403--404
[]|[]| 
 []


Overfull \hbox (4.98126pt too wide) in paragraph at lines 409--410
[]|[]| 
 []


Overfull \hbox (4.98126pt too wide) in paragraph at lines 415--416
[]|[]| 
 []


Underfull \vbox (badness 3396) has occurred while \output is active []

 [5 <./pics/guesture.png (PNG copy)> <./pics/4.png (PNG copy)>]
Overfull \hbox (26.32596pt too wide) in paragraph at lines 444--444
[][][]$\OT1/ptm/m/n/8 http : / / youtu . be / PvJy6RKAJhw ? list = PLxZ1W-[]Upr
3eoQuLxq87qpUL-[]CwSphtEBJ ,[]
 []


Overfull \hbox (9.9459pt too wide) in paragraph at lines 444--444
\OT1/ptm/m/n/8 http : / / youtu . be / FZJshPCJ1pg ? list = PLxZ1W-[]Upr3eoQuLx
q87qpUL-[]CwSphtEBJ ,[]
 []


Overfull \hbox (13.64615pt too wide) in paragraph at lines 444--444
\OT1/ptm/m/n/8 http : / / youtu . be / yxN90aGGKvg ? list = PLxZ1W-[]Upr3eoQuLx
q87qpUL-[]CwSphtEBJ$| 
 []

<pics/live1.png, id=174, 1027.84pt x 770.88pt>
File: pics/live1.png Graphic file (type png)
 <use pics/live1.png>
Package pdftex.def Info: pics/live1.png used on input line 449.
(pdftex.def)             Requested size: 216.71906pt x 162.53651pt.

<pics/live2.png, id=175, 1027.84pt x 770.88pt>
File: pics/live2.png Graphic file (type png)
 <use pics/live2.png>
Package pdftex.def Info: pics/live2.png used on input line 455.
(pdftex.def)             Requested size: 216.71906pt x 162.53651pt.

<pics/live.png, id=176, 1027.84pt x 770.88pt>
File: pics/live.png Graphic file (type png)
 <use pics/live.png>
Package pdftex.def Info: pics/live.png used on input line 461.
(pdftex.def)             Requested size: 216.71906pt x 162.53651pt.

(./icann2015.bbl [6 <./pics/live1.png> <./pics/live2.png> <./pics/live.png>])
[7

] (./icann2015.aux) ) 
Here is how much of TeX's memory you used:
 3726 strings out of 495028
 60582 string characters out of 6181497
 123841 words of memory out of 5000000
 6884 multiletter control sequences out of 15000+600000
 43028 words of font info for 77 fonts, out of 8000000 for 9000
 17 hyphenation exceptions out of 8191
 42i,18n,40p,551b,422s stack positions out of 5000i,500n,10000p,200000b,80000s
{/usr/share/texlive/texmf-dist/fonts/enc/dvips/base/8r.enc
}</usr/share/texlive/texmf-dist/fonts/type1/public/amsfonts/cm/cmmi10.pfb></usr
/share/texlive/texmf-dist/fonts/type1/public/amsfonts/cm/cmmi7.pfb></usr/share/
texlive/texmf-dist/fonts/type1/public/amsfonts/cm/cmr10.pfb></usr/share/texlive
/texmf-dist/fonts/type1/public/amsfonts/cm/cmr5.pfb></usr/share/texlive/texmf-d
ist/fonts/type1/public/amsfonts/cm/cmr7.pfb></usr/share/texlive/texmf-dist/font
s/type1/public/amsfonts/cm/cmr8.pfb></usr/share/texlive/texmf-dist/fonts/type1/
public/amsfonts/cm/cmsy10.pfb></usr/share/texlive/texmf-dist/fonts/type1/public
/amsfonts/cm/cmsy5.pfb></usr/share/texlive/texmf-dist/fonts/type1/public/amsfon
ts/cm/cmsy7.pfb></usr/share/texlive/texmf-dist/fonts/type1/public/amsfonts/cm/c
msy8.pfb></usr/share/texlive/texmf-dist/fonts/type1/urw/times/utmb8a.pfb></usr/
share/texlive/texmf-dist/fonts/type1/urw/times/utmr8a.pfb></usr/share/texlive/t
exmf-dist/fonts/type1/urw/times/utmri8a.pfb>
Output written on icann2015.pdf (7 pages, 1349467 bytes).
PDF statistics:
 228 PDF objects out of 1000 (max. 8388607)
 137 compressed objects within 2 object streams
 0 named destinations out of 1000 (max. 500000)
 66 words of extra memory for PDF output out of 10000 (max. 10000000)

