router contains 55 entries 
 
  Index   Key(hex)    Mask(hex)    Route(hex)    Src. Core -> [Cores][Links]
------------------------------------------------------------------------------
    0        5800      FFFFF800           2       (0, 0, 11)    [] [NE]
    1        6000      FFFFF800           2       (0, 0, 12)    [] [NE]
    2       25000      FFFFF800           1       (0, 2, 10)    [] [E]
    3     1008000      FFFFF800      7FC000       (1, 0, 0)    [8, 9, 10, 11, 12, 13, 14, 15] []
    4       22800      FFFFF800           1       (0, 2, 5)    [] [E]
    5       26000      FFFFF800           1       (0, 2, 12)    [] [E]
    6       13000      FFFFF800           4       (0, 1, 6)    [] [N]
    7       12000      FFFFF800           4       (0, 1, 4)    [] [N]
    8     101 800      FFFFF800      7F8000       (1, 1, 1)    [9, 10, 11, 12, 13, 14, 15] []
    9     1001000      FFFFF800         380       (1, 0, 2)    [1, 2, 3] []
    10     1011800      FFFFF800      7F           (1, 1, 3)    [10, 11, 12, 13, 14, 15] []
    11       23800      FFFFF800           1       (0, 2, 7)    [] [E]
    12     1002000      FFFFF800         F80       (1, 0, 4)    [1, 2, 3, 4, 5] []
    13     1007000      FFFFF800      1FF000       (1, 0, 14)    [6, 7, 8, 9, 10, 11, 12, 13, 14] []
    14     1012800      FFFFF800      7C           (1, 1, 5)    [12, 13, 14, 15] []
    15     1003000      FFFFF800        3F80       (1, 0, 6)    [1, 2, 3, 4, 5, 6, 7] []
    16       27000      FFFFF800           1       (0, 2, 14)    [] [E]
    17     1013800      FFFFF800      70           (1, 1, 7)    [14, 15] []
    18     1004000      FFFFF800        FF80       (1, 0, 8)    [1, 2, 3, 4, 5, 6, 7, 8, 9] []
    19     1014800      FFFFF800      40           (1, 1, 9)    [] []
    20     1005000      FFFFF800       1FF00       (1, 0, 10)    [2, 3, 4, 5, 6, 7, 8, 9, 10] []
    21       21000      FFFFF800           1       (0, 2, 2)    [] [E]
    22     1006000      FFFFF800       7FC00       (1, 0, 12)    [4, 5, 6, 7, 8, 9, 10, 11, 12] []
    23       24800      FFFFF800           1       (0, 2, 9)    [] [E]
    24        7000      FFFFF800           2       (0, 0, 14)    [] [NE]
    25       11800      FFFFF800           4       (0, 1, 3)    [] [N]
    26        8000      FFFFF800         182       (0, 0, 0)    [1, 2] [NE]
    27       28000      FFFFF800           1       (0, 2, 0)    [] [E]
    28     1001800      FFFFF800         780       (1, 0, 3)    [1, 2, 3, 4] []
    29       22000      FFFFF800           1       (0, 2, 4)    [] [E]
    30       1 800      FFFFF800           4       (0, 1, 1)    [] [N]
    31       25800      FFFFF800           1       (0, 2, 11)    [] [E]
    32       12800      FFFFF800           4       (0, 1, 5)    [] [N]
    33       23000      FFFFF800           1       (0, 2, 6)    [] [E]
    34     1006800      FFFFF800       FF800       (1, 0, 13)    [5, 6, 7, 8, 9, 10, 11, 12, 13] []
    35     100 800      FFFFF800         380       (1, 0, 1)    [1, 2, 3] []
    36       26800      FFFFF800           1       (0, 2, 13)    [] [E]
    37     1011000      FFFFF800      7F8000       (1, 1, 2)    [9, 10, 11, 12, 13, 14, 15] []
    38       13800      FFFFF800           4       (0, 1, 7)    [] [N]
    39       21800      FFFFF800           1       (0, 2, 3)    [] [E]
    40     1012000      FFFFF800      7E           (1, 1, 4)    [11, 12, 13, 14, 15] []
    41     1002800      FFFFF800        1F80       (1, 0, 5)    [1, 2, 3, 4, 5, 6] []
    42       2 800      FFFFF800           1       (0, 2, 1)    [] [E]
    43     1013000      FFFFF800      78           (1, 1, 6)    [13, 14, 15] []
    44     1003800      FFFFF800        7F80       (1, 0, 7)    [1, 2, 3, 4, 5, 6, 7, 8] []
    45       11000      FFFFF800           4       (0, 1, 2)    [] [N]
    46     1014000      FFFFF800      60           (1, 1, 8)    [15] []
    47       24000      FFFFF800           1       (0, 2, 8)    [] [E]
    48     1004800      FFFFF800       1FF00       (1, 0, 9)    [2, 3, 4, 5, 6, 7, 8, 9, 10] []
    49        7800      FFFFF800          82       (0, 0, 15)    [1] [NE]
    50     1015000      FFFFF800      40           (1, 1, 10)    [] []
    51     1005800      FFFFF800       3FE00       (1, 0, 11)    [3, 4, 5, 6, 7, 8, 9, 10, 11] []
    52       27800      FFFFF800           1       (0, 2, 15)    [] [E]
    53        6800      FFFFF800           2       (0, 0, 13)    [] [NE]
    54     1007800      FFFFF800      3FE000       (1, 0, 15)    [7, 8, 9, 10, 11, 12, 13, 14, 15] []
