router contains 71 entries 
 
  Index   Key(hex)    Mask(hex)    Route(hex)    Src. Core -> [Cores][Links]
------------------------------------------------------------------------------
    0        5800      FFFFF800          80       (0, 0, 11)    [1] []
    1        6000      FFFFF800         180       (0, 0, 12)    [1, 2] []
    2     1038000      FFFFF800           1       (1, 3, 0)    [] [E]
    3     1008000      FFFFF800      7C   8       (1, 0, 0)    [12, 13, 14, 15] [W]
    4       33800      FFFFF800           1       (0, 3, 7)    [] [E]
    5     1032000      FFFFF800           1       (1, 3, 4)    [] [E]
    6     1035800      FFFFF800           1       (1, 3, 11)    [] [E]
    7     104 800      FFFFF800          20       (1, 4, 1)    [] [S]
    8       38000      FFFFF800           1       (0, 3, 0)    [] [E]
    9       33000      FFFFF800           1       (0, 3, 6)    [] [E]
    10       37800      FFFFF800           1       (0, 3, 15)    [] [E]
    11       36800      FFFFF800           1       (0, 3, 13)    [] [E]
    12     1033000      FFFFF800           1       (1, 3, 6)    [] [E]
    13       32000      FFFFF800           1       (0, 3, 4)    [] [E]
    14     101 800      FFFFF800      78   8       (1, 1, 1)    [13, 14, 15] [W]
    15       34800      FFFFF800           1       (0, 3, 9)    [] [E]
    16     1001000      FFFFF800        3F80       (1, 0, 2)    [1, 2, 3, 4, 5, 6, 7] []
    17     1036800      FFFFF800           1       (1, 3, 13)    [] [E]
    18     1011800      FFFFF800      70   8       (1, 1, 3)    [14, 15] [W]
    19     1002000      FFFFF800        FF80       (1, 0, 4)    [1, 2, 3, 4, 5, 6, 7, 8, 9] []
    20     1007000      FFFFF800      7F   8       (1, 0, 14)    [10, 11, 12, 13, 14, 15] [W]
    21     1012800      FFFFF800      40   8       (1, 1, 5)    [] [W]
    22     1003000      FFFFF800       3FE00       (1, 0, 6)    [3, 4, 5, 6, 7, 8, 9, 10, 11] []
    23     103 800      FFFFF800           1       (1, 3, 1)    [] [E]
    24     1013800      FFFFF800           8       (1, 1, 7)    [] [W]
    25       34000      FFFFF800           1       (0, 3, 8)    [] [E]
    26     1004000      FFFFF800       FF800       (1, 0, 8)    [5, 6, 7, 8, 9, 10, 11, 12, 13] []
    27     1014800      FFFFF800           8       (1, 1, 9)    [] [W]
    28     1034000      FFFFF800           1       (1, 3, 8)    [] [E]
    29     1005000      FFFFF800      1FF000       (1, 0, 10)    [6, 7, 8, 9, 10, 11, 12, 13, 14] []
    30     1015800      FFFFF800           8       (1, 1, 11)    [] [W]
    31     1006000      FFFFF800      7FC000       (1, 0, 12)    [8, 9, 10, 11, 12, 13, 14, 15] []
    32     1037800      FFFFF800           1       (1, 3, 15)    [] [E]
    33     1016800      FFFFF800           8       (1, 1, 13)    [] [W]
    34       32800      FFFFF800           1       (0, 3, 5)    [] [E]
    35        7000      FFFFF800         780       (0, 0, 14)    [1, 2, 3, 4] []
    36     1017800      FFFFF800           8       (1, 1, 15)    [] [W]
    37        8000      FFFFF800        1F80       (0, 0, 0)    [1, 2, 3, 4, 5, 6] []
    38     1031800      FFFFF800           1       (1, 3, 3)    [] [E]
    39       31800      FFFFF800           1       (0, 3, 3)    [] [E]
    40       36000      FFFFF800           1       (0, 3, 12)    [] [E]
    41       37000      FFFFF800           1       (0, 3, 14)    [] [E]
    42     1001800      FFFFF800        7F80       (1, 0, 3)    [1, 2, 3, 4, 5, 6, 7, 8] []
    43       31000      FFFFF800           1       (0, 3, 2)    [] [E]
    44       35800      FFFFF800           1       (0, 3, 11)    [] [E]
    45       3 800      FFFFF800           1       (0, 3, 1)    [] [E]
    46     1032800      FFFFF800           1       (1, 3, 5)    [] [E]
    47     1036000      FFFFF800           1       (1, 3, 12)    [] [E]
    48     1035000      FFFFF800           1       (1, 3, 10)    [] [E]
    49     1006800      FFFFF800      7F8008       (1, 0, 13)    [9, 10, 11, 12, 13, 14, 15] [W]
    50       35000      FFFFF800           1       (0, 3, 10)    [] [E]
    51     100 800      FFFFF800        3F80       (1, 0, 1)    [1, 2, 3, 4, 5, 6, 7] []
    52     1011000      FFFFF800      78   8       (1, 1, 2)    [13, 14, 15] [W]
    53     1012000      FFFFF800      60   8       (1, 1, 4)    [15] [W]
    54     1033800      FFFFF800           1       (1, 3, 7)    [] [E]
    55     1002800      FFFFF800       1FF00       (1, 0, 5)    [2, 3, 4, 5, 6, 7, 8, 9, 10] []
    56     1013000      FFFFF800           8       (1, 1, 6)    [] [W]
    57     1003800      FFFFF800       7FC00       (1, 0, 7)    [4, 5, 6, 7, 8, 9, 10, 11, 12] []
    58     1037000      FFFFF800           1       (1, 3, 14)    [] [E]
    59     1014000      FFFFF800           8       (1, 1, 8)    [] [W]
    60     1004800      FFFFF800      1FF000       (1, 0, 9)    [6, 7, 8, 9, 10, 11, 12, 13, 14] []
    61        7800      FFFFF800         F80       (0, 0, 15)    [1, 2, 3, 4, 5] []
    62     1015000      FFFFF800           8       (1, 1, 10)    [] [W]
    63     1005800      FFFFF800      3FE000       (1, 0, 11)    [7, 8, 9, 10, 11, 12, 13, 14, 15] []
    64     1031000      FFFFF800           1       (1, 3, 2)    [] [E]
    65     1016000      FFFFF800           8       (1, 1, 12)    [] [W]
    66        6800      FFFFF800         380       (0, 0, 13)    [1, 2, 3] []
    67     1017000      FFFFF800           8       (1, 1, 14)    [] [W]
    68     1034800      FFFFF800           1       (1, 3, 9)    [] [E]
    69     1007800      FFFFF800      7E   8       (1, 0, 15)    [11, 12, 13, 14, 15] [W]
    70     1018000      FFFFF800           8       (1, 1, 0)    [] [W]
