router contains 70 entries 
 
  Index   Key(hex)    Mask(hex)    Route(hex)    Src. Core -> [Cores][Links]
------------------------------------------------------------------------------
    0        1000      FFFFF800           1       (0, 0, 2)    [] [E]
    1        1800      FFFFF800           1       (0, 0, 3)    [] [E]
    2     4005800      FFFFF800           8       (4, 0, 11)    [] [W]
    3     1001000      FFFFF800           F       (1, 0, 2)    [] [E, NE, N, W]
    4     4045000      FFFFF800       18000       (4, 4, 10)    [9, 10] []
    5     4007000      FFFFF800           8       (4, 0, 14)    [] [W]
    6     1002800      FFFFF800           F       (1, 0, 5)    [] [E, NE, N, W]
    7     1005000      FFFFF800           F       (1, 0, 10)    [] [E, NE, N, W]
    8     1006000      FFFFF800           E       (1, 0, 12)    [] [NE, N, W]
    9     4042800      FFFFF800         C00       (4, 4, 5)    [4, 5] []
    10     4006800      FFFFF800           8       (4, 0, 13)    [] [W]
    11     4046000      FFFFF800       6           (4, 4, 12)    [11, 12] []
    12     404 800      FFFFF800          80       (4, 4, 1)    [1] []
    13     2001000      FFFFF800           8       (2, 0, 2)    [] [W]
    14     4006000      FFFFF800           8       (4, 0, 12)    [] [W]
    15     1002000      FFFFF800           F       (1, 0, 4)    [] [E, NE, N, W]
    16     1007000      FFFFF800           E       (1, 0, 14)    [] [NE, N, W]
    17     4032800      FFFFF800           8       (4, 3, 5)    [] [W]
    18     4043800      FFFFF800        3000       (4, 4, 7)    [6, 7] []
    19        3000      FFFFF800           1       (0, 0, 6)    [] [E]
    20     4033800      FFFFF800           8       (4, 3, 7)    [] [W]
    21        4000      FFFFF800           1       (0, 0, 8)    [] [E]
    22     4047000      FFFFF800      18           (4, 4, 14)    [13, 14] []
    23     4034800      FFFFF800           8       (4, 3, 9)    [] [W]
    24     4008000      FFFFF800           8       (4, 0, 0)    [] [W]
    25        5000      FFFFF800           1       (0, 0, 10)    [] [E]
    26     4035800      FFFFF800           8       (4, 3, 11)    [] [W]
    27     1004800      FFFFF800           F       (1, 0, 9)    [] [E, NE, N, W]
    28        6000      FFFFF800           1       (0, 0, 12)    [] [E]
    29     4037800      FFFFF800           8       (4, 3, 15)    [] [W]
    30     4036800      FFFFF800           8       (4, 3, 13)    [] [W]
    31        7000      FFFFF800           1       (0, 0, 14)    [] [E]
    32     1008000      FFFFF800           E       (1, 0, 0)    [] [NE, N, W]
    33     4044800      FFFFF800        C000       (4, 4, 9)    [8, 9] []
    34        8000      FFFFF800           1       (0, 0, 0)    [] [E]
    35     4031800      FFFFF800           8       (4, 3, 3)    [] [W]
    36        2000      FFFFF800           1       (0, 0, 4)    [] [E]
    37     4048000      FFFFF800      60           (4, 4, 0)    [15] []
    38     1003800      FFFFF800           F       (1, 0, 7)    [] [E, NE, N, W]
    39     1005800      FFFFF800           E       (1, 0, 11)    [] [NE, N, W]
    40     4041800      FFFFF800         300       (4, 4, 3)    [2, 3] []
    41     4042000      FFFFF800         600       (4, 4, 4)    [3, 4] []
    42     4045800      FFFFF800       3           (4, 4, 11)    [10, 11] []
    43     304 800      FFFFF800      40           (3, 4, 1)    [] []
    44     1003000      FFFFF800           F       (1, 0, 6)    [] [E, NE, N, W]
    45     4041000      FFFFF800         180       (4, 4, 2)    [1, 2] []
    46     1006800      FFFFF800           E       (1, 0, 13)    [] [NE, N, W]
    47     4043000      FFFFF800        1800       (4, 4, 6)    [5, 6] []
    48     100 800      FFFFF800           F       (1, 0, 1)    [] [E, NE, N, W]
    49     1001800      FFFFF800           F       (1, 0, 3)    [] [E, NE, N, W]
    50     200 800      FFFFF800           8       (2, 0, 1)    [] [W]
    51     4032000      FFFFF800           8       (4, 3, 4)    [] [W]
    52     4047800      FFFFF800      30           (4, 4, 15)    [14, 15] []
    53        2800      FFFFF800           1       (0, 0, 5)    [] [E]
    54     4033000      FFFFF800           8       (4, 3, 6)    [] [W]
    55     1004000      FFFFF800           F       (1, 0, 8)    [] [E, NE, N, W]
    56        3800      FFFFF800           1       (0, 0, 7)    [] [E]
    57     4037000      FFFFF800           8       (4, 3, 14)    [] [W]
    58     4034000      FFFFF800           8       (4, 3, 8)    [] [W]
    59        4800      FFFFF800           1       (0, 0, 9)    [] [E]
    60     1007800      FFFFF800           E       (1, 0, 15)    [] [NE, N, W]
    61     4035000      FFFFF800           8       (4, 3, 10)    [] [W]
    62     4044000      FFFFF800        6000       (4, 4, 8)    [7, 8] []
    63        5800      FFFFF800           1       (0, 0, 11)    [] [E]
    64     4036000      FFFFF800           8       (4, 3, 12)    [] [W]
    65        6800      FFFFF800           1       (0, 0, 13)    [] [E]
    66     4046800      FFFFF800       C           (4, 4, 13)    [12, 13] []
    67     4007800      FFFFF800           8       (4, 0, 15)    [] [W]
    68        7800      FFFFF800           1       (0, 0, 15)    [] [E]
    69     4038000      FFFFF800           8       (4, 3, 0)    [] [W]
