router contains 108 entries 
 
  Index   Key(hex)    Mask(hex)    Route(hex)    Src. Core -> [Cores][Links]
------------------------------------------------------------------------------
    0     1007800      FFFFF800          80       (1, 0, 15)    [1] []
    1     1008000      FFFFF800         180       (1, 0, 0)    [1, 2] []
    2     3038000      FFFFF800           1       (3, 3, 0)    [] [E]
    3     3033000      FFFFF800           1       (3, 3, 6)    [] [E]
    4     303 800      FFFFF800           1       (3, 3, 1)    [] [E]
    5     2036800      FFFFF800           1       (2, 3, 13)    [] [E]
    6       11800      FFFFF800      7F           (0, 1, 3)    [10, 11, 12, 13, 14, 15] []
    7       37000      FFFFF800           1       (0, 3, 14)    [] [E]
    8       1 800      FFFFF800      7F8000       (0, 1, 1)    [9, 10, 11, 12, 13, 14, 15] []
    9     1035000      FFFFF800           1       (1, 3, 10)    [] [E]
    10     1014000      FFFFF800        FF80       (1, 1, 8)    [1, 2, 3, 4, 5, 6, 7, 8, 9] []
    11       34800      FFFFF800           1       (0, 3, 9)    [] [E]
    12     1015800      FFFFF800       3FE00       (1, 1, 11)    [3, 4, 5, 6, 7, 8, 9, 10, 11] []
    13     3046000      FFFFF800          10       (3, 4, 12)    [] [SW]
    14     3033800      FFFFF800           1       (3, 3, 7)    [] [E]
    15     2034800      FFFFF800           1       (2, 3, 9)    [] [E]
    16     1031800      FFFFF800           1       (1, 3, 3)    [] [E]
    17       35000      FFFFF800           1       (0, 3, 10)    [] [E]
    18     2031800      FFFFF800           1       (2, 3, 3)    [] [E]
    19     2033800      FFFFF800           1       (2, 3, 7)    [] [E]
    20       33000      FFFFF800           1       (0, 3, 6)    [] [E]
    21     3037000      FFFFF800           1       (3, 3, 14)    [] [E]
    22       14000      FFFFF800      60           (0, 1, 8)    [15] []
    23     3044800      FFFFF800          10       (3, 4, 9)    [] [SW]
    24     1011000      FFFFF800         380       (1, 1, 2)    [1, 2, 3] []
    25       14800      FFFFF800      40           (0, 1, 9)    [] []
    26     2037000      FFFFF800           1       (2, 3, 14)    [] [E]
    27     2035000      FFFFF800           1       (2, 3, 10)    [] [E]
    28       31000      FFFFF800           1       (0, 3, 2)    [] [E]
    29     3045000      FFFFF800          10       (3, 4, 10)    [] [SW]
    30     1018000      FFFFF800      7FC000       (1, 1, 0)    [8, 9, 10, 11, 12, 13, 14, 15] []
    31     3031800      FFFFF800           1       (3, 3, 3)    [] [E]
    32     1033000      FFFFF800           1       (1, 3, 6)    [] [E]
    33     1012800      FFFFF800        1F80       (1, 1, 5)    [1, 2, 3, 4, 5, 6] []
    34     3043000      FFFFF800          10       (3, 4, 6)    [] [SW]
    35       3 800      FFFFF800           1       (0, 3, 1)    [] [E]
    36     1034000      FFFFF800           1       (1, 3, 8)    [] [E]
    37       35800      FFFFF800           1       (0, 3, 11)    [] [E]
    38     2033000      FFFFF800           1       (2, 3, 6)    [] [E]
    39     3037800      FFFFF800           1       (3, 3, 15)    [] [E]
    40     1016800      FFFFF800       FF800       (1, 1, 13)    [5, 6, 7, 8, 9, 10, 11, 12, 13] []
    41     3047000      FFFFF800          10       (3, 4, 14)    [] [SW]
    42     1011800      FFFFF800         780       (1, 1, 3)    [1, 2, 3, 4] []
    43     1015000      FFFFF800       1FF00       (1, 1, 10)    [2, 3, 4, 5, 6, 7, 8, 9, 10] []
    44     3035800      FFFFF800           1       (3, 3, 11)    [] [E]
    45     3042000      FFFFF800          10       (3, 4, 4)    [] [SW]
    46       11000      FFFFF800      7F8000       (0, 1, 2)    [9, 10, 11, 12, 13, 14, 15] []
    47     3041800      FFFFF800          10       (3, 4, 3)    [] [SW]
    48       34000      FFFFF800           1       (0, 3, 8)    [] [E]
    49       15000      FFFFF800      40           (0, 1, 10)    [] []
    50     3045800      FFFFF800          10       (3, 4, 11)    [] [SW]
    51     2031000      FFFFF800           1       (2, 3, 2)    [] [E]
    52     1034800      FFFFF800           1       (1, 3, 9)    [] [E]
    53     3031000      FFFFF800           1       (3, 3, 2)    [] [E]
    54     1038000      FFFFF800           1       (1, 3, 0)    [] [E]
    55     2038000      FFFFF800           1       (2, 3, 0)    [] [E]
    56       12000      FFFFF800      7E           (0, 1, 4)    [11, 12, 13, 14, 15] []
    57       38000      FFFFF800           1       (0, 3, 0)    [] [E]
    58     3034800      FFFFF800           1       (3, 3, 9)    [] [E]
    59     1032800      FFFFF800           1       (1, 3, 5)    [] [E]
    60     1013800      FFFFF800        7F80       (1, 1, 7)    [1, 2, 3, 4, 5, 6, 7, 8] []
    61     3044000      FFFFF800          10       (3, 4, 8)    [] [SW]
    62     3036800      FFFFF800           1       (3, 3, 13)    [] [E]
    63     1017800      FFFFF800      3FE000       (1, 1, 15)    [7, 8, 9, 10, 11, 12, 13, 14, 15] []
    64     3048000      FFFFF800          10       (3, 4, 0)    [] [SW]
    65       31800      FFFFF800           1       (0, 3, 3)    [] [E]
    66     3036000      FFFFF800           1       (3, 3, 12)    [] [E]
    67       36000      FFFFF800           1       (0, 3, 12)    [] [E]
    68     2032800      FFFFF800           1       (2, 3, 5)    [] [E]
    69     1036800      FFFFF800           1       (1, 3, 13)    [] [E]
    70       12800      FFFFF800      7C           (0, 1, 5)    [12, 13, 14, 15] []
    71     3032800      FFFFF800           1       (3, 3, 5)    [] [E]
    72     1031000      FFFFF800           1       (1, 3, 2)    [] [E]
    73     1012000      FFFFF800         F80       (1, 1, 4)    [1, 2, 3, 4, 5] []
    74     3042800      FFFFF800          10       (3, 4, 5)    [] [SW]
    75     103 800      FFFFF800           1       (1, 3, 1)    [] [E]
    76     3035000      FFFFF800           1       (3, 3, 10)    [] [E]
    77     1016000      FFFFF800       7FC00       (1, 1, 12)    [4, 5, 6, 7, 8, 9, 10, 11, 12] []
    78     3046800      FFFFF800          10       (3, 4, 13)    [] [SW]
    79     203 800      FFFFF800           1       (2, 3, 1)    [] [E]
    80     1037000      FFFFF800           1       (1, 3, 14)    [] [E]
    81       32000      FFFFF800           1       (0, 3, 4)    [] [E]
    82     1035800      FFFFF800           1       (1, 3, 11)    [] [E]
    83       37800      FFFFF800           1       (0, 3, 15)    [] [E]
    84     1013000      FFFFF800        3F80       (1, 1, 6)    [1, 2, 3, 4, 5, 6, 7] []
    85     101 800      FFFFF800         380       (1, 1, 1)    [1, 2, 3] []
    86     3041000      FFFFF800          10       (3, 4, 2)    [] [SW]
    87     1037800      FFFFF800           1       (1, 3, 15)    [] [E]
    88     3034000      FFFFF800           1       (3, 3, 8)    [] [E]
    89     1033800      FFFFF800           1       (1, 3, 7)    [] [E]
    90     1014800      FFFFF800       1FF00       (1, 1, 9)    [2, 3, 4, 5, 6, 7, 8, 9, 10] []
    91       36800      FFFFF800           1       (0, 3, 13)    [] [E]
    92     2037800      FFFFF800           1       (2, 3, 15)    [] [E]
    93     1032000      FFFFF800           1       (1, 3, 4)    [] [E]
    94       33800      FFFFF800           1       (0, 3, 7)    [] [E]
    95     2032000      FFFFF800           1       (2, 3, 4)    [] [E]
    96       32800      FFFFF800           1       (0, 3, 5)    [] [E]
    97     304 800      FFFFF800          30       (3, 4, 1)    [] [SW, S]
    98     2036000      FFFFF800           1       (2, 3, 12)    [] [E]
    99       13800      FFFFF800      70           (0, 1, 7)    [14, 15] []
    100     3032000      FFFFF800           1       (3, 3, 4)    [] [E]
    101       13000      FFFFF800      78           (0, 1, 6)    [13, 14, 15] []
    102     3043800      FFFFF800          10       (3, 4, 7)    [] [SW]
    103     404 800      FFFFF800          10       (4, 4, 1)    [] [SW]
    104     2035800      FFFFF800           1       (2, 3, 11)    [] [E]
    105     1036000      FFFFF800           1       (1, 3, 12)    [] [E]
    106     1017000      FFFFF800      1FF000       (1, 1, 14)    [6, 7, 8, 9, 10, 11, 12, 13, 14] []
    107     3047800      FFFFF800          10       (3, 4, 15)    [] [SW]
