router contains 52 entries 
 
  Index   Key(hex)    Mask(hex)    Route(hex)    Src. Core -> [Cores][Links]
------------------------------------------------------------------------------
    0     101 800      FFFFF800          80       (1, 1, 1)    [1] []
    1     1011000      FFFFF800          80       (1, 1, 2)    [1] []
    2       12000      FFFFF800      7F8000       (0, 1, 4)    [9, 10, 11, 12, 13, 14, 15] []
    3       15800      FFFFF800      60           (0, 1, 11)    [15] []
    4     4006000      FFFFF800           8       (4, 0, 12)    [] [W]
    5       13000      FFFFF800      7E           (0, 1, 6)    [11, 12, 13, 14, 15] []
    6       1 800      FFFFF800      3FE000       (0, 1, 1)    [7, 8, 9, 10, 11, 12, 13, 14, 15] []
    7     2001000      FFFFF800           1       (2, 0, 2)    [] [E]
    8       11800      FFFFF800      7FC000       (0, 1, 3)    [8, 9, 10, 11, 12, 13, 14, 15] []
    9     3002000      FFFFF800           2       (3, 0, 4)    [] [NE]
    10     4007000      FFFFF800           8       (4, 0, 14)    [] [W]
    11     1012800      FFFFF800         780       (1, 1, 5)    [1, 2, 3, 4] []
    12     3003000      FFFFF800           2       (3, 0, 6)    [] [NE]
    13     1013800      FFFFF800        1F80       (1, 1, 7)    [1, 2, 3, 4, 5, 6] []
    14       14000      FFFFF800      78           (0, 1, 8)    [13, 14, 15] []
    15     3004000      FFFFF800           2       (3, 0, 8)    [] [NE]
    16     3001000      FFFFF800           2       (3, 0, 2)    [] [NE]
    17     1014800      FFFFF800        7F80       (1, 1, 9)    [1, 2, 3, 4, 5, 6, 7, 8] []
    18     4008000      FFFFF800           8       (4, 0, 0)    [] [W]
    19     3005000      FFFFF800           2       (3, 0, 10)    [] [NE]
    20     1015800      FFFFF800        FF80       (1, 1, 11)    [1, 2, 3, 4, 5, 6, 7, 8, 9] []
    21     3006000      FFFFF800           2       (3, 0, 12)    [] [NE]
    22     1016800      FFFFF800       3FE00       (1, 1, 13)    [3, 4, 5, 6, 7, 8, 9, 10, 11] []
    23     3007000      FFFFF800           2       (3, 0, 14)    [] [NE]
    24     1017800      FFFFF800       FF800       (1, 1, 15)    [5, 6, 7, 8, 9, 10, 11, 12, 13] []
    25     3008000      FFFFF800           2       (3, 0, 0)    [] [NE]
    26       15000      FFFFF800      70           (0, 1, 10)    [14, 15] []
    27     1011800      FFFFF800         180       (1, 1, 3)    [1, 2] []
    28     4005800      FFFFF800           8       (4, 0, 11)    [] [W]
    29       12800      FFFFF800      7F           (0, 1, 5)    [10, 11, 12, 13, 14, 15] []
    30       16000      FFFFF800      40           (0, 1, 12)    [] []
    31     4006800      FFFFF800           8       (4, 0, 13)    [] [W]
    32     200 800      FFFFF800           1       (2, 0, 1)    [] [E]
    33       11000      FFFFF800      3FE000       (0, 1, 2)    [7, 8, 9, 10, 11, 12, 13, 14, 15] []
    34       13800      FFFFF800      7C           (0, 1, 7)    [12, 13, 14, 15] []
    35     3001800      FFFFF800           2       (3, 0, 3)    [] [NE]
    36     300 800      FFFFF800           2       (3, 0, 1)    [] [NE]
    37     1012000      FFFFF800         380       (1, 1, 4)    [1, 2, 3] []
    38     3002800      FFFFF800           2       (3, 0, 5)    [] [NE]
    39     1013000      FFFFF800         F80       (1, 1, 6)    [1, 2, 3, 4, 5] []
    40     3003800      FFFFF800           2       (3, 0, 7)    [] [NE]
    41     1014000      FFFFF800        3F80       (1, 1, 8)    [1, 2, 3, 4, 5, 6, 7] []
    42     3004800      FFFFF800           2       (3, 0, 9)    [] [NE]
    43     4007800      FFFFF800           8       (4, 0, 15)    [] [W]
    44     1015000      FFFFF800        7F80       (1, 1, 10)    [1, 2, 3, 4, 5, 6, 7, 8] []
    45     3005800      FFFFF800           2       (3, 0, 11)    [] [NE]
    46     1016000      FFFFF800       1FF00       (1, 1, 12)    [2, 3, 4, 5, 6, 7, 8, 9, 10] []
    47       14800      FFFFF800      70           (0, 1, 9)    [14, 15] []
    48     3006800      FFFFF800           2       (3, 0, 13)    [] [NE]
    49     1017000      FFFFF800       7FC00       (1, 1, 14)    [4, 5, 6, 7, 8, 9, 10, 11, 12] []
    50     3007800      FFFFF800           2       (3, 0, 15)    [] [NE]
    51     1018000      FFFFF800      1FF000       (1, 1, 0)    [6, 7, 8, 9, 10, 11, 12, 13, 14] []
