router contains 113 entries 
 
  Index   Key(hex)    Mask(hex)    Route(hex)    Src. Core -> [Cores][Links]
------------------------------------------------------------------------------
    0        1000      FFFFF800         802       (0, 0, 2)    [5] [NE]
    1        1800      FFFFF800        1802       (0, 0, 3)    [5, 6] [NE]
    2       25000      FFFFF800           1       (0, 2, 10)    [] [E]
    3       14000      FFFFF800         383       (0, 1, 8)    [1, 2, 3] [E, NE]
    4     1011800      FFFFF800           C       (1, 1, 3)    [] [N, W]
    5     2042000      FFFFF800          10       (2, 4, 4)    [] [SW]
    6       1 800      FFFFF800           3       (0, 1, 1)    [] [E, NE]
    7       23000      FFFFF800           1       (0, 2, 6)    [] [E]
    8        4000      FFFFF800       3F802       (0, 0, 8)    [5, 6, 7, 8, 9, 10, 11] [NE]
    9        8000      FFFFF800      7F   2       (0, 0, 0)    [10, 11, 12, 13, 14, 15] [NE]
    10     1015800      FFFFF800           4       (1, 1, 11)    [] [N]
    11     2046000      FFFFF800          10       (2, 4, 12)    [] [SW]
    12     1027000      FFFFF800           1       (1, 2, 14)    [] [E]
    13     1008000      FFFFF800           C       (1, 0, 0)    [] [N, W]
    14       2 800      FFFFF800           1       (0, 2, 1)    [] [E]
    15       25800      FFFFF800           1       (0, 2, 11)    [] [E]
    16     1003000      FFFFF800      60   C       (1, 0, 6)    [15] [N, W]
    17        6800      FFFFF800      3FE002       (0, 0, 13)    [7, 8, 9, 10, 11, 12, 13, 14, 15] [NE]
    18     204 800      FFFFF800          10       (2, 4, 1)    [] [SW]
    19       21800      FFFFF800           1       (0, 2, 3)    [] [E]
    20        2800      FFFFF800        7802       (0, 0, 5)    [5, 6, 7, 8] [NE]
    21     1014000      FFFFF800           C       (1, 1, 8)    [] [N, W]
    22     2044800      FFFFF800          10       (2, 4, 9)    [] [SW]
    23       11000      FFFFF800           3       (0, 1, 2)    [] [E, NE]
    24     1025800      FFFFF800           1       (1, 2, 11)    [] [E]
    25       14800      FFFFF800         783       (0, 1, 9)    [1, 2, 3, 4] [E, NE]
    26     1006800      FFFFF800           C       (1, 0, 13)    [] [N, W]
    27       18000      FFFFF800         702       (0, 1, 0)    [2, 3, 4] [NE]
    28       21000      FFFFF800           1       (0, 2, 2)    [] [E]
    29     1018000      FFFFF800           4       (1, 1, 0)    [] [N]
    30       22800      FFFFF800           1       (0, 2, 5)    [] [E]
    31       26000      FFFFF800           1       (0, 2, 12)    [] [E]
    32        3800      FFFFF800       1F802       (0, 0, 7)    [5, 6, 7, 8, 9, 10] [NE]
    33     1001000      FFFFF800      7E   E       (1, 0, 2)    [11, 12, 13, 14, 15] [NE, N, W]
    34        7000      FFFFF800      7FC002       (0, 0, 14)    [8, 9, 10, 11, 12, 13, 14, 15] [NE]
    35     1012800      FFFFF800           C       (1, 1, 5)    [] [N, W]
    36     2043000      FFFFF800          10       (2, 4, 6)    [] [SW]
    37     1024000      FFFFF800           1       (1, 2, 8)    [] [E]
    38     1005000      FFFFF800           C       (1, 0, 10)    [] [N, W]
    39       16800      FFFFF800         783       (0, 1, 13)    [1, 2, 3, 4] [E, NE]
    40     2047000      FFFFF800          10       (2, 4, 14)    [] [SW]
    41       11800      FFFFF800           3       (0, 1, 3)    [] [E, NE]
    42     1028000      FFFFF800           1       (1, 2, 0)    [] [E]
    43     1015000      FFFFF800           C       (1, 1, 10)    [] [N, W]
    44       15800      FFFFF800         783       (0, 1, 11)    [1, 2, 3, 4] [E, NE]
    45     1023000      FFFFF800           1       (1, 2, 6)    [] [E]
    46       26800      FFFFF800           1       (0, 2, 13)    [] [E]
    47     1011000      FFFFF800           C       (1, 1, 2)    [] [N, W]
    48     2041800      FFFFF800          10       (2, 4, 3)    [] [SW]
    49     200 800      FFFFF800         600       (2, 0, 1)    [3, 4] []
    50     1022800      FFFFF800           1       (1, 2, 5)    [] [E]
    51     1004000      FFFFF800           C       (1, 0, 8)    [] [N, W]
    52     1003800      FFFFF800      40   C       (1, 0, 7)    [] [N, W]
    53        7800      FFFFF800      7F8002       (0, 0, 15)    [9, 10, 11, 12, 13, 14, 15] [NE]
    54       15000      FFFFF800         783       (0, 1, 10)    [1, 2, 3, 4] [E, NE]
    55     2045800      FFFFF800          10       (2, 4, 11)    [] [SW]
    56     1026800      FFFFF800           1       (1, 2, 13)    [] [E]
    57     1007800      FFFFF800           C       (1, 0, 15)    [] [N, W]
    58     1006000      FFFFF800           C       (1, 0, 12)    [] [N, W]
    59     1021000      FFFFF800           1       (1, 2, 2)    [] [E]
    60       23800      FFFFF800           1       (0, 2, 7)    [] [E]
    61     1002000      FFFFF800      78   C       (1, 0, 4)    [13, 14, 15] [N, W]
    62       27000      FFFFF800           1       (0, 2, 14)    [] [E]
    63     1013800      FFFFF800           C       (1, 1, 7)    [] [N, W]
    64     1012000      FFFFF800           C       (1, 1, 4)    [] [N, W]
    65     2001000      FFFFF800         600       (2, 0, 2)    [3, 4] []
    66     1025000      FFFFF800           1       (1, 2, 10)    [] [E]
    67        4800      FFFFF800       7F802       (0, 0, 9)    [5, 6, 7, 8, 9, 10, 11, 12] [NE]
    68        6000      FFFFF800      1FF002       (0, 0, 12)    [6, 7, 8, 9, 10, 11, 12, 13, 14] [NE]
    69     1017800      FFFFF800           4       (1, 1, 15)    [] [N]
    70     2048000      FFFFF800          10       (2, 4, 0)    [] [SW]
    71     1002800      FFFFF800      70   C       (1, 0, 5)    [14, 15] [N, W]
    72       12800      FFFFF800           3       (0, 1, 5)    [] [E, NE]
    73     1016000      FFFFF800           4       (1, 1, 12)    [] [N]
    74     100 800      FFFFF800      7E   E       (1, 0, 1)    [11, 12, 13, 14, 15] [NE, N, W]
    75       12000      FFFFF800           3       (0, 1, 4)    [] [E, NE]
    76     2042800      FFFFF800          10       (2, 4, 5)    [] [SW]
    77     1023800      FFFFF800           1       (1, 2, 7)    [] [E]
    78       24000      FFFFF800           1       (0, 2, 8)    [] [E]
    79     1004800      FFFFF800           C       (1, 0, 9)    [] [N, W]
    80       27800      FFFFF800           1       (0, 2, 15)    [] [E]
    81       16000      FFFFF800         783       (0, 1, 12)    [1, 2, 3, 4] [E, NE]
    82     2046800      FFFFF800          10       (2, 4, 13)    [] [SW]
    83     1027800      FFFFF800           1       (1, 2, 15)    [] [E]
    84        5000      FFFFF800       7F802       (0, 0, 10)    [5, 6, 7, 8, 9, 10, 11, 12] [NE]
    85       13000      FFFFF800          83       (0, 1, 6)    [1] [E, NE]
    86     1016800      FFFFF800           4       (1, 1, 13)    [] [N]
    87     101 800      FFFFF800           C       (1, 1, 1)    [] [N, W]
    88     2041000      FFFFF800          10       (2, 4, 2)    [] [SW]
    89       22000      FFFFF800           1       (0, 2, 4)    [] [E]
    90        3000      FFFFF800        F802       (0, 0, 6)    [5, 6, 7, 8, 9] [NE]
    91     1014800      FFFFF800           C       (1, 1, 9)    [] [N, W]
    92     2045000      FFFFF800          10       (2, 4, 10)    [] [SW]
    93     1026000      FFFFF800           1       (1, 2, 12)    [] [E]
    94       24800      FFFFF800           1       (0, 2, 9)    [] [E]
    95     1007000      FFFFF800           C       (1, 0, 14)    [] [N, W]
    96       28000      FFFFF800           1       (0, 2, 0)    [] [E]
    97        2000      FFFFF800        3802       (0, 0, 4)    [5, 6, 7] [NE]
    98       17800      FFFFF800         782       (0, 1, 15)    [1, 2, 3, 4] [NE]
    99        5800      FFFFF800       FF802       (0, 0, 11)    [5, 6, 7, 8, 9, 10, 11, 12, 13] [NE]
    100     102 800      FFFFF800           1       (1, 2, 1)    [] [E]
    101       13800      FFFFF800         183       (0, 1, 7)    [1, 2] [E, NE]
    102     1001800      FFFFF800      7C   E       (1, 0, 3)    [12, 13, 14, 15] [NE, N, W]
    103     1017000      FFFFF800           4       (1, 1, 14)    [] [N]
    104     1013000      FFFFF800           C       (1, 1, 6)    [] [N, W]
    105     2043800      FFFFF800          10       (2, 4, 7)    [] [SW]
    106     104 800      FFFFF800          10       (1, 4, 1)    [] [SW]
    107     1024800      FFFFF800           1       (1, 2, 9)    [] [E]
    108     2044000      FFFFF800          10       (2, 4, 8)    [] [SW]
    109     1005800      FFFFF800           C       (1, 0, 11)    [] [N, W]
    110       17000      FFFFF800         783       (0, 1, 14)    [1, 2, 3, 4] [E, NE]
    111     2047800      FFFFF800          10       (2, 4, 15)    [] [SW]
    112     1021800      FFFFF800           1       (1, 2, 3)    [] [E]
