router contains 99 entries 
 
  Index   Key(hex)    Mask(hex)    Route(hex)    Src. Core -> [Cores][Links]
------------------------------------------------------------------------------
    0        1000      FFFFF800        2000       (0, 0, 2)    [7] []
    1        1800      FFFFF800        6000       (0, 0, 3)    [7, 8] []
    2     2014000      FFFFF800           1       (2, 1, 8)    [] [E]
    3        2800      FFFFF800       1E000       (0, 0, 5)    [7, 8, 9, 10] []
    4     2013000      FFFFF800           1       (2, 1, 6)    [] [E]
    5     1011800      FFFFF800          20       (1, 1, 3)    [] [S]
    6     201 800      FFFFF800           1       (2, 1, 1)    [] [E]
    7     1014000      FFFFF800          20       (1, 1, 8)    [] [S]
    8        4000      FFFFF800       FE000       (0, 0, 8)    [7, 8, 9, 10, 11, 12, 13] []
    9     1017800      FFFFF800          21       (1, 1, 15)    [] [E, S]
    10     1015800      FFFFF800          20       (1, 1, 11)    [] [S]
    11       11000      FFFFF800          21       (0, 1, 2)    [] [E, S]
    12        8000      FFFFF800      7C           (0, 0, 0)    [12, 13, 14, 15] []
    13     2016800      FFFFF800           1       (2, 1, 13)    [] [E]
    14     101 800      FFFFF800          20       (1, 1, 1)    [] [S]
    15     3016800      FFFFF800           1       (3, 1, 13)    [] [E]
    16     2008000      FFFFF800           1       (2, 0, 0)    [] [E]
    17     2003000      FFFFF800           1       (2, 0, 6)    [] [E]
    18       14800      FFFFF800        1FA1       (0, 1, 9)    [1, 2, 3, 4, 5, 6] [E, S]
    19        6800      FFFFF800      7F8000       (0, 0, 13)    [9, 10, 11, 12, 13, 14, 15] []
    20     1002800      FFFFF800      40           (1, 0, 5)    [] []
    21     3011000      FFFFF800           1       (3, 1, 2)    [] [E]
    22       14000      FFFFF800         FA1       (0, 1, 8)    [1, 2, 3, 4, 5] [E, S]
    23     1011000      FFFFF800          20       (1, 1, 2)    [] [S]
    24     2014800      FFFFF800           1       (2, 1, 9)    [] [E]
    25     2006800      FFFFF800           1       (2, 0, 13)    [] [E]
    26       18000      FFFFF800        1C01       (0, 1, 0)    [4, 5, 6] [E]
    27     2018000      FFFFF800           1       (2, 1, 0)    [] [E]
    28     1001000      FFFFF800      78           (1, 0, 2)    [13, 14, 15] []
    29     3014800      FFFFF800           1       (3, 1, 9)    [] [E]
    30     1018000      FFFFF800          21       (1, 1, 0)    [] [E, S]
    31        3800      FFFFF800       7E000       (0, 0, 7)    [7, 8, 9, 10, 11, 12] []
    32     2001000      FFFFF800        1800       (2, 0, 2)    [5, 6] []
    33     1012800      FFFFF800          20       (1, 1, 5)    [] [S]
    34     3018000      FFFFF800           1       (3, 1, 0)    [] [E]
    35     2012800      FFFFF800           1       (2, 1, 5)    [] [E]
    36        5000      FFFFF800      1FE000       (0, 0, 10)    [7, 8, 9, 10, 11, 12, 13, 14] []
    37       16800      FFFFF800        1F81       (0, 1, 13)    [1, 2, 3, 4, 5, 6] [E]
    38       11800      FFFFF800          21       (0, 1, 3)    [] [E, S]
    39     1016000      FFFFF800          20       (1, 1, 12)    [] [S]
    40     3012800      FFFFF800           1       (3, 1, 5)    [] [E]
    41       15000      FFFFF800        1FA1       (0, 1, 10)    [1, 2, 3, 4, 5, 6] [E, S]
    42       15800      FFFFF800        1FA1       (0, 1, 11)    [1, 2, 3, 4, 5, 6] [E, S]
    43     3016000      FFFFF800           1       (3, 1, 12)    [] [E]
    44     2011000      FFFFF800           1       (2, 1, 2)    [] [E]
    45     200 800      FFFFF800        1800       (2, 0, 1)    [5, 6] []
    46     2004000      FFFFF800           1       (2, 0, 8)    [] [E]
    47     2003800      FFFFF800           1       (2, 0, 7)    [] [E]
    48        7800      FFFFF800      7E           (0, 0, 15)    [11, 12, 13, 14, 15] []
    49     2015000      FFFFF800           1       (2, 1, 10)    [] [E]
    50     2002000      FFFFF800           1       (2, 0, 4)    [] [E]
    51     301 800      FFFFF800           1       (3, 1, 1)    [] [E]
    52     2007800      FFFFF800           1       (2, 0, 15)    [] [E]
    53     2006000      FFFFF800           1       (2, 0, 12)    [] [E]
    54     2015800      FFFFF800           1       (2, 1, 11)    [] [E]
    55     3014000      FFFFF800           1       (3, 1, 8)    [] [E]
    56     2017800      FFFFF800           1       (2, 1, 15)    [] [E]
    57     1002000      FFFFF800      60           (1, 0, 4)    [15] []
    58     1013800      FFFFF800          20       (1, 1, 7)    [] [S]
    59     1012000      FFFFF800          20       (1, 1, 4)    [] [S]
    60     3017800      FFFFF800           1       (3, 1, 15)    [] [E]
    61        4800      FFFFF800      1FE000       (0, 0, 9)    [7, 8, 9, 10, 11, 12, 13, 14] []
    62        6000      FFFFF800      7FC000       (0, 0, 12)    [8, 9, 10, 11, 12, 13, 14, 15] []
    63       17800      FFFFF800        1E01       (0, 1, 15)    [3, 4, 5, 6] [E]
    64     2012000      FFFFF800           1       (2, 1, 4)    [] [E]
    65     2002800      FFFFF800           1       (2, 0, 5)    [] [E]
    66     3012000      FFFFF800           1       (3, 1, 4)    [] [E]
    67       12800      FFFFF800         1A1       (0, 1, 5)    [1, 2] [E, S]
    68       16000      FFFFF800        1FA1       (0, 1, 12)    [1, 2, 3, 4, 5, 6] [E, S]
    69     100 800      FFFFF800      78           (1, 0, 1)    [13, 14, 15] []
    70       12000      FFFFF800          A1       (0, 1, 4)    [1] [E, S]
    71     3015800      FFFFF800           1       (3, 1, 11)    [] [E]
    72     2004800      FFFFF800           1       (2, 0, 9)    [] [E]
    73     2016000      FFFFF800           1       (2, 1, 12)    [] [E]
    74     2001800      FFFFF800           1       (2, 0, 3)    [] [E]
    75     2005000      FFFFF800           1       (2, 0, 10)    [] [E]
    76     2007000      FFFFF800           1       (2, 0, 14)    [] [E]
    77     1013000      FFFFF800          20       (1, 1, 6)    [] [S]
    78     1016800      FFFFF800          20       (1, 1, 13)    [] [S]
    79       1 800      FFFFF800          21       (0, 1, 1)    [] [E, S]
    80     1017000      FFFFF800          20       (1, 1, 14)    [] [S]
    81     3013800      FFFFF800           1       (3, 1, 7)    [] [E]
    82        3000      FFFFF800       3E000       (0, 0, 6)    [7, 8, 9, 10, 11] []
    83     1014800      FFFFF800          20       (1, 1, 9)    [] [S]
    84        7000      FFFFF800      7F           (0, 0, 14)    [10, 11, 12, 13, 14, 15] []
    85     3017000      FFFFF800           1       (3, 1, 14)    [] [E]
    86        2000      FFFFF800        E000       (0, 0, 4)    [7, 8, 9] []
    87     2013800      FFFFF800           1       (2, 1, 7)    [] [E]
    88        5800      FFFFF800      3FE000       (0, 0, 11)    [7, 8, 9, 10, 11, 12, 13, 14, 15] []
    89     2011800      FFFFF800           1       (2, 1, 3)    [] [E]
    90     1015000      FFFFF800          20       (1, 1, 10)    [] [S]
    91     3011800      FFFFF800           1       (3, 1, 3)    [] [E]
    92       13800      FFFFF800         7A1       (0, 1, 7)    [1, 2, 3, 4] [E, S]
    93     1001800      FFFFF800      70           (1, 0, 3)    [14, 15] []
    94     3015000      FFFFF800           1       (3, 1, 10)    [] [E]
    95       17000      FFFFF800        1F01       (0, 1, 14)    [2, 3, 4, 5, 6] [E]
    96       13000      FFFFF800         3A1       (0, 1, 6)    [1, 2, 3] [E, S]
    97     2005800      FFFFF800           1       (2, 0, 11)    [] [E]
    98     2017000      FFFFF800           1       (2, 1, 14)    [] [E]
