router contains 18 entries 
 
  Index   Key(hex)    Mask(hex)    Route(hex)    Src. Core -> [Cores][Links]
------------------------------------------------------------------------------
    0     204 800      FFFFF800          20       (2, 4, 1)    [] [S]
    1     2041000      FFFFF800          20       (2, 4, 2)    [] [S]
    2     1041000      FFFFF800          20       (1, 4, 2)    [] [S]
    3     2041800      FFFFF800          20       (2, 4, 3)    [] [S]
    4     2043000      FFFFF800          20       (2, 4, 6)    [] [S]
    5     2042000      FFFFF800          20       (2, 4, 4)    [] [S]
    6     2042800      FFFFF800          20       (2, 4, 5)    [] [S]
    7     2043800      FFFFF800          20       (2, 4, 7)    [] [S]
    8     104 800      FFFFF800          20       (1, 4, 1)    [] [S]
    9     2044000      FFFFF800          20       (2, 4, 8)    [] [S]
    10     2044800      FFFFF800          20       (2, 4, 9)    [] [S]
    11     2045000      FFFFF800          20       (2, 4, 10)    [] [S]
    12     2045800      FFFFF800          20       (2, 4, 11)    [] [S]
    13     2046000      FFFFF800          20       (2, 4, 12)    [] [S]
    14     2046800      FFFFF800          20       (2, 4, 13)    [] [S]
    15     2047000      FFFFF800          20       (2, 4, 14)    [] [S]
    16     2047800      FFFFF800          20       (2, 4, 15)    [] [S]
    17     2048000      FFFFF800          20       (2, 4, 0)    [] [S]
