router contains 149 entries 
 
  Index   Key(hex)    Mask(hex)    Route(hex)    Src. Core -> [Cores][Links]
------------------------------------------------------------------------------
    0     202 800      FFFFF800          20       (2, 2, 1)    [] [S]
    1     2021000      FFFFF800          20       (2, 2, 2)    [] [S]
    2       25000      FFFFF800          20       (0, 2, 10)    [] [S]
    3     3038000      FFFFF800          80       (3, 3, 0)    [1] []
    4     1021800      FFFFF800          20       (1, 2, 3)    [] [S]
    5       33800      FFFFF800        1000       (0, 3, 7)    [6] []
    6       26800      FFFFF800          20       (0, 2, 13)    [] [S]
    7     1033800      FFFFF800         400       (1, 3, 7)    [4] []
    8     2033000      FFFFF800         180       (2, 3, 6)    [1, 2] []
    9     203 800      FFFFF800          80       (2, 3, 1)    [1] []
    10     2036800      FFFFF800         200       (2, 3, 13)    [3] []
    11       37000      FFFFF800        3000       (0, 3, 14)    [6, 7] []
    12     2023000      FFFFF800          20       (2, 2, 6)    [] [S]
    13     4004000      FFFFF800        6000       (4, 0, 8)    [7, 8] []
    14     3034800      FFFFF800          20       (3, 3, 9)    [] [S]
    15     2025000      FFFFF800          20       (2, 2, 10)    [] [S]
    16     1037000      FFFFF800         800       (1, 3, 14)    [5] []
    17     1027000      FFFFF800          20       (1, 2, 14)    [] [S]
    18     4008000      FFFFF800      7F8004       (4, 0, 0)    [9, 10, 11, 12, 13, 14, 15] [N]
    19       31800      FFFFF800         800       (0, 3, 3)    [5] []
    20     2025800      FFFFF800          20       (2, 2, 11)    [] [S]
    21     303 800      FFFFF800          20       (3, 3, 1)    [] [S]
    22     2022000      FFFFF800          20       (2, 2, 4)    [] [S]
    23     1025800      FFFFF800          20       (1, 2, 11)    [] [S]
    24     4022000      FFFFF800          20       (4, 2, 4)    [] [S]
    25     1031800      FFFFF800         600       (1, 3, 3)    [3, 4] []
    26     1023000      FFFFF800          20       (1, 2, 6)    [] [S]
    27       35000      FFFFF800        1000       (0, 3, 10)    [6] []
    28     3021800      FFFFF800          20       (3, 2, 3)    [] [S]
    29     2033800      FFFFF800         180       (2, 3, 7)    [1, 2] []
    30     4002800      FFFFF800        2000       (4, 0, 5)    [7] []
    31     3033000      FFFFF800          20       (3, 3, 6)    [] [S]
    32     2037000      FFFFF800         200       (2, 3, 14)    [3] []
    33     1035000      FFFFF800         400       (1, 3, 10)    [4] []
    34     3025800      FFFFF800          20       (3, 2, 11)    [] [S]
    35     4006800      FFFFF800      7F8004       (4, 0, 13)    [9, 10, 11, 12, 13, 14, 15] [N]
    36     3037000      FFFFF800          80       (3, 3, 14)    [1] []
    37     3023000      FFFFF800          20       (3, 2, 6)    [] [S]
    38     2035000      FFFFF800         200       (2, 3, 10)    [3] []
    39       36800      FFFFF800        1000       (0, 3, 13)    [6] []
    40     1025000      FFFFF800          20       (1, 2, 10)    [] [S]
    41     2026800      FFFFF800          20       (2, 2, 13)    [] [S]
    42     4023000      FFFFF800          20       (4, 2, 6)    [] [S]
    43       22800      FFFFF800          20       (0, 2, 5)    [] [S]
    44     2035800      FFFFF800         200       (2, 3, 11)    [3] []
    45       33000      FFFFF800        1800       (0, 3, 6)    [5, 6] []
    46     3026000      FFFFF800          20       (3, 2, 12)    [] [S]
    47     4003800      FFFFF800        6000       (4, 0, 7)    [7, 8] []
    48       32800      FFFFF800        1800       (0, 3, 5)    [5, 6] []
    49     3031800      FFFFF800          20       (3, 3, 3)    [] [S]
    50     1033000      FFFFF800         400       (1, 3, 6)    [4] []
    51     103 800      FFFFF800         200       (1, 3, 1)    [3] []
    52     2024000      FFFFF800          20       (2, 2, 8)    [] [S]
    53     1034000      FFFFF800         400       (1, 3, 8)    [4] []
    54     3021000      FFFFF800          20       (3, 2, 2)    [] [S]
    55     2037800      FFFFF800         200       (2, 3, 15)    [3] []
    56     2028000      FFFFF800          20       (2, 2, 0)    [] [S]
    57     2024800      FFFFF800          20       (2, 2, 9)    [] [S]
    58     1036800      FFFFF800         C00       (1, 3, 13)    [4, 5] []
    59       25800      FFFFF800          20       (0, 2, 11)    [] [S]
    60       31000      FFFFF800         800       (0, 3, 2)    [5] []
    61     3024800      FFFFF800          20       (3, 2, 9)    [] [S]
    62       23000      FFFFF800          20       (0, 2, 6)    [] [S]
    63       26000      FFFFF800          20       (0, 2, 12)    [] [S]
    64     1031000      FFFFF800         600       (1, 3, 2)    [3, 4] []
    65     1026800      FFFFF800          20       (1, 2, 13)    [] [S]
    66     400 800      FFFFF800        2000       (4, 0, 1)    [7] []
    67     1022800      FFFFF800          20       (1, 2, 5)    [] [S]
    68       34800      FFFFF800        1000       (0, 3, 9)    [6] []
    69     3034000      FFFFF800          20       (3, 3, 8)    [] [S]
    70     4007800      FFFFF800      7F8004       (4, 0, 15)    [9, 10, 11, 12, 13, 14, 15] [N]
    71     3028000      FFFFF800          20       (3, 2, 0)    [] [S]
    72     3026800      FFFFF800          20       (3, 2, 13)    [] [S]
    73     2022800      FFFFF800          20       (2, 2, 5)    [] [S]
    74     2034800      FFFFF800         200       (2, 3, 9)    [3] []
    75     1034800      FFFFF800         400       (1, 3, 9)    [4] []
    76     3031000      FFFFF800          20       (3, 3, 2)    [] [S]
    77     2038000      FFFFF800         200       (2, 3, 0)    [3] []
    78     2032000      FFFFF800          80       (2, 3, 4)    [1] []
    79       38000      FFFFF800        2000       (0, 3, 0)    [7] []
    80       2 800      FFFFF800          20       (0, 2, 1)    [] [S]
    81     4021800      FFFFF800          20       (4, 2, 3)    [] [S]
    82     2026000      FFFFF800          20       (2, 2, 12)    [] [S]
    83     4022800      FFFFF800          20       (4, 2, 5)    [] [S]
    84     1038000      FFFFF800         800       (1, 3, 0)    [5] []
    85     1021000      FFFFF800          20       (1, 2, 2)    [] [S]
    86       21800      FFFFF800          20       (0, 2, 3)    [] [S]
    87     1023800      FFFFF800          20       (1, 2, 7)    [] [S]
    88     4002000      FFFFF800        2000       (4, 0, 4)    [7] []
    89     2032800      FFFFF800         180       (2, 3, 5)    [1, 2] []
    90     402 800      FFFFF800          20       (4, 2, 1)    [] [S]
    91     2027000      FFFFF800          20       (2, 2, 14)    [] [S]
    92     4001000      FFFFF800        2000       (4, 0, 2)    [7] []
    93     3025000      FFFFF800          20       (3, 2, 10)    [] [S]
    94     1032800      FFFFF800         400       (1, 3, 5)    [4] []
    95     4006000      FFFFF800      2A8004       (4, 0, 12)    [9, 11, 13, 15] [N]
    96     4024000      FFFFF800          20       (4, 2, 8)    [] [S]
    97     3036800      FFFFF800          A0       (3, 3, 13)    [1] [S]
    98     2031800      FFFFF800          80       (2, 3, 3)    [1] []
    99     1024000      FFFFF800          20       (1, 2, 8)    [] [S]
    100       36000      FFFFF800        1000       (0, 3, 12)    [6] []
    101     3022800      FFFFF800          20       (3, 2, 5)    [] [S]
    102     1036000      FFFFF800         C00       (1, 3, 12)    [4, 5] []
    103       3 800      FFFFF800         800       (0, 3, 1)    [5] []
    104     3024000      FFFFF800          20       (3, 2, 8)    [] [S]
    105     2031000      FFFFF800          80       (2, 3, 2)    [1] []
    106     1035800      FFFFF800         C00       (1, 3, 11)    [4, 5] []
    107       22000      FFFFF800          20       (0, 2, 4)    [] [S]
    108     102 800      FFFFF800          20       (1, 2, 1)    [] [S]
    109       23800      FFFFF800          20       (0, 2, 7)    [] [S]
    110     2027800      FFFFF800          20       (2, 2, 15)    [] [S]
    111       24000      FFFFF800          20       (0, 2, 8)    [] [S]
    112     4004800      FFFFF800        6000       (4, 0, 9)    [7, 8] []
    113     3035000      FFFFF800          20       (3, 3, 10)    [] [S]
    114     1027800      FFFFF800          20       (1, 2, 15)    [] [S]
    115       34000      FFFFF800        1000       (0, 3, 8)    [6] []
    116       27800      FFFFF800          20       (0, 2, 15)    [] [S]
    117     3027800      FFFFF800          20       (3, 2, 15)    [] [S]
    118     3027000      FFFFF800          20       (3, 2, 14)    [] [S]
    119     1032000      FFFFF800         600       (1, 3, 4)    [3, 4] []
    120     3035800      FFFFF800          20       (3, 3, 11)    [] [S]
    121       37800      FFFFF800        3000       (0, 3, 15)    [6, 7] []
    122     3022000      FFFFF800          20       (3, 2, 4)    [] [S]
    123     1037800      FFFFF800         800       (1, 3, 15)    [5] []
    124     4003000      FFFFF800        2000       (4, 0, 6)    [7] []
    125     3033800      FFFFF800          20       (3, 3, 7)    [] [S]
    126       32000      FFFFF800        1800       (0, 3, 4)    [5, 6] []
    127       21000      FFFFF800          20       (0, 2, 2)    [] [S]
    128     1026000      FFFFF800          20       (1, 2, 12)    [] [S]
    129     1024800      FFFFF800          20       (1, 2, 9)    [] [S]
    130     4007000      FFFFF800      7F8004       (4, 0, 14)    [9, 10, 11, 12, 13, 14, 15] [N]
    131     3037800      FFFFF800          80       (3, 3, 15)    [1] []
    132     1028000      FFFFF800          20       (1, 2, 0)    [] [S]
    133     2023800      FFFFF800          20       (2, 2, 7)    [] [S]
    134       35800      FFFFF800        1000       (0, 3, 11)    [6] []
    135     3032800      FFFFF800          20       (3, 3, 5)    [] [S]
    136     2036000      FFFFF800         200       (2, 3, 12)    [3] []
    137     4021000      FFFFF800          20       (4, 2, 2)    [] [S]
    138       27000      FFFFF800          20       (0, 2, 14)    [] [S]
    139       28000      FFFFF800          20       (0, 2, 0)    [] [S]
    140     302 800      FFFFF800          20       (3, 2, 1)    [] [S]
    141     4001800      FFFFF800        2000       (4, 0, 3)    [7] []
    142     3032000      FFFFF800          20       (3, 3, 4)    [] [S]
    143     3023800      FFFFF800          20       (3, 2, 7)    [] [S]
    144       24800      FFFFF800          20       (0, 2, 9)    [] [S]
    145     4005800      FFFFF800      2A8004       (4, 0, 11)    [9, 11, 13, 15] [N]
    146     3036000      FFFFF800          A0       (3, 3, 12)    [1] [S]
    147     2021800      FFFFF800          20       (2, 2, 3)    [] [S]
    148     4023800      FFFFF800          20       (4, 2, 7)    [] [S]
