router contains 101 entries 
 
  Index   Key(hex)    Mask(hex)    Route(hex)    Src. Core -> [Cores][Links]
------------------------------------------------------------------------------
    0        1000      FFFFF800        8000       (0, 0, 2)    [9] []
    1        1800      FFFFF800       18000       (0, 0, 3)    [9, 10] []
    2     2038000      FFFFF800           1       (2, 3, 0)    [] [E]
    3     2033000      FFFFF800           1       (2, 3, 6)    [] [E]
    4     103 800      FFFFF800           1       (1, 3, 1)    [] [E]
    5     1036800      FFFFF800           1       (1, 3, 13)    [] [E]
    6       11800      FFFFF800         181       (0, 1, 3)    [1, 2] [E]
    7     2042000      FFFFF800          10       (2, 4, 4)    [] [SW]
    8       14000      FFFFF800        3F81       (0, 1, 8)    [1, 2, 3, 4, 5, 6, 7] [E]
    9        4000      FFFFF800      3F8000       (0, 0, 8)    [9, 10, 11, 12, 13, 14, 15] []
    10     1034800      FFFFF800           1       (1, 3, 9)    [] [E]
    11       15800      FFFFF800        7F80       (0, 1, 11)    [1, 2, 3, 4, 5, 6, 7, 8] []
    12     2046000      FFFFF800          10       (2, 4, 12)    [] [SW]
    13     1041000      FFFFF800          20       (1, 4, 2)    [] [S]
    14        8000      FFFFF800      70           (0, 0, 0)    [14, 15] []
    15       1 800      FFFFF800          81       (0, 1, 1)    [1] [E]
    16     1031800      FFFFF800           1       (1, 3, 3)    [] [E]
    17     204 800      FFFFF800          30       (2, 4, 1)    [] [SW, S]
    18     2033800      FFFFF800           1       (2, 3, 7)    [] [E]
    19        2800      FFFFF800       78000       (0, 0, 5)    [9, 10, 11, 12] []
    20       33000      FFFFF800           1       (0, 3, 6)    [] [E]
    21     2037000      FFFFF800           1       (2, 3, 14)    [] [E]
    22     1035000      FFFFF800           1       (1, 3, 10)    [] [E]
    23     2044800      FFFFF800          10       (2, 4, 9)    [] [SW]
    24        6800      FFFFF800      7E           (0, 0, 13)    [11, 12, 13, 14, 15] []
    25       37000      FFFFF800           1       (0, 3, 14)    [] [E]
    26       18000      FFFFF800        7000       (0, 1, 0)    [6, 7, 8] []
    27     2035000      FFFFF800           1       (2, 3, 10)    [] [E]
    28     1001000      FFFFF800      60           (1, 0, 2)    [15] []
    29     2001000      FFFFF800        6000       (2, 0, 2)    [7, 8] []
    30     2031800      FFFFF800           1       (2, 3, 3)    [] [E]
    31     1033000      FFFFF800           1       (1, 3, 6)    [] [E]
    32       12800      FFFFF800         781       (0, 1, 5)    [1, 2, 3, 4] [E]
    33     2043000      FFFFF800          10       (2, 4, 6)    [] [SW]
    34     203 800      FFFFF800           1       (2, 3, 1)    [] [E]
    35     2031000      FFFFF800           1       (2, 3, 2)    [] [E]
    36     1034000      FFFFF800           1       (1, 3, 8)    [] [E]
    37        5000      FFFFF800      7F8000       (0, 0, 10)    [9, 10, 11, 12, 13, 14, 15] []
    38       35800      FFFFF800           1       (0, 3, 11)    [] [E]
    39     1037800      FFFFF800           1       (1, 3, 15)    [] [E]
    40       16800      FFFFF800        7E00       (0, 1, 13)    [3, 4, 5, 6, 7, 8] []
    41     2047000      FFFFF800          10       (2, 4, 14)    [] [SW]
    42     2035800      FFFFF800           1       (2, 3, 11)    [] [E]
    43       11000      FFFFF800          81       (0, 1, 2)    [1] [E]
    44     2041800      FFFFF800          10       (2, 4, 3)    [] [SW]
    45     200 800      FFFFF800        6000       (2, 0, 1)    [7, 8] []
    46        3800      FFFFF800      1F8000       (0, 0, 7)    [9, 10, 11, 12, 13, 14] []
    47       34000      FFFFF800           1       (0, 3, 8)    [] [E]
    48     2036000      FFFFF800           1       (2, 3, 12)    [] [E]
    49       15000      FFFFF800        7F81       (0, 1, 10)    [1, 2, 3, 4, 5, 6, 7, 8] [E]
    50     2045800      FFFFF800          10       (2, 4, 11)    [] [SW]
    51     1031000      FFFFF800           1       (1, 3, 2)    [] [E]
    52       34800      FFFFF800           1       (0, 3, 9)    [] [E]
    53        7800      FFFFF800      78           (0, 0, 15)    [13, 14, 15] []
    54       38000      FFFFF800           1       (0, 3, 0)    [] [E]
    55     1038000      FFFFF800           1       (1, 3, 0)    [] [E]
    56       12000      FFFFF800         381       (0, 1, 4)    [1, 2, 3] [E]
    57     2034800      FFFFF800           1       (2, 3, 9)    [] [E]
    58        2000      FFFFF800       38000       (0, 0, 4)    [9, 10, 11] []
    59     1032800      FFFFF800           1       (1, 3, 5)    [] [E]
    60       13800      FFFFF800        1F81       (0, 1, 7)    [1, 2, 3, 4, 5, 6] [E]
    61     2044000      FFFFF800          10       (2, 4, 8)    [] [SW]
    62        6000      FFFFF800      7F           (0, 0, 12)    [10, 11, 12, 13, 14, 15] []
    63     2036800      FFFFF800           1       (2, 3, 13)    [] [E]
    64       17800      FFFFF800        7800       (0, 1, 15)    [5, 6, 7, 8] []
    65     2048000      FFFFF800          10       (2, 4, 0)    [] [SW]
    66       31800      FFFFF800           1       (0, 3, 3)    [] [E]
    67     2032800      FFFFF800           1       (2, 3, 5)    [] [E]
    68       36800      FFFFF800           1       (0, 3, 13)    [] [E]
    69       3 800      FFFFF800           1       (0, 3, 1)    [] [E]
    70     100 800      FFFFF800      60           (1, 0, 1)    [15] []
    71       31000      FFFFF800           1       (0, 3, 2)    [] [E]
    72     2042800      FFFFF800          10       (2, 4, 5)    [] [SW]
    73        4800      FFFFF800      7F8000       (0, 0, 9)    [9, 10, 11, 12, 13, 14, 15] []
    74       35000      FFFFF800           1       (0, 3, 10)    [] [E]
    75       16000      FFFFF800        7F00       (0, 1, 12)    [2, 3, 4, 5, 6, 7, 8] []
    76     2046800      FFFFF800          10       (2, 4, 13)    [] [SW]
    77     1037000      FFFFF800           1       (1, 3, 14)    [] [E]
    78       32000      FFFFF800           1       (0, 3, 4)    [] [E]
    79     1035800      FFFFF800           1       (1, 3, 11)    [] [E]
    80       37800      FFFFF800           1       (0, 3, 15)    [] [E]
    81     2041000      FFFFF800          10       (2, 4, 2)    [] [SW]
    82        3000      FFFFF800       F8000       (0, 0, 6)    [9, 10, 11, 12, 13] []
    83     1033800      FFFFF800           1       (1, 3, 7)    [] [E]
    84       14800      FFFFF800        7F81       (0, 1, 9)    [1, 2, 3, 4, 5, 6, 7, 8] [E]
    85     2045000      FFFFF800          10       (2, 4, 10)    [] [SW]
    86        7000      FFFFF800      7C           (0, 0, 14)    [12, 13, 14, 15] []
    87     2037800      FFFFF800           1       (2, 3, 15)    [] [E]
    88       33800      FFFFF800           1       (0, 3, 7)    [] [E]
    89     2032000      FFFFF800           1       (2, 3, 4)    [] [E]
    90       32800      FFFFF800           1       (0, 3, 5)    [] [E]
    91     1036000      FFFFF800           1       (1, 3, 12)    [] [E]
    92     1001800      FFFFF800      40           (1, 0, 3)    [] []
    93     1032000      FFFFF800           1       (1, 3, 4)    [] [E]
    94       13000      FFFFF800         F81       (0, 1, 6)    [1, 2, 3, 4, 5] [E]
    95     2043800      FFFFF800          10       (2, 4, 7)    [] [SW]
    96     104 800      FFFFF800          20       (1, 4, 1)    [] [S]
    97        5800      FFFFF800      7F8000       (0, 0, 11)    [9, 10, 11, 12, 13, 14, 15] []
    98       36000      FFFFF800           1       (0, 3, 12)    [] [E]
    99       17000      FFFFF800        7C00       (0, 1, 14)    [4, 5, 6, 7, 8] []
    100     2047800      FFFFF800          10       (2, 4, 15)    [] [SW]
