router contains 43 entries 
 
  Index   Key(hex)    Mask(hex)    Route(hex)    Src. Core -> [Cores][Links]
------------------------------------------------------------------------------
    0     1006800      FFFFF800          80       (1, 0, 13)    [1] []
    1     1007000      FFFFF800         180       (1, 0, 14)    [1, 2] []
    2       38000      FFFFF800           1       (0, 3, 0)    [] [E]
    3       11000      FFFFF800      7E           (0, 1, 2)    [11, 12, 13, 14, 15] []
    4       32000      FFFFF800           1       (0, 3, 4)    [] [E]
    5       35800      FFFFF800           1       (0, 3, 11)    [] [E]
    6       13000      FFFFF800      60           (0, 1, 6)    [15] []
    7       33000      FFFFF800           1       (0, 3, 6)    [] [E]
    8       12000      FFFFF800      78           (0, 1, 4)    [13, 14, 15] []
    9     101 800      FFFFF800         F80       (1, 1, 1)    [1, 2, 3, 4, 5] []
    10       36800      FFFFF800           1       (0, 3, 13)    [] [E]
    11       11800      FFFFF800      7C           (0, 1, 3)    [12, 13, 14, 15] []
    12       1 800      FFFFF800      7E           (0, 1, 1)    [11, 12, 13, 14, 15] []
    13     1012800      FFFFF800        7F80       (1, 1, 5)    [1, 2, 3, 4, 5, 6, 7, 8] []
    14       3 800      FFFFF800           1       (0, 3, 1)    [] [E]
    15     1013800      FFFFF800       1FF00       (1, 1, 7)    [2, 3, 4, 5, 6, 7, 8, 9, 10] []
    16     1014800      FFFFF800       7FC00       (1, 1, 9)    [4, 5, 6, 7, 8, 9, 10, 11, 12] []
    17       34000      FFFFF800           1       (0, 3, 8)    [] [E]
    18     1015800      FFFFF800       FF800       (1, 1, 11)    [5, 6, 7, 8, 9, 10, 11, 12, 13] []
    19       37800      FFFFF800           1       (0, 3, 15)    [] [E]
    20     1016800      FFFFF800      3FE000       (1, 1, 13)    [7, 8, 9, 10, 11, 12, 13, 14, 15] []
    21     1017800      FFFFF800      7F8000       (1, 1, 15)    [9, 10, 11, 12, 13, 14, 15] []
    22     1008000      FFFFF800         780       (1, 0, 0)    [1, 2, 3, 4] []
    23       31800      FFFFF800           1       (0, 3, 3)    [] [E]
    24     1011800      FFFFF800        1F80       (1, 1, 3)    [1, 2, 3, 4, 5, 6] []
    25       12800      FFFFF800      70           (0, 1, 5)    [14, 15] []
    26       32800      FFFFF800           1       (0, 3, 5)    [] [E]
    27       36000      FFFFF800           1       (0, 3, 12)    [] [E]
    28       35000      FFFFF800           1       (0, 3, 10)    [] [E]
    29     1011000      FFFFF800         F80       (1, 1, 2)    [1, 2, 3, 4, 5] []
    30       13800      FFFFF800      40           (0, 1, 7)    [] []
    31     1012000      FFFFF800        3F80       (1, 1, 4)    [1, 2, 3, 4, 5, 6, 7] []
    32       33800      FFFFF800           1       (0, 3, 7)    [] [E]
    33     1013000      FFFFF800        FF80       (1, 1, 6)    [1, 2, 3, 4, 5, 6, 7, 8, 9] []
    34       37000      FFFFF800           1       (0, 3, 14)    [] [E]
    35     1014000      FFFFF800       3FE00       (1, 1, 8)    [3, 4, 5, 6, 7, 8, 9, 10, 11] []
    36     1015000      FFFFF800       7FC00       (1, 1, 10)    [4, 5, 6, 7, 8, 9, 10, 11, 12] []
    37       31000      FFFFF800           1       (0, 3, 2)    [] [E]
    38     1016000      FFFFF800      1FF000       (1, 1, 12)    [6, 7, 8, 9, 10, 11, 12, 13, 14] []
    39     1017000      FFFFF800      7FC000       (1, 1, 14)    [8, 9, 10, 11, 12, 13, 14, 15] []
    40       34800      FFFFF800           1       (0, 3, 9)    [] [E]
    41     1007800      FFFFF800         380       (1, 0, 15)    [1, 2, 3] []
    42     1018000      FFFFF800      7F           (1, 1, 0)    [10, 11, 12, 13, 14, 15] []
