router contains 59 entries 
 
  Index   Key(hex)    Mask(hex)    Route(hex)    Src. Core -> [Cores][Links]
------------------------------------------------------------------------------
    0     1017800      FFFFF800          80       (1, 1, 15)    [1] []
    1     1018000      FFFFF800         180       (1, 1, 0)    [1, 2] []
    2     2001000      FFFFF800       18000       (2, 0, 2)    [9, 10] []
    3     4015800      FFFFF800      20           (4, 1, 11)    [15] []
    4     4022800      FFFFF800       8           (4, 2, 5)    [13] []
    5     4013000      FFFFF800      40           (4, 1, 6)    [] []
    6     4016800      FFFFF800       2           (4, 1, 13)    [11] []
    7       1 800      FFFFF800         380       (0, 1, 1)    [1, 2, 3] []
    8     4001000      FFFFF800           4       (4, 0, 2)    [] [N]
    9     4011800      FFFFF800       8           (4, 1, 3)    [13] []
    10     4023800      FFFFF800      20           (4, 2, 7)    [15] []
    11     4002000      FFFFF800           4       (4, 0, 4)    [] [N]
    12     401 800      FFFFF800       2           (4, 1, 1)    [11] []
    13       12800      FFFFF800        1F80       (0, 1, 5)    [1, 2, 3, 4, 5, 6] []
    14     4003000      FFFFF800           4       (4, 0, 6)    [] [N]
    15       13800      FFFFF800        7F80       (0, 1, 7)    [1, 2, 3, 4, 5, 6, 7, 8] []
    16     4014000      FFFFF800       4           (4, 1, 8)    [12] []
    17     4004000      FFFFF800           4       (4, 0, 8)    [] [N]
    18       14800      FFFFF800       1FF00       (0, 1, 9)    [2, 3, 4, 5, 6, 7, 8, 9, 10] []
    19     4017800      FFFFF800       8           (4, 1, 15)    [13] []
    20       15800      FFFFF800       1FE00       (0, 1, 11)    [3, 4, 5, 6, 7, 8, 9, 10] []
    21     4006000      FFFFF800           C       (4, 0, 12)    [] [N, W]
    22       16800      FFFFF800       1F800       (0, 1, 13)    [5, 6, 7, 8, 9, 10] []
    23     4007000      FFFFF800           C       (4, 0, 14)    [] [N, W]
    24     4018000      FFFFF800      10           (4, 1, 0)    [14] []
    25       17800      FFFFF800       1E000       (0, 1, 15)    [7, 8, 9, 10] []
    26     4008000      FFFFF800           C       (4, 0, 0)    [] [N, W]
    27     4015000      FFFFF800      10           (4, 1, 10)    [14] []
    28     4021000      FFFFF800      40           (4, 2, 2)    [] []
    29       11800      FFFFF800         780       (0, 1, 3)    [1, 2, 3, 4] []
    30     4022000      FFFFF800       4           (4, 2, 4)    [12] []
    31     4012800      FFFFF800      20           (4, 1, 5)    [15] []
    32     402 800      FFFFF800      20           (4, 2, 1)    [15] []
    33     4016000      FFFFF800      40           (4, 1, 12)    [] []
    34     4023000      FFFFF800      10           (4, 2, 6)    [14] []
    35     4012000      FFFFF800      10           (4, 1, 4)    [14] []
    36     200 800      FFFFF800       18000       (2, 0, 1)    [9, 10] []
    37       11000      FFFFF800         380       (0, 1, 2)    [1, 2, 3] []
    38     4013800      FFFFF800       2           (4, 1, 7)    [11] []
    39     4001800      FFFFF800           4       (4, 0, 3)    [] [N]
    40     400 800      FFFFF800           4       (4, 0, 1)    [] [N]
    41       12000      FFFFF800         F80       (0, 1, 4)    [1, 2, 3, 4, 5] []
    42     4002800      FFFFF800           4       (4, 0, 5)    [] [N]
    43     4017000      FFFFF800       4           (4, 1, 14)    [12] []
    44       13000      FFFFF800        3F80       (0, 1, 6)    [1, 2, 3, 4, 5, 6, 7] []
    45     4003800      FFFFF800           4       (4, 0, 7)    [] [N]
    46       14000      FFFFF800        FF80       (0, 1, 8)    [1, 2, 3, 4, 5, 6, 7, 8, 9] []
    47     4024000      FFFFF800      40           (4, 2, 8)    [] []
    48     4004800      FFFFF800           4       (4, 0, 9)    [] [N]
    49     4011000      FFFFF800       4           (4, 1, 2)    [12] []
    50       15000      FFFFF800       1FF00       (0, 1, 10)    [2, 3, 4, 5, 6, 7, 8, 9, 10] []
    51     4005800      FFFFF800           C       (4, 0, 11)    [] [N, W]
    52       16000      FFFFF800       1FC00       (0, 1, 12)    [4, 5, 6, 7, 8, 9, 10] []
    53     4014800      FFFFF800       8           (4, 1, 9)    [13] []
    54     4006800      FFFFF800           C       (4, 0, 13)    [] [N, W]
    55       17000      FFFFF800       1F000       (0, 1, 14)    [6, 7, 8, 9, 10] []
    56     4007800      FFFFF800           C       (4, 0, 15)    [] [N, W]
    57     4021800      FFFFF800       2           (4, 2, 3)    [11] []
    58       18000      FFFFF800       1C000       (0, 1, 0)    [8, 9, 10] []
