router contains 81 entries 
 
  Index   Key(hex)    Mask(hex)    Route(hex)    Src. Core -> [Cores][Links]
------------------------------------------------------------------------------
    0        1000      FFFFF800           1       (0, 0, 2)    [] [E]
    1        1800      FFFFF800           1       (0, 0, 3)    [] [E]
    2     3041800      FFFFF800         300       (3, 4, 3)    [2, 3] []
    3       17800      FFFFF800           1       (0, 1, 15)    [] [E]
    4     1001000      FFFFF800           4       (1, 0, 2)    [] [N]
    5     3045000      FFFFF800       18000       (3, 4, 10)    [9, 10] []
    6       15800      FFFFF800           1       (0, 1, 11)    [] [E]
    7     3046000      FFFFF800       6           (3, 4, 12)    [11, 12] []
    8     1002800      FFFFF800           4       (1, 0, 5)    [] [N]
    9     1005000      FFFFF800           4       (1, 0, 10)    [] [N]
    10     1006000      FFFFF800           4       (1, 0, 12)    [] [N]
    11     3042800      FFFFF800         C00       (3, 4, 5)    [4, 5] []
    12       13000      FFFFF800           1       (0, 1, 6)    [] [E]
    13     404 800      FFFFF800          10       (4, 4, 1)    [] [SW]
    14       12000      FFFFF800           1       (0, 1, 4)    [] [E]
    15       16800      FFFFF800           1       (0, 1, 13)    [] [E]
    16     101 800      FFFFF800          17       (1, 1, 1)    [] [E, NE, N, SW]
    17     3041000      FFFFF800         180       (3, 4, 2)    [1, 2] []
    18     1011800      FFFFF800          17       (1, 1, 3)    [] [E, NE, N, SW]
    19     1002000      FFFFF800           4       (1, 0, 4)    [] [N]
    20     1007000      FFFFF800           4       (1, 0, 14)    [] [N]
    21     1012800      FFFFF800          17       (1, 1, 5)    [] [E, NE, N, SW]
    22     3043800      FFFFF800        3000       (3, 4, 7)    [6, 7] []
    23        3000      FFFFF800           1       (0, 0, 6)    [] [E]
    24     1013800      FFFFF800          17       (1, 1, 7)    [] [E, NE, N, SW]
    25       14000      FFFFF800           1       (0, 1, 8)    [] [E]
    26        4000      FFFFF800           1       (0, 0, 8)    [] [E]
    27     3047000      FFFFF800      18           (3, 4, 14)    [13, 14] []
    28     1014800      FFFFF800          17       (1, 1, 9)    [] [E, NE, N, SW]
    29        5000      FFFFF800           1       (0, 0, 10)    [] [E]
    30     1017800      FFFFF800          17       (1, 1, 15)    [] [E, NE, N, SW]
    31     1015800      FFFFF800          17       (1, 1, 11)    [] [E, NE, N, SW]
    32     1004800      FFFFF800           4       (1, 0, 9)    [] [N]
    33        6000      FFFFF800           1       (0, 0, 12)    [] [E]
    34     1016800      FFFFF800          17       (1, 1, 13)    [] [E, NE, N, SW]
    35        7000      FFFFF800           3       (0, 0, 14)    [] [E, NE]
    36       11800      FFFFF800           1       (0, 1, 3)    [] [E]
    37     1008000      FFFFF800           6       (1, 0, 0)    [] [NE, N]
    38     3044800      FFFFF800        C000       (3, 4, 9)    [8, 9] []
    39        8000      FFFFF800           3       (0, 0, 0)    [] [E, NE]
    40       15000      FFFFF800           1       (0, 1, 10)    [] [E]
    41        2000      FFFFF800           1       (0, 0, 4)    [] [E]
    42     3048000      FFFFF800      60           (3, 4, 0)    [15] []
    43     1003800      FFFFF800           4       (1, 0, 7)    [] [N]
    44     204 800      FFFFF800      40           (2, 4, 1)    [] []
    45       1 800      FFFFF800           1       (0, 1, 1)    [] [E]
    46     1005800      FFFFF800           4       (1, 0, 11)    [] [N]
    47     3042000      FFFFF800         600       (3, 4, 4)    [3, 4] []
    48       12800      FFFFF800           1       (0, 1, 5)    [] [E]
    49     3045800      FFFFF800       3           (3, 4, 11)    [10, 11] []
    50       16000      FFFFF800           1       (0, 1, 12)    [] [E]
    51     304 800      FFFFF800          80       (3, 4, 1)    [1] []
    52     1003000      FFFFF800           4       (1, 0, 6)    [] [N]
    53     1006800      FFFFF800           4       (1, 0, 13)    [] [N]
    54     3043000      FFFFF800        1800       (3, 4, 6)    [5, 6] []
    55     100 800      FFFFF800           4       (1, 0, 1)    [] [N]
    56     1011000      FFFFF800          17       (1, 1, 2)    [] [E, NE, N, SW]
    57       13800      FFFFF800           1       (0, 1, 7)    [] [E]
    58     1001800      FFFFF800           4       (1, 0, 3)    [] [N]
    59     3046800      FFFFF800       C           (3, 4, 13)    [12, 13] []
    60     1012000      FFFFF800          17       (1, 1, 4)    [] [E, NE, N, SW]
    61        2800      FFFFF800           1       (0, 0, 5)    [] [E]
    62       17000      FFFFF800           1       (0, 1, 14)    [] [E]
    63     1013000      FFFFF800          17       (1, 1, 6)    [] [E, NE, N, SW]
    64     1004000      FFFFF800           4       (1, 0, 8)    [] [N]
    65        3800      FFFFF800           1       (0, 0, 7)    [] [E]
    66       11000      FFFFF800           1       (0, 1, 2)    [] [E]
    67     1014000      FFFFF800          17       (1, 1, 8)    [] [E, NE, N, SW]
    68        4800      FFFFF800           1       (0, 0, 9)    [] [E]
    69     1007800      FFFFF800           6       (1, 0, 15)    [] [NE, N]
    70     1015000      FFFFF800          17       (1, 1, 10)    [] [E, NE, N, SW]
    71     3044000      FFFFF800        6000       (3, 4, 8)    [7, 8] []
    72        5800      FFFFF800           1       (0, 0, 11)    [] [E]
    73     1016000      FFFFF800          17       (1, 1, 12)    [] [E, NE, N, SW]
    74       14800      FFFFF800           1       (0, 1, 9)    [] [E]
    75        6800      FFFFF800           3       (0, 0, 13)    [] [E, NE]
    76     3047800      FFFFF800      30           (3, 4, 15)    [14, 15] []
    77     1017000      FFFFF800          17       (1, 1, 14)    [] [E, NE, N, SW]
    78       18000      FFFFF800           1       (0, 1, 0)    [] [E]
    79        7800      FFFFF800           3       (0, 0, 15)    [] [E, NE]
    80     1018000      FFFFF800          17       (1, 1, 0)    [] [E, NE, N, SW]
