router contains 194 entries 
 
  Index   Key(hex)    Mask(hex)    Route(hex)    Src. Core -> [Cores][Links]
------------------------------------------------------------------------------
    0     1017800      FFFFF800          20       (1, 1, 15)    [] [S]
    1     1018000      FFFFF800          20       (1, 1, 0)    [] [S]
    2     4005800      FFFFF800           4       (4, 0, 11)    [] [N]
    3       25000      FFFFF800        8000       (0, 2, 10)    [9] []
    4     2018000      FFFFF800         600       (2, 1, 0)    [3, 4] []
    5     4015000      FFFFF800          20       (4, 1, 10)    [] [S]
    6     3027000      FFFFF800      20           (3, 2, 14)    [15] []
    7     3002800      FFFFF800       1           (3, 0, 5)    [10] []
    8     3006000      FFFFF800       2           (3, 0, 12)    [11] []
    9     4006800      FFFFF800           4       (4, 0, 13)    [] [N]
    10     3011000      FFFFF800       2           (3, 1, 2)    [11] []
    11     3033000      FFFFF800      40           (3, 3, 6)    [] []
    12     303 800      FFFFF800      20           (3, 3, 1)    [15] []
    13     2011800      FFFFF800         100       (2, 1, 3)    [2] []
    14     3021800      FFFFF800      10           (3, 2, 3)    [14] []
    15     201 800      FFFFF800         100       (2, 1, 1)    [2] []
    16     2023000      FFFFF800         400       (2, 2, 6)    [4] []
    17       14000      FFFFF800          20       (0, 1, 8)    [] [S]
    18     2004000      FFFFF800          80       (2, 0, 8)    [1] []
    19     3034800      FFFFF800      40           (3, 3, 9)    [] []
    20       17800      FFFFF800          20       (0, 1, 15)    [] [S]
    21     2015800      FFFFF800         200       (2, 1, 11)    [3] []
    22     4021800      FFFFF800          20       (4, 2, 3)    [] [S]
    23     1027000      FFFFF800        6000       (1, 2, 14)    [7, 8] []
    24     4008000      FFFFF800           4       (4, 0, 0)    [] [N]
    25     2008000      FFFFF800         100       (2, 0, 0)    [2] []
    26     4013000      FFFFF800          20       (4, 1, 6)    [] [S]
    27     3025000      FFFFF800      30           (3, 2, 10)    [14, 15] []
    28       2 800      FFFFF800        4000       (0, 2, 1)    [8] []
    29       22000      FFFFF800        4000       (0, 2, 4)    [8] []
    30     2025800      FFFFF800         800       (2, 2, 11)    [5] []
    31     4004800      FFFFF800           4       (4, 0, 9)    [] [N]
    32     3016800      FFFFF800       8           (3, 1, 13)    [13] []
    33     3003000      FFFFF800       1           (3, 0, 6)    [10] []
    34     4014000      FFFFF800          20       (4, 1, 8)    [] [S]
    35     3016000      FFFFF800       8           (3, 1, 12)    [13] []
    36     3006800      FFFFF800       2           (3, 0, 13)    [11] []
    37     4016800      FFFFF800          20       (4, 1, 13)    [] [S]
    38     3008000      FFFFF800       2           (3, 0, 0)    [11] []
    39       21800      FFFFF800        4000       (0, 2, 3)    [8] []
    40     2002800      FFFFF800          80       (2, 0, 5)    [1] []
    41       26800      FFFFF800        8000       (0, 2, 13)    [9] []
    42     2014000      FFFFF800         200       (2, 1, 8)    [3] []
    43     2011000      FFFFF800         100       (2, 1, 2)    [2] []
    44     1025800      FFFFF800        2000       (1, 2, 11)    [7] []
    45     2014800      FFFFF800         200       (2, 1, 9)    [3] []
    46     2006800      FFFFF800         180       (2, 0, 13)    [1, 2] []
    47     4011000      FFFFF800          20       (4, 1, 2)    [] [S]
    48     3023000      FFFFF800      10           (3, 2, 6)    [14] []
    49       18000      FFFFF800          20       (0, 1, 0)    [] [S]
    50     2025000      FFFFF800         800       (2, 2, 10)    [5] []
    51     4002800      FFFFF800           4       (4, 0, 5)    [] [N]
    52     3014800      FFFFF800       8           (3, 1, 9)    [13] []
    53     3012000      FFFFF800       6           (3, 1, 4)    [11, 12] []
    54     1022800      FFFFF800        2000       (1, 2, 5)    [7] []
    55     3025800      FFFFF800      30           (3, 2, 11)    [14, 15] []
    56     2026000      FFFFF800         800       (2, 2, 12)    [5] []
    57     4014800      FFFFF800          20       (4, 1, 9)    [] [S]
    58     3026800      FFFFF800      20           (3, 2, 13)    [15] []
    59     3003800      FFFFF800       1           (3, 0, 7)    [10] []
    60       24800      FFFFF800        C000       (0, 2, 9)    [8, 9] []
    61     2021000      FFFFF800         400       (2, 2, 2)    [4] []
    62     3007000      FFFFF800       2           (3, 0, 14)    [11] []
    63       12800      FFFFF800          20       (0, 1, 5)    [] [S]
    64     3018000      FFFFF800      18           (3, 1, 0)    [13, 14] []
    65     4016000      FFFFF800          20       (4, 1, 12)    [] [S]
    66     1024000      FFFFF800        2000       (1, 2, 8)    [7] []
    67     2005000      FFFFF800          80       (2, 0, 10)    [1] []
    68     3021000      FFFFF800      18           (3, 2, 2)    [13, 14] []
    69     2016800      FFFFF800         200       (2, 1, 13)    [3] []
    70       11800      FFFFF800          20       (0, 1, 3)    [] [S]
    71     2028000      FFFFF800         800       (2, 2, 0)    [5] []
    72     3012800      FFFFF800       6           (3, 1, 5)    [11, 12] []
    73       15000      FFFFF800          20       (0, 1, 10)    [] [S]
    74     4023000      FFFFF800          20       (4, 2, 6)    [] [S]
    75     4021000      FFFFF800          20       (4, 2, 2)    [] [S]
    76     1021800      FFFFF800        1800       (1, 2, 3)    [5, 6] []
    77     4012800      FFFFF800          20       (4, 1, 5)    [] [S]
    78     3024800      FFFFF800      30           (3, 2, 9)    [14, 15] []
    79     1023000      FFFFF800        2000       (1, 2, 6)    [7] []
    80     4004000      FFFFF800           4       (4, 0, 8)    [] [N]
    81       26000      FFFFF800        8000       (0, 2, 12)    [9] []
    82     301 800      FFFFF800       2           (3, 1, 1)    [11] []
    83     1026800      FFFFF800        2000       (1, 2, 13)    [7] []
    84       11000      FFFFF800          20       (0, 1, 2)    [] [S]
    85     400 800      FFFFF800           4       (4, 0, 1)    [] [N]
    86     3024000      FFFFF800      10           (3, 2, 8)    [14] []
    87       22800      FFFFF800        4000       (0, 2, 5)    [8] []
    88     3004000      FFFFF800       1           (3, 0, 8)    [10] []
    89     2003800      FFFFF800          80       (2, 0, 7)    [1] []
    90     3034000      FFFFF800      40           (3, 3, 8)    [] []
    91     3007800      FFFFF800       2           (3, 0, 15)    [11] []
    92     2015000      FFFFF800         200       (2, 1, 10)    [3] []
    93     3028000      FFFFF800      20           (3, 2, 0)    [15] []
    94     4001000      FFFFF800           4       (4, 0, 2)    [] [N]
    95     2026800      FFFFF800         800       (2, 2, 13)    [5] []
    96     4007800      FFFFF800           4       (4, 0, 15)    [] [N]
    97     2007800      FFFFF800         100       (2, 0, 15)    [2] []
    98     2002000      FFFFF800          80       (2, 0, 4)    [1] []
    99     401 800      FFFFF800          20       (4, 1, 1)    [] [S]
    100     3022800      FFFFF800      10           (3, 2, 5)    [14] []
    101       15800      FFFFF800          20       (0, 1, 11)    [] [S]
    102     3014000      FFFFF800       8           (3, 1, 8)    [13] []
    103     4022800      FFFFF800          20       (4, 2, 5)    [] [S]
    104       12000      FFFFF800          20       (0, 1, 4)    [] [S]
    105       21000      FFFFF800        4000       (0, 2, 2)    [8] []
    106     1023800      FFFFF800        2000       (1, 2, 7)    [7] []
    107     3002000      FFFFF800       1           (3, 0, 4)    [10] []
    108     3026000      FFFFF800      20           (3, 2, 12)    [15] []
    109     402 800      FFFFF800          20       (4, 2, 1)    [] [S]
    110     2027000      FFFFF800         800       (2, 2, 14)    [5] []
    111       13800      FFFFF800          20       (0, 1, 7)    [] [S]
    112     3001000      FFFFF800       18000       (3, 0, 2)    [9, 10] []
    113       24000      FFFFF800        C000       (0, 2, 8)    [8, 9] []
    114     1025000      FFFFF800        2000       (1, 2, 10)    [7] []
    115     3017800      FFFFF800       8           (3, 1, 15)    [13] []
    116     3004800      FFFFF800       1           (3, 0, 9)    [10] []
    117     2006000      FFFFF800         180       (2, 0, 12)    [1, 2] []
    118     4024000      FFFFF800          20       (4, 2, 8)    [] [S]
    119     3036800      FFFFF800      40           (3, 3, 13)    [] []
    120     4006000      FFFFF800           4       (4, 0, 12)    [] [N]
    121     2017800      FFFFF800         600       (2, 1, 15)    [3, 4] []
    122     3031800      FFFFF800      60           (3, 3, 3)    [15] []
    123     302 800      FFFFF800      18           (3, 2, 1)    [13, 14] []
    124     4017800      FFFFF800          20       (4, 1, 15)    [] [S]
    125     2022800      FFFFF800         400       (2, 2, 5)    [4] []
    126       27800      FFFFF800        8000       (0, 2, 15)    [9] []
    127     2012800      FFFFF800         300       (2, 1, 5)    [2, 3] []
    128     3011800      FFFFF800       6           (3, 1, 3)    [11, 12] []
    129       16000      FFFFF800          20       (0, 1, 12)    [] [S]
    130     4012000      FFFFF800          20       (4, 1, 4)    [] [S]
    131     300 800      FFFFF800       18000       (3, 0, 1)    [9, 10] []
    132     3031000      FFFFF800      60           (3, 3, 2)    [15] []
    133     2012000      FFFFF800         100       (2, 1, 4)    [2] []
    134     202 800      FFFFF800         400       (2, 2, 1)    [4] []
    135     4003800      FFFFF800           4       (4, 0, 7)    [] [N]
    136       23800      FFFFF800        C000       (0, 2, 7)    [8, 9] []
    137     2024000      FFFFF800         C00       (2, 2, 8)    [4, 5] []
    138     2004800      FFFFF800          80       (2, 0, 9)    [1] []
    139     3035000      FFFFF800      40           (3, 3, 10)    [] []
    140     4015800      FFFFF800          20       (4, 1, 11)    [] [S]
    141     2027800      FFFFF800         800       (2, 2, 15)    [5] []
    142     2016000      FFFFF800         200       (2, 1, 12)    [3] []
    143     3001800      FFFFF800       1           (3, 0, 3)    [10] []
    144     1027800      FFFFF800        6000       (1, 2, 15)    [7, 8] []
    145     3027800      FFFFF800      20           (3, 2, 15)    [15] []
    146     3005000      FFFFF800       3           (3, 0, 10)    [10, 11] []
    147       23000      FFFFF800        4000       (0, 2, 6)    [8] []
    148       25800      FFFFF800        8000       (0, 2, 11)    [9] []
    149     4007000      FFFFF800           4       (4, 0, 14)    [] [N]
    150     3035800      FFFFF800      40           (3, 3, 11)    [] []
    151     3022000      FFFFF800      10           (3, 2, 4)    [14] []
    152       13000      FFFFF800          20       (0, 1, 6)    [] [S]
    153       16800      FFFFF800          20       (0, 1, 13)    [] [S]
    154       1 800      FFFFF800          20       (0, 1, 1)    [] [S]
    155     4001800      FFFFF800           4       (4, 0, 3)    [] [N]
    156     3013800      FFFFF800       8           (3, 1, 7)    [13] []
    157     2022000      FFFFF800         400       (2, 2, 4)    [4] []
    158     4022000      FFFFF800          20       (4, 2, 4)    [] [S]
    159     2003000      FFFFF800          80       (2, 0, 6)    [1] []
    160     3033800      FFFFF800      40           (3, 3, 7)    [] []
    161     4018000      FFFFF800          20       (4, 1, 0)    [] [S]
    162     3015800      FFFFF800       8           (3, 1, 11)    [13] []
    163       14800      FFFFF800          20       (0, 1, 9)    [] [S]
    164     1021000      FFFFF800        1800       (1, 2, 2)    [5, 6] []
    165     4013800      FFFFF800          20       (4, 1, 7)    [] [S]
    166     1026000      FFFFF800        2000       (1, 2, 12)    [7] []
    167     2024800      FFFFF800         C00       (2, 2, 9)    [4, 5] []
    168     2007000      FFFFF800         180       (2, 0, 14)    [1, 2] []
    169     1028000      FFFFF800        6000       (1, 2, 0)    [7, 8] []
    170     3017000      FFFFF800       8           (3, 1, 14)    [13] []
    171     4002000      FFFFF800           4       (4, 0, 4)    [] [N]
    172     2023800      FFFFF800         400       (2, 2, 7)    [4] []
    173     3005800      FFFFF800       3           (3, 0, 11)    [10, 11] []
    174     4017000      FFFFF800          20       (4, 1, 14)    [] [S]
    175     3032800      FFFFF800      40           (3, 3, 5)    [] []
    176       27000      FFFFF800        8000       (0, 2, 14)    [9] []
    177       28000      FFFFF800       18000       (0, 2, 0)    [9, 10] []
    178     102 800      FFFFF800        1800       (1, 2, 1)    [5, 6] []
    179     2013800      FFFFF800         300       (2, 1, 7)    [2, 3] []
    180     2001800      FFFFF800          80       (2, 0, 3)    [1] []
    181     3032000      FFFFF800      60           (3, 3, 4)    [15] []
    182     3015000      FFFFF800       8           (3, 1, 10)    [13] []
    183       17000      FFFFF800          20       (0, 1, 14)    [] [S]
    184     2013000      FFFFF800         300       (2, 1, 6)    [2, 3] []
    185     4011800      FFFFF800          20       (4, 1, 3)    [] [S]
    186     3023800      FFFFF800      10           (3, 2, 7)    [14] []
    187     1024800      FFFFF800        2000       (1, 2, 9)    [7] []
    188     2005800      FFFFF800          80       (2, 0, 11)    [1] []
    189     3036000      FFFFF800      40           (3, 3, 12)    [] []
    190     4003000      FFFFF800           4       (4, 0, 6)    [] [N]
    191     2017000      FFFFF800         600       (2, 1, 14)    [3, 4] []
    192     2021800      FFFFF800         400       (2, 2, 3)    [4] []
    193     4023800      FFFFF800          20       (4, 2, 7)    [] [S]
