router contains 105 entries 
 
  Index   Key(hex)    Mask(hex)    Route(hex)    Src. Core -> [Cores][Links]
------------------------------------------------------------------------------
    0        6800      FFFFF800           1       (0, 0, 13)    [] [E]
    1        7000      FFFFF800           1       (0, 0, 14)    [] [E]
    2     1025000      FFFFF800           1       (1, 2, 10)    [] [E]
    3       28000      FFFFF800           1       (0, 2, 0)    [] [E]
    4     1021800      FFFFF800           1       (1, 2, 3)    [] [E]
    5       25000      FFFFF800           1       (0, 2, 10)    [] [E]
    6       11800      FFFFF800      1FF000       (0, 1, 3)    [6, 7, 8, 9, 10, 11, 12, 13, 14] []
    7     3042000      FFFFF800          10       (3, 4, 4)    [] [SW]
    8       1 800      FFFFF800       FF800       (0, 1, 1)    [5, 6, 7, 8, 9, 10, 11, 12, 13] []
    9     2023000      FFFFF800           1       (2, 2, 6)    [] [E]
    10     1014000      FFFFF800         F82       (1, 1, 8)    [1, 2, 3, 4, 5] [NE]
    11       15800      FFFFF800      78           (0, 1, 11)    [13, 14, 15] []
    12     3046000      FFFFF800          10       (3, 4, 12)    [] [SW]
    13     1041000      FFFFF800          20       (1, 4, 2)    [] [S]
    14     1027000      FFFFF800           1       (1, 2, 14)    [] [E]
    15        8000      FFFFF800           1       (0, 0, 0)    [] [E]
    16     1008000      FFFFF800           2       (1, 0, 0)    [] [NE]
    17       24800      FFFFF800           1       (0, 2, 9)    [] [E]
    18       22000      FFFFF800           1       (0, 2, 4)    [] [E]
    19     2025800      FFFFF800           1       (2, 2, 11)    [] [E]
    20     1023000      FFFFF800           1       (1, 2, 6)    [] [E]
    21     404 800      FFFFF800          10       (4, 4, 1)    [] [SW]
    22       21800      FFFFF800           1       (0, 2, 3)    [] [E]
    23       14000      FFFFF800      7E           (0, 1, 8)    [11, 12, 13, 14, 15] []
    24     3044800      FFFFF800          10       (3, 4, 9)    [] [SW]
    25       11000      FFFFF800       FF800       (0, 1, 2)    [5, 6, 7, 8, 9, 10, 11, 12, 13] []
    26     1025800      FFFFF800           1       (1, 2, 11)    [] [E]
    27       14800      FFFFF800      7C           (0, 1, 9)    [12, 13, 14, 15] []
    28     1018000      FFFFF800       7FC02       (1, 1, 0)    [4, 5, 6, 7, 8, 9, 10, 11, 12] [NE]
    29     2025000      FFFFF800           1       (2, 2, 10)    [] [E]
    30     2026800      FFFFF800           1       (2, 2, 13)    [] [E]
    31     2022800      FFFFF800           1       (2, 2, 5)    [] [E]
    32     104 800      FFFFF800          20       (1, 4, 1)    [] [S]
    33       26000      FFFFF800           1       (0, 2, 12)    [] [E]
    34     2001000      FFFFF800           C       (2, 0, 2)    [] [N, W]
    35     2021000      FFFFF800           1       (2, 2, 2)    [] [E]
    36     1012800      FFFFF800         183       (1, 1, 5)    [1, 2] [E, NE]
    37     3043000      FFFFF800          10       (3, 4, 6)    [] [SW]
    38     2024000      FFFFF800           1       (2, 2, 8)    [] [E]
    39       16800      FFFFF800      60           (0, 1, 13)    [15] []
    40     3047000      FFFFF800          10       (3, 4, 14)    [] [SW]
    41     1011800      FFFFF800           3       (1, 1, 3)    [] [E, NE]
    42     2028000      FFFFF800           1       (2, 2, 0)    [] [E]
    43     1015000      FFFFF800        1F82       (1, 1, 10)    [1, 2, 3, 4, 5, 6] [NE]
    44       25800      FFFFF800           1       (0, 2, 11)    [] [E]
    45       23000      FFFFF800           1       (0, 2, 6)    [] [E]
    46     1026800      FFFFF800           1       (1, 2, 13)    [] [E]
    47     1011000      FFFFF800           3       (1, 1, 2)    [] [E, NE]
    48     3041800      FFFFF800          10       (3, 4, 3)    [] [SW]
    49       22800      FFFFF800           1       (0, 2, 5)    [] [E]
    50        7800      FFFFF800           1       (0, 0, 15)    [] [E]
    51       15000      FFFFF800      7C           (0, 1, 10)    [12, 13, 14, 15] []
    52     3045800      FFFFF800          10       (3, 4, 11)    [] [SW]
    53       26800      FFFFF800           1       (0, 2, 13)    [] [E]
    54     1007800      FFFFF800           2       (1, 0, 15)    [] [NE]
    55     1026000      FFFFF800           1       (1, 2, 12)    [] [E]
    56     1015800      FFFFF800        3F82       (1, 1, 11)    [1, 2, 3, 4, 5, 6, 7] [NE]
    57       21000      FFFFF800           1       (0, 2, 2)    [] [E]
    58     2023800      FFFFF800           1       (2, 2, 7)    [] [E]
    59     2027000      FFFFF800           1       (2, 2, 14)    [] [E]
    60     1013800      FFFFF800         783       (1, 1, 7)    [1, 2, 3, 4] [E, NE]
    61     1012000      FFFFF800          83       (1, 1, 4)    [1] [E, NE]
    62     202 800      FFFFF800           1       (2, 2, 1)    [] [E]
    63     1017800      FFFFF800       3FE02       (1, 1, 15)    [3, 4, 5, 6, 7, 8, 9, 10, 11] [NE]
    64     3048000      FFFFF800          10       (3, 4, 0)    [] [SW]
    65     1024000      FFFFF800           1       (1, 2, 8)    [] [E]
    66     1022800      FFFFF800           1       (1, 2, 5)    [] [E]
    67       12800      FFFFF800      7FC000       (0, 1, 5)    [8, 9, 10, 11, 12, 13, 14, 15] []
    68     1016000      FFFFF800        7F82       (1, 1, 12)    [1, 2, 3, 4, 5, 6, 7, 8] [NE]
    69     200 800      FFFFF800           C       (2, 0, 1)    [] [N, W]
    70       12000      FFFFF800      3FE000       (0, 1, 4)    [7, 8, 9, 10, 11, 12, 13, 14, 15] []
    71     3042800      FFFFF800          10       (3, 4, 5)    [] [SW]
    72     102 800      FFFFF800           1       (1, 2, 1)    [] [E]
    73       23800      FFFFF800           1       (0, 2, 7)    [] [E]
    74     2027800      FFFFF800           1       (2, 2, 15)    [] [E]
    75       24000      FFFFF800           1       (0, 2, 8)    [] [E]
    76       27800      FFFFF800           1       (0, 2, 15)    [] [E]
    77       16000      FFFFF800      70           (0, 1, 12)    [14, 15] []
    78     3046800      FFFFF800          10       (3, 4, 13)    [] [SW]
    79     1027800      FFFFF800           1       (1, 2, 15)    [] [E]
    80       13000      FFFFF800      7F8000       (0, 1, 6)    [9, 10, 11, 12, 13, 14, 15] []
    81     1016800      FFFFF800        FF82       (1, 1, 13)    [1, 2, 3, 4, 5, 6, 7, 8, 9] [NE]
    82     101 800      FFFFF800           3       (1, 1, 1)    [] [E, NE]
    83     3041000      FFFFF800          10       (3, 4, 2)    [] [SW]
    84     2022000      FFFFF800           1       (2, 2, 4)    [] [E]
    85     1014800      FFFFF800        1F82       (1, 1, 9)    [1, 2, 3, 4, 5, 6] [NE]
    86     3045000      FFFFF800          10       (3, 4, 10)    [] [SW]
    87     1021000      FFFFF800           1       (1, 2, 2)    [] [E]
    88     2026000      FFFFF800           1       (2, 2, 12)    [] [E]
    89     2024800      FFFFF800           1       (2, 2, 9)    [] [E]
    90     1028000      FFFFF800           1       (1, 2, 0)    [] [E]
    91     1023800      FFFFF800           1       (1, 2, 7)    [] [E]
    92     204 800      FFFFF800          10       (2, 4, 1)    [] [SW]
    93       27000      FFFFF800           1       (0, 2, 14)    [] [E]
    94       2 800      FFFFF800           1       (0, 2, 1)    [] [E]
    95       13800      FFFFF800      7F           (0, 1, 7)    [10, 11, 12, 13, 14, 15] []
    96     1017000      FFFFF800       1FF02       (1, 1, 14)    [2, 3, 4, 5, 6, 7, 8, 9, 10] [NE]
    97     1013000      FFFFF800         383       (1, 1, 6)    [1, 2, 3] [E, NE]
    98     3043800      FFFFF800          10       (3, 4, 7)    [] [SW]
    99     304 800      FFFFF800          10       (3, 4, 1)    [] [SW]
    100     1024800      FFFFF800           1       (1, 2, 9)    [] [E]
    101     3044000      FFFFF800          10       (3, 4, 8)    [] [SW]
    102       17000      FFFFF800      40           (0, 1, 14)    [] []
    103     3047800      FFFFF800          10       (3, 4, 15)    [] [SW]
    104     2021800      FFFFF800           1       (2, 2, 3)    [] [E]
