router contains 86 entries 
 
  Index   Key(hex)    Mask(hex)    Route(hex)    Src. Core -> [Cores][Links]
------------------------------------------------------------------------------
    0        1000      FFFFF800          87       (0, 0, 2)    [1] [E, NE, N]
    1        1800      FFFFF800          87       (0, 0, 3)    [1] [E, NE, N]
    2     4038000      FFFFF800      60           (4, 3, 0)    [15] []
    3        6000      FFFFF800          87       (0, 0, 12)    [1] [E, NE, N]
    4     1011800      FFFFF800          80       (1, 1, 3)    [1] []
    5       1 800      FFFFF800          80       (0, 1, 1)    [1] []
    6     1014000      FFFFF800          80       (1, 1, 8)    [1] []
    7        4000      FFFFF800          87       (0, 0, 8)    [1] [E, NE, N]
    8     4034800      FFFFF800        C000       (4, 3, 9)    [8, 9] []
    9        8000      FFFFF800          87       (0, 0, 0)    [1] [E, NE, N]
    10       15800      FFFFF800          80       (0, 1, 11)    [1] []
    11     4008000      FFFFF800          80       (4, 0, 0)    [1] []
    12     1008000      FFFFF800          80       (1, 0, 0)    [1] []
    13     404 800      FFFFF800      40           (4, 4, 1)    [] []
    14     1003000      FFFFF800          80       (1, 0, 6)    [1] []
    15     1006800      FFFFF800          80       (1, 0, 13)    [1] []
    16        2800      FFFFF800          87       (0, 0, 5)    [1] [E, NE, N]
    17     4033000      FFFFF800        1800       (4, 3, 6)    [5, 6] []
    18       14000      FFFFF800          80       (0, 1, 8)    [1] []
    19       11000      FFFFF800          80       (0, 1, 2)    [1] []
    20       14800      FFFFF800          80       (0, 1, 9)    [1] []
    21     4006800      FFFFF800          80       (4, 0, 13)    [1] []
    22     4037000      FFFFF800      18           (4, 3, 14)    [13, 14] []
    23       18000      FFFFF800          80       (0, 1, 0)    [1] []
    24     1001000      FFFFF800          80       (1, 0, 2)    [1] []
    25     1018000      FFFFF800          80       (1, 1, 0)    [1] []
    26        3800      FFFFF800          87       (0, 0, 7)    [1] [E, NE, N]
    27     2001000      FFFFF800          80       (2, 0, 2)    [1] []
    28     4031800      FFFFF800         300       (4, 3, 3)    [2, 3] []
    29        7000      FFFFF800          87       (0, 0, 14)    [1] [E, NE, N]
    30     1012800      FFFFF800          80       (1, 1, 5)    [1] []
    31     1005000      FFFFF800          80       (1, 0, 10)    [1] []
    32     4035800      FFFFF800       3           (4, 3, 11)    [10, 11] []
    33       16800      FFFFF800          80       (0, 1, 13)    [1] []
    34        7800      FFFFF800          87       (0, 0, 15)    [1] [E, NE, N]
    35       11800      FFFFF800          80       (0, 1, 3)    [1] []
    36     1015000      FFFFF800          80       (1, 1, 10)    [1] []
    37     4005800      FFFFF800          80       (4, 0, 11)    [1] []
    38     1011000      FFFFF800          80       (1, 1, 2)    [1] []
    39     200 800      FFFFF800          80       (2, 0, 1)    [1] []
    40     1004000      FFFFF800          80       (1, 0, 8)    [1] []
    41     1003800      FFFFF800          80       (1, 0, 7)    [1] []
    42     4034000      FFFFF800        6000       (4, 3, 8)    [7, 8] []
    43     1007800      FFFFF800          80       (1, 0, 15)    [1] []
    44       15000      FFFFF800          80       (0, 1, 10)    [1] []
    45     4007800      FFFFF800          80       (4, 0, 15)    [1] []
    46     4032000      FFFFF800         600       (4, 3, 4)    [3, 4] []
    47     1015800      FFFFF800          80       (1, 1, 11)    [1] []
    48     1002000      FFFFF800          80       (1, 0, 4)    [1] []
    49     4032800      FFFFF800         C00       (4, 3, 5)    [4, 5] []
    50     1013800      FFFFF800          80       (1, 1, 7)    [1] []
    51     1012000      FFFFF800          80       (1, 1, 4)    [1] []
    52        4800      FFFFF800          87       (0, 0, 9)    [1] [E, NE, N]
    53     1006000      FFFFF800          80       (1, 0, 12)    [1] []
    54     4036800      FFFFF800       C           (4, 3, 13)    [12, 13] []
    55     4006000      FFFFF800          80       (4, 0, 12)    [1] []
    56     1017800      FFFFF800          80       (1, 1, 15)    [1] []
    57     1002800      FFFFF800          80       (1, 0, 5)    [1] []
    58       12800      FFFFF800          80       (0, 1, 5)    [1] []
    59     1016000      FFFFF800          80       (1, 1, 12)    [1] []
    60     100 800      FFFFF800          80       (1, 0, 1)    [1] []
    61       12000      FFFFF800          80       (0, 1, 4)    [1] []
    62     1004800      FFFFF800          80       (1, 0, 9)    [1] []
    63     4035000      FFFFF800       18000       (4, 3, 10)    [9, 10] []
    64       16000      FFFFF800          80       (0, 1, 12)    [1] []
    65        5000      FFFFF800          87       (0, 0, 10)    [1] [E, NE, N]
    66     4007000      FFFFF800          80       (4, 0, 14)    [1] []
    67     1013000      FFFFF800          80       (1, 1, 6)    [1] []
    68     1016800      FFFFF800          80       (1, 1, 13)    [1] []
    69     101 800      FFFFF800          80       (1, 1, 1)    [1] []
    70        3000      FFFFF800          87       (0, 0, 6)    [1] [E, NE, N]
    71     4033800      FFFFF800        3000       (4, 3, 7)    [6, 7] []
    72     1014800      FFFFF800          80       (1, 1, 9)    [1] []
    73     1007000      FFFFF800          80       (1, 0, 14)    [1] []
    74     4037800      FFFFF800      30           (4, 3, 15)    [14, 15] []
    75        2000      FFFFF800          87       (0, 0, 4)    [1] [E, NE, N]
    76       17800      FFFFF800          80       (0, 1, 15)    [1] []
    77        5800      FFFFF800          87       (0, 0, 11)    [1] [E, NE, N]
    78        6800      FFFFF800          87       (0, 0, 13)    [1] [E, NE, N]
    79       13800      FFFFF800          80       (0, 1, 7)    [1] []
    80     1001800      FFFFF800          80       (1, 0, 3)    [1] []
    81     1017000      FFFFF800          80       (1, 1, 14)    [1] []
    82       13000      FFFFF800          80       (0, 1, 6)    [1] []
    83     1005800      FFFFF800          80       (1, 0, 11)    [1] []
    84     4036000      FFFFF800       6           (4, 3, 12)    [11, 12] []
    85       17000      FFFFF800          80       (0, 1, 14)    [1] []
