router contains 121 entries 
 
  Index   Key(hex)    Mask(hex)    Route(hex)    Src. Core -> [Cores][Links]
------------------------------------------------------------------------------
    0        6800      FFFFF800          80       (0, 0, 13)    [1] []
    1        7000      FFFFF800         180       (0, 0, 14)    [1, 2] []
    2     3025000      FFFFF800           1       (3, 2, 10)    [] [E]
    3     1008000      FFFFF800      7F           (1, 0, 0)    [10, 11, 12, 13, 14, 15] []
    4     1021800      FFFFF800           1       (1, 2, 3)    [] [E]
    5     3027000      FFFFF800           1       (3, 2, 14)    [] [E]
    6       25000      FFFFF800           1       (0, 2, 10)    [] [E]
    7     202 800      FFFFF800           1       (2, 2, 1)    [] [E]
    8     1011800      FFFFF800      7C           (1, 1, 3)    [12, 13, 14, 15] []
    9     4042000      FFFFF800          10       (4, 4, 4)    [] [SW]
    10     2023000      FFFFF800           1       (2, 2, 6)    [] [E]
    11     1004000      FFFFF800       3FE00       (1, 0, 8)    [3, 4, 5, 6, 7, 8, 9, 10, 11] []
    12     4034800      FFFFF800          10       (4, 3, 9)    [] [SW]
    13     4046000      FFFFF800          10       (4, 4, 12)    [] [SW]
    14     1027000      FFFFF800           1       (1, 2, 14)    [] [E]
    15        8000      FFFFF800         780       (0, 0, 0)    [1, 2, 3, 4] []
    16       24800      FFFFF800           1       (0, 2, 9)    [] [E]
    17     3022000      FFFFF800           1       (3, 2, 4)    [] [E]
    18     2025800      FFFFF800           1       (2, 2, 11)    [] [E]
    19     404 800      FFFFF800          10       (4, 4, 1)    [] [SW]
    20     3021800      FFFFF800           1       (3, 2, 3)    [] [E]
    21     1002800      FFFFF800        7F80       (1, 0, 5)    [1, 2, 3, 4, 5, 6, 7, 8] []
    22     4033000      FFFFF800          10       (4, 3, 6)    [] [SW]
    23     4037000      FFFFF800          10       (4, 3, 14)    [] [SW]
    24     4044800      FFFFF800          10       (4, 4, 9)    [] [SW]
    25     1025800      FFFFF800           1       (1, 2, 11)    [] [E]
    26     1006800      FFFFF800      3FE000       (1, 0, 13)    [7, 8, 9, 10, 11, 12, 13, 14, 15] []
    27     1026800      FFFFF800           1       (1, 2, 13)    [] [E]
    28     3023000      FFFFF800           1       (3, 2, 6)    [] [E]
    29     2025000      FFFFF800           1       (2, 2, 10)    [] [E]
    30       22800      FFFFF800           1       (0, 2, 5)    [] [E]
    31     3025800      FFFFF800           1       (3, 2, 11)    [] [E]
    32     3026000      FFFFF800           1       (3, 2, 12)    [] [E]
    33     3026800      FFFFF800           1       (3, 2, 13)    [] [E]
    34     1001000      FFFFF800         F80       (1, 0, 2)    [1, 2, 3, 4, 5] []
    35     2021000      FFFFF800           1       (2, 2, 2)    [] [E]
    36     1012800      FFFFF800      70           (1, 1, 5)    [14, 15] []
    37     4043000      FFFFF800          10       (4, 4, 6)    [] [SW]
    38       24000      FFFFF800           1       (0, 2, 8)    [] [E]
    39     1005000      FFFFF800       7FC00       (1, 0, 10)    [4, 5, 6, 7, 8, 9, 10, 11, 12] []
    40     3021000      FFFFF800           1       (3, 2, 2)    [] [E]
    41     4047000      FFFFF800          10       (4, 4, 14)    [] [SW]
    42       28000      FFFFF800           1       (0, 2, 0)    [] [E]
    43       25800      FFFFF800           1       (0, 2, 11)    [] [E]
    44     3024800      FFFFF800           1       (3, 2, 9)    [] [E]
    45     1028000      FFFFF800           1       (1, 2, 0)    [] [E]
    46     1023000      FFFFF800           1       (1, 2, 6)    [] [E]
    47       26000      FFFFF800           1       (0, 2, 12)    [] [E]
    48     2026800      FFFFF800           1       (2, 2, 13)    [] [E]
    49     1011000      FFFFF800      7E           (1, 1, 2)    [11, 12, 13, 14, 15] []
    50     4041800      FFFFF800          10       (4, 4, 3)    [] [SW]
    51     3024000      FFFFF800           1       (3, 2, 8)    [] [E]
    52     3022800      FFFFF800           1       (3, 2, 5)    [] [E]
    53     1022800      FFFFF800           1       (1, 2, 5)    [] [E]
    54     1003800      FFFFF800       1FF00       (1, 0, 7)    [2, 3, 4, 5, 6, 7, 8, 9, 10] []
    55     4034000      FFFFF800          10       (4, 3, 8)    [] [SW]
    56     1007800      FFFFF800      7F8000       (1, 0, 15)    [9, 10, 11, 12, 13, 14, 15] []
    57     4045800      FFFFF800          10       (4, 4, 11)    [] [SW]
    58     3028000      FFFFF800           1       (3, 2, 0)    [] [E]
    59       26800      FFFFF800           1       (0, 2, 13)    [] [E]
    60        7800      FFFFF800         380       (0, 0, 15)    [1, 2, 3] []
    61     4038000      FFFFF800          10       (4, 3, 0)    [] [SW]
    62     1026000      FFFFF800           1       (1, 2, 12)    [] [E]
    63       21000      FFFFF800           1       (0, 2, 2)    [] [E]
    64       23800      FFFFF800           1       (0, 2, 7)    [] [E]
    65     1002000      FFFFF800        3F80       (1, 0, 4)    [1, 2, 3, 4, 5, 6, 7] []
    66     4032800      FFFFF800          10       (4, 3, 5)    [] [SW]
    67     2027000      FFFFF800           1       (2, 2, 14)    [] [E]
    68     1013800      FFFFF800      40           (1, 1, 7)    [] []
    69     4044000      FFFFF800          10       (4, 4, 8)    [] [SW]
    70     1025000      FFFFF800           1       (1, 2, 10)    [] [E]
    71     1006000      FFFFF800      1FF000       (1, 0, 12)    [6, 7, 8, 9, 10, 11, 12, 13, 14] []
    72     4036800      FFFFF800          10       (4, 3, 13)    [] [SW]
    73     4048000      FFFFF800          10       (4, 4, 0)    [] [SW]
    74     4031800      FFFFF800          10       (4, 3, 3)    [] [SW]
    75     302 800      FFFFF800           1       (3, 2, 1)    [] [E]
    76     2022800      FFFFF800           1       (2, 2, 5)    [] [E]
    77     2024000      FFFFF800           1       (2, 2, 8)    [] [E]
    78     100 800      FFFFF800         F80       (1, 0, 1)    [1, 2, 3, 4, 5] []
    79     1012000      FFFFF800      78           (1, 1, 4)    [13, 14, 15] []
    80     4042800      FFFFF800          10       (4, 4, 5)    [] [SW]
    81     102 800      FFFFF800           1       (1, 2, 1)    [] [E]
    82     2023800      FFFFF800           1       (2, 2, 7)    [] [E]
    83     1024000      FFFFF800           1       (1, 2, 8)    [] [E]
    84     1004800      FFFFF800       7FC00       (1, 0, 9)    [4, 5, 6, 7, 8, 9, 10, 11, 12] []
    85     4035000      FFFFF800          10       (4, 3, 10)    [] [SW]
    86     2027800      FFFFF800           1       (2, 2, 15)    [] [E]
    87     4046800      FFFFF800          10       (4, 4, 13)    [] [SW]
    88     1027800      FFFFF800           1       (1, 2, 15)    [] [E]
    89     3027800      FFFFF800           1       (3, 2, 15)    [] [E]
    90       23000      FFFFF800           1       (0, 2, 6)    [] [E]
    91     2022000      FFFFF800           1       (2, 2, 4)    [] [E]
    92     4035800      FFFFF800          10       (4, 3, 11)    [] [SW]
    93     101 800      FFFFF800      7E           (1, 1, 1)    [11, 12, 13, 14, 15] []
    94     4041000      FFFFF800          10       (4, 4, 2)    [] [SW]
    95       22000      FFFFF800           1       (0, 2, 4)    [] [E]
    96     1003000      FFFFF800        FF80       (1, 0, 6)    [1, 2, 3, 4, 5, 6, 7, 8, 9] []
    97     4033800      FFFFF800          10       (4, 3, 7)    [] [SW]
    98     4045000      FFFFF800          10       (4, 4, 10)    [] [SW]
    99     1021000      FFFFF800           1       (1, 2, 2)    [] [E]
    100     2026000      FFFFF800           1       (2, 2, 12)    [] [E]
    101     2024800      FFFFF800           1       (2, 2, 9)    [] [E]
    102     1007000      FFFFF800      7FC000       (1, 0, 14)    [8, 9, 10, 11, 12, 13, 14, 15] []
    103     4037800      FFFFF800          10       (4, 3, 15)    [] [SW]
    104     2028000      FFFFF800           1       (2, 2, 0)    [] [E]
    105       27800      FFFFF800           1       (0, 2, 15)    [] [E]
    106     1023800      FFFFF800           1       (1, 2, 7)    [] [E]
    107     4036000      FFFFF800          10       (4, 3, 12)    [] [SW]
    108       27000      FFFFF800           1       (0, 2, 14)    [] [E]
    109       2 800      FFFFF800           1       (0, 2, 1)    [] [E]
    110     1001800      FFFFF800        1F80       (1, 0, 3)    [1, 2, 3, 4, 5, 6] []
    111     4032000      FFFFF800          10       (4, 3, 4)    [] [SW]
    112     1013000      FFFFF800      60           (1, 1, 6)    [15] []
    113     4043800      FFFFF800          10       (4, 4, 7)    [] [SW]
    114     304 800      FFFFF800          10       (3, 4, 1)    [] [SW]
    115     3023800      FFFFF800           1       (3, 2, 7)    [] [E]
    116     1024800      FFFFF800           1       (1, 2, 9)    [] [E]
    117     1005800      FFFFF800       FF800       (1, 0, 11)    [5, 6, 7, 8, 9, 10, 11, 12, 13] []
    118       21800      FFFFF800           1       (0, 2, 3)    [] [E]
    119     4047800      FFFFF800          10       (4, 4, 15)    [] [SW]
    120     2021800      FFFFF800           1       (2, 2, 3)    [] [E]
