router contains 114 entries 
 
  Index   Key(hex)    Mask(hex)    Route(hex)    Src. Core -> [Cores][Links]
------------------------------------------------------------------------------
    0        1000      FFFFF800           1       (0, 0, 2)    [] [E]
    1        1800      FFFFF800           1       (0, 0, 3)    [] [E]
    2     2014000      FFFFF800           1       (2, 1, 8)    [] [E]
    3        6000      FFFFF800           1       (0, 0, 12)    [] [E]
    4     1011800      FFFFF800      7FC001       (1, 1, 3)    [8, 9, 10, 11, 12, 13, 14, 15] [E]
    5     4042000      FFFFF800          10       (4, 4, 4)    [] [SW]
    6       1 800      FFFFF800           1       (0, 1, 1)    [] [E]
    7     1014000      FFFFF800      78   1       (1, 1, 8)    [13, 14, 15] [E]
    8        4000      FFFFF800           1       (0, 0, 8)    [] [E]
    9     4034800      FFFFF800          10       (4, 3, 9)    [] [SW]
    10        8000      FFFFF800           1       (0, 0, 0)    [] [E]
    11     2017800      FFFFF800           1       (2, 1, 15)    [] [E]
    12     1015800      FFFFF800      60   1       (1, 1, 11)    [15] [E]
    13     4046000      FFFFF800          10       (4, 4, 12)    [] [SW]
    14     4041000      FFFFF800          10       (4, 4, 2)    [] [SW]
    15       11000      FFFFF800           1       (0, 1, 2)    [] [E]
    16     1008000      FFFFF800      1FF002       (1, 0, 0)    [6, 7, 8, 9, 10, 11, 12, 13, 14] [NE]
    17     2016800      FFFFF800           1       (2, 1, 13)    [] [E]
    18     4048000      FFFFF800          10       (4, 4, 0)    [] [SW]
    19     201 800      FFFFF800           1       (2, 1, 1)    [] [E]
    20     1003000      FFFFF800         F82       (1, 0, 6)    [1, 2, 3, 4, 5] [NE]
    21       14800      FFFFF800           1       (0, 1, 9)    [] [E]
    22        6800      FFFFF800           1       (0, 0, 13)    [] [E]
    23     404 800      FFFFF800          10       (4, 4, 1)    [] [SW]
    24        2800      FFFFF800           1       (0, 0, 5)    [] [E]
    25     4033000      FFFFF800          10       (4, 3, 6)    [] [SW]
    26       14000      FFFFF800           1       (0, 1, 8)    [] [E]
    27     4044800      FFFFF800          10       (4, 4, 9)    [] [SW]
    28     1011000      FFFFF800      3FE001       (1, 1, 2)    [7, 8, 9, 10, 11, 12, 13, 14, 15] [E]
    29     2014800      FFFFF800           1       (2, 1, 9)    [] [E]
    30     1006800      FFFFF800       3FE02       (1, 0, 13)    [3, 4, 5, 6, 7, 8, 9, 10, 11] [NE]
    31     4037000      FFFFF800          10       (4, 3, 14)    [] [SW]
    32       18000      FFFFF800           1       (0, 1, 0)    [] [E]
    33     2018000      FFFFF800           1       (2, 1, 0)    [] [E]
    34     1001000      FFFFF800          83       (1, 0, 2)    [1] [E, NE]
    35     1018000      FFFFF800           1       (1, 1, 0)    [] [E]
    36        3800      FFFFF800           1       (0, 0, 7)    [] [E]
    37     2001000      FFFFF800           4       (2, 0, 2)    [] [N]
    38     4031800      FFFFF800          10       (4, 3, 3)    [] [SW]
    39        7000      FFFFF800           1       (0, 0, 14)    [] [E]
    40     1012800      FFFFF800      7F   1       (1, 1, 5)    [10, 11, 12, 13, 14, 15] [E]
    41     4043000      FFFFF800          10       (4, 4, 6)    [] [SW]
    42     2012800      FFFFF800           1       (2, 1, 5)    [] [E]
    43     1005000      FFFFF800        7F82       (1, 0, 10)    [1, 2, 3, 4, 5, 6, 7, 8] [NE]
    44     4035800      FFFFF800          10       (4, 3, 11)    [] [SW]
    45       16800      FFFFF800           1       (0, 1, 13)    [] [E]
    46     4047000      FFFFF800          10       (4, 4, 14)    [] [SW]
    47       11800      FFFFF800           1       (0, 1, 3)    [] [E]
    48     1016000      FFFFF800      40   1       (1, 1, 12)    [] [E]
    49       15000      FFFFF800           1       (0, 1, 10)    [] [E]
    50       15800      FFFFF800           1       (0, 1, 11)    [] [E]
    51     2011000      FFFFF800           1       (2, 1, 2)    [] [E]
    52     4041800      FFFFF800          10       (4, 4, 3)    [] [SW]
    53     200 800      FFFFF800           4       (2, 0, 1)    [] [N]
    54     1004000      FFFFF800        3F82       (1, 0, 8)    [1, 2, 3, 4, 5, 6, 7] [NE]
    55     1003800      FFFFF800        1F82       (1, 0, 7)    [1, 2, 3, 4, 5, 6] [NE]
    56     4034000      FFFFF800          10       (4, 3, 8)    [] [SW]
    57        7800      FFFFF800           1       (0, 0, 15)    [] [E]
    58     2015000      FFFFF800           1       (2, 1, 10)    [] [E]
    59     4045800      FFFFF800          10       (4, 4, 11)    [] [SW]
    60     1007800      FFFFF800       FF802       (1, 0, 15)    [5, 6, 7, 8, 9, 10, 11, 12, 13] [NE]
    61     4038000      FFFFF800          10       (4, 3, 0)    [] [SW]
    62     4032000      FFFFF800          10       (4, 3, 4)    [] [SW]
    63     2015800      FFFFF800           1       (2, 1, 11)    [] [E]
    64     1002000      FFFFF800         383       (1, 0, 4)    [1, 2, 3] [E, NE]
    65     4032800      FFFFF800          10       (4, 3, 5)    [] [SW]
    66     2013800      FFFFF800           1       (2, 1, 7)    [] [E]
    67     1012000      FFFFF800      7F8001       (1, 1, 4)    [9, 10, 11, 12, 13, 14, 15] [E]
    68        4800      FFFFF800           1       (0, 0, 9)    [] [E]
    69     1006000      FFFFF800       1FF02       (1, 0, 12)    [2, 3, 4, 5, 6, 7, 8, 9, 10] [NE]
    70     4036800      FFFFF800          10       (4, 3, 13)    [] [SW]
    71     1017800      FFFFF800           1       (1, 1, 15)    [] [E]
    72     2012000      FFFFF800           1       (2, 1, 4)    [] [E]
    73     1002800      FFFFF800         783       (1, 0, 5)    [1, 2, 3, 4] [E, NE]
    74       12800      FFFFF800           1       (0, 1, 5)    [] [E]
    75       16000      FFFFF800           1       (0, 1, 12)    [] [E]
    76     100 800      FFFFF800          83       (1, 0, 1)    [1] [E, NE]
    77       12000      FFFFF800           1       (0, 1, 4)    [] [E]
    78     4042800      FFFFF800          10       (4, 4, 5)    [] [SW]
    79     1004800      FFFFF800        7F82       (1, 0, 9)    [1, 2, 3, 4, 5, 6, 7, 8] [NE]
    80     4035000      FFFFF800          10       (4, 3, 10)    [] [SW]
    81       13800      FFFFF800           1       (0, 1, 7)    [] [E]
    82     2016000      FFFFF800           1       (2, 1, 12)    [] [E]
    83     4046800      FFFFF800          10       (4, 4, 13)    [] [SW]
    84        5000      FFFFF800           1       (0, 0, 10)    [] [E]
    85       13000      FFFFF800           1       (0, 1, 6)    [] [E]
    86     2013000      FFFFF800           1       (2, 1, 6)    [] [E]
    87     1016800      FFFFF800           1       (1, 1, 13)    [] [E]
    88     101 800      FFFFF800      3FE001       (1, 1, 1)    [7, 8, 9, 10, 11, 12, 13, 14, 15] [E]
    89     1017000      FFFFF800           1       (1, 1, 14)    [] [E]
    90        3000      FFFFF800           1       (0, 0, 6)    [] [E]
    91     4033800      FFFFF800          10       (4, 3, 7)    [] [SW]
    92     1014800      FFFFF800      70   1       (1, 1, 9)    [14, 15] [E]
    93     4045000      FFFFF800          10       (4, 4, 10)    [] [SW]
    94     104 800      FFFFF800          20       (1, 4, 1)    [] [S]
    95     1007000      FFFFF800       7FC02       (1, 0, 14)    [4, 5, 6, 7, 8, 9, 10, 11, 12] [NE]
    96     4037800      FFFFF800          10       (4, 3, 15)    [] [SW]
    97        2000      FFFFF800           1       (0, 0, 4)    [] [E]
    98       17800      FFFFF800           1       (0, 1, 15)    [] [E]
    99        5800      FFFFF800           1       (0, 0, 11)    [] [E]
    100     2011800      FFFFF800           1       (2, 1, 3)    [] [E]
    101     1041000      FFFFF800          20       (1, 4, 2)    [] [S]
    102     1015000      FFFFF800      70   1       (1, 1, 10)    [14, 15] [E]
    103     1013800      FFFFF800      7C   1       (1, 1, 7)    [12, 13, 14, 15] [E]
    104     1001800      FFFFF800         183       (1, 0, 3)    [1, 2] [E, NE]
    105       17000      FFFFF800           1       (0, 1, 14)    [] [E]
    106     1013000      FFFFF800      7E   1       (1, 1, 6)    [11, 12, 13, 14, 15] [E]
    107     4043800      FFFFF800          10       (4, 4, 7)    [] [SW]
    108     304 800      FFFFF800          10       (3, 4, 1)    [] [SW]
    109     4044000      FFFFF800          10       (4, 4, 8)    [] [SW]
    110     1005800      FFFFF800        FF82       (1, 0, 11)    [1, 2, 3, 4, 5, 6, 7, 8, 9] [NE]
    111     4036000      FFFFF800          10       (4, 3, 12)    [] [SW]
    112     2017000      FFFFF800           1       (2, 1, 14)    [] [E]
    113     4047800      FFFFF800          10       (4, 4, 15)    [] [SW]
