router contains 48 entries 
 
  Index   Key(hex)    Mask(hex)    Route(hex)    Src. Core -> [Cores][Links]
------------------------------------------------------------------------------
    0        1000      FFFFF800           2       (0, 0, 2)    [] [NE]
    1        1800      FFFFF800           2       (0, 0, 3)    [] [NE]
    2       11000      FFFFF800          27       (0, 1, 2)    [] [E, NE, N, S]
    3     2045000      FFFFF800       18000       (2, 4, 10)    [9, 10] []
    4     2042800      FFFFF800         C00       (2, 4, 5)    [4, 5] []
    5     2046000      FFFFF800       6           (2, 4, 12)    [11, 12] []
    6       1 800      FFFFF800          27       (0, 1, 1)    [] [E, NE, N, S]
    7     2041000      FFFFF800         180       (2, 4, 2)    [1, 2] []
    8       11800      FFFFF800          27       (0, 1, 3)    [] [E, NE, N, S]
    9        2000      FFFFF800           2       (0, 0, 4)    [] [NE]
    10       12800      FFFFF800          27       (0, 1, 5)    [] [E, NE, N, S]
    11     2043800      FFFFF800        3000       (2, 4, 7)    [6, 7] []
    12        3000      FFFFF800           2       (0, 0, 6)    [] [NE]
    13        4000      FFFFF800           2       (0, 0, 8)    [] [NE]
    14     2047000      FFFFF800      18           (2, 4, 14)    [13, 14] []
    15       14800      FFFFF800          23       (0, 1, 9)    [] [E, NE, S]
    16        5000      FFFFF800           2       (0, 0, 10)    [] [NE]
    17       15800      FFFFF800          23       (0, 1, 11)    [] [E, NE, S]
    18        6000      FFFFF800           6       (0, 0, 12)    [] [NE, N]
    19       16800      FFFFF800          23       (0, 1, 13)    [] [E, NE, S]
    20        7000      FFFFF800           6       (0, 0, 14)    [] [NE, N]
    21       17800      FFFFF800          23       (0, 1, 15)    [] [E, NE, S]
    22     2044800      FFFFF800        C000       (2, 4, 9)    [8, 9] []
    23        8000      FFFFF800           6       (0, 0, 0)    [] [NE, N]
    24     2048000      FFFFF800      60           (2, 4, 0)    [15] []
    25       13800      FFFFF800          27       (0, 1, 7)    [] [E, NE, N, S]
    26     2042000      FFFFF800         600       (2, 4, 4)    [3, 4] []
    27     2045800      FFFFF800       3           (2, 4, 11)    [10, 11] []
    28     2043000      FFFFF800        1800       (2, 4, 6)    [5, 6] []
    29     204 800      FFFFF800          80       (2, 4, 1)    [1] []
    30     2041800      FFFFF800         300       (2, 4, 3)    [2, 3] []
    31     2046800      FFFFF800       C           (2, 4, 13)    [12, 13] []
    32       12000      FFFFF800          27       (0, 1, 4)    [] [E, NE, N, S]
    33        2800      FFFFF800           2       (0, 0, 5)    [] [NE]
    34       13000      FFFFF800          27       (0, 1, 6)    [] [E, NE, N, S]
    35        3800      FFFFF800           2       (0, 0, 7)    [] [NE]
    36     104 800      FFFFF800      40           (1, 4, 1)    [] []
    37       14000      FFFFF800          23       (0, 1, 8)    [] [E, NE, S]
    38        4800      FFFFF800           2       (0, 0, 9)    [] [NE]
    39       15000      FFFFF800          23       (0, 1, 10)    [] [E, NE, S]
    40     2044000      FFFFF800        6000       (2, 4, 8)    [7, 8] []
    41        5800      FFFFF800           6       (0, 0, 11)    [] [NE, N]
    42       16000      FFFFF800          23       (0, 1, 12)    [] [E, NE, S]
    43        6800      FFFFF800           6       (0, 0, 13)    [] [NE, N]
    44     2047800      FFFFF800      30           (2, 4, 15)    [14, 15] []
    45       17000      FFFFF800          23       (0, 1, 14)    [] [E, NE, S]
    46        7800      FFFFF800           6       (0, 0, 15)    [] [NE, N]
    47       18000      FFFFF800          23       (0, 1, 0)    [] [E, NE, S]
