router contains 99 entries 
 
  Index   Key(hex)    Mask(hex)    Route(hex)    Src. Core -> [Cores][Links]
------------------------------------------------------------------------------
    0     303 800      FFFFF800          20       (3, 3, 1)    [] [S]
    1     3031000      FFFFF800          20       (3, 3, 2)    [] [S]
    2     2038000      FFFFF800          20       (2, 3, 0)    [] [S]
    3     3035800      FFFFF800          20       (3, 3, 11)    [] [S]
    4     2033000      FFFFF800          20       (2, 3, 6)    [] [S]
    5     103 800      FFFFF800          20       (1, 3, 1)    [] [S]
    6     3036800      FFFFF800          20       (3, 3, 13)    [] [S]
    7     4042000      FFFFF800          10       (4, 4, 4)    [] [SW]
    8     2033800      FFFFF800          20       (2, 3, 7)    [] [S]
    9     3034800      FFFFF800          20       (3, 3, 9)    [] [S]
    10     4046000      FFFFF800          10       (4, 4, 12)    [] [SW]
    11     4008000      FFFFF800         180       (4, 0, 0)    [1, 2] []
    12       31800      FFFFF800          20       (0, 3, 3)    [] [S]
    13     3038000      FFFFF800          20       (3, 3, 0)    [] [S]
    14     203 800      FFFFF800          20       (2, 3, 1)    [] [S]
    15     2037000      FFFFF800          20       (2, 3, 14)    [] [S]
    16     4033800      FFFFF800          10       (4, 3, 7)    [] [SW]
    17     1031800      FFFFF800          20       (1, 3, 3)    [] [S]
    18     3037000      FFFFF800          20       (3, 3, 14)    [] [S]
    19       35000      FFFFF800          20       (0, 3, 10)    [] [S]
    20     2031800      FFFFF800          20       (2, 3, 3)    [] [S]
    21     3033800      FFFFF800          20       (3, 3, 7)    [] [S]
    22       33000      FFFFF800          20       (0, 3, 6)    [] [S]
    23       37000      FFFFF800          20       (0, 3, 14)    [] [S]
    24     4044800      FFFFF800          10       (4, 4, 9)    [] [SW]
    25     4006800      FFFFF800         180       (4, 0, 13)    [1, 2] []
    26     1037000      FFFFF800          20       (1, 3, 14)    [] [S]
    27     2035000      FFFFF800          20       (2, 3, 10)    [] [S]
    28     2031000      FFFFF800          20       (2, 3, 2)    [] [S]
    29     3035000      FFFFF800          20       (3, 3, 10)    [] [S]
    30     4035000      FFFFF800          10       (4, 3, 10)    [] [SW]
    31     4031800      FFFFF800          10       (4, 3, 3)    [] [SW]
    32     1033000      FFFFF800          20       (1, 3, 6)    [] [S]
    33     4043000      FFFFF800          10       (4, 4, 6)    [] [SW]
    34       3 800      FFFFF800          20       (0, 3, 1)    [] [S]
    35       34000      FFFFF800          20       (0, 3, 8)    [] [S]
    36     2035800      FFFFF800          20       (2, 3, 11)    [] [S]
    37     3037800      FFFFF800          20       (3, 3, 15)    [] [S]
    38     4047000      FFFFF800          10       (4, 4, 14)    [] [SW]
    39     1036800      FFFFF800          20       (1, 3, 13)    [] [S]
    40     4041800      FFFFF800          10       (4, 4, 3)    [] [SW]
    41     3033000      FFFFF800          20       (3, 3, 6)    [] [S]
    42       31000      FFFFF800          20       (0, 3, 2)    [] [S]
    43     4045800      FFFFF800          10       (4, 4, 11)    [] [SW]
    44     4033000      FFFFF800          10       (4, 3, 6)    [] [SW]
    45       34800      FFFFF800          20       (0, 3, 9)    [] [S]
    46     4034000      FFFFF800          10       (4, 3, 8)    [] [SW]
    47     1034800      FFFFF800          20       (1, 3, 9)    [] [S]
    48     4036800      FFFFF800          10       (4, 3, 13)    [] [SW]
    49     1031000      FFFFF800          20       (1, 3, 2)    [] [S]
    50     4034800      FFFFF800          10       (4, 3, 9)    [] [SW]
    51     4007800      FFFFF800         180       (4, 0, 15)    [1, 2] []
    52     4038000      FFFFF800          10       (4, 3, 0)    [] [SW]
    53       38000      FFFFF800          20       (0, 3, 0)    [] [S]
    54     2032000      FFFFF800          20       (2, 3, 4)    [] [S]
    55     2034800      FFFFF800          20       (2, 3, 9)    [] [S]
    56     1038000      FFFFF800          20       (1, 3, 0)    [] [S]
    57       32800      FFFFF800          20       (0, 3, 5)    [] [S]
    58     3032800      FFFFF800          20       (3, 3, 5)    [] [S]
    59     4044000      FFFFF800          10       (4, 4, 8)    [] [SW]
    60     4006000      FFFFF800          80       (4, 0, 12)    [1] []
    61     2036800      FFFFF800          20       (2, 3, 13)    [] [S]
    62     4048000      FFFFF800          10       (4, 4, 0)    [] [SW]
    63     3031800      FFFFF800          20       (3, 3, 3)    [] [S]
    64     3036000      FFFFF800          20       (3, 3, 12)    [] [S]
    65     2032800      FFFFF800          20       (2, 3, 5)    [] [S]
    66       36800      FFFFF800          20       (0, 3, 13)    [] [S]
    67     1036000      FFFFF800          20       (1, 3, 12)    [] [S]
    68     2036000      FFFFF800          20       (2, 3, 12)    [] [S]
    69     4032800      FFFFF800          10       (4, 3, 5)    [] [SW]
    70     4042800      FFFFF800          10       (4, 4, 5)    [] [SW]
    71     1035000      FFFFF800          20       (1, 3, 10)    [] [S]
    72     4046800      FFFFF800          10       (4, 4, 13)    [] [SW]
    73     4037000      FFFFF800          10       (4, 3, 14)    [] [SW]
    74     4032000      FFFFF800          10       (4, 3, 4)    [] [SW]
    75     1034000      FFFFF800          20       (1, 3, 8)    [] [S]
    76     4035800      FFFFF800          10       (4, 3, 11)    [] [SW]
    77       37800      FFFFF800          20       (0, 3, 15)    [] [S]
    78     4041000      FFFFF800          10       (4, 4, 2)    [] [SW]
    79     1037800      FFFFF800          20       (1, 3, 15)    [] [S]
    80     3034000      FFFFF800          20       (3, 3, 8)    [] [S]
    81     1033800      FFFFF800          20       (1, 3, 7)    [] [S]
    82     4045000      FFFFF800          10       (4, 4, 10)    [] [SW]
    83     4007000      FFFFF800         180       (4, 0, 14)    [1, 2] []
    84     2037800      FFFFF800          20       (2, 3, 15)    [] [S]
    85     1032000      FFFFF800          20       (1, 3, 4)    [] [S]
    86       33800      FFFFF800          20       (0, 3, 7)    [] [S]
    87       35800      FFFFF800          20       (0, 3, 11)    [] [S]
    88     1032800      FFFFF800          20       (1, 3, 5)    [] [S]
    89     4037800      FFFFF800          10       (4, 3, 15)    [] [SW]
    90       36000      FFFFF800          20       (0, 3, 12)    [] [S]
    91     1035800      FFFFF800          20       (1, 3, 11)    [] [S]
    92     3032000      FFFFF800          20       (3, 3, 4)    [] [S]
    93       32000      FFFFF800          20       (0, 3, 4)    [] [S]
    94     4043800      FFFFF800          10       (4, 4, 7)    [] [SW]
    95     404 800      FFFFF800          10       (4, 4, 1)    [] [SW]
    96     4005800      FFFFF800          80       (4, 0, 11)    [1] []
    97     4036000      FFFFF800          10       (4, 3, 12)    [] [SW]
    98     4047800      FFFFF800          10       (4, 4, 15)    [] [SW]
