router contains 49 entries 
 
  Index   Key(hex)    Mask(hex)    Route(hex)    Src. Core -> [Cores][Links]
------------------------------------------------------------------------------
    0        1000      FFFFF800         200       (0, 0, 2)    [3] []
    1        1800      FFFFF800         600       (0, 0, 3)    [3, 4] []
    2     4005800      FFFFF800           8       (4, 0, 11)    [] [W]
    3     1001000      FFFFF800      7F8000       (1, 0, 2)    [9, 10, 11, 12, 13, 14, 15] []
    4     4007000      FFFFF800           8       (4, 0, 14)    [] [W]
    5     1002800      FFFFF800      7C           (1, 0, 5)    [12, 13, 14, 15] []
    6     1005000      FFFFF800      40           (1, 0, 10)    [] []
    7     2006000      FFFFF800           2       (2, 0, 12)    [] [NE]
    8     4006800      FFFFF800           8       (4, 0, 13)    [] [W]
    9     2005000      FFFFF800           2       (2, 0, 10)    [] [NE]
    10     2003800      FFFFF800           2       (2, 0, 7)    [] [NE]
    11     2001000      FFFFF800           F       (2, 0, 2)    [] [E, NE, N, W]
    12     4006000      FFFFF800           8       (4, 0, 12)    [] [W]
    13     1002000      FFFFF800      7E           (1, 0, 4)    [11, 12, 13, 14, 15] []
    14     2007000      FFFFF800           2       (2, 0, 14)    [] [NE]
    15        3000      FFFFF800        3E00       (0, 0, 6)    [3, 4, 5, 6, 7] []
    16        4000      FFFFF800        FE00       (0, 0, 8)    [3, 4, 5, 6, 7, 8, 9] []
    17     4008000      FFFFF800           8       (4, 0, 0)    [] [W]
    18        5000      FFFFF800       1FE00       (0, 0, 10)    [3, 4, 5, 6, 7, 8, 9, 10] []
    19     1004800      FFFFF800      40           (1, 0, 9)    [] []
    20        6000      FFFFF800       7FC00       (0, 0, 12)    [4, 5, 6, 7, 8, 9, 10, 11, 12] []
    21     1041000      FFFFF800         180       (1, 4, 2)    [1, 2] []
    22     2004800      FFFFF800           2       (2, 0, 9)    [] [NE]
    23        7000      FFFFF800      1FF000       (0, 0, 14)    [6, 7, 8, 9, 10, 11, 12, 13, 14] []
    24     2004000      FFFFF800           2       (2, 0, 8)    [] [NE]
    25        8000      FFFFF800      7FC000       (0, 0, 0)    [8, 9, 10, 11, 12, 13, 14, 15] []
    26        2000      FFFFF800         E00       (0, 0, 4)    [3, 4, 5] []
    27     1003800      FFFFF800      70           (1, 0, 7)    [14, 15] []
    28     2005800      FFFFF800           2       (2, 0, 11)    [] [NE]
    29     2002000      FFFFF800           2       (2, 0, 4)    [] [NE]
    30     2008000      FFFFF800           2       (2, 0, 0)    [] [NE]
    31     1003000      FFFFF800      78           (1, 0, 6)    [13, 14, 15] []
    32     2003000      FFFFF800           2       (2, 0, 6)    [] [NE]
    33     2006800      FFFFF800           2       (2, 0, 13)    [] [NE]
    34     100 800      FFFFF800      7F8000       (1, 0, 1)    [9, 10, 11, 12, 13, 14, 15] []
    35     1001800      FFFFF800      7F           (1, 0, 3)    [10, 11, 12, 13, 14, 15] []
    36     200 800      FFFFF800           F       (2, 0, 1)    [] [E, NE, N, W]
    37     2002800      FFFFF800           2       (2, 0, 5)    [] [NE]
    38        2800      FFFFF800        1E00       (0, 0, 5)    [3, 4, 5, 6] []
    39     1004000      FFFFF800      60           (1, 0, 8)    [15] []
    40        3800      FFFFF800        7E00       (0, 0, 7)    [3, 4, 5, 6, 7, 8] []
    41     104 800      FFFFF800          80       (1, 4, 1)    [1] []
    42        4800      FFFFF800       1FE00       (0, 0, 9)    [3, 4, 5, 6, 7, 8, 9, 10] []
    43     2007800      FFFFF800           2       (2, 0, 15)    [] [NE]
    44        5800      FFFFF800       3FE00       (0, 0, 11)    [3, 4, 5, 6, 7, 8, 9, 10, 11] []
    45        6800      FFFFF800       FF800       (0, 0, 13)    [5, 6, 7, 8, 9, 10, 11, 12, 13] []
    46     2001800      FFFFF800           2       (2, 0, 3)    [] [NE]
    47     4007800      FFFFF800           8       (4, 0, 15)    [] [W]
    48        7800      FFFFF800      3FE000       (0, 0, 15)    [7, 8, 9, 10, 11, 12, 13, 14, 15] []
