        Placement Information by Vertex
        ===============================

Generated: Wed Oct 29 14:00:02 2014 for target machine 'spinn-3'

**** Vertex: 'Monitor'
Model: AppMonitor
Pop sz: 1
Sub-vertices: 
  Slice 0:0 (1 atoms) on core (0, 0, 1) 

**** Vertex: 'Input'
Model: IF_curr_exp
Pop sz: 16384
Sub-vertices: 
  Slice 0:254 (255 atoms) on core (0, 0, 2) 
  Slice 255:509 (255 atoms) on core (0, 0, 3) 
  Slice 510:764 (255 atoms) on core (0, 0, 4) 
  Slice 765:1019 (255 atoms) on core (0, 0, 5) 
  Slice 1020:1274 (255 atoms) on core (0, 0, 6) 
  Slice 1275:1529 (255 atoms) on core (0, 0, 7) 
  Slice 1530:1784 (255 atoms) on core (0, 0, 8) 
  Slice 1785:2039 (255 atoms) on core (0, 0, 9) 
  Slice 2040:2294 (255 atoms) on core (0, 0, 10) 
  Slice 2295:2549 (255 atoms) on core (0, 0, 11) 
  Slice 2550:2804 (255 atoms) on core (0, 0, 12) 
  Slice 2805:3059 (255 atoms) on core (0, 0, 13) 
  Slice 3060:3314 (255 atoms) on core (0, 0, 14) 
  Slice 3315:3569 (255 atoms) on core (0, 0, 15) 
  Slice 3570:3824 (255 atoms) on core (0, 0, 16) 
  Slice 3825:4079 (255 atoms) on core (1, 0, 1) 
  Slice 4080:4334 (255 atoms) on core (1, 0, 2) 
  Slice 4335:4589 (255 atoms) on core (1, 0, 3) 
  Slice 4590:4844 (255 atoms) on core (1, 0, 4) 
  Slice 4845:5099 (255 atoms) on core (1, 0, 5) 
  Slice 5100:5354 (255 atoms) on core (1, 0, 6) 
  Slice 5355:5609 (255 atoms) on core (1, 0, 7) 
  Slice 5610:5864 (255 atoms) on core (1, 0, 8) 
  Slice 5865:6119 (255 atoms) on core (1, 0, 9) 
  Slice 6120:6374 (255 atoms) on core (1, 0, 10) 
  Slice 6375:6629 (255 atoms) on core (1, 0, 11) 
  Slice 6630:6884 (255 atoms) on core (1, 0, 12) 
  Slice 6885:7139 (255 atoms) on core (1, 0, 13) 
  Slice 7140:7394 (255 atoms) on core (1, 0, 14) 
  Slice 7395:7649 (255 atoms) on core (1, 0, 15) 
  Slice 7650:7904 (255 atoms) on core (1, 0, 16) 
  Slice 7905:8159 (255 atoms) on core (1, 1, 1) 
  Slice 8160:8414 (255 atoms) on core (1, 1, 2) 
  Slice 8415:8669 (255 atoms) on core (1, 1, 3) 
  Slice 8670:8924 (255 atoms) on core (1, 1, 4) 
  Slice 8925:9179 (255 atoms) on core (1, 1, 5) 
  Slice 9180:9434 (255 atoms) on core (1, 1, 6) 
  Slice 9435:9689 (255 atoms) on core (1, 1, 7) 
  Slice 9690:9944 (255 atoms) on core (1, 1, 8) 
  Slice 9945:10199 (255 atoms) on core (1, 1, 9) 
  Slice 10200:10454 (255 atoms) on core (1, 1, 10) 
  Slice 10455:10709 (255 atoms) on core (1, 1, 11) 
  Slice 10710:10964 (255 atoms) on core (1, 1, 12) 
  Slice 10965:11219 (255 atoms) on core (1, 1, 13) 
  Slice 11220:11474 (255 atoms) on core (1, 1, 14) 
  Slice 11475:11729 (255 atoms) on core (1, 1, 15) 
  Slice 11730:11984 (255 atoms) on core (1, 1, 16) 
  Slice 11985:12239 (255 atoms) on core (0, 1, 1) 
  Slice 12240:12494 (255 atoms) on core (0, 1, 2) 
  Slice 12495:12749 (255 atoms) on core (0, 1, 3) 
  Slice 12750:13004 (255 atoms) on core (0, 1, 4) 
  Slice 13005:13259 (255 atoms) on core (0, 1, 5) 
  Slice 13260:13514 (255 atoms) on core (0, 1, 6) 
  Slice 13515:13769 (255 atoms) on core (0, 1, 7) 
  Slice 13770:14024 (255 atoms) on core (0, 1, 8) 
  Slice 14025:14279 (255 atoms) on core (0, 1, 9) 
  Slice 14280:14534 (255 atoms) on core (0, 1, 10) 
  Slice 14535:14789 (255 atoms) on core (0, 1, 11) 
  Slice 14790:15044 (255 atoms) on core (0, 1, 12) 
  Slice 15045:15299 (255 atoms) on core (0, 1, 13) 
  Slice 15300:15554 (255 atoms) on core (0, 1, 14) 
  Slice 15555:15809 (255 atoms) on core (0, 1, 15) 
  Slice 15810:16064 (255 atoms) on core (0, 1, 16) 
  Slice 16065:16319 (255 atoms) on core (2, 0, 1) 
  Slice 16320:16383 (64 atoms) on core (2, 0, 2) 

**** Vertex: 'Convolutoin_0'
Model: IF_curr_exp
Pop sz: 12544
Sub-vertices: 
  Slice 0:254 (255 atoms) on core (2, 0, 3) 
  Slice 255:509 (255 atoms) on core (2, 0, 4) 
  Slice 510:764 (255 atoms) on core (2, 0, 5) 
  Slice 765:1019 (255 atoms) on core (2, 0, 6) 
  Slice 1020:1274 (255 atoms) on core (2, 0, 7) 
  Slice 1275:1529 (255 atoms) on core (2, 0, 8) 
  Slice 1530:1784 (255 atoms) on core (2, 0, 9) 
  Slice 1785:2039 (255 atoms) on core (2, 0, 10) 
  Slice 2040:2294 (255 atoms) on core (2, 0, 11) 
  Slice 2295:2549 (255 atoms) on core (2, 0, 12) 
  Slice 2550:2804 (255 atoms) on core (2, 0, 13) 
  Slice 2805:3059 (255 atoms) on core (2, 0, 14) 
  Slice 3060:3314 (255 atoms) on core (2, 0, 15) 
  Slice 3315:3569 (255 atoms) on core (2, 0, 16) 
  Slice 3570:3824 (255 atoms) on core (2, 1, 1) 
  Slice 3825:4079 (255 atoms) on core (2, 1, 2) 
  Slice 4080:4334 (255 atoms) on core (2, 1, 3) 
  Slice 4335:4589 (255 atoms) on core (2, 1, 4) 
  Slice 4590:4844 (255 atoms) on core (2, 1, 5) 
  Slice 4845:5099 (255 atoms) on core (2, 1, 6) 
  Slice 5100:5354 (255 atoms) on core (2, 1, 7) 
  Slice 5355:5609 (255 atoms) on core (2, 1, 8) 
  Slice 5610:5864 (255 atoms) on core (2, 1, 9) 
  Slice 5865:6119 (255 atoms) on core (2, 1, 10) 
  Slice 6120:6374 (255 atoms) on core (2, 1, 11) 
  Slice 6375:6629 (255 atoms) on core (2, 1, 12) 
  Slice 6630:6884 (255 atoms) on core (2, 1, 13) 
  Slice 6885:7139 (255 atoms) on core (2, 1, 14) 
  Slice 7140:7394 (255 atoms) on core (2, 1, 15) 
  Slice 7395:7649 (255 atoms) on core (2, 1, 16) 
  Slice 7650:7904 (255 atoms) on core (2, 2, 1) 
  Slice 7905:8159 (255 atoms) on core (2, 2, 2) 
  Slice 8160:8414 (255 atoms) on core (2, 2, 3) 
  Slice 8415:8669 (255 atoms) on core (2, 2, 4) 
  Slice 8670:8924 (255 atoms) on core (2, 2, 5) 
  Slice 8925:9179 (255 atoms) on core (2, 2, 6) 
  Slice 9180:9434 (255 atoms) on core (2, 2, 7) 
  Slice 9435:9689 (255 atoms) on core (2, 2, 8) 
  Slice 9690:9944 (255 atoms) on core (2, 2, 9) 
  Slice 9945:10199 (255 atoms) on core (2, 2, 10) 
  Slice 10200:10454 (255 atoms) on core (2, 2, 11) 
  Slice 10455:10709 (255 atoms) on core (2, 2, 12) 
  Slice 10710:10964 (255 atoms) on core (2, 2, 13) 
  Slice 10965:11219 (255 atoms) on core (2, 2, 14) 
  Slice 11220:11474 (255 atoms) on core (2, 2, 15) 
  Slice 11475:11729 (255 atoms) on core (2, 2, 16) 
  Slice 11730:11984 (255 atoms) on core (1, 2, 1) 
  Slice 11985:12239 (255 atoms) on core (1, 2, 2) 
  Slice 12240:12494 (255 atoms) on core (1, 2, 3) 
  Slice 12495:12543 (49 atoms) on core (1, 2, 4) 

**** Vertex: 'Convolutoin_1'
Model: IF_curr_exp
Pop sz: 12544
Sub-vertices: 
  Slice 0:254 (255 atoms) on core (1, 2, 5) 
  Slice 255:509 (255 atoms) on core (1, 2, 6) 
  Slice 510:764 (255 atoms) on core (1, 2, 7) 
  Slice 765:1019 (255 atoms) on core (1, 2, 8) 
  Slice 1020:1274 (255 atoms) on core (1, 2, 9) 
  Slice 1275:1529 (255 atoms) on core (1, 2, 10) 
  Slice 1530:1784 (255 atoms) on core (1, 2, 11) 
  Slice 1785:2039 (255 atoms) on core (1, 2, 12) 
  Slice 2040:2294 (255 atoms) on core (1, 2, 13) 
  Slice 2295:2549 (255 atoms) on core (1, 2, 14) 
  Slice 2550:2804 (255 atoms) on core (1, 2, 15) 
  Slice 2805:3059 (255 atoms) on core (1, 2, 16) 
  Slice 3060:3314 (255 atoms) on core (0, 2, 1) 
  Slice 3315:3569 (255 atoms) on core (0, 2, 2) 
  Slice 3570:3824 (255 atoms) on core (0, 2, 3) 
  Slice 3825:4079 (255 atoms) on core (0, 2, 4) 
  Slice 4080:4334 (255 atoms) on core (0, 2, 5) 
  Slice 4335:4589 (255 atoms) on core (0, 2, 6) 
  Slice 4590:4844 (255 atoms) on core (0, 2, 7) 
  Slice 4845:5099 (255 atoms) on core (0, 2, 8) 
  Slice 5100:5354 (255 atoms) on core (0, 2, 9) 
  Slice 5355:5609 (255 atoms) on core (0, 2, 10) 
  Slice 5610:5864 (255 atoms) on core (0, 2, 11) 
  Slice 5865:6119 (255 atoms) on core (0, 2, 12) 
  Slice 6120:6374 (255 atoms) on core (0, 2, 13) 
  Slice 6375:6629 (255 atoms) on core (0, 2, 14) 
  Slice 6630:6884 (255 atoms) on core (0, 2, 15) 
  Slice 6885:7139 (255 atoms) on core (0, 2, 16) 
  Slice 7140:7394 (255 atoms) on core (3, 0, 1) 
  Slice 7395:7649 (255 atoms) on core (3, 0, 2) 
  Slice 7650:7904 (255 atoms) on core (3, 0, 3) 
  Slice 7905:8159 (255 atoms) on core (3, 0, 4) 
  Slice 8160:8414 (255 atoms) on core (3, 0, 5) 
  Slice 8415:8669 (255 atoms) on core (3, 0, 6) 
  Slice 8670:8924 (255 atoms) on core (3, 0, 7) 
  Slice 8925:9179 (255 atoms) on core (3, 0, 8) 
  Slice 9180:9434 (255 atoms) on core (3, 0, 9) 
  Slice 9435:9689 (255 atoms) on core (3, 0, 10) 
  Slice 9690:9944 (255 atoms) on core (3, 0, 11) 
  Slice 9945:10199 (255 atoms) on core (3, 0, 12) 
  Slice 10200:10454 (255 atoms) on core (3, 0, 13) 
  Slice 10455:10709 (255 atoms) on core (3, 0, 14) 
  Slice 10710:10964 (255 atoms) on core (3, 0, 15) 
  Slice 10965:11219 (255 atoms) on core (3, 0, 16) 
  Slice 11220:11474 (255 atoms) on core (3, 1, 1) 
  Slice 11475:11729 (255 atoms) on core (3, 1, 2) 
  Slice 11730:11984 (255 atoms) on core (3, 1, 3) 
  Slice 11985:12239 (255 atoms) on core (3, 1, 4) 
  Slice 12240:12494 (255 atoms) on core (3, 1, 5) 
  Slice 12495:12543 (49 atoms) on core (3, 1, 6) 

**** Vertex: 'Convolutoin_2'
Model: IF_curr_exp
Pop sz: 12544
Sub-vertices: 
  Slice 0:254 (255 atoms) on core (3, 1, 7) 
  Slice 255:509 (255 atoms) on core (3, 1, 8) 
  Slice 510:764 (255 atoms) on core (3, 1, 9) 
  Slice 765:1019 (255 atoms) on core (3, 1, 10) 
  Slice 1020:1274 (255 atoms) on core (3, 1, 11) 
  Slice 1275:1529 (255 atoms) on core (3, 1, 12) 
  Slice 1530:1784 (255 atoms) on core (3, 1, 13) 
  Slice 1785:2039 (255 atoms) on core (3, 1, 14) 
  Slice 2040:2294 (255 atoms) on core (3, 1, 15) 
  Slice 2295:2549 (255 atoms) on core (3, 1, 16) 
  Slice 2550:2804 (255 atoms) on core (3, 2, 1) 
  Slice 2805:3059 (255 atoms) on core (3, 2, 2) 
  Slice 3060:3314 (255 atoms) on core (3, 2, 3) 
  Slice 3315:3569 (255 atoms) on core (3, 2, 4) 
  Slice 3570:3824 (255 atoms) on core (3, 2, 5) 
  Slice 3825:4079 (255 atoms) on core (3, 2, 6) 
  Slice 4080:4334 (255 atoms) on core (3, 2, 7) 
  Slice 4335:4589 (255 atoms) on core (3, 2, 8) 
  Slice 4590:4844 (255 atoms) on core (3, 2, 9) 
  Slice 4845:5099 (255 atoms) on core (3, 2, 10) 
  Slice 5100:5354 (255 atoms) on core (3, 2, 11) 
  Slice 5355:5609 (255 atoms) on core (3, 2, 12) 
  Slice 5610:5864 (255 atoms) on core (3, 2, 13) 
  Slice 5865:6119 (255 atoms) on core (3, 2, 14) 
  Slice 6120:6374 (255 atoms) on core (3, 2, 15) 
  Slice 6375:6629 (255 atoms) on core (3, 2, 16) 
  Slice 6630:6884 (255 atoms) on core (3, 3, 1) 
  Slice 6885:7139 (255 atoms) on core (3, 3, 2) 
  Slice 7140:7394 (255 atoms) on core (3, 3, 3) 
  Slice 7395:7649 (255 atoms) on core (3, 3, 4) 
  Slice 7650:7904 (255 atoms) on core (3, 3, 5) 
  Slice 7905:8159 (255 atoms) on core (3, 3, 6) 
  Slice 8160:8414 (255 atoms) on core (3, 3, 7) 
  Slice 8415:8669 (255 atoms) on core (3, 3, 8) 
  Slice 8670:8924 (255 atoms) on core (3, 3, 9) 
  Slice 8925:9179 (255 atoms) on core (3, 3, 10) 
  Slice 9180:9434 (255 atoms) on core (3, 3, 11) 
  Slice 9435:9689 (255 atoms) on core (3, 3, 12) 
  Slice 9690:9944 (255 atoms) on core (3, 3, 13) 
  Slice 9945:10199 (255 atoms) on core (3, 3, 14) 
  Slice 10200:10454 (255 atoms) on core (3, 3, 15) 
  Slice 10455:10709 (255 atoms) on core (3, 3, 16) 
  Slice 10710:10964 (255 atoms) on core (2, 3, 1) 
  Slice 10965:11219 (255 atoms) on core (2, 3, 2) 
  Slice 11220:11474 (255 atoms) on core (2, 3, 3) 
  Slice 11475:11729 (255 atoms) on core (2, 3, 4) 
  Slice 11730:11984 (255 atoms) on core (2, 3, 5) 
  Slice 11985:12239 (255 atoms) on core (2, 3, 6) 
  Slice 12240:12494 (255 atoms) on core (2, 3, 7) 
  Slice 12495:12543 (49 atoms) on core (2, 3, 8) 

**** Vertex: 'Convolutoin_3'
Model: IF_curr_exp
Pop sz: 12544
Sub-vertices: 
  Slice 0:254 (255 atoms) on core (2, 3, 9) 
  Slice 255:509 (255 atoms) on core (2, 3, 10) 
  Slice 510:764 (255 atoms) on core (2, 3, 11) 
  Slice 765:1019 (255 atoms) on core (2, 3, 12) 
  Slice 1020:1274 (255 atoms) on core (2, 3, 13) 
  Slice 1275:1529 (255 atoms) on core (2, 3, 14) 
  Slice 1530:1784 (255 atoms) on core (2, 3, 15) 
  Slice 1785:2039 (255 atoms) on core (2, 3, 16) 
  Slice 2040:2294 (255 atoms) on core (1, 3, 1) 
  Slice 2295:2549 (255 atoms) on core (1, 3, 2) 
  Slice 2550:2804 (255 atoms) on core (1, 3, 3) 
  Slice 2805:3059 (255 atoms) on core (1, 3, 4) 
  Slice 3060:3314 (255 atoms) on core (1, 3, 5) 
  Slice 3315:3569 (255 atoms) on core (1, 3, 6) 
  Slice 3570:3824 (255 atoms) on core (1, 3, 7) 
  Slice 3825:4079 (255 atoms) on core (1, 3, 8) 
  Slice 4080:4334 (255 atoms) on core (1, 3, 9) 
  Slice 4335:4589 (255 atoms) on core (1, 3, 10) 
  Slice 4590:4844 (255 atoms) on core (1, 3, 11) 
  Slice 4845:5099 (255 atoms) on core (1, 3, 12) 
  Slice 5100:5354 (255 atoms) on core (1, 3, 13) 
  Slice 5355:5609 (255 atoms) on core (1, 3, 14) 
  Slice 5610:5864 (255 atoms) on core (1, 3, 15) 
  Slice 5865:6119 (255 atoms) on core (1, 3, 16) 
  Slice 6120:6374 (255 atoms) on core (0, 3, 1) 
  Slice 6375:6629 (255 atoms) on core (0, 3, 2) 
  Slice 6630:6884 (255 atoms) on core (0, 3, 3) 
  Slice 6885:7139 (255 atoms) on core (0, 3, 4) 
  Slice 7140:7394 (255 atoms) on core (0, 3, 5) 
  Slice 7395:7649 (255 atoms) on core (0, 3, 6) 
  Slice 7650:7904 (255 atoms) on core (0, 3, 7) 
  Slice 7905:8159 (255 atoms) on core (0, 3, 8) 
  Slice 8160:8414 (255 atoms) on core (0, 3, 9) 
  Slice 8415:8669 (255 atoms) on core (0, 3, 10) 
  Slice 8670:8924 (255 atoms) on core (0, 3, 11) 
  Slice 8925:9179 (255 atoms) on core (0, 3, 12) 
  Slice 9180:9434 (255 atoms) on core (0, 3, 13) 
  Slice 9435:9689 (255 atoms) on core (0, 3, 14) 
  Slice 9690:9944 (255 atoms) on core (0, 3, 15) 
  Slice 9945:10199 (255 atoms) on core (0, 3, 16) 
  Slice 10200:10454 (255 atoms) on core (4, 0, 1) 
  Slice 10455:10709 (255 atoms) on core (4, 0, 2) 
  Slice 10710:10964 (255 atoms) on core (4, 0, 3) 
  Slice 10965:11219 (255 atoms) on core (4, 0, 4) 
  Slice 11220:11474 (255 atoms) on core (4, 0, 5) 
  Slice 11475:11729 (255 atoms) on core (4, 0, 6) 
  Slice 11730:11984 (255 atoms) on core (4, 0, 7) 
  Slice 11985:12239 (255 atoms) on core (4, 0, 8) 
  Slice 12240:12494 (255 atoms) on core (4, 0, 9) 
  Slice 12495:12543 (49 atoms) on core (4, 0, 10) 

**** Vertex: 'pool_integrate'
Model: IF_curr_exp
Pop sz: 1296
Sub-vertices: 
  Slice 0:254 (255 atoms) on core (4, 0, 11) 
  Slice 255:509 (255 atoms) on core (4, 0, 12) 
  Slice 510:764 (255 atoms) on core (4, 0, 13) 
  Slice 765:1019 (255 atoms) on core (4, 0, 14) 
  Slice 1020:1274 (255 atoms) on core (4, 0, 15) 
  Slice 1275:1295 (21 atoms) on core (4, 0, 16) 

**** Vertex: 'pool_0'
Model: IF_curr_exp
Pop sz: 1296
Sub-vertices: 
  Slice 0:254 (255 atoms) on core (4, 1, 1) 
  Slice 255:509 (255 atoms) on core (4, 1, 2) 
  Slice 510:764 (255 atoms) on core (4, 1, 3) 
  Slice 765:1019 (255 atoms) on core (4, 1, 4) 
  Slice 1020:1274 (255 atoms) on core (4, 1, 5) 
  Slice 1275:1295 (21 atoms) on core (4, 1, 6) 

**** Vertex: 'pool_1'
Model: IF_curr_exp
Pop sz: 1296
Sub-vertices: 
  Slice 0:254 (255 atoms) on core (4, 1, 7) 
  Slice 255:509 (255 atoms) on core (4, 1, 8) 
  Slice 510:764 (255 atoms) on core (4, 1, 9) 
  Slice 765:1019 (255 atoms) on core (4, 1, 10) 
  Slice 1020:1274 (255 atoms) on core (4, 1, 11) 
  Slice 1275:1295 (21 atoms) on core (4, 1, 12) 

**** Vertex: 'pool_2'
Model: IF_curr_exp
Pop sz: 1296
Sub-vertices: 
  Slice 0:254 (255 atoms) on core (4, 1, 13) 
  Slice 255:509 (255 atoms) on core (4, 1, 14) 
  Slice 510:764 (255 atoms) on core (4, 1, 15) 
  Slice 765:1019 (255 atoms) on core (4, 1, 16) 
  Slice 1020:1274 (255 atoms) on core (4, 2, 1) 
  Slice 1275:1295 (21 atoms) on core (4, 2, 2) 

**** Vertex: 'pool_3'
Model: IF_curr_exp
Pop sz: 1296
Sub-vertices: 
  Slice 0:254 (255 atoms) on core (4, 2, 3) 
  Slice 255:509 (255 atoms) on core (4, 2, 4) 
  Slice 510:764 (255 atoms) on core (4, 2, 5) 
  Slice 765:1019 (255 atoms) on core (4, 2, 6) 
  Slice 1020:1274 (255 atoms) on core (4, 2, 7) 
  Slice 1275:1295 (21 atoms) on core (4, 2, 8) 

**** Vertex: 'recognition'
Model: IF_curr_exp
Pop sz: 256
Sub-vertices: 
  Slice 0:254 (255 atoms) on core (4, 2, 9) 
  Slice 255:255 (1 atoms) on core (4, 2, 10) 

**** Vertex: 'recognition'
Model: IF_curr_exp
Pop sz: 256
Sub-vertices: 
  Slice 0:254 (255 atoms) on core (4, 2, 11) 
  Slice 255:255 (1 atoms) on core (4, 2, 12) 

**** Vertex: 'recognition'
Model: IF_curr_exp
Pop sz: 256
Sub-vertices: 
  Slice 0:254 (255 atoms) on core (4, 2, 13) 
  Slice 255:255 (1 atoms) on core (4, 2, 14) 

**** Vertex: 'recognition'
Model: IF_curr_exp
Pop sz: 256
Sub-vertices: 
  Slice 0:254 (255 atoms) on core (4, 2, 15) 
  Slice 255:255 (1 atoms) on core (4, 2, 16) 

**** Vertex: 'retina_pop'
Model: SpikeSourceArray
Pop sz: 16384
Sub-vertices: 
  Slice 0:255 (256 atoms) on core (4, 3, 1) 
  Slice 256:511 (256 atoms) on core (4, 3, 2) 
  Slice 512:767 (256 atoms) on core (4, 3, 3) 
  Slice 768:1023 (256 atoms) on core (4, 3, 4) 
  Slice 1024:1279 (256 atoms) on core (4, 3, 5) 
  Slice 1280:1535 (256 atoms) on core (4, 3, 6) 
  Slice 1536:1791 (256 atoms) on core (4, 3, 7) 
  Slice 1792:2047 (256 atoms) on core (4, 3, 8) 
  Slice 2048:2303 (256 atoms) on core (4, 3, 9) 
  Slice 2304:2559 (256 atoms) on core (4, 3, 10) 
  Slice 2560:2815 (256 atoms) on core (4, 3, 11) 
  Slice 2816:3071 (256 atoms) on core (4, 3, 12) 
  Slice 3072:3327 (256 atoms) on core (4, 3, 13) 
  Slice 3328:3583 (256 atoms) on core (4, 3, 14) 
  Slice 3584:3839 (256 atoms) on core (4, 3, 15) 
  Slice 3840:4095 (256 atoms) on core (4, 3, 16) 
  Slice 4096:4351 (256 atoms) on core (4, 4, 1) 
  Slice 4352:4607 (256 atoms) on core (4, 4, 2) 
  Slice 4608:4863 (256 atoms) on core (4, 4, 3) 
  Slice 4864:5119 (256 atoms) on core (4, 4, 4) 
  Slice 5120:5375 (256 atoms) on core (4, 4, 5) 
  Slice 5376:5631 (256 atoms) on core (4, 4, 6) 
  Slice 5632:5887 (256 atoms) on core (4, 4, 7) 
  Slice 5888:6143 (256 atoms) on core (4, 4, 8) 
  Slice 6144:6399 (256 atoms) on core (4, 4, 9) 
  Slice 6400:6655 (256 atoms) on core (4, 4, 10) 
  Slice 6656:6911 (256 atoms) on core (4, 4, 11) 
  Slice 6912:7167 (256 atoms) on core (4, 4, 12) 
  Slice 7168:7423 (256 atoms) on core (4, 4, 13) 
  Slice 7424:7679 (256 atoms) on core (4, 4, 14) 
  Slice 7680:7935 (256 atoms) on core (4, 4, 15) 
  Slice 7936:8191 (256 atoms) on core (4, 4, 16) 
  Slice 8192:8447 (256 atoms) on core (3, 4, 1) 
  Slice 8448:8703 (256 atoms) on core (3, 4, 2) 
  Slice 8704:8959 (256 atoms) on core (3, 4, 3) 
  Slice 8960:9215 (256 atoms) on core (3, 4, 4) 
  Slice 9216:9471 (256 atoms) on core (3, 4, 5) 
  Slice 9472:9727 (256 atoms) on core (3, 4, 6) 
  Slice 9728:9983 (256 atoms) on core (3, 4, 7) 
  Slice 9984:10239 (256 atoms) on core (3, 4, 8) 
  Slice 10240:10495 (256 atoms) on core (3, 4, 9) 
  Slice 10496:10751 (256 atoms) on core (3, 4, 10) 
  Slice 10752:11007 (256 atoms) on core (3, 4, 11) 
  Slice 11008:11263 (256 atoms) on core (3, 4, 12) 
  Slice 11264:11519 (256 atoms) on core (3, 4, 13) 
  Slice 11520:11775 (256 atoms) on core (3, 4, 14) 
  Slice 11776:12031 (256 atoms) on core (3, 4, 15) 
  Slice 12032:12287 (256 atoms) on core (3, 4, 16) 
  Slice 12288:12543 (256 atoms) on core (2, 4, 1) 
  Slice 12544:12799 (256 atoms) on core (2, 4, 2) 
  Slice 12800:13055 (256 atoms) on core (2, 4, 3) 
  Slice 13056:13311 (256 atoms) on core (2, 4, 4) 
  Slice 13312:13567 (256 atoms) on core (2, 4, 5) 
  Slice 13568:13823 (256 atoms) on core (2, 4, 6) 
  Slice 13824:14079 (256 atoms) on core (2, 4, 7) 
  Slice 14080:14335 (256 atoms) on core (2, 4, 8) 
  Slice 14336:14591 (256 atoms) on core (2, 4, 9) 
  Slice 14592:14847 (256 atoms) on core (2, 4, 10) 
  Slice 14848:15103 (256 atoms) on core (2, 4, 11) 
  Slice 15104:15359 (256 atoms) on core (2, 4, 12) 
  Slice 15360:15615 (256 atoms) on core (2, 4, 13) 
  Slice 15616:15871 (256 atoms) on core (2, 4, 14) 
  Slice 15872:16127 (256 atoms) on core (2, 4, 15) 
  Slice 16128:16383 (256 atoms) on core (2, 4, 16) 

