        Memory Usage by Core
        ====================

Generated: Wed Oct 29 16:37:23 2014 for target machine 'spinn-3'

SDRAM requirements for core (0,0,1) is 0 KB
SDRAM requirements for core (0,0,2) is 748 KB
SDRAM requirements for core (0,0,3) is 748 KB
SDRAM requirements for core (0,0,4) is 748 KB
SDRAM requirements for core (0,0,5) is 748 KB
SDRAM requirements for core (0,0,6) is 748 KB
SDRAM requirements for core (0,0,7) is 748 KB
SDRAM requirements for core (0,0,8) is 748 KB
SDRAM requirements for core (0,0,9) is 748 KB
SDRAM requirements for core (0,0,10) is 748 KB
SDRAM requirements for core (0,0,11) is 748 KB
SDRAM requirements for core (0,0,12) is 748 KB
SDRAM requirements for core (0,0,13) is 748 KB
SDRAM requirements for core (0,0,14) is 748 KB
SDRAM requirements for core (0,0,15) is 748 KB
SDRAM requirements for core (0,0,16) is 748 KB
SDRAM requirements for core (1,0,1) is 748 KB
SDRAM requirements for core (1,0,2) is 748 KB
SDRAM requirements for core (1,0,3) is 748 KB
SDRAM requirements for core (1,0,4) is 748 KB
SDRAM requirements for core (1,0,5) is 748 KB
SDRAM requirements for core (1,0,6) is 748 KB
SDRAM requirements for core (1,0,7) is 748 KB
SDRAM requirements for core (1,0,8) is 748 KB
SDRAM requirements for core (1,0,9) is 748 KB
SDRAM requirements for core (1,0,10) is 748 KB
SDRAM requirements for core (1,0,11) is 748 KB
SDRAM requirements for core (1,0,12) is 748 KB
SDRAM requirements for core (1,0,13) is 748 KB
SDRAM requirements for core (1,0,14) is 748 KB
SDRAM requirements for core (1,0,15) is 748 KB
SDRAM requirements for core (1,0,16) is 748 KB
SDRAM requirements for core (1,1,1) is 748 KB
SDRAM requirements for core (1,1,2) is 748 KB
SDRAM requirements for core (1,1,3) is 748 KB
SDRAM requirements for core (1,1,4) is 748 KB
SDRAM requirements for core (1,1,5) is 748 KB
SDRAM requirements for core (1,1,6) is 748 KB
SDRAM requirements for core (1,1,7) is 748 KB
SDRAM requirements for core (1,1,8) is 748 KB
SDRAM requirements for core (1,1,9) is 748 KB
SDRAM requirements for core (1,1,10) is 748 KB
SDRAM requirements for core (1,1,11) is 748 KB
SDRAM requirements for core (1,1,12) is 748 KB
SDRAM requirements for core (1,1,13) is 748 KB
SDRAM requirements for core (1,1,14) is 748 KB
SDRAM requirements for core (1,1,15) is 748 KB
SDRAM requirements for core (1,1,16) is 748 KB
SDRAM requirements for core (0,1,1) is 748 KB
SDRAM requirements for core (0,1,2) is 748 KB
SDRAM requirements for core (0,1,3) is 748 KB
SDRAM requirements for core (0,1,4) is 748 KB
SDRAM requirements for core (0,1,5) is 748 KB
SDRAM requirements for core (0,1,6) is 748 KB
SDRAM requirements for core (0,1,7) is 748 KB
SDRAM requirements for core (0,1,8) is 748 KB
SDRAM requirements for core (0,1,9) is 748 KB
SDRAM requirements for core (0,1,10) is 748 KB
SDRAM requirements for core (0,1,11) is 748 KB
SDRAM requirements for core (0,1,12) is 748 KB
SDRAM requirements for core (0,1,13) is 748 KB
SDRAM requirements for core (0,1,14) is 748 KB
SDRAM requirements for core (0,1,15) is 748 KB
SDRAM requirements for core (0,1,16) is 748 KB
SDRAM requirements for core (2,0,1) is 748 KB
SDRAM requirements for core (2,0,2) is 738 KB
SDRAM requirements for core (2,0,3) is 4468 KB
SDRAM requirements for core (2,0,4) is 4468 KB
SDRAM requirements for core (2,0,5) is 4468 KB
SDRAM requirements for core (2,0,6) is 4468 KB
SDRAM requirements for core (2,0,7) is 4468 KB
SDRAM requirements for core (2,0,8) is 4468 KB
SDRAM requirements for core (2,0,9) is 4468 KB
SDRAM requirements for core (2,0,10) is 4468 KB
SDRAM requirements for core (2,0,11) is 4468 KB
SDRAM requirements for core (2,0,12) is 4468 KB
SDRAM requirements for core (2,0,13) is 4468 KB
SDRAM requirements for core (2,0,14) is 4468 KB
SDRAM requirements for core (2,0,15) is 4468 KB
SDRAM requirements for core (2,0,16) is 4468 KB
SDRAM requirements for core (2,1,1) is 4468 KB
SDRAM requirements for core (2,1,2) is 4468 KB
SDRAM requirements for core (2,1,3) is 4468 KB
SDRAM requirements for core (2,1,4) is 4468 KB
SDRAM requirements for core (2,1,5) is 4468 KB
SDRAM requirements for core (2,1,6) is 4468 KB
SDRAM requirements for core (2,1,7) is 4468 KB
SDRAM requirements for core (2,1,8) is 4468 KB
SDRAM requirements for core (2,1,9) is 4468 KB
SDRAM requirements for core (2,1,10) is 4468 KB
SDRAM requirements for core (2,1,11) is 4468 KB
SDRAM requirements for core (2,1,12) is 4468 KB
SDRAM requirements for core (2,1,13) is 4468 KB
SDRAM requirements for core (2,1,14) is 4468 KB
SDRAM requirements for core (2,1,15) is 4468 KB
SDRAM requirements for core (2,1,16) is 4468 KB
SDRAM requirements for core (2,2,1) is 4468 KB
SDRAM requirements for core (2,2,2) is 4468 KB
SDRAM requirements for core (2,2,3) is 4468 KB
SDRAM requirements for core (2,2,4) is 4468 KB
SDRAM requirements for core (2,2,5) is 4468 KB
SDRAM requirements for core (2,2,6) is 4468 KB
SDRAM requirements for core (2,2,7) is 4468 KB
SDRAM requirements for core (2,2,8) is 4468 KB
SDRAM requirements for core (2,2,9) is 4468 KB
SDRAM requirements for core (2,2,10) is 4468 KB
SDRAM requirements for core (2,2,11) is 4468 KB
SDRAM requirements for core (2,2,12) is 4468 KB
SDRAM requirements for core (2,2,13) is 4468 KB
SDRAM requirements for core (2,2,14) is 4468 KB
SDRAM requirements for core (2,2,15) is 4468 KB
SDRAM requirements for core (2,2,16) is 4468 KB
SDRAM requirements for core (1,2,1) is 4468 KB
SDRAM requirements for core (1,2,2) is 4468 KB
SDRAM requirements for core (1,2,3) is 4468 KB
SDRAM requirements for core (1,2,4) is 2409 KB
SDRAM requirements for core (1,2,5) is 4468 KB
SDRAM requirements for core (1,2,6) is 4468 KB
SDRAM requirements for core (1,2,7) is 4468 KB
SDRAM requirements for core (1,2,8) is 4468 KB
SDRAM requirements for core (1,2,9) is 4468 KB
SDRAM requirements for core (1,2,10) is 4468 KB
SDRAM requirements for core (1,2,11) is 4468 KB
SDRAM requirements for core (1,2,12) is 4468 KB
SDRAM requirements for core (1,2,13) is 4468 KB
SDRAM requirements for core (1,2,14) is 4468 KB
SDRAM requirements for core (1,2,15) is 4468 KB
SDRAM requirements for core (1,2,16) is 4468 KB
SDRAM requirements for core (0,2,1) is 4468 KB
SDRAM requirements for core (0,2,2) is 4468 KB
SDRAM requirements for core (0,2,3) is 4468 KB
SDRAM requirements for core (0,2,4) is 4468 KB
SDRAM requirements for core (0,2,5) is 4468 KB
SDRAM requirements for core (0,2,6) is 4468 KB
SDRAM requirements for core (0,2,7) is 4468 KB
SDRAM requirements for core (0,2,8) is 4468 KB
SDRAM requirements for core (0,2,9) is 4468 KB
SDRAM requirements for core (0,2,10) is 4468 KB
SDRAM requirements for core (0,2,11) is 4468 KB
SDRAM requirements for core (0,2,12) is 4468 KB
SDRAM requirements for core (0,2,13) is 4468 KB
SDRAM requirements for core (0,2,14) is 4468 KB
SDRAM requirements for core (0,2,15) is 4468 KB
SDRAM requirements for core (0,2,16) is 4468 KB
SDRAM requirements for core (3,0,1) is 4468 KB
SDRAM requirements for core (3,0,2) is 4468 KB
SDRAM requirements for core (3,0,3) is 4468 KB
SDRAM requirements for core (3,0,4) is 4468 KB
SDRAM requirements for core (3,0,5) is 4468 KB
SDRAM requirements for core (3,0,6) is 4468 KB
SDRAM requirements for core (3,0,7) is 4468 KB
SDRAM requirements for core (3,0,8) is 4468 KB
SDRAM requirements for core (3,0,9) is 4468 KB
SDRAM requirements for core (3,0,10) is 4468 KB
SDRAM requirements for core (3,0,11) is 4468 KB
SDRAM requirements for core (3,0,12) is 4468 KB
SDRAM requirements for core (3,0,13) is 4468 KB
SDRAM requirements for core (3,0,14) is 4468 KB
SDRAM requirements for core (3,0,15) is 4468 KB
SDRAM requirements for core (3,0,16) is 4468 KB
SDRAM requirements for core (3,1,1) is 4468 KB
SDRAM requirements for core (3,1,2) is 4468 KB
SDRAM requirements for core (3,1,3) is 4468 KB
SDRAM requirements for core (3,1,4) is 4468 KB
SDRAM requirements for core (3,1,5) is 4468 KB
SDRAM requirements for core (3,1,6) is 2409 KB
SDRAM requirements for core (3,1,7) is 4468 KB
SDRAM requirements for core (3,1,8) is 4468 KB
SDRAM requirements for core (3,1,9) is 4468 KB
SDRAM requirements for core (3,1,10) is 4468 KB
SDRAM requirements for core (3,1,11) is 4468 KB
SDRAM requirements for core (3,1,12) is 4468 KB
SDRAM requirements for core (3,1,13) is 4468 KB
SDRAM requirements for core (3,1,14) is 4468 KB
SDRAM requirements for core (3,1,15) is 4468 KB
SDRAM requirements for core (3,1,16) is 4468 KB
SDRAM requirements for core (3,2,1) is 4468 KB
SDRAM requirements for core (3,2,2) is 4468 KB
SDRAM requirements for core (3,2,3) is 4468 KB
SDRAM requirements for core (3,2,4) is 4468 KB
SDRAM requirements for core (3,2,5) is 4468 KB
SDRAM requirements for core (3,2,6) is 4468 KB
SDRAM requirements for core (3,2,7) is 4468 KB
SDRAM requirements for core (3,2,8) is 4468 KB
SDRAM requirements for core (3,2,9) is 4468 KB
SDRAM requirements for core (3,2,10) is 4468 KB
SDRAM requirements for core (3,2,11) is 4468 KB
SDRAM requirements for core (3,2,12) is 4468 KB
SDRAM requirements for core (3,2,13) is 4468 KB
SDRAM requirements for core (3,2,14) is 4468 KB
SDRAM requirements for core (3,2,15) is 4468 KB
SDRAM requirements for core (3,2,16) is 4468 KB
SDRAM requirements for core (3,3,1) is 4468 KB
SDRAM requirements for core (3,3,2) is 4468 KB
SDRAM requirements for core (3,3,3) is 4468 KB
SDRAM requirements for core (3,3,4) is 4468 KB
SDRAM requirements for core (3,3,5) is 4468 KB
SDRAM requirements for core (3,3,6) is 4468 KB
SDRAM requirements for core (3,3,7) is 4468 KB
SDRAM requirements for core (3,3,8) is 4468 KB
SDRAM requirements for core (3,3,9) is 4468 KB
SDRAM requirements for core (3,3,10) is 4468 KB
SDRAM requirements for core (3,3,11) is 4468 KB
SDRAM requirements for core (3,3,12) is 4468 KB
SDRAM requirements for core (3,3,13) is 4468 KB
SDRAM requirements for core (3,3,14) is 4468 KB
SDRAM requirements for core (3,3,15) is 4468 KB
SDRAM requirements for core (3,3,16) is 4468 KB
SDRAM requirements for core (2,3,1) is 4468 KB
SDRAM requirements for core (2,3,2) is 4468 KB
SDRAM requirements for core (2,3,3) is 4468 KB
SDRAM requirements for core (2,3,4) is 4468 KB
SDRAM requirements for core (2,3,5) is 4468 KB
SDRAM requirements for core (2,3,6) is 4468 KB
SDRAM requirements for core (2,3,7) is 4468 KB
SDRAM requirements for core (2,3,8) is 2409 KB
SDRAM requirements for core (2,3,9) is 4468 KB
SDRAM requirements for core (2,3,10) is 4468 KB
SDRAM requirements for core (2,3,11) is 4468 KB
SDRAM requirements for core (2,3,12) is 4468 KB
SDRAM requirements for core (2,3,13) is 4468 KB
SDRAM requirements for core (2,3,14) is 4468 KB
SDRAM requirements for core (2,3,15) is 4468 KB
SDRAM requirements for core (2,3,16) is 4468 KB
SDRAM requirements for core (1,3,1) is 4468 KB
SDRAM requirements for core (1,3,2) is 4468 KB
SDRAM requirements for core (1,3,3) is 4468 KB
SDRAM requirements for core (1,3,4) is 4468 KB
SDRAM requirements for core (1,3,5) is 4468 KB
SDRAM requirements for core (1,3,6) is 4468 KB
SDRAM requirements for core (1,3,7) is 4468 KB
SDRAM requirements for core (1,3,8) is 4468 KB
SDRAM requirements for core (1,3,9) is 4468 KB
SDRAM requirements for core (1,3,10) is 4468 KB
SDRAM requirements for core (1,3,11) is 4468 KB
SDRAM requirements for core (1,3,12) is 4468 KB
SDRAM requirements for core (1,3,13) is 4468 KB
SDRAM requirements for core (1,3,14) is 4468 KB
SDRAM requirements for core (1,3,15) is 4468 KB
SDRAM requirements for core (1,3,16) is 4468 KB
SDRAM requirements for core (0,3,1) is 4468 KB
SDRAM requirements for core (0,3,2) is 4468 KB
SDRAM requirements for core (0,3,3) is 4468 KB
SDRAM requirements for core (0,3,4) is 4468 KB
SDRAM requirements for core (0,3,5) is 4468 KB
SDRAM requirements for core (0,3,6) is 4468 KB
SDRAM requirements for core (0,3,7) is 4468 KB
SDRAM requirements for core (0,3,8) is 4468 KB
SDRAM requirements for core (0,3,9) is 4468 KB
SDRAM requirements for core (0,3,10) is 4468 KB
SDRAM requirements for core (0,3,11) is 4468 KB
SDRAM requirements for core (0,3,12) is 4468 KB
SDRAM requirements for core (0,3,13) is 4468 KB
SDRAM requirements for core (0,3,14) is 4468 KB
SDRAM requirements for core (0,3,15) is 4468 KB
SDRAM requirements for core (0,3,16) is 4468 KB
SDRAM requirements for core (4,0,1) is 4468 KB
SDRAM requirements for core (4,0,2) is 4468 KB
SDRAM requirements for core (4,0,3) is 4468 KB
SDRAM requirements for core (4,0,4) is 4468 KB
SDRAM requirements for core (4,0,5) is 4468 KB
SDRAM requirements for core (4,0,6) is 4468 KB
SDRAM requirements for core (4,0,7) is 4468 KB
SDRAM requirements for core (4,0,8) is 4468 KB
SDRAM requirements for core (4,0,9) is 4468 KB
SDRAM requirements for core (4,0,10) is 2409 KB
SDRAM requirements for core (4,0,11) is 461 KB
SDRAM requirements for core (4,0,12) is 461 KB
SDRAM requirements for core (4,0,13) is 461 KB
SDRAM requirements for core (4,0,14) is 461 KB
SDRAM requirements for core (4,0,15) is 461 KB
SDRAM requirements for core (4,0,16) is 449 KB
SDRAM requirements for core (4,1,1) is 681 KB
SDRAM requirements for core (4,1,2) is 681 KB
SDRAM requirements for core (4,1,3) is 681 KB
SDRAM requirements for core (4,1,4) is 681 KB
SDRAM requirements for core (4,1,5) is 681 KB
SDRAM requirements for core (4,1,6) is 668 KB
SDRAM requirements for core (4,1,7) is 681 KB
SDRAM requirements for core (4,1,8) is 681 KB
SDRAM requirements for core (4,1,9) is 681 KB
SDRAM requirements for core (4,1,10) is 681 KB
SDRAM requirements for core (4,1,11) is 681 KB
SDRAM requirements for core (4,1,12) is 668 KB
SDRAM requirements for core (4,1,13) is 681 KB
SDRAM requirements for core (4,1,14) is 681 KB
SDRAM requirements for core (4,1,15) is 681 KB
SDRAM requirements for core (4,1,16) is 681 KB
SDRAM requirements for core (4,2,1) is 681 KB
SDRAM requirements for core (4,2,2) is 668 KB
SDRAM requirements for core (4,2,3) is 681 KB
SDRAM requirements for core (4,2,4) is 681 KB
SDRAM requirements for core (4,2,5) is 681 KB
SDRAM requirements for core (4,2,6) is 681 KB
SDRAM requirements for core (4,2,7) is 681 KB
SDRAM requirements for core (4,2,8) is 668 KB
SDRAM requirements for core (4,2,9) is 1340 KB
SDRAM requirements for core (4,2,10) is 35 KB
SDRAM requirements for core (4,2,11) is 1340 KB
SDRAM requirements for core (4,2,12) is 35 KB
SDRAM requirements for core (4,2,13) is 1340 KB
SDRAM requirements for core (4,2,14) is 35 KB
SDRAM requirements for core (4,2,15) is 1340 KB
SDRAM requirements for core (4,2,16) is 35 KB
SDRAM requirements for core (4,3,1) is 1340 KB
SDRAM requirements for core (4,3,2) is 35 KB
SDRAM requirements for core (4,3,3) is 3 KB
SDRAM requirements for core (4,3,4) is 1 KB
SDRAM requirements for core (4,3,5) is 1 KB
SDRAM requirements for core (4,3,6) is 1 KB
SDRAM requirements for core (4,3,7) is 0 KB
SDRAM requirements for core (4,3,8) is 4 KB
SDRAM requirements for core (4,3,9) is 1 KB
SDRAM requirements for core (4,3,10) is 0 KB
SDRAM requirements for core (4,3,11) is 1 KB
SDRAM requirements for core (4,3,12) is 2 KB
SDRAM requirements for core (4,3,13) is 2 KB
SDRAM requirements for core (4,3,14) is 2 KB
SDRAM requirements for core (4,3,15) is 5 KB
SDRAM requirements for core (4,3,16) is 11 KB
SDRAM requirements for core (4,4,1) is 17 KB
SDRAM requirements for core (4,4,2) is 20 KB
SDRAM requirements for core (4,4,3) is 23 KB
SDRAM requirements for core (4,4,4) is 33 KB
SDRAM requirements for core (4,4,5) is 38 KB
SDRAM requirements for core (4,4,6) is 45 KB
SDRAM requirements for core (4,4,7) is 55 KB
SDRAM requirements for core (4,4,8) is 61 KB
SDRAM requirements for core (4,4,9) is 68 KB
SDRAM requirements for core (4,4,10) is 81 KB
SDRAM requirements for core (4,4,11) is 87 KB
SDRAM requirements for core (4,4,12) is 86 KB
SDRAM requirements for core (4,4,13) is 93 KB
SDRAM requirements for core (4,4,14) is 99 KB
SDRAM requirements for core (4,4,15) is 105 KB
SDRAM requirements for core (4,4,16) is 111 KB
SDRAM requirements for core (3,4,1) is 115 KB
SDRAM requirements for core (3,4,2) is 117 KB
SDRAM requirements for core (3,4,3) is 114 KB
SDRAM requirements for core (3,4,4) is 116 KB
SDRAM requirements for core (3,4,5) is 114 KB
SDRAM requirements for core (3,4,6) is 123 KB
SDRAM requirements for core (3,4,7) is 123 KB
SDRAM requirements for core (3,4,8) is 125 KB
SDRAM requirements for core (3,4,9) is 139 KB
SDRAM requirements for core (3,4,10) is 133 KB
SDRAM requirements for core (3,4,11) is 136 KB
SDRAM requirements for core (3,4,12) is 126 KB
SDRAM requirements for core (3,4,13) is 126 KB
SDRAM requirements for core (3,4,14) is 125 KB
SDRAM requirements for core (3,4,15) is 120 KB
SDRAM requirements for core (3,4,16) is 117 KB
SDRAM requirements for core (2,4,1) is 104 KB
SDRAM requirements for core (2,4,2) is 96 KB
SDRAM requirements for core (2,4,3) is 89 KB
SDRAM requirements for core (2,4,4) is 77 KB
SDRAM requirements for core (2,4,5) is 67 KB
SDRAM requirements for core (2,4,6) is 58 KB
SDRAM requirements for core (2,4,7) is 42 KB
SDRAM requirements for core (2,4,8) is 33 KB
SDRAM requirements for core (2,4,9) is 30 KB
SDRAM requirements for core (2,4,10) is 27 KB
SDRAM requirements for core (2,4,11) is 16 KB
SDRAM requirements for core (2,4,12) is 12 KB
SDRAM requirements for core (2,4,13) is 10 KB
SDRAM requirements for core (2,4,14) is 7 KB
SDRAM requirements for core (2,4,15) is 4 KB
SDRAM requirements for core (2,4,16) is 4 KB
SDRAM requirements for core (1,4,1) is 2 KB
SDRAM requirements for core (1,4,2) is 1 KB
**** Chip: (2, 4) has total memory usage of 683 KB out of a max of 119 MB 

**** Chip: (2, 3) has total memory usage of 69433 KB out of a max of 119 MB 

**** Chip: (2, 2) has total memory usage of 71492 KB out of a max of 119 MB 

**** Chip: (2, 1) has total memory usage of 71492 KB out of a max of 119 MB 

**** Chip: (2, 0) has total memory usage of 64043 KB out of a max of 119 MB 

**** Chip: (4, 1) has total memory usage of 10875 KB out of a max of 119 MB 

**** Chip: (4, 0) has total memory usage of 45381 KB out of a max of 119 MB 

**** Chip: (4, 3) has total memory usage of 1417 KB out of a max of 119 MB 

**** Chip: (4, 2) has total memory usage of 10929 KB out of a max of 119 MB 

**** Chip: (4, 4) has total memory usage of 1027 KB out of a max of 119 MB 

**** Chip: (1, 0) has total memory usage of 11980 KB out of a max of 119 MB 

**** Chip: (1, 1) has total memory usage of 11980 KB out of a max of 119 MB 

**** Chip: (1, 2) has total memory usage of 69433 KB out of a max of 119 MB 

**** Chip: (1, 3) has total memory usage of 71492 KB out of a max of 119 MB 

**** Chip: (1, 4) has total memory usage of 3 KB out of a max of 119 MB 

**** Chip: (0, 0) has total memory usage of 11231 KB out of a max of 119 MB 

**** Chip: (0, 3) has total memory usage of 71492 KB out of a max of 119 MB 

**** Chip: (0, 2) has total memory usage of 71492 KB out of a max of 119 MB 

**** Chip: (0, 1) has total memory usage of 11980 KB out of a max of 119 MB 

**** Chip: (3, 2) has total memory usage of 71492 KB out of a max of 119 MB 

**** Chip: (3, 3) has total memory usage of 71492 KB out of a max of 119 MB 

**** Chip: (3, 0) has total memory usage of 71492 KB out of a max of 119 MB 

**** Chip: (3, 1) has total memory usage of 69433 KB out of a max of 119 MB 

**** Chip: (3, 4) has total memory usage of 1978 KB out of a max of 119 MB 

