        Memory Map for Chip (4, 0)
        ==========================

Generated: Wed Oct 29 16:45:12 2014 for target machine 'spinn-3'

Processor 1:     (Start address 0x70000000)
 Region    Rel.Addr  (Abs.Addr)          Size(bytes)
==========================================================
   0       0x     0 (0x70000000)         80 (0x    50)
   1       0x    50 (0x70000050)         16 (0x    10)
   2       0x    60 (0x70000060)      10252 (0x  280C)
   3       0x  286C (0x7000286C)       4080 (0x   FF0)
   4       0x  385C (0x7000385C)         32 (0x    20)
   5       0x  387C (0x7000387C)       2304 (0x   900)
   6       0x  417C (0x7000417C)     819968 (0x C8300)

Processor 2:     (Start address 0x700CC47C)
 Region    Rel.Addr  (Abs.Addr)          Size(bytes)
==========================================================
   0       0x     0 (0x700CC47C)         80 (0x    50)
   1       0x    50 (0x700CC4CC)         16 (0x    10)
   2       0x    60 (0x700CC4DC)      10252 (0x  280C)
   3       0x  286C (0x700CECE8)       4080 (0x   FF0)
   4       0x  385C (0x700CFCD8)         32 (0x    20)
   5       0x  387C (0x700CFCF8)       2304 (0x   900)
   6       0x  417C (0x700D05F8)     836352 (0x CC300)

Processor 3:     (Start address 0x7019C8F8)
 Region    Rel.Addr  (Abs.Addr)          Size(bytes)
==========================================================
   0       0x     0 (0x7019C8F8)         80 (0x    50)
   1       0x    50 (0x7019C948)         16 (0x    10)
   2       0x    60 (0x7019C958)      10252 (0x  280C)
   3       0x  286C (0x7019F164)       4080 (0x   FF0)
   4       0x  385C (0x701A0154)         32 (0x    20)
   5       0x  387C (0x701A0174)       2304 (0x   900)
   6       0x  417C (0x701A0A74)     836352 (0x CC300)

Processor 4:     (Start address 0x7026CD74)
 Region    Rel.Addr  (Abs.Addr)          Size(bytes)
==========================================================
   0       0x     0 (0x7026CD74)         80 (0x    50)
   1       0x    50 (0x7026CDC4)         16 (0x    10)
   2       0x    60 (0x7026CDD4)      10252 (0x  280C)
   3       0x  286C (0x7026F5E0)       4080 (0x   FF0)
   4       0x  385C (0x702705D0)         32 (0x    20)
   5       0x  387C (0x702705F0)       2304 (0x   900)
   6       0x  417C (0x70270EF0)     819968 (0x C8300)

Processor 5:     (Start address 0x703391F0)
 Region    Rel.Addr  (Abs.Addr)          Size(bytes)
==========================================================
   0       0x     0 (0x703391F0)         80 (0x    50)
   1       0x    50 (0x70339240)         16 (0x    10)
   2       0x    60 (0x70339250)      10252 (0x  280C)
   3       0x  286C (0x7033BA5C)       4080 (0x   FF0)
   4       0x  385C (0x7033CA4C)         32 (0x    20)
   5       0x  387C (0x7033CA6C)       2304 (0x   900)
   6       0x  417C (0x7033D36C)     819968 (0x C8300)

Processor 6:     (Start address 0x7040566C)
 Region    Rel.Addr  (Abs.Addr)          Size(bytes)
==========================================================
   0       0x     0 (0x7040566C)         80 (0x    50)
   1       0x    50 (0x704056BC)         16 (0x    10)
   2       0x    60 (0x704056CC)      10252 (0x  280C)
   3       0x  286C (0x70407ED8)       4080 (0x   FF0)
   4       0x  385C (0x70408EC8)         32 (0x    20)
   5       0x  387C (0x70408EE8)       2304 (0x   900)
   6       0x  417C (0x704097E8)     852736 (0x D0300)

Processor 7:     (Start address 0x704D9AE8)
 Region    Rel.Addr  (Abs.Addr)          Size(bytes)
==========================================================
   0       0x     0 (0x704D9AE8)         80 (0x    50)
   1       0x    50 (0x704D9B38)         16 (0x    10)
   2       0x    60 (0x704D9B48)      10252 (0x  280C)
   3       0x  286C (0x704DC354)       4080 (0x   FF0)
   4       0x  385C (0x704DD344)         32 (0x    20)
   5       0x  387C (0x704DD364)       2304 (0x   900)
   6       0x  417C (0x704DDC64)     819968 (0x C8300)

Processor 8:     (Start address 0x705A5F64)
 Region    Rel.Addr  (Abs.Addr)          Size(bytes)
==========================================================
   0       0x     0 (0x705A5F64)         80 (0x    50)
   1       0x    50 (0x705A5FB4)         16 (0x    10)
   2       0x    60 (0x705A5FC4)      10252 (0x  280C)
   3       0x  286C (0x705A87D0)       4080 (0x   FF0)
   4       0x  385C (0x705A97C0)         32 (0x    20)
   5       0x  387C (0x705A97E0)       2304 (0x   900)
   6       0x  417C (0x705AA0E0)     819968 (0x C8300)

Processor 9:     (Start address 0x706723E0)
 Region    Rel.Addr  (Abs.Addr)          Size(bytes)
==========================================================
   0       0x     0 (0x706723E0)         80 (0x    50)
   1       0x    50 (0x70672430)         16 (0x    10)
   2       0x    60 (0x70672440)      10252 (0x  280C)
   3       0x  286C (0x70674C4C)       4080 (0x   FF0)
   4       0x  385C (0x70675C3C)         32 (0x    20)
   5       0x  387C (0x70675C5C)       2304 (0x   900)
   6       0x  417C (0x7067655C)     824064 (0x C9300)

Processor 10:     (Start address 0x7073F85C)
 Region    Rel.Addr  (Abs.Addr)          Size(bytes)
==========================================================
   0       0x     0 (0x7073F85C)         80 (0x    50)
   1       0x    50 (0x7073F8AC)         16 (0x    10)
   2       0x    60 (0x7073F8BC)       2012 (0x   7DC)
   3       0x   83C (0x70740098)        784 (0x   310)
   4       0x   B4C (0x707403A8)         32 (0x    20)
   5       0x   B6C (0x707403C8)       2304 (0x   900)
   6       0x  146C (0x70740CC8)     484096 (0x 76300)

Processor 11:     (Start address 0x707B6FC8)
 Region    Rel.Addr  (Abs.Addr)          Size(bytes)
==========================================================
   0       0x     0 (0x707B6FC8)         80 (0x    50)
   1       0x    50 (0x707B7018)         16 (0x    10)
   2       0x    60 (0x707B7028)      10252 (0x  280C)
   3       0x  286C (0x707B9834)       4080 (0x   FF0)
   4       0x  385C (0x707BA824)         32 (0x    20)
   5       0x  387C (0x707BA844)       2304 (0x   900)
   6       0x  417C (0x707BB144)      68860 (0x 10CFC)
   8       0x 14E78 (0x707CBE40)     320004 (0x 4E204)

Processor 12:     (Start address 0x7081A044)
 Region    Rel.Addr  (Abs.Addr)          Size(bytes)
==========================================================
   0       0x     0 (0x7081A044)         80 (0x    50)
   1       0x    50 (0x7081A094)         16 (0x    10)
   2       0x    60 (0x7081A0A4)      10252 (0x  280C)
   3       0x  286C (0x7081C8B0)       4080 (0x   FF0)
   4       0x  385C (0x7081D8A0)         32 (0x    20)
   5       0x  387C (0x7081D8C0)       2304 (0x   900)
   6       0x  417C (0x7081E1C0)      68860 (0x 10CFC)
   8       0x 14E78 (0x7082EEBC)     320004 (0x 4E204)

Processor 13:     (Start address 0x7087D0C0)
 Region    Rel.Addr  (Abs.Addr)          Size(bytes)
==========================================================
   0       0x     0 (0x7087D0C0)         80 (0x    50)
   1       0x    50 (0x7087D110)         16 (0x    10)
   2       0x    60 (0x7087D120)      10252 (0x  280C)
   3       0x  286C (0x7087F92C)       4080 (0x   FF0)
   4       0x  385C (0x7088091C)         32 (0x    20)
   5       0x  387C (0x7088093C)       2304 (0x   900)
   6       0x  417C (0x7088123C)      68860 (0x 10CFC)
   8       0x 14E78 (0x70891F38)     320004 (0x 4E204)

Processor 14:     (Start address 0x708E013C)
 Region    Rel.Addr  (Abs.Addr)          Size(bytes)
==========================================================
   0       0x     0 (0x708E013C)         80 (0x    50)
   1       0x    50 (0x708E018C)         16 (0x    10)
   2       0x    60 (0x708E019C)      10252 (0x  280C)
   3       0x  286C (0x708E29A8)       4080 (0x   FF0)
   4       0x  385C (0x708E3998)         32 (0x    20)
   5       0x  387C (0x708E39B8)       2304 (0x   900)
   6       0x  417C (0x708E42B8)      68860 (0x 10CFC)
   8       0x 14E78 (0x708F4FB4)     320004 (0x 4E204)

Processor 15:     (Start address 0x709431B8)
 Region    Rel.Addr  (Abs.Addr)          Size(bytes)
==========================================================
   0       0x     0 (0x709431B8)         80 (0x    50)
   1       0x    50 (0x70943208)         16 (0x    10)
   2       0x    60 (0x70943218)      10252 (0x  280C)
   3       0x  286C (0x70945A24)       4080 (0x   FF0)
   4       0x  385C (0x70946A14)         32 (0x    20)
   5       0x  387C (0x70946A34)       2304 (0x   900)
   6       0x  417C (0x70947334)      68860 (0x 10CFC)
   8       0x 14E78 (0x70958030)     320004 (0x 4E204)

Processor 16:     (Start address 0x709A6234)
 Region    Rel.Addr  (Abs.Addr)          Size(bytes)
==========================================================
   0       0x     0 (0x709A6234)         80 (0x    50)
   1       0x    50 (0x709A6284)         16 (0x    10)
   2       0x    60 (0x709A6294)        892 (0x   37C)
   3       0x   3DC (0x709A6610)        336 (0x   150)
   4       0x   52C (0x709A6760)         32 (0x    20)
   5       0x   54C (0x709A6780)       2304 (0x   900)
   6       0x   E4C (0x709A7080)      64848 (0x  FD50)
   8       0x 10B9C (0x709B6DD0)     320004 (0x 4E204)

