        Memory Map for Chip (1, 0)
        ==========================

Generated: Wed Oct 29 16:45:12 2014 for target machine 'spinn-3'

Processor 1:     (Start address 0x70000000)
 Region    Rel.Addr  (Abs.Addr)          Size(bytes)
==========================================================
   0       0x     0 (0x70000000)         80 (0x    50)
   1       0x    50 (0x70000050)         16 (0x    10)
   2       0x    60 (0x70000060)      10252 (0x  280C)
   3       0x  286C (0x7000286C)       4080 (0x   FF0)
   4       0x  385C (0x7000385C)         32 (0x    20)
   5       0x  387C (0x7000387C)       2304 (0x   900)
   6       0x  417C (0x7000417C)     198656 (0x 30800)
   8       0x 3497C (0x7003497C)     320004 (0x 4E204)

Processor 2:     (Start address 0x70082B80)
 Region    Rel.Addr  (Abs.Addr)          Size(bytes)
==========================================================
   0       0x     0 (0x70082B80)         80 (0x    50)
   1       0x    50 (0x70082BD0)         16 (0x    10)
   2       0x    60 (0x70082BE0)      10252 (0x  280C)
   3       0x  286C (0x700853EC)       4080 (0x   FF0)
   4       0x  385C (0x700863DC)         32 (0x    20)
   5       0x  387C (0x700863FC)       2304 (0x   900)
   6       0x  417C (0x70086CFC)     198656 (0x 30800)
   8       0x 3497C (0x700B74FC)     320004 (0x 4E204)

Processor 3:     (Start address 0x70105700)
 Region    Rel.Addr  (Abs.Addr)          Size(bytes)
==========================================================
   0       0x     0 (0x70105700)         80 (0x    50)
   1       0x    50 (0x70105750)         16 (0x    10)
   2       0x    60 (0x70105760)      10252 (0x  280C)
   3       0x  286C (0x70107F6C)       4080 (0x   FF0)
   4       0x  385C (0x70108F5C)         32 (0x    20)
   5       0x  387C (0x70108F7C)       2304 (0x   900)
   6       0x  417C (0x7010987C)     198656 (0x 30800)
   8       0x 3497C (0x7013A07C)     320004 (0x 4E204)

Processor 4:     (Start address 0x70188280)
 Region    Rel.Addr  (Abs.Addr)          Size(bytes)
==========================================================
   0       0x     0 (0x70188280)         80 (0x    50)
   1       0x    50 (0x701882D0)         16 (0x    10)
   2       0x    60 (0x701882E0)      10252 (0x  280C)
   3       0x  286C (0x7018AAEC)       4080 (0x   FF0)
   4       0x  385C (0x7018BADC)         32 (0x    20)
   5       0x  387C (0x7018BAFC)       2304 (0x   900)
   6       0x  417C (0x7018C3FC)     198656 (0x 30800)
   8       0x 3497C (0x701BCBFC)     320004 (0x 4E204)

Processor 5:     (Start address 0x7020AE00)
 Region    Rel.Addr  (Abs.Addr)          Size(bytes)
==========================================================
   0       0x     0 (0x7020AE00)         80 (0x    50)
   1       0x    50 (0x7020AE50)         16 (0x    10)
   2       0x    60 (0x7020AE60)      10252 (0x  280C)
   3       0x  286C (0x7020D66C)       4080 (0x   FF0)
   4       0x  385C (0x7020E65C)         32 (0x    20)
   5       0x  387C (0x7020E67C)       2304 (0x   900)
   6       0x  417C (0x7020EF7C)     198656 (0x 30800)
   8       0x 3497C (0x7023F77C)     320004 (0x 4E204)

Processor 6:     (Start address 0x7028D980)
 Region    Rel.Addr  (Abs.Addr)          Size(bytes)
==========================================================
   0       0x     0 (0x7028D980)         80 (0x    50)
   1       0x    50 (0x7028D9D0)         16 (0x    10)
   2       0x    60 (0x7028D9E0)      10252 (0x  280C)
   3       0x  286C (0x702901EC)       4080 (0x   FF0)
   4       0x  385C (0x702911DC)         32 (0x    20)
   5       0x  387C (0x702911FC)       2304 (0x   900)
   6       0x  417C (0x70291AFC)     198656 (0x 30800)
   8       0x 3497C (0x702C22FC)     320004 (0x 4E204)

Processor 7:     (Start address 0x70310500)
 Region    Rel.Addr  (Abs.Addr)          Size(bytes)
==========================================================
   0       0x     0 (0x70310500)         80 (0x    50)
   1       0x    50 (0x70310550)         16 (0x    10)
   2       0x    60 (0x70310560)      10252 (0x  280C)
   3       0x  286C (0x70312D6C)       4080 (0x   FF0)
   4       0x  385C (0x70313D5C)         32 (0x    20)
   5       0x  387C (0x70313D7C)       2304 (0x   900)
   6       0x  417C (0x7031467C)     198656 (0x 30800)
   8       0x 3497C (0x70344E7C)     320004 (0x 4E204)

Processor 8:     (Start address 0x70393080)
 Region    Rel.Addr  (Abs.Addr)          Size(bytes)
==========================================================
   0       0x     0 (0x70393080)         80 (0x    50)
   1       0x    50 (0x703930D0)         16 (0x    10)
   2       0x    60 (0x703930E0)      10252 (0x  280C)
   3       0x  286C (0x703958EC)       4080 (0x   FF0)
   4       0x  385C (0x703968DC)         32 (0x    20)
   5       0x  387C (0x703968FC)       2304 (0x   900)
   6       0x  417C (0x703971FC)     198656 (0x 30800)
   8       0x 3497C (0x703C79FC)     320004 (0x 4E204)

Processor 9:     (Start address 0x70415C00)
 Region    Rel.Addr  (Abs.Addr)          Size(bytes)
==========================================================
   0       0x     0 (0x70415C00)         80 (0x    50)
   1       0x    50 (0x70415C50)         16 (0x    10)
   2       0x    60 (0x70415C60)      10252 (0x  280C)
   3       0x  286C (0x7041846C)       4080 (0x   FF0)
   4       0x  385C (0x7041945C)         32 (0x    20)
   5       0x  387C (0x7041947C)       2304 (0x   900)
   6       0x  417C (0x70419D7C)     198656 (0x 30800)
   8       0x 3497C (0x7044A57C)     320004 (0x 4E204)

Processor 10:     (Start address 0x70498780)
 Region    Rel.Addr  (Abs.Addr)          Size(bytes)
==========================================================
   0       0x     0 (0x70498780)         80 (0x    50)
   1       0x    50 (0x704987D0)         16 (0x    10)
   2       0x    60 (0x704987E0)      10252 (0x  280C)
   3       0x  286C (0x7049AFEC)       4080 (0x   FF0)
   4       0x  385C (0x7049BFDC)         32 (0x    20)
   5       0x  387C (0x7049BFFC)       2304 (0x   900)
   6       0x  417C (0x7049C8FC)     198656 (0x 30800)
   8       0x 3497C (0x704CD0FC)     320004 (0x 4E204)

Processor 11:     (Start address 0x7051B300)
 Region    Rel.Addr  (Abs.Addr)          Size(bytes)
==========================================================
   0       0x     0 (0x7051B300)         80 (0x    50)
   1       0x    50 (0x7051B350)         16 (0x    10)
   2       0x    60 (0x7051B360)      10252 (0x  280C)
   3       0x  286C (0x7051DB6C)       4080 (0x   FF0)
   4       0x  385C (0x7051EB5C)         32 (0x    20)
   5       0x  387C (0x7051EB7C)       2304 (0x   900)
   6       0x  417C (0x7051F47C)     198656 (0x 30800)
   8       0x 3497C (0x7054FC7C)     320004 (0x 4E204)

Processor 12:     (Start address 0x7059DE80)
 Region    Rel.Addr  (Abs.Addr)          Size(bytes)
==========================================================
   0       0x     0 (0x7059DE80)         80 (0x    50)
   1       0x    50 (0x7059DED0)         16 (0x    10)
   2       0x    60 (0x7059DEE0)      10252 (0x  280C)
   3       0x  286C (0x705A06EC)       4080 (0x   FF0)
   4       0x  385C (0x705A16DC)         32 (0x    20)
   5       0x  387C (0x705A16FC)       2304 (0x   900)
   6       0x  417C (0x705A1FFC)     198656 (0x 30800)
   8       0x 3497C (0x705D27FC)     320004 (0x 4E204)

Processor 13:     (Start address 0x70620A00)
 Region    Rel.Addr  (Abs.Addr)          Size(bytes)
==========================================================
   0       0x     0 (0x70620A00)         80 (0x    50)
   1       0x    50 (0x70620A50)         16 (0x    10)
   2       0x    60 (0x70620A60)      10252 (0x  280C)
   3       0x  286C (0x7062326C)       4080 (0x   FF0)
   4       0x  385C (0x7062425C)         32 (0x    20)
   5       0x  387C (0x7062427C)       2304 (0x   900)
   6       0x  417C (0x70624B7C)     198656 (0x 30800)
   8       0x 3497C (0x7065537C)     320004 (0x 4E204)

Processor 14:     (Start address 0x706A3580)
 Region    Rel.Addr  (Abs.Addr)          Size(bytes)
==========================================================
   0       0x     0 (0x706A3580)         80 (0x    50)
   1       0x    50 (0x706A35D0)         16 (0x    10)
   2       0x    60 (0x706A35E0)      10252 (0x  280C)
   3       0x  286C (0x706A5DEC)       4080 (0x   FF0)
   4       0x  385C (0x706A6DDC)         32 (0x    20)
   5       0x  387C (0x706A6DFC)       2304 (0x   900)
   6       0x  417C (0x706A76FC)     198656 (0x 30800)
   8       0x 3497C (0x706D7EFC)     320004 (0x 4E204)

Processor 15:     (Start address 0x70726100)
 Region    Rel.Addr  (Abs.Addr)          Size(bytes)
==========================================================
   0       0x     0 (0x70726100)         80 (0x    50)
   1       0x    50 (0x70726150)         16 (0x    10)
   2       0x    60 (0x70726160)      10252 (0x  280C)
   3       0x  286C (0x7072896C)       4080 (0x   FF0)
   4       0x  385C (0x7072995C)         32 (0x    20)
   5       0x  387C (0x7072997C)       2304 (0x   900)
   6       0x  417C (0x7072A27C)     198656 (0x 30800)
   8       0x 3497C (0x7075AA7C)     320004 (0x 4E204)

Processor 16:     (Start address 0x707A8C80)
 Region    Rel.Addr  (Abs.Addr)          Size(bytes)
==========================================================
   0       0x     0 (0x707A8C80)         80 (0x    50)
   1       0x    50 (0x707A8CD0)         16 (0x    10)
   2       0x    60 (0x707A8CE0)      10252 (0x  280C)
   3       0x  286C (0x707AB4EC)       4080 (0x   FF0)
   4       0x  385C (0x707AC4DC)         32 (0x    20)
   5       0x  387C (0x707AC4FC)       2304 (0x   900)
   6       0x  417C (0x707ACDFC)     198656 (0x 30800)
   8       0x 3497C (0x707DD5FC)     320004 (0x 4E204)

