        Memory Map for Chip (0, 2)
        ==========================

Generated: Wed Oct 29 16:45:12 2014 for target machine 'spinn-3'

Processor 1:     (Start address 0x70000000)
 Region    Rel.Addr  (Abs.Addr)          Size(bytes)
==========================================================
   0       0x     0 (0x70000000)         80 (0x    50)
   1       0x    50 (0x70000050)         16 (0x    10)
   2       0x    60 (0x70000060)      10252 (0x  280C)
   3       0x  286C (0x7000286C)       4080 (0x   FF0)
   4       0x  385C (0x7000385C)         32 (0x    20)
   5       0x  387C (0x7000387C)       2304 (0x   900)
   6       0x  417C (0x7000417C)     819968 (0x C8300)

Processor 2:     (Start address 0x700CC47C)
 Region    Rel.Addr  (Abs.Addr)          Size(bytes)
==========================================================
   0       0x     0 (0x700CC47C)         80 (0x    50)
   1       0x    50 (0x700CC4CC)         16 (0x    10)
   2       0x    60 (0x700CC4DC)      10252 (0x  280C)
   3       0x  286C (0x700CECE8)       4080 (0x   FF0)
   4       0x  385C (0x700CFCD8)         32 (0x    20)
   5       0x  387C (0x700CFCF8)       2304 (0x   900)
   6       0x  417C (0x700D05F8)     836352 (0x CC300)

Processor 3:     (Start address 0x7019C8F8)
 Region    Rel.Addr  (Abs.Addr)          Size(bytes)
==========================================================
   0       0x     0 (0x7019C8F8)         80 (0x    50)
   1       0x    50 (0x7019C948)         16 (0x    10)
   2       0x    60 (0x7019C958)      10252 (0x  280C)
   3       0x  286C (0x7019F164)       4080 (0x   FF0)
   4       0x  385C (0x701A0154)         32 (0x    20)
   5       0x  387C (0x701A0174)       2304 (0x   900)
   6       0x  417C (0x701A0A74)     836352 (0x CC300)

Processor 4:     (Start address 0x7026CD74)
 Region    Rel.Addr  (Abs.Addr)          Size(bytes)
==========================================================
   0       0x     0 (0x7026CD74)         80 (0x    50)
   1       0x    50 (0x7026CDC4)         16 (0x    10)
   2       0x    60 (0x7026CDD4)      10252 (0x  280C)
   3       0x  286C (0x7026F5E0)       4080 (0x   FF0)
   4       0x  385C (0x702705D0)         32 (0x    20)
   5       0x  387C (0x702705F0)       2304 (0x   900)
   6       0x  417C (0x70270EF0)     819968 (0x C8300)

Processor 5:     (Start address 0x703391F0)
 Region    Rel.Addr  (Abs.Addr)          Size(bytes)
==========================================================
   0       0x     0 (0x703391F0)         80 (0x    50)
   1       0x    50 (0x70339240)         16 (0x    10)
   2       0x    60 (0x70339250)      10252 (0x  280C)
   3       0x  286C (0x7033BA5C)       4080 (0x   FF0)
   4       0x  385C (0x7033CA4C)         32 (0x    20)
   5       0x  387C (0x7033CA6C)       2304 (0x   900)
   6       0x  417C (0x7033D36C)     819968 (0x C8300)

Processor 6:     (Start address 0x7040566C)
 Region    Rel.Addr  (Abs.Addr)          Size(bytes)
==========================================================
   0       0x     0 (0x7040566C)         80 (0x    50)
   1       0x    50 (0x704056BC)         16 (0x    10)
   2       0x    60 (0x704056CC)      10252 (0x  280C)
   3       0x  286C (0x70407ED8)       4080 (0x   FF0)
   4       0x  385C (0x70408EC8)         32 (0x    20)
   5       0x  387C (0x70408EE8)       2304 (0x   900)
   6       0x  417C (0x704097E8)     852736 (0x D0300)

Processor 7:     (Start address 0x704D9AE8)
 Region    Rel.Addr  (Abs.Addr)          Size(bytes)
==========================================================
   0       0x     0 (0x704D9AE8)         80 (0x    50)
   1       0x    50 (0x704D9B38)         16 (0x    10)
   2       0x    60 (0x704D9B48)      10252 (0x  280C)
   3       0x  286C (0x704DC354)       4080 (0x   FF0)
   4       0x  385C (0x704DD344)         32 (0x    20)
   5       0x  387C (0x704DD364)       2304 (0x   900)
   6       0x  417C (0x704DDC64)     819968 (0x C8300)

Processor 8:     (Start address 0x705A5F64)
 Region    Rel.Addr  (Abs.Addr)          Size(bytes)
==========================================================
   0       0x     0 (0x705A5F64)         80 (0x    50)
   1       0x    50 (0x705A5FB4)         16 (0x    10)
   2       0x    60 (0x705A5FC4)      10252 (0x  280C)
   3       0x  286C (0x705A87D0)       4080 (0x   FF0)
   4       0x  385C (0x705A97C0)         32 (0x    20)
   5       0x  387C (0x705A97E0)       2304 (0x   900)
   6       0x  417C (0x705AA0E0)     819968 (0x C8300)

Processor 9:     (Start address 0x706723E0)
 Region    Rel.Addr  (Abs.Addr)          Size(bytes)
==========================================================
   0       0x     0 (0x706723E0)         80 (0x    50)
   1       0x    50 (0x70672430)         16 (0x    10)
   2       0x    60 (0x70672440)      10252 (0x  280C)
   3       0x  286C (0x70674C4C)       4080 (0x   FF0)
   4       0x  385C (0x70675C3C)         32 (0x    20)
   5       0x  387C (0x70675C5C)       2304 (0x   900)
   6       0x  417C (0x7067655C)     836352 (0x CC300)

Processor 10:     (Start address 0x7074285C)
 Region    Rel.Addr  (Abs.Addr)          Size(bytes)
==========================================================
   0       0x     0 (0x7074285C)         80 (0x    50)
   1       0x    50 (0x707428AC)         16 (0x    10)
   2       0x    60 (0x707428BC)      10252 (0x  280C)
   3       0x  286C (0x707450C8)       4080 (0x   FF0)
   4       0x  385C (0x707460B8)         32 (0x    20)
   5       0x  387C (0x707460D8)       2304 (0x   900)
   6       0x  417C (0x707469D8)     836352 (0x CC300)

Processor 11:     (Start address 0x70812CD8)
 Region    Rel.Addr  (Abs.Addr)          Size(bytes)
==========================================================
   0       0x     0 (0x70812CD8)         80 (0x    50)
   1       0x    50 (0x70812D28)         16 (0x    10)
   2       0x    60 (0x70812D38)      10252 (0x  280C)
   3       0x  286C (0x70815544)       4080 (0x   FF0)
   4       0x  385C (0x70816534)         32 (0x    20)
   5       0x  387C (0x70816554)       2304 (0x   900)
   6       0x  417C (0x70816E54)     819968 (0x C8300)

Processor 12:     (Start address 0x708DF154)
 Region    Rel.Addr  (Abs.Addr)          Size(bytes)
==========================================================
   0       0x     0 (0x708DF154)         80 (0x    50)
   1       0x    50 (0x708DF1A4)         16 (0x    10)
   2       0x    60 (0x708DF1B4)      10252 (0x  280C)
   3       0x  286C (0x708E19C0)       4080 (0x   FF0)
   4       0x  385C (0x708E29B0)         32 (0x    20)
   5       0x  387C (0x708E29D0)       2304 (0x   900)
   6       0x  417C (0x708E32D0)     819968 (0x C8300)

Processor 13:     (Start address 0x709AB5D0)
 Region    Rel.Addr  (Abs.Addr)          Size(bytes)
==========================================================
   0       0x     0 (0x709AB5D0)         80 (0x    50)
   1       0x    50 (0x709AB620)         16 (0x    10)
   2       0x    60 (0x709AB630)      10252 (0x  280C)
   3       0x  286C (0x709ADE3C)       4080 (0x   FF0)
   4       0x  385C (0x709AEE2C)         32 (0x    20)
   5       0x  387C (0x709AEE4C)       2304 (0x   900)
   6       0x  417C (0x709AF74C)     852736 (0x D0300)

Processor 14:     (Start address 0x70A7FA4C)
 Region    Rel.Addr  (Abs.Addr)          Size(bytes)
==========================================================
   0       0x     0 (0x70A7FA4C)         80 (0x    50)
   1       0x    50 (0x70A7FA9C)         16 (0x    10)
   2       0x    60 (0x70A7FAAC)      10252 (0x  280C)
   3       0x  286C (0x70A822B8)       4080 (0x   FF0)
   4       0x  385C (0x70A832A8)         32 (0x    20)
   5       0x  387C (0x70A832C8)       2304 (0x   900)
   6       0x  417C (0x70A83BC8)     819968 (0x C8300)

Processor 15:     (Start address 0x70B4BEC8)
 Region    Rel.Addr  (Abs.Addr)          Size(bytes)
==========================================================
   0       0x     0 (0x70B4BEC8)         80 (0x    50)
   1       0x    50 (0x70B4BF18)         16 (0x    10)
   2       0x    60 (0x70B4BF28)      10252 (0x  280C)
   3       0x  286C (0x70B4E734)       4080 (0x   FF0)
   4       0x  385C (0x70B4F724)         32 (0x    20)
   5       0x  387C (0x70B4F744)       2304 (0x   900)
   6       0x  417C (0x70B50044)     819968 (0x C8300)

Processor 16:     (Start address 0x70C18344)
 Region    Rel.Addr  (Abs.Addr)          Size(bytes)
==========================================================
   0       0x     0 (0x70C18344)         80 (0x    50)
   1       0x    50 (0x70C18394)         16 (0x    10)
   2       0x    60 (0x70C183A4)      10252 (0x  280C)
   3       0x  286C (0x70C1ABB0)       4080 (0x   FF0)
   4       0x  385C (0x70C1BBA0)         32 (0x    20)
   5       0x  387C (0x70C1BBC0)       2304 (0x   900)
   6       0x  417C (0x70C1C4C0)     836352 (0x CC300)

