        Memory Map for Chip (0, 3)
        ==========================

Generated: Wed Oct 29 16:45:12 2014 for target machine 'spinn-3'

Processor 1:     (Start address 0x70000000)
 Region    Rel.Addr  (Abs.Addr)          Size(bytes)
==========================================================
   0       0x     0 (0x70000000)         80 (0x    50)
   1       0x    50 (0x70000050)         16 (0x    10)
   2       0x    60 (0x70000060)      10252 (0x  280C)
   3       0x  286C (0x7000286C)       4080 (0x   FF0)
   4       0x  385C (0x7000385C)         32 (0x    20)
   5       0x  387C (0x7000387C)       2304 (0x   900)
   6       0x  417C (0x7000417C)     852736 (0x D0300)

Processor 2:     (Start address 0x700D447C)
 Region    Rel.Addr  (Abs.Addr)          Size(bytes)
==========================================================
   0       0x     0 (0x700D447C)         80 (0x    50)
   1       0x    50 (0x700D44CC)         16 (0x    10)
   2       0x    60 (0x700D44DC)      10252 (0x  280C)
   3       0x  286C (0x700D6CE8)       4080 (0x   FF0)
   4       0x  385C (0x700D7CD8)         32 (0x    20)
   5       0x  387C (0x700D7CF8)       2304 (0x   900)
   6       0x  417C (0x700D85F8)     819968 (0x C8300)

Processor 3:     (Start address 0x701A08F8)
 Region    Rel.Addr  (Abs.Addr)          Size(bytes)
==========================================================
   0       0x     0 (0x701A08F8)         80 (0x    50)
   1       0x    50 (0x701A0948)         16 (0x    10)
   2       0x    60 (0x701A0958)      10252 (0x  280C)
   3       0x  286C (0x701A3164)       4080 (0x   FF0)
   4       0x  385C (0x701A4154)         32 (0x    20)
   5       0x  387C (0x701A4174)       2304 (0x   900)
   6       0x  417C (0x701A4A74)     819968 (0x C8300)

Processor 4:     (Start address 0x7026CD74)
 Region    Rel.Addr  (Abs.Addr)          Size(bytes)
==========================================================
   0       0x     0 (0x7026CD74)         80 (0x    50)
   1       0x    50 (0x7026CDC4)         16 (0x    10)
   2       0x    60 (0x7026CDD4)      10252 (0x  280C)
   3       0x  286C (0x7026F5E0)       4080 (0x   FF0)
   4       0x  385C (0x702705D0)         32 (0x    20)
   5       0x  387C (0x702705F0)       2304 (0x   900)
   6       0x  417C (0x70270EF0)     836352 (0x CC300)

Processor 5:     (Start address 0x7033D1F0)
 Region    Rel.Addr  (Abs.Addr)          Size(bytes)
==========================================================
   0       0x     0 (0x7033D1F0)         80 (0x    50)
   1       0x    50 (0x7033D240)         16 (0x    10)
   2       0x    60 (0x7033D250)      10252 (0x  280C)
   3       0x  286C (0x7033FA5C)       4080 (0x   FF0)
   4       0x  385C (0x70340A4C)         32 (0x    20)
   5       0x  387C (0x70340A6C)       2304 (0x   900)
   6       0x  417C (0x7034136C)     836352 (0x CC300)

Processor 6:     (Start address 0x7040D66C)
 Region    Rel.Addr  (Abs.Addr)          Size(bytes)
==========================================================
   0       0x     0 (0x7040D66C)         80 (0x    50)
   1       0x    50 (0x7040D6BC)         16 (0x    10)
   2       0x    60 (0x7040D6CC)      10252 (0x  280C)
   3       0x  286C (0x7040FED8)       4080 (0x   FF0)
   4       0x  385C (0x70410EC8)         32 (0x    20)
   5       0x  387C (0x70410EE8)       2304 (0x   900)
   6       0x  417C (0x704117E8)     819968 (0x C8300)

Processor 7:     (Start address 0x704D9AE8)
 Region    Rel.Addr  (Abs.Addr)          Size(bytes)
==========================================================
   0       0x     0 (0x704D9AE8)         80 (0x    50)
   1       0x    50 (0x704D9B38)         16 (0x    10)
   2       0x    60 (0x704D9B48)      10252 (0x  280C)
   3       0x  286C (0x704DC354)       4080 (0x   FF0)
   4       0x  385C (0x704DD344)         32 (0x    20)
   5       0x  387C (0x704DD364)       2304 (0x   900)
   6       0x  417C (0x704DDC64)     819968 (0x C8300)

Processor 8:     (Start address 0x705A5F64)
 Region    Rel.Addr  (Abs.Addr)          Size(bytes)
==========================================================
   0       0x     0 (0x705A5F64)         80 (0x    50)
   1       0x    50 (0x705A5FB4)         16 (0x    10)
   2       0x    60 (0x705A5FC4)      10252 (0x  280C)
   3       0x  286C (0x705A87D0)       4080 (0x   FF0)
   4       0x  385C (0x705A97C0)         32 (0x    20)
   5       0x  387C (0x705A97E0)       2304 (0x   900)
   6       0x  417C (0x705AA0E0)     852736 (0x D0300)

Processor 9:     (Start address 0x7067A3E0)
 Region    Rel.Addr  (Abs.Addr)          Size(bytes)
==========================================================
   0       0x     0 (0x7067A3E0)         80 (0x    50)
   1       0x    50 (0x7067A430)         16 (0x    10)
   2       0x    60 (0x7067A440)      10252 (0x  280C)
   3       0x  286C (0x7067CC4C)       4080 (0x   FF0)
   4       0x  385C (0x7067DC3C)         32 (0x    20)
   5       0x  387C (0x7067DC5C)       2304 (0x   900)
   6       0x  417C (0x7067E55C)     819968 (0x C8300)

Processor 10:     (Start address 0x7074685C)
 Region    Rel.Addr  (Abs.Addr)          Size(bytes)
==========================================================
   0       0x     0 (0x7074685C)         80 (0x    50)
   1       0x    50 (0x707468AC)         16 (0x    10)
   2       0x    60 (0x707468BC)      10252 (0x  280C)
   3       0x  286C (0x707490C8)       4080 (0x   FF0)
   4       0x  385C (0x7074A0B8)         32 (0x    20)
   5       0x  387C (0x7074A0D8)       2304 (0x   900)
   6       0x  417C (0x7074A9D8)     819968 (0x C8300)

Processor 11:     (Start address 0x70812CD8)
 Region    Rel.Addr  (Abs.Addr)          Size(bytes)
==========================================================
   0       0x     0 (0x70812CD8)         80 (0x    50)
   1       0x    50 (0x70812D28)         16 (0x    10)
   2       0x    60 (0x70812D38)      10252 (0x  280C)
   3       0x  286C (0x70815544)       4080 (0x   FF0)
   4       0x  385C (0x70816534)         32 (0x    20)
   5       0x  387C (0x70816554)       2304 (0x   900)
   6       0x  417C (0x70816E54)     836352 (0x CC300)

Processor 12:     (Start address 0x708E3154)
 Region    Rel.Addr  (Abs.Addr)          Size(bytes)
==========================================================
   0       0x     0 (0x708E3154)         80 (0x    50)
   1       0x    50 (0x708E31A4)         16 (0x    10)
   2       0x    60 (0x708E31B4)      10252 (0x  280C)
   3       0x  286C (0x708E59C0)       4080 (0x   FF0)
   4       0x  385C (0x708E69B0)         32 (0x    20)
   5       0x  387C (0x708E69D0)       2304 (0x   900)
   6       0x  417C (0x708E72D0)     836352 (0x CC300)

Processor 13:     (Start address 0x709B35D0)
 Region    Rel.Addr  (Abs.Addr)          Size(bytes)
==========================================================
   0       0x     0 (0x709B35D0)         80 (0x    50)
   1       0x    50 (0x709B3620)         16 (0x    10)
   2       0x    60 (0x709B3630)      10252 (0x  280C)
   3       0x  286C (0x709B5E3C)       4080 (0x   FF0)
   4       0x  385C (0x709B6E2C)         32 (0x    20)
   5       0x  387C (0x709B6E4C)       2304 (0x   900)
   6       0x  417C (0x709B774C)     819968 (0x C8300)

Processor 14:     (Start address 0x70A7FA4C)
 Region    Rel.Addr  (Abs.Addr)          Size(bytes)
==========================================================
   0       0x     0 (0x70A7FA4C)         80 (0x    50)
   1       0x    50 (0x70A7FA9C)         16 (0x    10)
   2       0x    60 (0x70A7FAAC)      10252 (0x  280C)
   3       0x  286C (0x70A822B8)       4080 (0x   FF0)
   4       0x  385C (0x70A832A8)         32 (0x    20)
   5       0x  387C (0x70A832C8)       2304 (0x   900)
   6       0x  417C (0x70A83BC8)     819968 (0x C8300)

Processor 15:     (Start address 0x70B4BEC8)
 Region    Rel.Addr  (Abs.Addr)          Size(bytes)
==========================================================
   0       0x     0 (0x70B4BEC8)         80 (0x    50)
   1       0x    50 (0x70B4BF18)         16 (0x    10)
   2       0x    60 (0x70B4BF28)      10252 (0x  280C)
   3       0x  286C (0x70B4E734)       4080 (0x   FF0)
   4       0x  385C (0x70B4F724)         32 (0x    20)
   5       0x  387C (0x70B4F744)       2304 (0x   900)
   6       0x  417C (0x70B50044)     852736 (0x D0300)

Processor 16:     (Start address 0x70C20344)
 Region    Rel.Addr  (Abs.Addr)          Size(bytes)
==========================================================
   0       0x     0 (0x70C20344)         80 (0x    50)
   1       0x    50 (0x70C20394)         16 (0x    10)
   2       0x    60 (0x70C203A4)      10252 (0x  280C)
   3       0x  286C (0x70C22BB0)       4080 (0x   FF0)
   4       0x  385C (0x70C23BA0)         32 (0x    20)
   5       0x  387C (0x70C23BC0)       2304 (0x   900)
   6       0x  417C (0x70C244C0)     819968 (0x C8300)

