        Memory Map for Chip (2, 1)
        ==========================

Generated: Wed Oct 29 16:45:12 2014 for target machine 'spinn-3'

Processor 1:     (Start address 0x70000000)
 Region    Rel.Addr  (Abs.Addr)          Size(bytes)
==========================================================
   0       0x     0 (0x70000000)         80 (0x    50)
   1       0x    50 (0x70000050)         16 (0x    10)
   2       0x    60 (0x70000060)      10252 (0x  280C)
   3       0x  286C (0x7000286C)       4080 (0x   FF0)
   4       0x  385C (0x7000385C)         32 (0x    20)
   5       0x  387C (0x7000387C)       2304 (0x   900)
   6       0x  417C (0x7000417C)     836352 (0x CC300)

Processor 2:     (Start address 0x700D047C)
 Region    Rel.Addr  (Abs.Addr)          Size(bytes)
==========================================================
   0       0x     0 (0x700D047C)         80 (0x    50)
   1       0x    50 (0x700D04CC)         16 (0x    10)
   2       0x    60 (0x700D04DC)      10252 (0x  280C)
   3       0x  286C (0x700D2CE8)       4080 (0x   FF0)
   4       0x  385C (0x700D3CD8)         32 (0x    20)
   5       0x  387C (0x700D3CF8)       2304 (0x   900)
   6       0x  417C (0x700D45F8)     819968 (0x C8300)

Processor 3:     (Start address 0x7019C8F8)
 Region    Rel.Addr  (Abs.Addr)          Size(bytes)
==========================================================
   0       0x     0 (0x7019C8F8)         80 (0x    50)
   1       0x    50 (0x7019C948)         16 (0x    10)
   2       0x    60 (0x7019C958)      10252 (0x  280C)
   3       0x  286C (0x7019F164)       4080 (0x   FF0)
   4       0x  385C (0x701A0154)         32 (0x    20)
   5       0x  387C (0x701A0174)       2304 (0x   900)
   6       0x  417C (0x701A0A74)     819968 (0x C8300)

Processor 4:     (Start address 0x70268D74)
 Region    Rel.Addr  (Abs.Addr)          Size(bytes)
==========================================================
   0       0x     0 (0x70268D74)         80 (0x    50)
   1       0x    50 (0x70268DC4)         16 (0x    10)
   2       0x    60 (0x70268DD4)      10252 (0x  280C)
   3       0x  286C (0x7026B5E0)       4080 (0x   FF0)
   4       0x  385C (0x7026C5D0)         32 (0x    20)
   5       0x  387C (0x7026C5F0)       2304 (0x   900)
   6       0x  417C (0x7026CEF0)     852736 (0x D0300)

Processor 5:     (Start address 0x7033D1F0)
 Region    Rel.Addr  (Abs.Addr)          Size(bytes)
==========================================================
   0       0x     0 (0x7033D1F0)         80 (0x    50)
   1       0x    50 (0x7033D240)         16 (0x    10)
   2       0x    60 (0x7033D250)      10252 (0x  280C)
   3       0x  286C (0x7033FA5C)       4080 (0x   FF0)
   4       0x  385C (0x70340A4C)         32 (0x    20)
   5       0x  387C (0x70340A6C)       2304 (0x   900)
   6       0x  417C (0x7034136C)     819968 (0x C8300)

Processor 6:     (Start address 0x7040966C)
 Region    Rel.Addr  (Abs.Addr)          Size(bytes)
==========================================================
   0       0x     0 (0x7040966C)         80 (0x    50)
   1       0x    50 (0x704096BC)         16 (0x    10)
   2       0x    60 (0x704096CC)      10252 (0x  280C)
   3       0x  286C (0x7040BED8)       4080 (0x   FF0)
   4       0x  385C (0x7040CEC8)         32 (0x    20)
   5       0x  387C (0x7040CEE8)       2304 (0x   900)
   6       0x  417C (0x7040D7E8)     819968 (0x C8300)

Processor 7:     (Start address 0x704D5AE8)
 Region    Rel.Addr  (Abs.Addr)          Size(bytes)
==========================================================
   0       0x     0 (0x704D5AE8)         80 (0x    50)
   1       0x    50 (0x704D5B38)         16 (0x    10)
   2       0x    60 (0x704D5B48)      10252 (0x  280C)
   3       0x  286C (0x704D8354)       4080 (0x   FF0)
   4       0x  385C (0x704D9344)         32 (0x    20)
   5       0x  387C (0x704D9364)       2304 (0x   900)
   6       0x  417C (0x704D9C64)     836352 (0x CC300)

Processor 8:     (Start address 0x705A5F64)
 Region    Rel.Addr  (Abs.Addr)          Size(bytes)
==========================================================
   0       0x     0 (0x705A5F64)         80 (0x    50)
   1       0x    50 (0x705A5FB4)         16 (0x    10)
   2       0x    60 (0x705A5FC4)      10252 (0x  280C)
   3       0x  286C (0x705A87D0)       4080 (0x   FF0)
   4       0x  385C (0x705A97C0)         32 (0x    20)
   5       0x  387C (0x705A97E0)       2304 (0x   900)
   6       0x  417C (0x705AA0E0)     836352 (0x CC300)

Processor 9:     (Start address 0x706763E0)
 Region    Rel.Addr  (Abs.Addr)          Size(bytes)
==========================================================
   0       0x     0 (0x706763E0)         80 (0x    50)
   1       0x    50 (0x70676430)         16 (0x    10)
   2       0x    60 (0x70676440)      10252 (0x  280C)
   3       0x  286C (0x70678C4C)       4080 (0x   FF0)
   4       0x  385C (0x70679C3C)         32 (0x    20)
   5       0x  387C (0x70679C5C)       2304 (0x   900)
   6       0x  417C (0x7067A55C)     819968 (0x C8300)

Processor 10:     (Start address 0x7074285C)
 Region    Rel.Addr  (Abs.Addr)          Size(bytes)
==========================================================
   0       0x     0 (0x7074285C)         80 (0x    50)
   1       0x    50 (0x707428AC)         16 (0x    10)
   2       0x    60 (0x707428BC)      10252 (0x  280C)
   3       0x  286C (0x707450C8)       4080 (0x   FF0)
   4       0x  385C (0x707460B8)         32 (0x    20)
   5       0x  387C (0x707460D8)       2304 (0x   900)
   6       0x  417C (0x707469D8)     819968 (0x C8300)

Processor 11:     (Start address 0x7080ECD8)
 Region    Rel.Addr  (Abs.Addr)          Size(bytes)
==========================================================
   0       0x     0 (0x7080ECD8)         80 (0x    50)
   1       0x    50 (0x7080ED28)         16 (0x    10)
   2       0x    60 (0x7080ED38)      10252 (0x  280C)
   3       0x  286C (0x70811544)       4080 (0x   FF0)
   4       0x  385C (0x70812534)         32 (0x    20)
   5       0x  387C (0x70812554)       2304 (0x   900)
   6       0x  417C (0x70812E54)     852736 (0x D0300)

Processor 12:     (Start address 0x708E3154)
 Region    Rel.Addr  (Abs.Addr)          Size(bytes)
==========================================================
   0       0x     0 (0x708E3154)         80 (0x    50)
   1       0x    50 (0x708E31A4)         16 (0x    10)
   2       0x    60 (0x708E31B4)      10252 (0x  280C)
   3       0x  286C (0x708E59C0)       4080 (0x   FF0)
   4       0x  385C (0x708E69B0)         32 (0x    20)
   5       0x  387C (0x708E69D0)       2304 (0x   900)
   6       0x  417C (0x708E72D0)     819968 (0x C8300)

Processor 13:     (Start address 0x709AF5D0)
 Region    Rel.Addr  (Abs.Addr)          Size(bytes)
==========================================================
   0       0x     0 (0x709AF5D0)         80 (0x    50)
   1       0x    50 (0x709AF620)         16 (0x    10)
   2       0x    60 (0x709AF630)      10252 (0x  280C)
   3       0x  286C (0x709B1E3C)       4080 (0x   FF0)
   4       0x  385C (0x709B2E2C)         32 (0x    20)
   5       0x  387C (0x709B2E4C)       2304 (0x   900)
   6       0x  417C (0x709B374C)     819968 (0x C8300)

Processor 14:     (Start address 0x70A7BA4C)
 Region    Rel.Addr  (Abs.Addr)          Size(bytes)
==========================================================
   0       0x     0 (0x70A7BA4C)         80 (0x    50)
   1       0x    50 (0x70A7BA9C)         16 (0x    10)
   2       0x    60 (0x70A7BAAC)      10252 (0x  280C)
   3       0x  286C (0x70A7E2B8)       4080 (0x   FF0)
   4       0x  385C (0x70A7F2A8)         32 (0x    20)
   5       0x  387C (0x70A7F2C8)       2304 (0x   900)
   6       0x  417C (0x70A7FBC8)     836352 (0x CC300)

Processor 15:     (Start address 0x70B4BEC8)
 Region    Rel.Addr  (Abs.Addr)          Size(bytes)
==========================================================
   0       0x     0 (0x70B4BEC8)         80 (0x    50)
   1       0x    50 (0x70B4BF18)         16 (0x    10)
   2       0x    60 (0x70B4BF28)      10252 (0x  280C)
   3       0x  286C (0x70B4E734)       4080 (0x   FF0)
   4       0x  385C (0x70B4F724)         32 (0x    20)
   5       0x  387C (0x70B4F744)       2304 (0x   900)
   6       0x  417C (0x70B50044)     836352 (0x CC300)

Processor 16:     (Start address 0x70C1C344)
 Region    Rel.Addr  (Abs.Addr)          Size(bytes)
==========================================================
   0       0x     0 (0x70C1C344)         80 (0x    50)
   1       0x    50 (0x70C1C394)         16 (0x    10)
   2       0x    60 (0x70C1C3A4)      10252 (0x  280C)
   3       0x  286C (0x70C1EBB0)       4080 (0x   FF0)
   4       0x  385C (0x70C1FBA0)         32 (0x    20)
   5       0x  387C (0x70C1FBC0)       2304 (0x   900)
   6       0x  417C (0x70C204C0)     819968 (0x C8300)

