        Memory Map for Chip (4, 3)
        ==========================

Generated: Wed Oct 29 16:45:12 2014 for target machine 'spinn-3'

Processor 1:     (Start address 0x70000000)
 Region    Rel.Addr  (Abs.Addr)          Size(bytes)
==========================================================
   0       0x     0 (0x70000000)         80 (0x    50)
   1       0x    50 (0x70000050)         16 (0x    10)
   2       0x    60 (0x70000060)      10252 (0x  280C)
   3       0x  286C (0x7000286C)       4080 (0x   FF0)
   4       0x  385C (0x7000385C)         32 (0x    20)
   5       0x  387C (0x7000387C)       2304 (0x   900)
   6       0x  417C (0x7000417C)    1062460 (0x10363C)

Processor 2:     (Start address 0x701077B8)
 Region    Rel.Addr  (Abs.Addr)          Size(bytes)
==========================================================
   0       0x     0 (0x701077B8)         80 (0x    50)
   1       0x    50 (0x70107808)         16 (0x    10)
   2       0x    60 (0x70107818)         92 (0x    5C)
   3       0x    BC (0x70107874)         16 (0x    10)
   4       0x    CC (0x70107884)         32 (0x    20)
   5       0x    EC (0x701078A4)       2304 (0x   900)
   6       0x   9EC (0x701081A4)      18768 (0x  4950)

Processor 3:     (Start address 0x7010CAF4)
 Region    Rel.Addr  (Abs.Addr)          Size(bytes)
==========================================================
   0       0x     0 (0x7010CAF4)         80 (0x    50)
   1       0x    50 (0x7010CB44)         16 (0x    10)
   2       0x    60 (0x7010CB54)        644 (0x   284)
   3       0x   2E4 (0x7010CDD8)       2528 (0x   9E0)

Processor 4:     (Start address 0x7010D7B8)
 Region    Rel.Addr  (Abs.Addr)          Size(bytes)
==========================================================
   0       0x     0 (0x7010D7B8)         80 (0x    50)
   1       0x    50 (0x7010D808)         16 (0x    10)
   2       0x    60 (0x7010D818)        396 (0x   18C)
   3       0x   1EC (0x7010D9A4)       1536 (0x   600)

Processor 5:     (Start address 0x7010DFA4)
 Region    Rel.Addr  (Abs.Addr)          Size(bytes)
==========================================================
   0       0x     0 (0x7010DFA4)         80 (0x    50)
   1       0x    50 (0x7010DFF4)         16 (0x    10)
   2       0x    60 (0x7010E004)        332 (0x   14C)
   3       0x   1AC (0x7010E150)       1280 (0x   500)

Processor 6:     (Start address 0x7010E650)
 Region    Rel.Addr  (Abs.Addr)          Size(bytes)
==========================================================
   0       0x     0 (0x7010E650)         80 (0x    50)
   1       0x    50 (0x7010E6A0)         16 (0x    10)
   2       0x    60 (0x7010E6B0)        348 (0x   15C)
   3       0x   1BC (0x7010E80C)       1344 (0x   540)

Processor 7:     (Start address 0x7010ED4C)
 Region    Rel.Addr  (Abs.Addr)          Size(bytes)
==========================================================
   0       0x     0 (0x7010ED4C)         80 (0x    50)
   1       0x    50 (0x7010ED9C)         16 (0x    10)
   2       0x    60 (0x7010EDAC)        180 (0x    B4)
   3       0x   114 (0x7010EE60)        672 (0x   2A0)

Processor 8:     (Start address 0x7010F100)
 Region    Rel.Addr  (Abs.Addr)          Size(bytes)
==========================================================
   0       0x     0 (0x7010F100)         80 (0x    50)
   1       0x    50 (0x7010F150)         16 (0x    10)
   2       0x    60 (0x7010F160)        860 (0x   35C)
   3       0x   3BC (0x7010F4BC)       3392 (0x   D40)

Processor 9:     (Start address 0x701101FC)
 Region    Rel.Addr  (Abs.Addr)          Size(bytes)
==========================================================
   0       0x     0 (0x701101FC)         80 (0x    50)
   1       0x    50 (0x7011024C)         16 (0x    10)
   2       0x    60 (0x7011025C)        252 (0x    FC)
   3       0x   15C (0x70110358)        960 (0x   3C0)

Processor 10:     (Start address 0x70110718)
 Region    Rel.Addr  (Abs.Addr)          Size(bytes)
==========================================================
   0       0x     0 (0x70110718)         80 (0x    50)
   1       0x    50 (0x70110768)         16 (0x    10)
   2       0x    60 (0x70110778)        188 (0x    BC)
   3       0x   11C (0x70110834)        704 (0x   2C0)

Processor 11:     (Start address 0x70110AF4)
 Region    Rel.Addr  (Abs.Addr)          Size(bytes)
==========================================================
   0       0x     0 (0x70110AF4)         80 (0x    50)
   1       0x    50 (0x70110B44)         16 (0x    10)
   2       0x    60 (0x70110B54)        364 (0x   16C)
   3       0x   1CC (0x70110CC0)       1408 (0x   580)

Processor 12:     (Start address 0x70111240)
 Region    Rel.Addr  (Abs.Addr)          Size(bytes)
==========================================================
   0       0x     0 (0x70111240)         80 (0x    50)
   1       0x    50 (0x70111290)         16 (0x    10)
   2       0x    60 (0x701112A0)        484 (0x   1E4)
   3       0x   244 (0x70111484)       1888 (0x   760)

Processor 13:     (Start address 0x70111BE4)
 Region    Rel.Addr  (Abs.Addr)          Size(bytes)
==========================================================
   0       0x     0 (0x70111BE4)         80 (0x    50)
   1       0x    50 (0x70111C34)         16 (0x    10)
   2       0x    60 (0x70111C44)        596 (0x   254)
   3       0x   2B4 (0x70111E98)       2336 (0x   920)

Processor 14:     (Start address 0x701127B8)
 Region    Rel.Addr  (Abs.Addr)          Size(bytes)
==========================================================
   0       0x     0 (0x701127B8)         80 (0x    50)
   1       0x    50 (0x70112808)         16 (0x    10)
   2       0x    60 (0x70112818)        556 (0x   22C)
   3       0x   28C (0x70112A44)       2176 (0x   880)

Processor 15:     (Start address 0x701132C4)
 Region    Rel.Addr  (Abs.Addr)          Size(bytes)
==========================================================
   0       0x     0 (0x701132C4)         80 (0x    50)
   1       0x    50 (0x70113314)         16 (0x    10)
   2       0x    60 (0x70113324)       1092 (0x   444)
   3       0x   4A4 (0x70113768)       4320 (0x  10E0)

Processor 16:     (Start address 0x70114848)
 Region    Rel.Addr  (Abs.Addr)          Size(bytes)
==========================================================
   0       0x     0 (0x70114848)         80 (0x    50)
   1       0x    50 (0x70114898)         16 (0x    10)
   2       0x    60 (0x701148A8)       2300 (0x   8FC)
   3       0x   95C (0x701151A4)       9152 (0x  23C0)

