        Memory Map for Chip (4, 1)
        ==========================

Generated: Wed Oct 29 16:45:12 2014 for target machine 'spinn-3'

Processor 1:     (Start address 0x70000000)
 Region    Rel.Addr  (Abs.Addr)          Size(bytes)
==========================================================
   0       0x     0 (0x70000000)         80 (0x    50)
   1       0x    50 (0x70000050)         16 (0x    10)
   2       0x    60 (0x70000060)      10252 (0x  280C)
   3       0x  286C (0x7000286C)       4080 (0x   FF0)
   4       0x  385C (0x7000385C)         32 (0x    20)
   5       0x  387C (0x7000387C)       2304 (0x   900)
   6       0x  417C (0x7000417C)     249420 (0x 3CE4C)

Processor 2:     (Start address 0x70040FC8)
 Region    Rel.Addr  (Abs.Addr)          Size(bytes)
==========================================================
   0       0x     0 (0x70040FC8)         80 (0x    50)
   1       0x    50 (0x70041018)         16 (0x    10)
   2       0x    60 (0x70041028)      10252 (0x  280C)
   3       0x  286C (0x70043834)       4080 (0x   FF0)
   4       0x  385C (0x70044824)         32 (0x    20)
   5       0x  387C (0x70044844)       2304 (0x   900)
   6       0x  417C (0x70045144)     249420 (0x 3CE4C)

Processor 3:     (Start address 0x70081F90)
 Region    Rel.Addr  (Abs.Addr)          Size(bytes)
==========================================================
   0       0x     0 (0x70081F90)         80 (0x    50)
   1       0x    50 (0x70081FE0)         16 (0x    10)
   2       0x    60 (0x70081FF0)      10252 (0x  280C)
   3       0x  286C (0x700847FC)       4080 (0x   FF0)
   4       0x  385C (0x700857EC)         32 (0x    20)
   5       0x  387C (0x7008580C)       2304 (0x   900)
   6       0x  417C (0x7008610C)     249420 (0x 3CE4C)

Processor 4:     (Start address 0x700C2F58)
 Region    Rel.Addr  (Abs.Addr)          Size(bytes)
==========================================================
   0       0x     0 (0x700C2F58)         80 (0x    50)
   1       0x    50 (0x700C2FA8)         16 (0x    10)
   2       0x    60 (0x700C2FB8)      10252 (0x  280C)
   3       0x  286C (0x700C57C4)       4080 (0x   FF0)
   4       0x  385C (0x700C67B4)         32 (0x    20)
   5       0x  387C (0x700C67D4)       2304 (0x   900)
   6       0x  417C (0x700C70D4)     249420 (0x 3CE4C)

Processor 5:     (Start address 0x70103F20)
 Region    Rel.Addr  (Abs.Addr)          Size(bytes)
==========================================================
   0       0x     0 (0x70103F20)         80 (0x    50)
   1       0x    50 (0x70103F70)         16 (0x    10)
   2       0x    60 (0x70103F80)      10252 (0x  280C)
   3       0x  286C (0x7010678C)       4080 (0x   FF0)
   4       0x  385C (0x7010777C)         32 (0x    20)
   5       0x  387C (0x7010779C)       2304 (0x   900)
   6       0x  417C (0x7010809C)     249420 (0x 3CE4C)

Processor 6:     (Start address 0x70144EE8)
 Region    Rel.Addr  (Abs.Addr)          Size(bytes)
==========================================================
   0       0x     0 (0x70144EE8)         80 (0x    50)
   1       0x    50 (0x70144F38)         16 (0x    10)
   2       0x    60 (0x70144F48)        892 (0x   37C)
   3       0x   3DC (0x701452C4)        336 (0x   150)
   4       0x   52C (0x70145414)         32 (0x    20)
   5       0x   54C (0x70145434)       2304 (0x   900)
   6       0x   E4C (0x70145D34)     175692 (0x 2AE4C)

Processor 7:     (Start address 0x70170B80)
 Region    Rel.Addr  (Abs.Addr)          Size(bytes)
==========================================================
   0       0x     0 (0x70170B80)         80 (0x    50)
   1       0x    50 (0x70170BD0)         16 (0x    10)
   2       0x    60 (0x70170BE0)      10252 (0x  280C)
   3       0x  286C (0x701733EC)       4080 (0x   FF0)
   4       0x  385C (0x701743DC)         32 (0x    20)
   5       0x  387C (0x701743FC)       2304 (0x   900)
   6       0x  417C (0x70174CFC)     249420 (0x 3CE4C)

Processor 8:     (Start address 0x701B1B48)
 Region    Rel.Addr  (Abs.Addr)          Size(bytes)
==========================================================
   0       0x     0 (0x701B1B48)         80 (0x    50)
   1       0x    50 (0x701B1B98)         16 (0x    10)
   2       0x    60 (0x701B1BA8)      10252 (0x  280C)
   3       0x  286C (0x701B43B4)       4080 (0x   FF0)
   4       0x  385C (0x701B53A4)         32 (0x    20)
   5       0x  387C (0x701B53C4)       2304 (0x   900)
   6       0x  417C (0x701B5CC4)     249420 (0x 3CE4C)

Processor 9:     (Start address 0x701F2B10)
 Region    Rel.Addr  (Abs.Addr)          Size(bytes)
==========================================================
   0       0x     0 (0x701F2B10)         80 (0x    50)
   1       0x    50 (0x701F2B60)         16 (0x    10)
   2       0x    60 (0x701F2B70)      10252 (0x  280C)
   3       0x  286C (0x701F537C)       4080 (0x   FF0)
   4       0x  385C (0x701F636C)         32 (0x    20)
   5       0x  387C (0x701F638C)       2304 (0x   900)
   6       0x  417C (0x701F6C8C)     249420 (0x 3CE4C)

Processor 10:     (Start address 0x70233AD8)
 Region    Rel.Addr  (Abs.Addr)          Size(bytes)
==========================================================
   0       0x     0 (0x70233AD8)         80 (0x    50)
   1       0x    50 (0x70233B28)         16 (0x    10)
   2       0x    60 (0x70233B38)      10252 (0x  280C)
   3       0x  286C (0x70236344)       4080 (0x   FF0)
   4       0x  385C (0x70237334)         32 (0x    20)
   5       0x  387C (0x70237354)       2304 (0x   900)
   6       0x  417C (0x70237C54)     249420 (0x 3CE4C)

Processor 11:     (Start address 0x70274AA0)
 Region    Rel.Addr  (Abs.Addr)          Size(bytes)
==========================================================
   0       0x     0 (0x70274AA0)         80 (0x    50)
   1       0x    50 (0x70274AF0)         16 (0x    10)
   2       0x    60 (0x70274B00)      10252 (0x  280C)
   3       0x  286C (0x7027730C)       4080 (0x   FF0)
   4       0x  385C (0x702782FC)         32 (0x    20)
   5       0x  387C (0x7027831C)       2304 (0x   900)
   6       0x  417C (0x70278C1C)     249420 (0x 3CE4C)

Processor 12:     (Start address 0x702B5A68)
 Region    Rel.Addr  (Abs.Addr)          Size(bytes)
==========================================================
   0       0x     0 (0x702B5A68)         80 (0x    50)
   1       0x    50 (0x702B5AB8)         16 (0x    10)
   2       0x    60 (0x702B5AC8)        892 (0x   37C)
   3       0x   3DC (0x702B5E44)        336 (0x   150)
   4       0x   52C (0x702B5F94)         32 (0x    20)
   5       0x   54C (0x702B5FB4)       2304 (0x   900)
   6       0x   E4C (0x702B68B4)     175692 (0x 2AE4C)

Processor 13:     (Start address 0x702E1700)
 Region    Rel.Addr  (Abs.Addr)          Size(bytes)
==========================================================
   0       0x     0 (0x702E1700)         80 (0x    50)
   1       0x    50 (0x702E1750)         16 (0x    10)
   2       0x    60 (0x702E1760)      10252 (0x  280C)
   3       0x  286C (0x702E3F6C)       4080 (0x   FF0)
   4       0x  385C (0x702E4F5C)         32 (0x    20)
   5       0x  387C (0x702E4F7C)       2304 (0x   900)
   6       0x  417C (0x702E587C)     249420 (0x 3CE4C)

Processor 14:     (Start address 0x703226C8)
 Region    Rel.Addr  (Abs.Addr)          Size(bytes)
==========================================================
   0       0x     0 (0x703226C8)         80 (0x    50)
   1       0x    50 (0x70322718)         16 (0x    10)
   2       0x    60 (0x70322728)      10252 (0x  280C)
   3       0x  286C (0x70324F34)       4080 (0x   FF0)
   4       0x  385C (0x70325F24)         32 (0x    20)
   5       0x  387C (0x70325F44)       2304 (0x   900)
   6       0x  417C (0x70326844)     249420 (0x 3CE4C)

Processor 15:     (Start address 0x70363690)
 Region    Rel.Addr  (Abs.Addr)          Size(bytes)
==========================================================
   0       0x     0 (0x70363690)         80 (0x    50)
   1       0x    50 (0x703636E0)         16 (0x    10)
   2       0x    60 (0x703636F0)      10252 (0x  280C)
   3       0x  286C (0x70365EFC)       4080 (0x   FF0)
   4       0x  385C (0x70366EEC)         32 (0x    20)
   5       0x  387C (0x70366F0C)       2304 (0x   900)
   6       0x  417C (0x7036780C)     249420 (0x 3CE4C)

Processor 16:     (Start address 0x703A4658)
 Region    Rel.Addr  (Abs.Addr)          Size(bytes)
==========================================================
   0       0x     0 (0x703A4658)         80 (0x    50)
   1       0x    50 (0x703A46A8)         16 (0x    10)
   2       0x    60 (0x703A46B8)      10252 (0x  280C)
   3       0x  286C (0x703A6EC4)       4080 (0x   FF0)
   4       0x  385C (0x703A7EB4)         32 (0x    20)
   5       0x  387C (0x703A7ED4)       2304 (0x   900)
   6       0x  417C (0x703A87D4)     249420 (0x 3CE4C)

