        Memory Map for Chip (1, 2)
        ==========================

Generated: Wed Oct 29 16:45:12 2014 for target machine 'spinn-3'

Processor 1:     (Start address 0x70000000)
 Region    Rel.Addr  (Abs.Addr)          Size(bytes)
==========================================================
   0       0x     0 (0x70000000)         80 (0x    50)
   1       0x    50 (0x70000050)         16 (0x    10)
   2       0x    60 (0x70000060)      10252 (0x  280C)
   3       0x  286C (0x7000286C)       4080 (0x   FF0)
   4       0x  385C (0x7000385C)         32 (0x    20)
   5       0x  387C (0x7000387C)       2304 (0x   900)
   6       0x  417C (0x7000417C)     819968 (0x C8300)

Processor 2:     (Start address 0x700CC47C)
 Region    Rel.Addr  (Abs.Addr)          Size(bytes)
==========================================================
   0       0x     0 (0x700CC47C)         80 (0x    50)
   1       0x    50 (0x700CC4CC)         16 (0x    10)
   2       0x    60 (0x700CC4DC)      10252 (0x  280C)
   3       0x  286C (0x700CECE8)       4080 (0x   FF0)
   4       0x  385C (0x700CFCD8)         32 (0x    20)
   5       0x  387C (0x700CFCF8)       2304 (0x   900)
   6       0x  417C (0x700D05F8)     819968 (0x C8300)

Processor 3:     (Start address 0x701988F8)
 Region    Rel.Addr  (Abs.Addr)          Size(bytes)
==========================================================
   0       0x     0 (0x701988F8)         80 (0x    50)
   1       0x    50 (0x70198948)         16 (0x    10)
   2       0x    60 (0x70198958)      10252 (0x  280C)
   3       0x  286C (0x7019B164)       4080 (0x   FF0)
   4       0x  385C (0x7019C154)         32 (0x    20)
   5       0x  387C (0x7019C174)       2304 (0x   900)
   6       0x  417C (0x7019CA74)     824064 (0x C9300)

Processor 4:     (Start address 0x70265D74)
 Region    Rel.Addr  (Abs.Addr)          Size(bytes)
==========================================================
   0       0x     0 (0x70265D74)         80 (0x    50)
   1       0x    50 (0x70265DC4)         16 (0x    10)
   2       0x    60 (0x70265DD4)       2012 (0x   7DC)
   3       0x   83C (0x702665B0)        784 (0x   310)
   4       0x   B4C (0x702668C0)         32 (0x    20)
   5       0x   B6C (0x702668E0)       2304 (0x   900)
   6       0x  146C (0x702671E0)     484096 (0x 76300)

Processor 5:     (Start address 0x702DD4E0)
 Region    Rel.Addr  (Abs.Addr)          Size(bytes)
==========================================================
   0       0x     0 (0x702DD4E0)         80 (0x    50)
   1       0x    50 (0x702DD530)         16 (0x    10)
   2       0x    60 (0x702DD540)      10252 (0x  280C)
   3       0x  286C (0x702DFD4C)       4080 (0x   FF0)
   4       0x  385C (0x702E0D3C)         32 (0x    20)
   5       0x  387C (0x702E0D5C)       2304 (0x   900)
   6       0x  417C (0x702E165C)     819968 (0x C8300)

Processor 6:     (Start address 0x703A995C)
 Region    Rel.Addr  (Abs.Addr)          Size(bytes)
==========================================================
   0       0x     0 (0x703A995C)         80 (0x    50)
   1       0x    50 (0x703A99AC)         16 (0x    10)
   2       0x    60 (0x703A99BC)      10252 (0x  280C)
   3       0x  286C (0x703AC1C8)       4080 (0x   FF0)
   4       0x  385C (0x703AD1B8)         32 (0x    20)
   5       0x  387C (0x703AD1D8)       2304 (0x   900)
   6       0x  417C (0x703ADAD8)     819968 (0x C8300)

Processor 7:     (Start address 0x70475DD8)
 Region    Rel.Addr  (Abs.Addr)          Size(bytes)
==========================================================
   0       0x     0 (0x70475DD8)         80 (0x    50)
   1       0x    50 (0x70475E28)         16 (0x    10)
   2       0x    60 (0x70475E38)      10252 (0x  280C)
   3       0x  286C (0x70478644)       4080 (0x   FF0)
   4       0x  385C (0x70479634)         32 (0x    20)
   5       0x  387C (0x70479654)       2304 (0x   900)
   6       0x  417C (0x70479F54)     819968 (0x C8300)

Processor 8:     (Start address 0x70542254)
 Region    Rel.Addr  (Abs.Addr)          Size(bytes)
==========================================================
   0       0x     0 (0x70542254)         80 (0x    50)
   1       0x    50 (0x705422A4)         16 (0x    10)
   2       0x    60 (0x705422B4)      10252 (0x  280C)
   3       0x  286C (0x70544AC0)       4080 (0x   FF0)
   4       0x  385C (0x70545AB0)         32 (0x    20)
   5       0x  387C (0x70545AD0)       2304 (0x   900)
   6       0x  417C (0x705463D0)     819968 (0x C8300)

Processor 9:     (Start address 0x7060E6D0)
 Region    Rel.Addr  (Abs.Addr)          Size(bytes)
==========================================================
   0       0x     0 (0x7060E6D0)         80 (0x    50)
   1       0x    50 (0x7060E720)         16 (0x    10)
   2       0x    60 (0x7060E730)      10252 (0x  280C)
   3       0x  286C (0x70610F3C)       4080 (0x   FF0)
   4       0x  385C (0x70611F2C)         32 (0x    20)
   5       0x  387C (0x70611F4C)       2304 (0x   900)
   6       0x  417C (0x7061284C)     819968 (0x C8300)

Processor 10:     (Start address 0x706DAB4C)
 Region    Rel.Addr  (Abs.Addr)          Size(bytes)
==========================================================
   0       0x     0 (0x706DAB4C)         80 (0x    50)
   1       0x    50 (0x706DAB9C)         16 (0x    10)
   2       0x    60 (0x706DABAC)      10252 (0x  280C)
   3       0x  286C (0x706DD3B8)       4080 (0x   FF0)
   4       0x  385C (0x706DE3A8)         32 (0x    20)
   5       0x  387C (0x706DE3C8)       2304 (0x   900)
   6       0x  417C (0x706DECC8)     819968 (0x C8300)

Processor 11:     (Start address 0x707A6FC8)
 Region    Rel.Addr  (Abs.Addr)          Size(bytes)
==========================================================
   0       0x     0 (0x707A6FC8)         80 (0x    50)
   1       0x    50 (0x707A7018)         16 (0x    10)
   2       0x    60 (0x707A7028)      10252 (0x  280C)
   3       0x  286C (0x707A9834)       4080 (0x   FF0)
   4       0x  385C (0x707AA824)         32 (0x    20)
   5       0x  387C (0x707AA844)       2304 (0x   900)
   6       0x  417C (0x707AB144)     836352 (0x CC300)

Processor 12:     (Start address 0x70877444)
 Region    Rel.Addr  (Abs.Addr)          Size(bytes)
==========================================================
   0       0x     0 (0x70877444)         80 (0x    50)
   1       0x    50 (0x70877494)         16 (0x    10)
   2       0x    60 (0x708774A4)      10252 (0x  280C)
   3       0x  286C (0x70879CB0)       4080 (0x   FF0)
   4       0x  385C (0x7087ACA0)         32 (0x    20)
   5       0x  387C (0x7087ACC0)       2304 (0x   900)
   6       0x  417C (0x7087B5C0)     828160 (0x CA300)

Processor 13:     (Start address 0x709458C0)
 Region    Rel.Addr  (Abs.Addr)          Size(bytes)
==========================================================
   0       0x     0 (0x709458C0)         80 (0x    50)
   1       0x    50 (0x70945910)         16 (0x    10)
   2       0x    60 (0x70945920)      10252 (0x  280C)
   3       0x  286C (0x7094812C)       4080 (0x   FF0)
   4       0x  385C (0x7094911C)         32 (0x    20)
   5       0x  387C (0x7094913C)       2304 (0x   900)
   6       0x  417C (0x70949A3C)     819968 (0x C8300)

Processor 14:     (Start address 0x70A11D3C)
 Region    Rel.Addr  (Abs.Addr)          Size(bytes)
==========================================================
   0       0x     0 (0x70A11D3C)         80 (0x    50)
   1       0x    50 (0x70A11D8C)         16 (0x    10)
   2       0x    60 (0x70A11D9C)      10252 (0x  280C)
   3       0x  286C (0x70A145A8)       4080 (0x   FF0)
   4       0x  385C (0x70A15598)         32 (0x    20)
   5       0x  387C (0x70A155B8)       2304 (0x   900)
   6       0x  417C (0x70A15EB8)     819968 (0x C8300)

Processor 15:     (Start address 0x70ADE1B8)
 Region    Rel.Addr  (Abs.Addr)          Size(bytes)
==========================================================
   0       0x     0 (0x70ADE1B8)         80 (0x    50)
   1       0x    50 (0x70ADE208)         16 (0x    10)
   2       0x    60 (0x70ADE218)      10252 (0x  280C)
   3       0x  286C (0x70AE0A24)       4080 (0x   FF0)
   4       0x  385C (0x70AE1A14)         32 (0x    20)
   5       0x  387C (0x70AE1A34)       2304 (0x   900)
   6       0x  417C (0x70AE2334)     852736 (0x D0300)

Processor 16:     (Start address 0x70BB2634)
 Region    Rel.Addr  (Abs.Addr)          Size(bytes)
==========================================================
   0       0x     0 (0x70BB2634)         80 (0x    50)
   1       0x    50 (0x70BB2684)         16 (0x    10)
   2       0x    60 (0x70BB2694)      10252 (0x  280C)
   3       0x  286C (0x70BB4EA0)       4080 (0x   FF0)
   4       0x  385C (0x70BB5E90)         32 (0x    20)
   5       0x  387C (0x70BB5EB0)       2304 (0x   900)
   6       0x  417C (0x70BB67B0)     819968 (0x C8300)

