        Memory Map for Chip (3, 1)
        ==========================

Generated: Wed Oct 29 16:45:12 2014 for target machine 'spinn-3'

Processor 1:     (Start address 0x70000000)
 Region    Rel.Addr  (Abs.Addr)          Size(bytes)
==========================================================
   0       0x     0 (0x70000000)         80 (0x    50)
   1       0x    50 (0x70000050)         16 (0x    10)
   2       0x    60 (0x70000060)      10252 (0x  280C)
   3       0x  286C (0x7000286C)       4080 (0x   FF0)
   4       0x  385C (0x7000385C)         32 (0x    20)
   5       0x  387C (0x7000387C)       2304 (0x   900)
   6       0x  417C (0x7000417C)     819968 (0x C8300)

Processor 2:     (Start address 0x700CC47C)
 Region    Rel.Addr  (Abs.Addr)          Size(bytes)
==========================================================
   0       0x     0 (0x700CC47C)         80 (0x    50)
   1       0x    50 (0x700CC4CC)         16 (0x    10)
   2       0x    60 (0x700CC4DC)      10252 (0x  280C)
   3       0x  286C (0x700CECE8)       4080 (0x   FF0)
   4       0x  385C (0x700CFCD8)         32 (0x    20)
   5       0x  387C (0x700CFCF8)       2304 (0x   900)
   6       0x  417C (0x700D05F8)     852736 (0x D0300)

Processor 3:     (Start address 0x701A08F8)
 Region    Rel.Addr  (Abs.Addr)          Size(bytes)
==========================================================
   0       0x     0 (0x701A08F8)         80 (0x    50)
   1       0x    50 (0x701A0948)         16 (0x    10)
   2       0x    60 (0x701A0958)      10252 (0x  280C)
   3       0x  286C (0x701A3164)       4080 (0x   FF0)
   4       0x  385C (0x701A4154)         32 (0x    20)
   5       0x  387C (0x701A4174)       2304 (0x   900)
   6       0x  417C (0x701A4A74)     819968 (0x C8300)

Processor 4:     (Start address 0x7026CD74)
 Region    Rel.Addr  (Abs.Addr)          Size(bytes)
==========================================================
   0       0x     0 (0x7026CD74)         80 (0x    50)
   1       0x    50 (0x7026CDC4)         16 (0x    10)
   2       0x    60 (0x7026CDD4)      10252 (0x  280C)
   3       0x  286C (0x7026F5E0)       4080 (0x   FF0)
   4       0x  385C (0x702705D0)         32 (0x    20)
   5       0x  387C (0x702705F0)       2304 (0x   900)
   6       0x  417C (0x70270EF0)     819968 (0x C8300)

Processor 5:     (Start address 0x703391F0)
 Region    Rel.Addr  (Abs.Addr)          Size(bytes)
==========================================================
   0       0x     0 (0x703391F0)         80 (0x    50)
   1       0x    50 (0x70339240)         16 (0x    10)
   2       0x    60 (0x70339250)      10252 (0x  280C)
   3       0x  286C (0x7033BA5C)       4080 (0x   FF0)
   4       0x  385C (0x7033CA4C)         32 (0x    20)
   5       0x  387C (0x7033CA6C)       2304 (0x   900)
   6       0x  417C (0x7033D36C)     824064 (0x C9300)

Processor 6:     (Start address 0x7040666C)
 Region    Rel.Addr  (Abs.Addr)          Size(bytes)
==========================================================
   0       0x     0 (0x7040666C)         80 (0x    50)
   1       0x    50 (0x704066BC)         16 (0x    10)
   2       0x    60 (0x704066CC)       2012 (0x   7DC)
   3       0x   83C (0x70406EA8)        784 (0x   310)
   4       0x   B4C (0x704071B8)         32 (0x    20)
   5       0x   B6C (0x704071D8)       2304 (0x   900)
   6       0x  146C (0x70407AD8)     484096 (0x 76300)

Processor 7:     (Start address 0x7047DDD8)
 Region    Rel.Addr  (Abs.Addr)          Size(bytes)
==========================================================
   0       0x     0 (0x7047DDD8)         80 (0x    50)
   1       0x    50 (0x7047DE28)         16 (0x    10)
   2       0x    60 (0x7047DE38)      10252 (0x  280C)
   3       0x  286C (0x70480644)       4080 (0x   FF0)
   4       0x  385C (0x70481634)         32 (0x    20)
   5       0x  387C (0x70481654)       2304 (0x   900)
   6       0x  417C (0x70481F54)     819968 (0x C8300)

Processor 8:     (Start address 0x7054A254)
 Region    Rel.Addr  (Abs.Addr)          Size(bytes)
==========================================================
   0       0x     0 (0x7054A254)         80 (0x    50)
   1       0x    50 (0x7054A2A4)         16 (0x    10)
   2       0x    60 (0x7054A2B4)      10252 (0x  280C)
   3       0x  286C (0x7054CAC0)       4080 (0x   FF0)
   4       0x  385C (0x7054DAB0)         32 (0x    20)
   5       0x  387C (0x7054DAD0)       2304 (0x   900)
   6       0x  417C (0x7054E3D0)     819968 (0x C8300)

Processor 9:     (Start address 0x706166D0)
 Region    Rel.Addr  (Abs.Addr)          Size(bytes)
==========================================================
   0       0x     0 (0x706166D0)         80 (0x    50)
   1       0x    50 (0x70616720)         16 (0x    10)
   2       0x    60 (0x70616730)      10252 (0x  280C)
   3       0x  286C (0x70618F3C)       4080 (0x   FF0)
   4       0x  385C (0x70619F2C)         32 (0x    20)
   5       0x  387C (0x70619F4C)       2304 (0x   900)
   6       0x  417C (0x7061A84C)     819968 (0x C8300)

Processor 10:     (Start address 0x706E2B4C)
 Region    Rel.Addr  (Abs.Addr)          Size(bytes)
==========================================================
   0       0x     0 (0x706E2B4C)         80 (0x    50)
   1       0x    50 (0x706E2B9C)         16 (0x    10)
   2       0x    60 (0x706E2BAC)      10252 (0x  280C)
   3       0x  286C (0x706E53B8)       4080 (0x   FF0)
   4       0x  385C (0x706E63A8)         32 (0x    20)
   5       0x  387C (0x706E63C8)       2304 (0x   900)
   6       0x  417C (0x706E6CC8)     819968 (0x C8300)

Processor 11:     (Start address 0x707AEFC8)
 Region    Rel.Addr  (Abs.Addr)          Size(bytes)
==========================================================
   0       0x     0 (0x707AEFC8)         80 (0x    50)
   1       0x    50 (0x707AF018)         16 (0x    10)
   2       0x    60 (0x707AF028)      10252 (0x  280C)
   3       0x  286C (0x707B1834)       4080 (0x   FF0)
   4       0x  385C (0x707B2824)         32 (0x    20)
   5       0x  387C (0x707B2844)       2304 (0x   900)
   6       0x  417C (0x707B3144)     819968 (0x C8300)

Processor 12:     (Start address 0x7087B444)
 Region    Rel.Addr  (Abs.Addr)          Size(bytes)
==========================================================
   0       0x     0 (0x7087B444)         80 (0x    50)
   1       0x    50 (0x7087B494)         16 (0x    10)
   2       0x    60 (0x7087B4A4)      10252 (0x  280C)
   3       0x  286C (0x7087DCB0)       4080 (0x   FF0)
   4       0x  385C (0x7087ECA0)         32 (0x    20)
   5       0x  387C (0x7087ECC0)       2304 (0x   900)
   6       0x  417C (0x7087F5C0)     819968 (0x C8300)

Processor 13:     (Start address 0x709478C0)
 Region    Rel.Addr  (Abs.Addr)          Size(bytes)
==========================================================
   0       0x     0 (0x709478C0)         80 (0x    50)
   1       0x    50 (0x70947910)         16 (0x    10)
   2       0x    60 (0x70947920)      10252 (0x  280C)
   3       0x  286C (0x7094A12C)       4080 (0x   FF0)
   4       0x  385C (0x7094B11C)         32 (0x    20)
   5       0x  387C (0x7094B13C)       2304 (0x   900)
   6       0x  417C (0x7094BA3C)     836352 (0x CC300)

Processor 14:     (Start address 0x70A17D3C)
 Region    Rel.Addr  (Abs.Addr)          Size(bytes)
==========================================================
   0       0x     0 (0x70A17D3C)         80 (0x    50)
   1       0x    50 (0x70A17D8C)         16 (0x    10)
   2       0x    60 (0x70A17D9C)      10252 (0x  280C)
   3       0x  286C (0x70A1A5A8)       4080 (0x   FF0)
   4       0x  385C (0x70A1B598)         32 (0x    20)
   5       0x  387C (0x70A1B5B8)       2304 (0x   900)
   6       0x  417C (0x70A1BEB8)     828160 (0x CA300)

Processor 15:     (Start address 0x70AE61B8)
 Region    Rel.Addr  (Abs.Addr)          Size(bytes)
==========================================================
   0       0x     0 (0x70AE61B8)         80 (0x    50)
   1       0x    50 (0x70AE6208)         16 (0x    10)
   2       0x    60 (0x70AE6218)      10252 (0x  280C)
   3       0x  286C (0x70AE8A24)       4080 (0x   FF0)
   4       0x  385C (0x70AE9A14)         32 (0x    20)
   5       0x  387C (0x70AE9A34)       2304 (0x   900)
   6       0x  417C (0x70AEA334)     819968 (0x C8300)

Processor 16:     (Start address 0x70BB2634)
 Region    Rel.Addr  (Abs.Addr)          Size(bytes)
==========================================================
   0       0x     0 (0x70BB2634)         80 (0x    50)
   1       0x    50 (0x70BB2684)         16 (0x    10)
   2       0x    60 (0x70BB2694)      10252 (0x  280C)
   3       0x  286C (0x70BB4EA0)       4080 (0x   FF0)
   4       0x  385C (0x70BB5E90)         32 (0x    20)
   5       0x  387C (0x70BB5EB0)       2304 (0x   900)
   6       0x  417C (0x70BB67B0)     819968 (0x C8300)

