        Memory Map for Chip (2, 0)
        ==========================

Generated: Wed Oct 29 16:45:12 2014 for target machine 'spinn-3'

Processor 1:     (Start address 0x70000000)
 Region    Rel.Addr  (Abs.Addr)          Size(bytes)
==========================================================
   0       0x     0 (0x70000000)         80 (0x    50)
   1       0x    50 (0x70000050)         16 (0x    10)
   2       0x    60 (0x70000060)      10252 (0x  280C)
   3       0x  286C (0x7000286C)       4080 (0x   FF0)
   4       0x  385C (0x7000385C)         32 (0x    20)
   5       0x  387C (0x7000387C)       2304 (0x   900)
   6       0x  417C (0x7000417C)     198656 (0x 30800)
   8       0x 3497C (0x7003497C)     320004 (0x 4E204)

Processor 2:     (Start address 0x70082B80)
 Region    Rel.Addr  (Abs.Addr)          Size(bytes)
==========================================================
   0       0x     0 (0x70082B80)         80 (0x    50)
   1       0x    50 (0x70082BD0)         16 (0x    10)
   2       0x    60 (0x70082BE0)       2612 (0x   A34)
   3       0x   A94 (0x70083614)       1024 (0x   400)
   4       0x   E94 (0x70083A14)         32 (0x    20)
   5       0x   EB4 (0x70083A34)       2304 (0x   900)
   6       0x  17B4 (0x70084334)     197632 (0x 30400)
   8       0x 31BB4 (0x700B4734)     320004 (0x 4E204)

Processor 3:     (Start address 0x70102938)
 Region    Rel.Addr  (Abs.Addr)          Size(bytes)
==========================================================
   0       0x     0 (0x70102938)         80 (0x    50)
   1       0x    50 (0x70102988)         16 (0x    10)
   2       0x    60 (0x70102998)      10252 (0x  280C)
   3       0x  286C (0x701051A4)       4080 (0x   FF0)
   4       0x  385C (0x70106194)         32 (0x    20)
   5       0x  387C (0x701061B4)       2304 (0x   900)
   6       0x  417C (0x70106AB4)     819968 (0x C8300)

Processor 4:     (Start address 0x701CEDB4)
 Region    Rel.Addr  (Abs.Addr)          Size(bytes)
==========================================================
   0       0x     0 (0x701CEDB4)         80 (0x    50)
   1       0x    50 (0x701CEE04)         16 (0x    10)
   2       0x    60 (0x701CEE14)      10252 (0x  280C)
   3       0x  286C (0x701D1620)       4080 (0x   FF0)
   4       0x  385C (0x701D2610)         32 (0x    20)
   5       0x  387C (0x701D2630)       2304 (0x   900)
   6       0x  417C (0x701D2F30)     819968 (0x C8300)

Processor 5:     (Start address 0x7029B230)
 Region    Rel.Addr  (Abs.Addr)          Size(bytes)
==========================================================
   0       0x     0 (0x7029B230)         80 (0x    50)
   1       0x    50 (0x7029B280)         16 (0x    10)
   2       0x    60 (0x7029B290)      10252 (0x  280C)
   3       0x  286C (0x7029DA9C)       4080 (0x   FF0)
   4       0x  385C (0x7029EA8C)         32 (0x    20)
   5       0x  387C (0x7029EAAC)       2304 (0x   900)
   6       0x  417C (0x7029F3AC)     819968 (0x C8300)

Processor 6:     (Start address 0x703676AC)
 Region    Rel.Addr  (Abs.Addr)          Size(bytes)
==========================================================
   0       0x     0 (0x703676AC)         80 (0x    50)
   1       0x    50 (0x703676FC)         16 (0x    10)
   2       0x    60 (0x7036770C)      10252 (0x  280C)
   3       0x  286C (0x70369F18)       4080 (0x   FF0)
   4       0x  385C (0x7036AF08)         32 (0x    20)
   5       0x  387C (0x7036AF28)       2304 (0x   900)
   6       0x  417C (0x7036B828)     819968 (0x C8300)

Processor 7:     (Start address 0x70433B28)
 Region    Rel.Addr  (Abs.Addr)          Size(bytes)
==========================================================
   0       0x     0 (0x70433B28)         80 (0x    50)
   1       0x    50 (0x70433B78)         16 (0x    10)
   2       0x    60 (0x70433B88)      10252 (0x  280C)
   3       0x  286C (0x70436394)       4080 (0x   FF0)
   4       0x  385C (0x70437384)         32 (0x    20)
   5       0x  387C (0x704373A4)       2304 (0x   900)
   6       0x  417C (0x70437CA4)     819968 (0x C8300)

Processor 8:     (Start address 0x704FFFA4)
 Region    Rel.Addr  (Abs.Addr)          Size(bytes)
==========================================================
   0       0x     0 (0x704FFFA4)         80 (0x    50)
   1       0x    50 (0x704FFFF4)         16 (0x    10)
   2       0x    60 (0x70500004)      10252 (0x  280C)
   3       0x  286C (0x70502810)       4080 (0x   FF0)
   4       0x  385C (0x70503800)         32 (0x    20)
   5       0x  387C (0x70503820)       2304 (0x   900)
   6       0x  417C (0x70504120)     819968 (0x C8300)

Processor 9:     (Start address 0x705CC420)
 Region    Rel.Addr  (Abs.Addr)          Size(bytes)
==========================================================
   0       0x     0 (0x705CC420)         80 (0x    50)
   1       0x    50 (0x705CC470)         16 (0x    10)
   2       0x    60 (0x705CC480)      10252 (0x  280C)
   3       0x  286C (0x705CEC8C)       4080 (0x   FF0)
   4       0x  385C (0x705CFC7C)         32 (0x    20)
   5       0x  387C (0x705CFC9C)       2304 (0x   900)
   6       0x  417C (0x705D059C)     836352 (0x CC300)

Processor 10:     (Start address 0x7069C89C)
 Region    Rel.Addr  (Abs.Addr)          Size(bytes)
==========================================================
   0       0x     0 (0x7069C89C)         80 (0x    50)
   1       0x    50 (0x7069C8EC)         16 (0x    10)
   2       0x    60 (0x7069C8FC)      10252 (0x  280C)
   3       0x  286C (0x7069F108)       4080 (0x   FF0)
   4       0x  385C (0x706A00F8)         32 (0x    20)
   5       0x  387C (0x706A0118)       2304 (0x   900)
   6       0x  417C (0x706A0A18)     828160 (0x CA300)

Processor 11:     (Start address 0x7076AD18)
 Region    Rel.Addr  (Abs.Addr)          Size(bytes)
==========================================================
   0       0x     0 (0x7076AD18)         80 (0x    50)
   1       0x    50 (0x7076AD68)         16 (0x    10)
   2       0x    60 (0x7076AD78)      10252 (0x  280C)
   3       0x  286C (0x7076D584)       4080 (0x   FF0)
   4       0x  385C (0x7076E574)         32 (0x    20)
   5       0x  387C (0x7076E594)       2304 (0x   900)
   6       0x  417C (0x7076EE94)     819968 (0x C8300)

Processor 12:     (Start address 0x70837194)
 Region    Rel.Addr  (Abs.Addr)          Size(bytes)
==========================================================
   0       0x     0 (0x70837194)         80 (0x    50)
   1       0x    50 (0x708371E4)         16 (0x    10)
   2       0x    60 (0x708371F4)      10252 (0x  280C)
   3       0x  286C (0x70839A00)       4080 (0x   FF0)
   4       0x  385C (0x7083A9F0)         32 (0x    20)
   5       0x  387C (0x7083AA10)       2304 (0x   900)
   6       0x  417C (0x7083B310)     819968 (0x C8300)

Processor 13:     (Start address 0x70903610)
 Region    Rel.Addr  (Abs.Addr)          Size(bytes)
==========================================================
   0       0x     0 (0x70903610)         80 (0x    50)
   1       0x    50 (0x70903660)         16 (0x    10)
   2       0x    60 (0x70903670)      10252 (0x  280C)
   3       0x  286C (0x70905E7C)       4080 (0x   FF0)
   4       0x  385C (0x70906E6C)         32 (0x    20)
   5       0x  387C (0x70906E8C)       2304 (0x   900)
   6       0x  417C (0x7090778C)     852736 (0x D0300)

Processor 14:     (Start address 0x709D7A8C)
 Region    Rel.Addr  (Abs.Addr)          Size(bytes)
==========================================================
   0       0x     0 (0x709D7A8C)         80 (0x    50)
   1       0x    50 (0x709D7ADC)         16 (0x    10)
   2       0x    60 (0x709D7AEC)      10252 (0x  280C)
   3       0x  286C (0x709DA2F8)       4080 (0x   FF0)
   4       0x  385C (0x709DB2E8)         32 (0x    20)
   5       0x  387C (0x709DB308)       2304 (0x   900)
   6       0x  417C (0x709DBC08)     819968 (0x C8300)

Processor 15:     (Start address 0x70AA3F08)
 Region    Rel.Addr  (Abs.Addr)          Size(bytes)
==========================================================
   0       0x     0 (0x70AA3F08)         80 (0x    50)
   1       0x    50 (0x70AA3F58)         16 (0x    10)
   2       0x    60 (0x70AA3F68)      10252 (0x  280C)
   3       0x  286C (0x70AA6774)       4080 (0x   FF0)
   4       0x  385C (0x70AA7764)         32 (0x    20)
   5       0x  387C (0x70AA7784)       2304 (0x   900)
   6       0x  417C (0x70AA8084)     819968 (0x C8300)

Processor 16:     (Start address 0x70B70384)
 Region    Rel.Addr  (Abs.Addr)          Size(bytes)
==========================================================
   0       0x     0 (0x70B70384)         80 (0x    50)
   1       0x    50 (0x70B703D4)         16 (0x    10)
   2       0x    60 (0x70B703E4)      10252 (0x  280C)
   3       0x  286C (0x70B72BF0)       4080 (0x   FF0)
   4       0x  385C (0x70B73BE0)         32 (0x    20)
   5       0x  387C (0x70B73C00)       2304 (0x   900)
   6       0x  417C (0x70B74500)     836352 (0x CC300)

