        Memory Map for Chip (2, 3)
        ==========================

Generated: Wed Oct 29 16:45:12 2014 for target machine 'spinn-3'

Processor 1:     (Start address 0x70000000)
 Region    Rel.Addr  (Abs.Addr)          Size(bytes)
==========================================================
   0       0x     0 (0x70000000)         80 (0x    50)
   1       0x    50 (0x70000050)         16 (0x    10)
   2       0x    60 (0x70000060)      10252 (0x  280C)
   3       0x  286C (0x7000286C)       4080 (0x   FF0)
   4       0x  385C (0x7000385C)         32 (0x    20)
   5       0x  387C (0x7000387C)       2304 (0x   900)
   6       0x  417C (0x7000417C)     836352 (0x CC300)

Processor 2:     (Start address 0x700D047C)
 Region    Rel.Addr  (Abs.Addr)          Size(bytes)
==========================================================
   0       0x     0 (0x700D047C)         80 (0x    50)
   1       0x    50 (0x700D04CC)         16 (0x    10)
   2       0x    60 (0x700D04DC)      10252 (0x  280C)
   3       0x  286C (0x700D2CE8)       4080 (0x   FF0)
   4       0x  385C (0x700D3CD8)         32 (0x    20)
   5       0x  387C (0x700D3CF8)       2304 (0x   900)
   6       0x  417C (0x700D45F8)     819968 (0x C8300)

Processor 3:     (Start address 0x7019C8F8)
 Region    Rel.Addr  (Abs.Addr)          Size(bytes)
==========================================================
   0       0x     0 (0x7019C8F8)         80 (0x    50)
   1       0x    50 (0x7019C948)         16 (0x    10)
   2       0x    60 (0x7019C958)      10252 (0x  280C)
   3       0x  286C (0x7019F164)       4080 (0x   FF0)
   4       0x  385C (0x701A0154)         32 (0x    20)
   5       0x  387C (0x701A0174)       2304 (0x   900)
   6       0x  417C (0x701A0A74)     819968 (0x C8300)

Processor 4:     (Start address 0x70268D74)
 Region    Rel.Addr  (Abs.Addr)          Size(bytes)
==========================================================
   0       0x     0 (0x70268D74)         80 (0x    50)
   1       0x    50 (0x70268DC4)         16 (0x    10)
   2       0x    60 (0x70268DD4)      10252 (0x  280C)
   3       0x  286C (0x7026B5E0)       4080 (0x   FF0)
   4       0x  385C (0x7026C5D0)         32 (0x    20)
   5       0x  387C (0x7026C5F0)       2304 (0x   900)
   6       0x  417C (0x7026CEF0)     852736 (0x D0300)

Processor 5:     (Start address 0x7033D1F0)
 Region    Rel.Addr  (Abs.Addr)          Size(bytes)
==========================================================
   0       0x     0 (0x7033D1F0)         80 (0x    50)
   1       0x    50 (0x7033D240)         16 (0x    10)
   2       0x    60 (0x7033D250)      10252 (0x  280C)
   3       0x  286C (0x7033FA5C)       4080 (0x   FF0)
   4       0x  385C (0x70340A4C)         32 (0x    20)
   5       0x  387C (0x70340A6C)       2304 (0x   900)
   6       0x  417C (0x7034136C)     819968 (0x C8300)

Processor 6:     (Start address 0x7040966C)
 Region    Rel.Addr  (Abs.Addr)          Size(bytes)
==========================================================
   0       0x     0 (0x7040966C)         80 (0x    50)
   1       0x    50 (0x704096BC)         16 (0x    10)
   2       0x    60 (0x704096CC)      10252 (0x  280C)
   3       0x  286C (0x7040BED8)       4080 (0x   FF0)
   4       0x  385C (0x7040CEC8)         32 (0x    20)
   5       0x  387C (0x7040CEE8)       2304 (0x   900)
   6       0x  417C (0x7040D7E8)     819968 (0x C8300)

Processor 7:     (Start address 0x704D5AE8)
 Region    Rel.Addr  (Abs.Addr)          Size(bytes)
==========================================================
   0       0x     0 (0x704D5AE8)         80 (0x    50)
   1       0x    50 (0x704D5B38)         16 (0x    10)
   2       0x    60 (0x704D5B48)      10252 (0x  280C)
   3       0x  286C (0x704D8354)       4080 (0x   FF0)
   4       0x  385C (0x704D9344)         32 (0x    20)
   5       0x  387C (0x704D9364)       2304 (0x   900)
   6       0x  417C (0x704D9C64)     824064 (0x C9300)

Processor 8:     (Start address 0x705A2F64)
 Region    Rel.Addr  (Abs.Addr)          Size(bytes)
==========================================================
   0       0x     0 (0x705A2F64)         80 (0x    50)
   1       0x    50 (0x705A2FB4)         16 (0x    10)
   2       0x    60 (0x705A2FC4)       2012 (0x   7DC)
   3       0x   83C (0x705A37A0)        784 (0x   310)
   4       0x   B4C (0x705A3AB0)         32 (0x    20)
   5       0x   B6C (0x705A3AD0)       2304 (0x   900)
   6       0x  146C (0x705A43D0)     484096 (0x 76300)

Processor 9:     (Start address 0x7061A6D0)
 Region    Rel.Addr  (Abs.Addr)          Size(bytes)
==========================================================
   0       0x     0 (0x7061A6D0)         80 (0x    50)
   1       0x    50 (0x7061A720)         16 (0x    10)
   2       0x    60 (0x7061A730)      10252 (0x  280C)
   3       0x  286C (0x7061CF3C)       4080 (0x   FF0)
   4       0x  385C (0x7061DF2C)         32 (0x    20)
   5       0x  387C (0x7061DF4C)       2304 (0x   900)
   6       0x  417C (0x7061E84C)     819968 (0x C8300)

Processor 10:     (Start address 0x706E6B4C)
 Region    Rel.Addr  (Abs.Addr)          Size(bytes)
==========================================================
   0       0x     0 (0x706E6B4C)         80 (0x    50)
   1       0x    50 (0x706E6B9C)         16 (0x    10)
   2       0x    60 (0x706E6BAC)      10252 (0x  280C)
   3       0x  286C (0x706E93B8)       4080 (0x   FF0)
   4       0x  385C (0x706EA3A8)         32 (0x    20)
   5       0x  387C (0x706EA3C8)       2304 (0x   900)
   6       0x  417C (0x706EACC8)     819968 (0x C8300)

Processor 11:     (Start address 0x707B2FC8)
 Region    Rel.Addr  (Abs.Addr)          Size(bytes)
==========================================================
   0       0x     0 (0x707B2FC8)         80 (0x    50)
   1       0x    50 (0x707B3018)         16 (0x    10)
   2       0x    60 (0x707B3028)      10252 (0x  280C)
   3       0x  286C (0x707B5834)       4080 (0x   FF0)
   4       0x  385C (0x707B6824)         32 (0x    20)
   5       0x  387C (0x707B6844)       2304 (0x   900)
   6       0x  417C (0x707B7144)     819968 (0x C8300)

Processor 12:     (Start address 0x7087F444)
 Region    Rel.Addr  (Abs.Addr)          Size(bytes)
==========================================================
   0       0x     0 (0x7087F444)         80 (0x    50)
   1       0x    50 (0x7087F494)         16 (0x    10)
   2       0x    60 (0x7087F4A4)      10252 (0x  280C)
   3       0x  286C (0x70881CB0)       4080 (0x   FF0)
   4       0x  385C (0x70882CA0)         32 (0x    20)
   5       0x  387C (0x70882CC0)       2304 (0x   900)
   6       0x  417C (0x708835C0)     819968 (0x C8300)

Processor 13:     (Start address 0x7094B8C0)
 Region    Rel.Addr  (Abs.Addr)          Size(bytes)
==========================================================
   0       0x     0 (0x7094B8C0)         80 (0x    50)
   1       0x    50 (0x7094B910)         16 (0x    10)
   2       0x    60 (0x7094B920)      10252 (0x  280C)
   3       0x  286C (0x7094E12C)       4080 (0x   FF0)
   4       0x  385C (0x7094F11C)         32 (0x    20)
   5       0x  387C (0x7094F13C)       2304 (0x   900)
   6       0x  417C (0x7094FA3C)     819968 (0x C8300)

Processor 14:     (Start address 0x70A17D3C)
 Region    Rel.Addr  (Abs.Addr)          Size(bytes)
==========================================================
   0       0x     0 (0x70A17D3C)         80 (0x    50)
   1       0x    50 (0x70A17D8C)         16 (0x    10)
   2       0x    60 (0x70A17D9C)      10252 (0x  280C)
   3       0x  286C (0x70A1A5A8)       4080 (0x   FF0)
   4       0x  385C (0x70A1B598)         32 (0x    20)
   5       0x  387C (0x70A1B5B8)       2304 (0x   900)
   6       0x  417C (0x70A1BEB8)     819968 (0x C8300)

Processor 15:     (Start address 0x70AE41B8)
 Region    Rel.Addr  (Abs.Addr)          Size(bytes)
==========================================================
   0       0x     0 (0x70AE41B8)         80 (0x    50)
   1       0x    50 (0x70AE4208)         16 (0x    10)
   2       0x    60 (0x70AE4218)      10252 (0x  280C)
   3       0x  286C (0x70AE6A24)       4080 (0x   FF0)
   4       0x  385C (0x70AE7A14)         32 (0x    20)
   5       0x  387C (0x70AE7A34)       2304 (0x   900)
   6       0x  417C (0x70AE8334)     836352 (0x CC300)

Processor 16:     (Start address 0x70BB4634)
 Region    Rel.Addr  (Abs.Addr)          Size(bytes)
==========================================================
   0       0x     0 (0x70BB4634)         80 (0x    50)
   1       0x    50 (0x70BB4684)         16 (0x    10)
   2       0x    60 (0x70BB4694)      10252 (0x  280C)
   3       0x  286C (0x70BB6EA0)       4080 (0x   FF0)
   4       0x  385C (0x70BB7E90)         32 (0x    20)
   5       0x  387C (0x70BB7EB0)       2304 (0x   900)
   6       0x  417C (0x70BB87B0)     828160 (0x CA300)

