        Memory Map for Chip (4, 4)
        ==========================

Generated: Wed Oct 29 16:45:12 2014 for target machine 'spinn-3'

Processor 1:     (Start address 0x70000000)
 Region    Rel.Addr  (Abs.Addr)          Size(bytes)
==========================================================
   0       0x     0 (0x70000000)         80 (0x    50)
   1       0x    50 (0x70000050)         16 (0x    10)
   2       0x    60 (0x70000060)       3644 (0x   E3C)
   3       0x   E9C (0x70000E9C)      14528 (0x  38C0)

Processor 2:     (Start address 0x7000475C)
 Region    Rel.Addr  (Abs.Addr)          Size(bytes)
==========================================================
   0       0x     0 (0x7000475C)         80 (0x    50)
   1       0x    50 (0x700047AC)         16 (0x    10)
   2       0x    60 (0x700047BC)       4172 (0x  104C)
   3       0x  10AC (0x70005808)      16640 (0x  4100)

Processor 3:     (Start address 0x70009908)
 Region    Rel.Addr  (Abs.Addr)          Size(bytes)
==========================================================
   0       0x     0 (0x70009908)         80 (0x    50)
   1       0x    50 (0x70009958)         16 (0x    10)
   2       0x    60 (0x70009968)       4844 (0x  12EC)
   3       0x  134C (0x7000AC54)      19328 (0x  4B80)

Processor 4:     (Start address 0x7000F7D4)
 Region    Rel.Addr  (Abs.Addr)          Size(bytes)
==========================================================
   0       0x     0 (0x7000F7D4)         80 (0x    50)
   1       0x    50 (0x7000F824)         16 (0x    10)
   2       0x    60 (0x7000F834)       6788 (0x  1A84)
   3       0x  1AE4 (0x700112B8)      27104 (0x  69E0)

Processor 5:     (Start address 0x70017C98)
 Region    Rel.Addr  (Abs.Addr)          Size(bytes)
==========================================================
   0       0x     0 (0x70017C98)         80 (0x    50)
   1       0x    50 (0x70017CE8)         16 (0x    10)
   2       0x    60 (0x70017CF8)       7828 (0x  1E94)
   3       0x  1EF4 (0x70019B8C)      31264 (0x  7A20)

Processor 6:     (Start address 0x700215AC)
 Region    Rel.Addr  (Abs.Addr)          Size(bytes)
==========================================================
   0       0x     0 (0x700215AC)         80 (0x    50)
   1       0x    50 (0x700215FC)         16 (0x    10)
   2       0x    60 (0x7002160C)       9292 (0x  244C)
   3       0x  24AC (0x70023A58)      37120 (0x  9100)

Processor 7:     (Start address 0x7002CB58)
 Region    Rel.Addr  (Abs.Addr)          Size(bytes)
==========================================================
   0       0x     0 (0x7002CB58)         80 (0x    50)
   1       0x    50 (0x7002CBA8)         16 (0x    10)
   2       0x    60 (0x7002CBB8)      11348 (0x  2C54)
   3       0x  2CB4 (0x7002F80C)      45344 (0x  B120)

Processor 8:     (Start address 0x7003A92C)
 Region    Rel.Addr  (Abs.Addr)          Size(bytes)
==========================================================
   0       0x     0 (0x7003A92C)         80 (0x    50)
   1       0x    50 (0x7003A97C)         16 (0x    10)
   2       0x    60 (0x7003A98C)      12596 (0x  3134)
   3       0x  3194 (0x7003DAC0)      50336 (0x  C4A0)

Processor 9:     (Start address 0x70049F60)
 Region    Rel.Addr  (Abs.Addr)          Size(bytes)
==========================================================
   0       0x     0 (0x70049F60)         80 (0x    50)
   1       0x    50 (0x70049FB0)         16 (0x    10)
   2       0x    60 (0x70049FC0)      13988 (0x  36A4)
   3       0x  3704 (0x7004D664)      55904 (0x  DA60)

Processor 10:     (Start address 0x7005B0C4)
 Region    Rel.Addr  (Abs.Addr)          Size(bytes)
==========================================================
   0       0x     0 (0x7005B0C4)         80 (0x    50)
   1       0x    50 (0x7005B114)         16 (0x    10)
   2       0x    60 (0x7005B124)      16620 (0x  40EC)
   3       0x  414C (0x7005F210)      66432 (0x 10380)

Processor 11:     (Start address 0x7006F590)
 Region    Rel.Addr  (Abs.Addr)          Size(bytes)
==========================================================
   0       0x     0 (0x7006F590)         80 (0x    50)
   1       0x    50 (0x7006F5E0)         16 (0x    10)
   2       0x    60 (0x7006F5F0)      17940 (0x  4614)
   3       0x  4674 (0x70073C04)      71712 (0x 11820)

Processor 12:     (Start address 0x70085424)
 Region    Rel.Addr  (Abs.Addr)          Size(bytes)
==========================================================
   0       0x     0 (0x70085424)         80 (0x    50)
   1       0x    50 (0x70085474)         16 (0x    10)
   2       0x    60 (0x70085484)      17716 (0x  4534)
   3       0x  4594 (0x700899B8)      70816 (0x 114A0)

Processor 13:     (Start address 0x7009AE58)
 Region    Rel.Addr  (Abs.Addr)          Size(bytes)
==========================================================
   0       0x     0 (0x7009AE58)         80 (0x    50)
   1       0x    50 (0x7009AEA8)         16 (0x    10)
   2       0x    60 (0x7009AEB8)      19068 (0x  4A7C)
   3       0x  4ADC (0x7009F934)      76224 (0x 129C0)

Processor 14:     (Start address 0x700B22F4)
 Region    Rel.Addr  (Abs.Addr)          Size(bytes)
==========================================================
   0       0x     0 (0x700B22F4)         80 (0x    50)
   1       0x    50 (0x700B2344)         16 (0x    10)
   2       0x    60 (0x700B2354)      20380 (0x  4F9C)
   3       0x  4FFC (0x700B72F0)      81472 (0x 13E40)

Processor 15:     (Start address 0x700CB130)
 Region    Rel.Addr  (Abs.Addr)          Size(bytes)
==========================================================
   0       0x     0 (0x700CB130)         80 (0x    50)
   1       0x    50 (0x700CB180)         16 (0x    10)
   2       0x    60 (0x700CB190)      21540 (0x  5424)
   3       0x  5484 (0x700D05B4)      86112 (0x 15060)

Processor 16:     (Start address 0x700E5614)
 Region    Rel.Addr  (Abs.Addr)          Size(bytes)
==========================================================
   0       0x     0 (0x700E5614)         80 (0x    50)
   1       0x    50 (0x700E5664)         16 (0x    10)
   2       0x    60 (0x700E5674)      22756 (0x  58E4)
   3       0x  5944 (0x700EAF58)      90976 (0x 16360)

