        Memory Map for Chip (4, 2)
        ==========================

Generated: Wed Oct 29 16:45:12 2014 for target machine 'spinn-3'

Processor 1:     (Start address 0x70000000)
 Region    Rel.Addr  (Abs.Addr)          Size(bytes)
==========================================================
   0       0x     0 (0x70000000)         80 (0x    50)
   1       0x    50 (0x70000050)         16 (0x    10)
   2       0x    60 (0x70000060)      10252 (0x  280C)
   3       0x  286C (0x7000286C)       4080 (0x   FF0)
   4       0x  385C (0x7000385C)         32 (0x    20)
   5       0x  387C (0x7000387C)       2304 (0x   900)
   6       0x  417C (0x7000417C)     249420 (0x 3CE4C)

Processor 2:     (Start address 0x70040FC8)
 Region    Rel.Addr  (Abs.Addr)          Size(bytes)
==========================================================
   0       0x     0 (0x70040FC8)         80 (0x    50)
   1       0x    50 (0x70041018)         16 (0x    10)
   2       0x    60 (0x70041028)        892 (0x   37C)
   3       0x   3DC (0x700413A4)        336 (0x   150)
   4       0x   52C (0x700414F4)         32 (0x    20)
   5       0x   54C (0x70041514)       2304 (0x   900)
   6       0x   E4C (0x70041E14)     175692 (0x 2AE4C)

Processor 3:     (Start address 0x7006CC60)
 Region    Rel.Addr  (Abs.Addr)          Size(bytes)
==========================================================
   0       0x     0 (0x7006CC60)         80 (0x    50)
   1       0x    50 (0x7006CCB0)         16 (0x    10)
   2       0x    60 (0x7006CCC0)      10252 (0x  280C)
   3       0x  286C (0x7006F4CC)       4080 (0x   FF0)
   4       0x  385C (0x700704BC)         32 (0x    20)
   5       0x  387C (0x700704DC)       2304 (0x   900)
   6       0x  417C (0x70070DDC)     249420 (0x 3CE4C)

Processor 4:     (Start address 0x700ADC28)
 Region    Rel.Addr  (Abs.Addr)          Size(bytes)
==========================================================
   0       0x     0 (0x700ADC28)         80 (0x    50)
   1       0x    50 (0x700ADC78)         16 (0x    10)
   2       0x    60 (0x700ADC88)      10252 (0x  280C)
   3       0x  286C (0x700B0494)       4080 (0x   FF0)
   4       0x  385C (0x700B1484)         32 (0x    20)
   5       0x  387C (0x700B14A4)       2304 (0x   900)
   6       0x  417C (0x700B1DA4)     249420 (0x 3CE4C)

Processor 5:     (Start address 0x700EEBF0)
 Region    Rel.Addr  (Abs.Addr)          Size(bytes)
==========================================================
   0       0x     0 (0x700EEBF0)         80 (0x    50)
   1       0x    50 (0x700EEC40)         16 (0x    10)
   2       0x    60 (0x700EEC50)      10252 (0x  280C)
   3       0x  286C (0x700F145C)       4080 (0x   FF0)
   4       0x  385C (0x700F244C)         32 (0x    20)
   5       0x  387C (0x700F246C)       2304 (0x   900)
   6       0x  417C (0x700F2D6C)     249420 (0x 3CE4C)

Processor 6:     (Start address 0x7012FBB8)
 Region    Rel.Addr  (Abs.Addr)          Size(bytes)
==========================================================
   0       0x     0 (0x7012FBB8)         80 (0x    50)
   1       0x    50 (0x7012FC08)         16 (0x    10)
   2       0x    60 (0x7012FC18)      10252 (0x  280C)
   3       0x  286C (0x70132424)       4080 (0x   FF0)
   4       0x  385C (0x70133414)         32 (0x    20)
   5       0x  387C (0x70133434)       2304 (0x   900)
   6       0x  417C (0x70133D34)     249420 (0x 3CE4C)

Processor 7:     (Start address 0x70170B80)
 Region    Rel.Addr  (Abs.Addr)          Size(bytes)
==========================================================
   0       0x     0 (0x70170B80)         80 (0x    50)
   1       0x    50 (0x70170BD0)         16 (0x    10)
   2       0x    60 (0x70170BE0)      10252 (0x  280C)
   3       0x  286C (0x701733EC)       4080 (0x   FF0)
   4       0x  385C (0x701743DC)         32 (0x    20)
   5       0x  387C (0x701743FC)       2304 (0x   900)
   6       0x  417C (0x70174CFC)     249420 (0x 3CE4C)

Processor 8:     (Start address 0x701B1B48)
 Region    Rel.Addr  (Abs.Addr)          Size(bytes)
==========================================================
   0       0x     0 (0x701B1B48)         80 (0x    50)
   1       0x    50 (0x701B1B98)         16 (0x    10)
   2       0x    60 (0x701B1BA8)        892 (0x   37C)
   3       0x   3DC (0x701B1F24)        336 (0x   150)
   4       0x   52C (0x701B2074)         32 (0x    20)
   5       0x   54C (0x701B2094)       2304 (0x   900)
   6       0x   E4C (0x701B2994)     175692 (0x 2AE4C)

Processor 9:     (Start address 0x701DD7E0)
 Region    Rel.Addr  (Abs.Addr)          Size(bytes)
==========================================================
   0       0x     0 (0x701DD7E0)         80 (0x    50)
   1       0x    50 (0x701DD830)         16 (0x    10)
   2       0x    60 (0x701DD840)      10252 (0x  280C)
   3       0x  286C (0x701E004C)       4080 (0x   FF0)
   4       0x  385C (0x701E103C)         32 (0x    20)
   5       0x  387C (0x701E105C)       2304 (0x   900)
   6       0x  417C (0x701E195C)    1062460 (0x10363C)

Processor 10:     (Start address 0x702E4F98)
 Region    Rel.Addr  (Abs.Addr)          Size(bytes)
==========================================================
   0       0x     0 (0x702E4F98)         80 (0x    50)
   1       0x    50 (0x702E4FE8)         16 (0x    10)
   2       0x    60 (0x702E4FF8)         92 (0x    5C)
   3       0x    BC (0x702E5054)         16 (0x    10)
   4       0x    CC (0x702E5064)         32 (0x    20)
   5       0x    EC (0x702E5084)       2304 (0x   900)
   6       0x   9EC (0x702E5984)      18768 (0x  4950)

Processor 11:     (Start address 0x702EA2D4)
 Region    Rel.Addr  (Abs.Addr)          Size(bytes)
==========================================================
   0       0x     0 (0x702EA2D4)         80 (0x    50)
   1       0x    50 (0x702EA324)         16 (0x    10)
   2       0x    60 (0x702EA334)      10252 (0x  280C)
   3       0x  286C (0x702ECB40)       4080 (0x   FF0)
   4       0x  385C (0x702EDB30)         32 (0x    20)
   5       0x  387C (0x702EDB50)       2304 (0x   900)
   6       0x  417C (0x702EE450)    1062460 (0x10363C)

Processor 12:     (Start address 0x703F1A8C)
 Region    Rel.Addr  (Abs.Addr)          Size(bytes)
==========================================================
   0       0x     0 (0x703F1A8C)         80 (0x    50)
   1       0x    50 (0x703F1ADC)         16 (0x    10)
   2       0x    60 (0x703F1AEC)         92 (0x    5C)
   3       0x    BC (0x703F1B48)         16 (0x    10)
   4       0x    CC (0x703F1B58)         32 (0x    20)
   5       0x    EC (0x703F1B78)       2304 (0x   900)
   6       0x   9EC (0x703F2478)      18768 (0x  4950)

Processor 13:     (Start address 0x703F6DC8)
 Region    Rel.Addr  (Abs.Addr)          Size(bytes)
==========================================================
   0       0x     0 (0x703F6DC8)         80 (0x    50)
   1       0x    50 (0x703F6E18)         16 (0x    10)
   2       0x    60 (0x703F6E28)      10252 (0x  280C)
   3       0x  286C (0x703F9634)       4080 (0x   FF0)
   4       0x  385C (0x703FA624)         32 (0x    20)
   5       0x  387C (0x703FA644)       2304 (0x   900)
   6       0x  417C (0x703FAF44)    1062460 (0x10363C)

Processor 14:     (Start address 0x704FE580)
 Region    Rel.Addr  (Abs.Addr)          Size(bytes)
==========================================================
   0       0x     0 (0x704FE580)         80 (0x    50)
   1       0x    50 (0x704FE5D0)         16 (0x    10)
   2       0x    60 (0x704FE5E0)         92 (0x    5C)
   3       0x    BC (0x704FE63C)         16 (0x    10)
   4       0x    CC (0x704FE64C)         32 (0x    20)
   5       0x    EC (0x704FE66C)       2304 (0x   900)
   6       0x   9EC (0x704FEF6C)      18768 (0x  4950)

Processor 15:     (Start address 0x705038BC)
 Region    Rel.Addr  (Abs.Addr)          Size(bytes)
==========================================================
   0       0x     0 (0x705038BC)         80 (0x    50)
   1       0x    50 (0x7050390C)         16 (0x    10)
   2       0x    60 (0x7050391C)      10252 (0x  280C)
   3       0x  286C (0x70506128)       4080 (0x   FF0)
   4       0x  385C (0x70507118)         32 (0x    20)
   5       0x  387C (0x70507138)       2304 (0x   900)
   6       0x  417C (0x70507A38)    1062460 (0x10363C)

Processor 16:     (Start address 0x7060B074)
 Region    Rel.Addr  (Abs.Addr)          Size(bytes)
==========================================================
   0       0x     0 (0x7060B074)         80 (0x    50)
   1       0x    50 (0x7060B0C4)         16 (0x    10)
   2       0x    60 (0x7060B0D4)         92 (0x    5C)
   3       0x    BC (0x7060B130)         16 (0x    10)
   4       0x    CC (0x7060B140)         32 (0x    20)
   5       0x    EC (0x7060B160)       2304 (0x   900)
   6       0x   9EC (0x7060BA60)      18768 (0x  4950)

