        Memory Map for Chip (0, 0)
        ==========================

Generated: Wed Oct 29 16:45:12 2014 for target machine 'spinn-3'

Processor 1:     (Start address 0x70000000)
 Region    Rel.Addr  (Abs.Addr)          Size(bytes)
==========================================================
   0       0x     0 (0x70000000)         80 (0x    50)
   1       0x    50 (0x70000050)         16 (0x    10)

Processor 2:     (Start address 0x70000060)
 Region    Rel.Addr  (Abs.Addr)          Size(bytes)
==========================================================
   0       0x     0 (0x70000060)         80 (0x    50)
   1       0x    50 (0x700000B0)         16 (0x    10)
   2       0x    60 (0x700000C0)      10252 (0x  280C)
   3       0x  286C (0x700028CC)       4080 (0x   FF0)
   4       0x  385C (0x700038BC)         32 (0x    20)
   5       0x  387C (0x700038DC)       2304 (0x   900)
   6       0x  417C (0x700041DC)     197632 (0x 30400)
   8       0x 3457C (0x700345DC)     320004 (0x 4E204)

Processor 3:     (Start address 0x700827E0)
 Region    Rel.Addr  (Abs.Addr)          Size(bytes)
==========================================================
   0       0x     0 (0x700827E0)         80 (0x    50)
   1       0x    50 (0x70082830)         16 (0x    10)
   2       0x    60 (0x70082840)      10252 (0x  280C)
   3       0x  286C (0x7008504C)       4080 (0x   FF0)
   4       0x  385C (0x7008603C)         32 (0x    20)
   5       0x  387C (0x7008605C)       2304 (0x   900)
   6       0x  417C (0x7008695C)     198656 (0x 30800)
   8       0x 3497C (0x700B715C)     320004 (0x 4E204)

Processor 4:     (Start address 0x70105360)
 Region    Rel.Addr  (Abs.Addr)          Size(bytes)
==========================================================
   0       0x     0 (0x70105360)         80 (0x    50)
   1       0x    50 (0x701053B0)         16 (0x    10)
   2       0x    60 (0x701053C0)      10252 (0x  280C)
   3       0x  286C (0x70107BCC)       4080 (0x   FF0)
   4       0x  385C (0x70108BBC)         32 (0x    20)
   5       0x  387C (0x70108BDC)       2304 (0x   900)
   6       0x  417C (0x701094DC)     198656 (0x 30800)
   8       0x 3497C (0x70139CDC)     320004 (0x 4E204)

Processor 5:     (Start address 0x70187EE0)
 Region    Rel.Addr  (Abs.Addr)          Size(bytes)
==========================================================
   0       0x     0 (0x70187EE0)         80 (0x    50)
   1       0x    50 (0x70187F30)         16 (0x    10)
   2       0x    60 (0x70187F40)      10252 (0x  280C)
   3       0x  286C (0x7018A74C)       4080 (0x   FF0)
   4       0x  385C (0x7018B73C)         32 (0x    20)
   5       0x  387C (0x7018B75C)       2304 (0x   900)
   6       0x  417C (0x7018C05C)     198656 (0x 30800)
   8       0x 3497C (0x701BC85C)     320004 (0x 4E204)

Processor 6:     (Start address 0x7020AA60)
 Region    Rel.Addr  (Abs.Addr)          Size(bytes)
==========================================================
   0       0x     0 (0x7020AA60)         80 (0x    50)
   1       0x    50 (0x7020AAB0)         16 (0x    10)
   2       0x    60 (0x7020AAC0)      10252 (0x  280C)
   3       0x  286C (0x7020D2CC)       4080 (0x   FF0)
   4       0x  385C (0x7020E2BC)         32 (0x    20)
   5       0x  387C (0x7020E2DC)       2304 (0x   900)
   6       0x  417C (0x7020EBDC)     198656 (0x 30800)
   8       0x 3497C (0x7023F3DC)     320004 (0x 4E204)

Processor 7:     (Start address 0x7028D5E0)
 Region    Rel.Addr  (Abs.Addr)          Size(bytes)
==========================================================
   0       0x     0 (0x7028D5E0)         80 (0x    50)
   1       0x    50 (0x7028D630)         16 (0x    10)
   2       0x    60 (0x7028D640)      10252 (0x  280C)
   3       0x  286C (0x7028FE4C)       4080 (0x   FF0)
   4       0x  385C (0x70290E3C)         32 (0x    20)
   5       0x  387C (0x70290E5C)       2304 (0x   900)
   6       0x  417C (0x7029175C)     198656 (0x 30800)
   8       0x 3497C (0x702C1F5C)     320004 (0x 4E204)

Processor 8:     (Start address 0x70310160)
 Region    Rel.Addr  (Abs.Addr)          Size(bytes)
==========================================================
   0       0x     0 (0x70310160)         80 (0x    50)
   1       0x    50 (0x703101B0)         16 (0x    10)
   2       0x    60 (0x703101C0)      10252 (0x  280C)
   3       0x  286C (0x703129CC)       4080 (0x   FF0)
   4       0x  385C (0x703139BC)         32 (0x    20)
   5       0x  387C (0x703139DC)       2304 (0x   900)
   6       0x  417C (0x703142DC)     198656 (0x 30800)
   8       0x 3497C (0x70344ADC)     320004 (0x 4E204)

Processor 9:     (Start address 0x70392CE0)
 Region    Rel.Addr  (Abs.Addr)          Size(bytes)
==========================================================
   0       0x     0 (0x70392CE0)         80 (0x    50)
   1       0x    50 (0x70392D30)         16 (0x    10)
   2       0x    60 (0x70392D40)      10252 (0x  280C)
   3       0x  286C (0x7039554C)       4080 (0x   FF0)
   4       0x  385C (0x7039653C)         32 (0x    20)
   5       0x  387C (0x7039655C)       2304 (0x   900)
   6       0x  417C (0x70396E5C)     198656 (0x 30800)
   8       0x 3497C (0x703C765C)     320004 (0x 4E204)

Processor 10:     (Start address 0x70415860)
 Region    Rel.Addr  (Abs.Addr)          Size(bytes)
==========================================================
   0       0x     0 (0x70415860)         80 (0x    50)
   1       0x    50 (0x704158B0)         16 (0x    10)
   2       0x    60 (0x704158C0)      10252 (0x  280C)
   3       0x  286C (0x704180CC)       4080 (0x   FF0)
   4       0x  385C (0x704190BC)         32 (0x    20)
   5       0x  387C (0x704190DC)       2304 (0x   900)
   6       0x  417C (0x704199DC)     198656 (0x 30800)
   8       0x 3497C (0x7044A1DC)     320004 (0x 4E204)

Processor 11:     (Start address 0x704983E0)
 Region    Rel.Addr  (Abs.Addr)          Size(bytes)
==========================================================
   0       0x     0 (0x704983E0)         80 (0x    50)
   1       0x    50 (0x70498430)         16 (0x    10)
   2       0x    60 (0x70498440)      10252 (0x  280C)
   3       0x  286C (0x7049AC4C)       4080 (0x   FF0)
   4       0x  385C (0x7049BC3C)         32 (0x    20)
   5       0x  387C (0x7049BC5C)       2304 (0x   900)
   6       0x  417C (0x7049C55C)     198656 (0x 30800)
   8       0x 3497C (0x704CCD5C)     320004 (0x 4E204)

Processor 12:     (Start address 0x7051AF60)
 Region    Rel.Addr  (Abs.Addr)          Size(bytes)
==========================================================
   0       0x     0 (0x7051AF60)         80 (0x    50)
   1       0x    50 (0x7051AFB0)         16 (0x    10)
   2       0x    60 (0x7051AFC0)      10252 (0x  280C)
   3       0x  286C (0x7051D7CC)       4080 (0x   FF0)
   4       0x  385C (0x7051E7BC)         32 (0x    20)
   5       0x  387C (0x7051E7DC)       2304 (0x   900)
   6       0x  417C (0x7051F0DC)     198656 (0x 30800)
   8       0x 3497C (0x7054F8DC)     320004 (0x 4E204)

Processor 13:     (Start address 0x7059DAE0)
 Region    Rel.Addr  (Abs.Addr)          Size(bytes)
==========================================================
   0       0x     0 (0x7059DAE0)         80 (0x    50)
   1       0x    50 (0x7059DB30)         16 (0x    10)
   2       0x    60 (0x7059DB40)      10252 (0x  280C)
   3       0x  286C (0x705A034C)       4080 (0x   FF0)
   4       0x  385C (0x705A133C)         32 (0x    20)
   5       0x  387C (0x705A135C)       2304 (0x   900)
   6       0x  417C (0x705A1C5C)     198656 (0x 30800)
   8       0x 3497C (0x705D245C)     320004 (0x 4E204)

Processor 14:     (Start address 0x70620660)
 Region    Rel.Addr  (Abs.Addr)          Size(bytes)
==========================================================
   0       0x     0 (0x70620660)         80 (0x    50)
   1       0x    50 (0x706206B0)         16 (0x    10)
   2       0x    60 (0x706206C0)      10252 (0x  280C)
   3       0x  286C (0x70622ECC)       4080 (0x   FF0)
   4       0x  385C (0x70623EBC)         32 (0x    20)
   5       0x  387C (0x70623EDC)       2304 (0x   900)
   6       0x  417C (0x706247DC)     198656 (0x 30800)
   8       0x 3497C (0x70654FDC)     320004 (0x 4E204)

Processor 15:     (Start address 0x706A31E0)
 Region    Rel.Addr  (Abs.Addr)          Size(bytes)
==========================================================
   0       0x     0 (0x706A31E0)         80 (0x    50)
   1       0x    50 (0x706A3230)         16 (0x    10)
   2       0x    60 (0x706A3240)      10252 (0x  280C)
   3       0x  286C (0x706A5A4C)       4080 (0x   FF0)
   4       0x  385C (0x706A6A3C)         32 (0x    20)
   5       0x  387C (0x706A6A5C)       2304 (0x   900)
   6       0x  417C (0x706A735C)     198656 (0x 30800)
   8       0x 3497C (0x706D7B5C)     320004 (0x 4E204)

Processor 16:     (Start address 0x70725D60)
 Region    Rel.Addr  (Abs.Addr)          Size(bytes)
==========================================================
   0       0x     0 (0x70725D60)         80 (0x    50)
   1       0x    50 (0x70725DB0)         16 (0x    10)
   2       0x    60 (0x70725DC0)      10252 (0x  280C)
   3       0x  286C (0x707285CC)       4080 (0x   FF0)
   4       0x  385C (0x707295BC)         32 (0x    20)
   5       0x  387C (0x707295DC)       2304 (0x   900)
   6       0x  417C (0x70729EDC)     198656 (0x 30800)
   8       0x 3497C (0x7075A6DC)     320004 (0x 4E204)

